==========================================
SLURM_JOB_ID = 8060383
SLURM_JOB_NODELIST = a03-06
TMPDIR = /tmp/SLURM_8060383
==========================================
Detected tunable params in combinedv2_cpascounter_training.py:
  - control_points  (search space: [20, 30, 50, 75, 100])
  - learning_rate  (search space: [0.0001, 0.0003, 0.0005, 0.001, 0.002, 0.005])
  - batch_size  (search space: [128, 256, 512])
  - counter_examples  (search space: [8, 16, 32, 64])
  - top_k_control_points  (search space: [10, 20, 50, 70])
  - separation_weight  (search space: [0.01, 0.05, 0.1, 0.2])
  - mse_weight  (search space: [1.0, 3.0, 5.0, 10.0])
  - info_nce_weight  (search space: [0.5, 1.0, 2.0])
  - generator_infonce_weight  (search space: [0.01, 0.05, 0.1, 0.2])
  - training_steps  (search space: [50000, 100000, 200000])
  - separation_loss  (search space: ['separation', 'entropy'])
  - entropy_bandwidth  (search space: [0.05, 0.1, 0.2])
  - num_hidden_layers  (search space: [2, 4, 8])
  - num_neurons  (search space: [128, 256, 512])
  - estimator_learning_rate  (search space: [0.0001, 0.0003, 0.0005, 0.001])
  - scheduler_type  (search space: ['cosine', 'cosine_warm_restarts'])
  - cosine_t0  (search space: [25000, 50000, 100000])
  - infonce_logit_clamp  (search space: [10.0, 20.0, 30.0, 50.0])
  - use_spectral_norm  (search space: [True, False])
  - cosine_t_max  (search space: [100000, 150000, 200000])

Baseline (current config):
  control_points = 30
  learning_rate = 0.001
  batch_size = 512
  counter_examples = 32
  top_k_control_points = 30
  separation_weight = 0.1
  mse_weight = 20.0
  info_nce_weight = 1.0
  generator_infonce_weight = 0.05
  training_steps = 300000
  separation_loss = entropy
  entropy_bandwidth = 0.1
  num_hidden_layers = 2
  num_neurons = 256
  infonce_logit_clamp = 20.0


================================================================================
TRIAL 45 — combinedv2_cpascounter_training.py
================================================================================
Parameters:
{
  "control_points": 30,
  "learning_rate": 0.001,
  "batch_size": 512,
  "counter_examples": 32,
  "top_k_control_points": 30,
  "separation_weight": 0.1,
  "mse_weight": 20.0,
  "info_nce_weight": 2.0,
  "generator_infonce_weight": 0.05,
  "training_steps": 200000,
  "separation_loss": "entropy",
  "entropy_bandwidth": 0.1,
  "num_hidden_layers": 2,
  "num_neurons": 256,
  "infonce_logit_clamp": 20.0
}

  Training (200000 steps)...
  | Using device: cuda
  | Active environment: particle
  | Training steps: 200000
  | Batch size: 512
  | Learning rate (generator): 0.001
  | Learning rate (estimator): 0.001
  | Scheduler: cosine
  | InfoNCE logit clamp: 20.0
  | Spectral norm (estimator): False
  | Top-k control points as counter examples: 30
  | Langevin counter examples (from counter_examples): 32
  | Frame stack: 2
  | Loading particle dataset...
  | 2026-04-16 11:38:00.879857: I tensorflow/core/platform/cpu_feature_guard.cc:210] This TensorFlow binary is optimized to use available CPU instructions in performance-critical operations.
  | To enable the following instructions: AVX2 FMA, in other operations, rebuild TensorFlow with the appropriate compiler flags.
  | WARNING: All log messages before absl::InitializeLog() is called are written to STDERR
  | I0000 00:00:1776364684.359796 2055479 gpu_device.cc:2020] Created device /job:localhost/replica:0/task:0/device:GPU:0 with 43683 MB memory:  -> device: 0, name: NVIDIA A40, pci bus id: 0000:25:00.0, compute capability: 8.6
  | 2026-04-16 11:38:04.564684: I tensorflow/core/kernels/data/tf_record_dataset_op.cc:390] TFRecordDataset `buffer_size` is unspecified, default to 262144
  | 2026-04-16 11:38:05.709489: I tensorflow/core/framework/local_rendezvous.cc:407] Local rendezvous is aborting with status: OUT_OF_RANGE: End of sequence
  | 2026-04-16 11:38:06.872766: I tensorflow/core/framework/local_rendezvous.cc:407] Local rendezvous is aborting with status: OUT_OF_RANGE: End of sequence
  | 2026-04-16 11:38:09.186048: I tensorflow/core/framework/local_rendezvous.cc:407] Local rendezvous is aborting with status: OUT_OF_RANGE: End of sequence
  | 2026-04-16 11:38:13.791204: I tensorflow/core/framework/local_rendezvous.cc:407] Local rendezvous is aborting with status: OUT_OF_RANGE: End of sequence
  | Dataset size: 102000
  | Particle dataset episodes: 2000 | Avg samples/episode: 51.00
  | Step 1000/200000 | Total: 2.4411 (MSE: 0.1803, Sep: -0.3270, EST: 1.3271, GEN_INF_ONCE(-): 1.3271, Acc: 0.759) | LR: 1.00e-03 | 115.6s
  | Step 2000/200000 | Total: 0.9807 (MSE: 0.1732, Sep: -0.3275, EST: 0.5821, GEN_INF_ONCE(-): 0.5821, Acc: 0.929) | LR: 1.00e-03 | 230.7s
  | Step 3000/200000 | Total: 0.4264 (MSE: 0.1355, Sep: -0.3314, EST: 0.3191, GEN_INF_ONCE(-): 0.3191, Acc: 0.982) | LR: 9.99e-04 | 345.8s
  | Step 4000/200000 | Total: 0.4124 (MSE: 0.1311, Sep: -0.3312, EST: 0.3141, GEN_INF_ONCE(-): 0.3141, Acc: 0.946) | LR: 9.99e-04 | 460.9s
  | Step 5000/200000 | Total: 0.1758 (MSE: 0.1372, Sep: -0.3307, EST: 0.1894, GEN_INF_ONCE(-): 0.1894, Acc: 0.982) | LR: 9.98e-04 | 575.8s
  | Step 6000/200000 | Total: -0.0068 (MSE: 0.1153, Sep: -0.3350, EST: 0.1092, GEN_INF_ONCE(-): 0.1092, Acc: 0.982) | LR: 9.98e-04 | 690.8s
  | Step 7000/200000 | Total: 0.1545 (MSE: 0.1146, Sep: -0.3347, EST: 0.1921, GEN_INF_ONCE(-): 0.1921, Acc: 0.973) | LR: 9.97e-04 | 806.0s
  | Step 8000/200000 | Total: 0.1313 (MSE: 0.1060, Sep: -0.3342, EST: 0.1844, GEN_INF_ONCE(-): 0.1844, Acc: 0.964) | LR: 9.96e-04 | 921.0s
  | Step 9000/200000 | Total: -0.0291 (MSE: 0.1109, Sep: -0.3342, EST: 0.0996, GEN_INF_ONCE(-): 0.0996, Acc: 0.982) | LR: 9.95e-04 | 1036.0s
  | Step 10000/200000 | Total: 0.0897 (MSE: 0.1244, Sep: -0.3340, EST: 0.1535, GEN_INF_ONCE(-): 0.1535, Acc: 0.964) | LR: 9.94e-04 | 1151.0s
  | Step 11000/200000 | Total: -0.0758 (MSE: 0.1003, Sep: -0.3337, EST: 0.0808, GEN_INF_ONCE(-): 0.0808, Acc: 0.973) | LR: 9.93e-04 | 1265.9s
  | Step 12000/200000 | Total: -0.0153 (MSE: 0.1083, Sep: -0.3333, EST: 0.1075, GEN_INF_ONCE(-): 0.1075, Acc: 0.964) | LR: 9.91e-04 | 1380.9s
  | Step 13000/200000 | Total: -0.1576 (MSE: 0.1095, Sep: -0.3335, EST: 0.0341, GEN_INF_ONCE(-): 0.0341, Acc: 0.991) | LR: 9.90e-04 | 1496.0s
  | Step 14000/200000 | Total: -0.1550 (MSE: 0.1047, Sep: -0.3335, EST: 0.0379, GEN_INF_ONCE(-): 0.0379, Acc: 0.991) | LR: 9.88e-04 | 1610.9s
  | Step 15000/200000 | Total: -0.0270 (MSE: 0.1011, Sep: -0.3334, EST: 0.1053, GEN_INF_ONCE(-): 0.1053, Acc: 0.964) | LR: 9.86e-04 | 1725.8s
  | Step 16000/200000 | Total: -0.0983 (MSE: 0.0999, Sep: -0.3335, EST: 0.0694, GEN_INF_ONCE(-): 0.0694, Acc: 0.982) | LR: 9.84e-04 | 1840.7s
  | Step 17000/200000 | Total: -0.2257 (MSE: 0.0947, Sep: -0.3335, EST: 0.0067, GEN_INF_ONCE(-): 0.0067, Acc: 1.000) | LR: 9.82e-04 | 1955.5s
  | Step 18000/200000 | Total: -0.1386 (MSE: 0.0956, Sep: -0.3337, EST: 0.0510, GEN_INF_ONCE(-): 0.0510, Acc: 0.982) | LR: 9.80e-04 | 2070.3s
  | Step 19000/200000 | Total: 0.0607 (MSE: 0.0874, Sep: -0.3336, EST: 0.1574, GEN_INF_ONCE(-): 0.1574, Acc: 0.938) | LR: 9.78e-04 | 2185.4s
  | Step 20000/200000 | Total: -0.1039 (MSE: 0.0919, Sep: -0.3337, EST: 0.0707, GEN_INF_ONCE(-): 0.0707, Acc: 0.982) | LR: 9.76e-04 | 2300.1s
  | Step 21000/200000 | Total: 0.0582 (MSE: 0.0956, Sep: -0.3339, EST: 0.1521, GEN_INF_ONCE(-): 0.1521, Acc: 0.955) | LR: 9.73e-04 | 2415.0s
  | Step 22000/200000 | Total: 0.2700 (MSE: 0.0945, Sep: -0.3340, EST: 0.2612, GEN_INF_ONCE(-): 0.2612, Acc: 0.911) | LR: 9.70e-04 | 2529.8s
  | Step 23000/200000 | Total: -0.2051 (MSE: 0.0911, Sep: -0.3340, EST: 0.0194, GEN_INF_ONCE(-): 0.0194, Acc: 1.000) | LR: 9.68e-04 | 2644.6s
  | Step 24000/200000 | Total: -0.1815 (MSE: 0.0896, Sep: -0.3340, EST: 0.0323, GEN_INF_ONCE(-): 0.0323, Acc: 1.000) | LR: 9.65e-04 | 2759.3s
  | Step 25000/200000 | Total: 0.2977 (MSE: 0.0842, Sep: -0.3341, EST: 0.2809, GEN_INF_ONCE(-): 0.2809, Acc: 0.911) | LR: 9.62e-04 | 2874.5s
  | Step 26000/200000 | Total: -0.1067 (MSE: 0.0813, Sep: -0.3341, EST: 0.0749, GEN_INF_ONCE(-): 0.0749, Acc: 0.991) | LR: 9.59e-04 | 2989.3s
  | Step 27000/200000 | Total: -0.0748 (MSE: 0.0776, Sep: -0.3342, EST: 0.0932, GEN_INF_ONCE(-): 0.0932, Acc: 0.973) | LR: 9.56e-04 | 3104.1s
  | Step 28000/200000 | Total: 0.3301 (MSE: 0.0704, Sep: -0.3341, EST: 0.3045, GEN_INF_ONCE(-): 0.3045, Acc: 0.884) | LR: 9.52e-04 | 3218.9s
  | Step 29000/200000 | Total: -0.0980 (MSE: 0.0800, Sep: -0.3345, EST: 0.0802, GEN_INF_ONCE(-): 0.0802, Acc: 0.982) | LR: 9.49e-04 | 3333.7s
  | Step 30000/200000 | Total: -0.0434 (MSE: 0.0763, Sep: -0.3343, EST: 0.1100, GEN_INF_ONCE(-): 0.1100, Acc: 0.955) | LR: 9.46e-04 | 3448.7s
  | Step 31000/200000 | Total: -0.1608 (MSE: 0.0716, Sep: -0.3343, EST: 0.0523, GEN_INF_ONCE(-): 0.0523, Acc: 0.991) | LR: 9.42e-04 | 3563.5s
  | Step 32000/200000 | Total: -0.2325 (MSE: 0.0708, Sep: -0.3343, EST: 0.0159, GEN_INF_ONCE(-): 0.0159, Acc: 1.000) | LR: 9.38e-04 | 3678.3s
  | Step 33000/200000 | Total: -0.1571 (MSE: 0.0878, Sep: -0.3345, EST: 0.0460, GEN_INF_ONCE(-): 0.0460, Acc: 0.991) | LR: 9.34e-04 | 3793.1s
  | Step 34000/200000 | Total: 0.0065 (MSE: 0.0849, Sep: -0.3345, EST: 0.1314, GEN_INF_ONCE(-): 0.1314, Acc: 0.946) | LR: 9.30e-04 | 3907.9s
  | Step 35000/200000 | Total: 0.3474 (MSE: 0.0769, Sep: -0.3344, EST: 0.3102, GEN_INF_ONCE(-): 0.3102, Acc: 0.920) | LR: 9.26e-04 | 4022.6s
  | Step 36000/200000 | Total: 0.3469 (MSE: 0.0773, Sep: -0.3347, EST: 0.3099, GEN_INF_ONCE(-): 0.3099, Acc: 0.893) | LR: 9.22e-04 | 4137.6s
  | Step 37000/200000 | Total: 0.8826 (MSE: 0.1062, Sep: -0.3346, EST: 0.5698, GEN_INF_ONCE(-): 0.5698, Acc: 0.813) | LR: 9.18e-04 | 4252.4s
  | Step 38000/200000 | Total: -0.1139 (MSE: 0.0730, Sep: -0.3347, EST: 0.0758, GEN_INF_ONCE(-): 0.0758, Acc: 0.982) | LR: 9.14e-04 | 4367.2s
  | Step 39000/200000 | Total: -0.1843 (MSE: 0.0680, Sep: -0.3347, EST: 0.0422, GEN_INF_ONCE(-): 0.0422, Acc: 0.991) | LR: 9.09e-04 | 4482.0s
  | Step 40000/200000 | Total: -0.0194 (MSE: 0.0778, Sep: -0.3345, EST: 0.1217, GEN_INF_ONCE(-): 0.1217, Acc: 0.946) | LR: 9.05e-04 | 4596.8s
  | Step 41000/200000 | Total: -0.1225 (MSE: 0.0683, Sep: -0.3347, EST: 0.0738, GEN_INF_ONCE(-): 0.0738, Acc: 0.991) | LR: 9.00e-04 | 4711.5s
  | Step 42000/200000 | Total: -0.1437 (MSE: 0.0903, Sep: -0.3347, EST: 0.0516, GEN_INF_ONCE(-): 0.0516, Acc: 0.991) | LR: 8.95e-04 | 4826.5s
  | Step 43000/200000 | Total: -0.0526 (MSE: 0.0745, Sep: -0.3346, EST: 0.1064, GEN_INF_ONCE(-): 0.1064, Acc: 0.973) | LR: 8.90e-04 | 4941.3s
  | Step 44000/200000 | Total: -0.1342 (MSE: 0.0664, Sep: -0.3346, EST: 0.0687, GEN_INF_ONCE(-): 0.0687, Acc: 0.973) | LR: 8.85e-04 | 5056.1s
  | Step 45000/200000 | Total: 0.0771 (MSE: 0.0708, Sep: -0.3346, EST: 0.1748, GEN_INF_ONCE(-): 0.1748, Acc: 0.946) | LR: 8.80e-04 | 5170.9s
  | Step 46000/200000 | Total: -0.0488 (MSE: 0.0682, Sep: -0.3348, EST: 0.1117, GEN_INF_ONCE(-): 0.1117, Acc: 0.982) | LR: 8.75e-04 | 5285.7s
  | Step 47000/200000 | Total: 0.2344 (MSE: 0.0835, Sep: -0.3347, EST: 0.2490, GEN_INF_ONCE(-): 0.2490, Acc: 0.893) | LR: 8.70e-04 | 5400.5s
  | Step 48000/200000 | Total: -0.0885 (MSE: 0.0629, Sep: -0.3349, EST: 0.0941, GEN_INF_ONCE(-): 0.0941, Acc: 0.964) | LR: 8.65e-04 | 5515.5s
  | Step 49000/200000 | Total: -0.1434 (MSE: 0.0675, Sep: -0.3351, EST: 0.0637, GEN_INF_ONCE(-): 0.0637, Acc: 0.982) | LR: 8.59e-04 | 5630.3s
  | Step 50000/200000 | Total: 0.0652 (MSE: 0.0650, Sep: -0.3348, EST: 0.1717, GEN_INF_ONCE(-): 0.1717, Acc: 0.938) | LR: 8.54e-04 | 5745.1s
  | Step 51000/200000 | Total: 0.1958 (MSE: 0.0644, Sep: -0.3353, EST: 0.2393, GEN_INF_ONCE(-): 0.2393, Acc: 0.875) | LR: 8.48e-04 | 5859.9s
  | Step 52000/200000 | Total: 0.1902 (MSE: 0.0714, Sep: -0.3351, EST: 0.2328, GEN_INF_ONCE(-): 0.2328, Acc: 0.938) | LR: 8.42e-04 | 5974.7s
  | Step 53000/200000 | Total: -0.0854 (MSE: 0.0612, Sep: -0.3349, EST: 0.0965, GEN_INF_ONCE(-): 0.0965, Acc: 0.964) | LR: 8.37e-04 | 6089.5s
  | Step 54000/200000 | Total: 0.0234 (MSE: 0.0656, Sep: -0.3351, EST: 0.1502, GEN_INF_ONCE(-): 0.1502, Acc: 0.920) | LR: 8.31e-04 | 6204.5s
  | Step 55000/200000 | Total: -0.2360 (MSE: 0.0655, Sep: -0.3350, EST: 0.0172, GEN_INF_ONCE(-): 0.0172, Acc: 1.000) | LR: 8.25e-04 | 6319.3s
  | Step 56000/200000 | Total: -0.1032 (MSE: 0.0538, Sep: -0.3350, EST: 0.0913, GEN_INF_ONCE(-): 0.0913, Acc: 0.973) | LR: 8.19e-04 | 6434.1s
  | Step 57000/200000 | Total: -0.1332 (MSE: 0.0589, Sep: -0.3350, EST: 0.0733, GEN_INF_ONCE(-): 0.0733, Acc: 0.973) | LR: 8.13e-04 | 6549.0s
  | Step 58000/200000 | Total: 0.0405 (MSE: 0.0770, Sep: -0.3353, EST: 0.1533, GEN_INF_ONCE(-): 0.1533, Acc: 0.946) | LR: 8.07e-04 | 6663.8s
  | Step 59000/200000 | Total: -0.0755 (MSE: 0.0590, Sep: -0.3352, EST: 0.1029, GEN_INF_ONCE(-): 0.1029, Acc: 0.955) | LR: 8.00e-04 | 6778.6s
  | Step 60000/200000 | Total: 0.0181 (MSE: 0.0583, Sep: -0.3351, EST: 0.1512, GEN_INF_ONCE(-): 0.1512, Acc: 0.955) | LR: 7.94e-04 | 6893.5s
  | Step 61000/200000 | Total: -0.1480 (MSE: 0.0635, Sep: -0.3353, EST: 0.0635, GEN_INF_ONCE(-): 0.0635, Acc: 0.973) | LR: 7.88e-04 | 7008.4s
  | Step 62000/200000 | Total: -0.1522 (MSE: 0.0690, Sep: -0.3351, EST: 0.0584, GEN_INF_ONCE(-): 0.0584, Acc: 0.973) | LR: 7.81e-04 | 7123.2s
  | Step 63000/200000 | Total: -0.1291 (MSE: 0.0604, Sep: -0.3354, EST: 0.0748, GEN_INF_ONCE(-): 0.0748, Acc: 0.964) | LR: 7.75e-04 | 7238.0s
  | Step 64000/200000 | Total: 0.3600 (MSE: 0.0558, Sep: -0.3352, EST: 0.3279, GEN_INF_ONCE(-): 0.3279, Acc: 0.857) | LR: 7.68e-04 | 7352.9s
  | Step 65000/200000 | Total: -0.1962 (MSE: 0.0578, Sep: -0.3353, EST: 0.0417, GEN_INF_ONCE(-): 0.0417, Acc: 0.991) | LR: 7.61e-04 | 7467.7s
  | Step 66000/200000 | Total: -0.2284 (MSE: 0.0566, Sep: -0.3351, EST: 0.0257, GEN_INF_ONCE(-): 0.0257, Acc: 0.982) | LR: 7.55e-04 | 7582.7s
  | Step 67000/200000 | Total: -0.2034 (MSE: 0.0606, Sep: -0.3351, EST: 0.0365, GEN_INF_ONCE(-): 0.0365, Acc: 0.991) | LR: 7.48e-04 | 7697.6s
  | Step 68000/200000 | Total: -0.1013 (MSE: 0.0544, Sep: -0.3351, EST: 0.0920, GEN_INF_ONCE(-): 0.0920, Acc: 0.973) | LR: 7.41e-04 | 7812.4s
  | Step 69000/200000 | Total: 0.0336 (MSE: 0.0576, Sep: -0.3351, EST: 0.1595, GEN_INF_ONCE(-): 0.1595, Acc: 0.902) | LR: 7.34e-04 | 7927.2s
  | Step 70000/200000 | Total: -0.0917 (MSE: 0.0660, Sep: -0.3353, EST: 0.0910, GEN_INF_ONCE(-): 0.0910, Acc: 0.946) | LR: 7.27e-04 | 8042.0s
  | Step 71000/200000 | Total: -0.0430 (MSE: 0.0644, Sep: -0.3352, EST: 0.1168, GEN_INF_ONCE(-): 0.1168, Acc: 0.964) | LR: 7.20e-04 | 8156.9s
  | Step 72000/200000 | Total: -0.0351 (MSE: 0.0665, Sep: -0.3354, EST: 0.1199, GEN_INF_ONCE(-): 0.1199, Acc: 0.938) | LR: 7.13e-04 | 8271.9s
  | Step 73000/200000 | Total: -0.1529 (MSE: 0.0538, Sep: -0.3352, EST: 0.0659, GEN_INF_ONCE(-): 0.0659, Acc: 0.973) | LR: 7.06e-04 | 8386.7s
  | Step 74000/200000 | Total: -0.1995 (MSE: 0.0495, Sep: -0.3355, EST: 0.0443, GEN_INF_ONCE(-): 0.0443, Acc: 0.982) | LR: 6.99e-04 | 8501.5s
  | Step 75000/200000 | Total: -0.1218 (MSE: 0.0521, Sep: -0.3354, EST: 0.0828, GEN_INF_ONCE(-): 0.0828, Acc: 0.982) | LR: 6.92e-04 | 8616.4s
  | Step 76000/200000 | Total: -0.1576 (MSE: 0.0489, Sep: -0.3352, EST: 0.0660, GEN_INF_ONCE(-): 0.0660, Acc: 0.991) | LR: 6.84e-04 | 8731.2s
  | Step 77000/200000 | Total: -0.2498 (MSE: 0.0579, Sep: -0.3353, EST: 0.0141, GEN_INF_ONCE(-): 0.0141, Acc: 1.000) | LR: 6.77e-04 | 8846.2s
  | Step 78000/200000 | Total: -0.0801 (MSE: 0.0496, Sep: -0.3355, EST: 0.1055, GEN_INF_ONCE(-): 0.1055, Acc: 0.964) | LR: 6.70e-04 | 8961.0s
  | Step 79000/200000 | Total: -0.0057 (MSE: 0.0597, Sep: -0.3355, EST: 0.1385, GEN_INF_ONCE(-): 0.1385, Acc: 0.911) | LR: 6.62e-04 | 9075.9s
  | Step 80000/200000 | Total: -0.1224 (MSE: 0.0491, Sep: -0.3353, EST: 0.0840, GEN_INF_ONCE(-): 0.0840, Acc: 0.964) | LR: 6.55e-04 | 9190.9s
  | Step 81000/200000 | Total: -0.1568 (MSE: 0.0488, Sep: -0.3353, EST: 0.0665, GEN_INF_ONCE(-): 0.0665, Acc: 0.973) | LR: 6.47e-04 | 9305.7s
  | Step 82000/200000 | Total: -0.2513 (MSE: 0.0485, Sep: -0.3354, EST: 0.0182, GEN_INF_ONCE(-): 0.0182, Acc: 1.000) | LR: 6.40e-04 | 9420.6s
  | Step 83000/200000 | Total: -0.0296 (MSE: 0.0570, Sep: -0.3354, EST: 0.1276, GEN_INF_ONCE(-): 0.1276, Acc: 0.946) | LR: 6.32e-04 | 9535.6s
  | Step 84000/200000 | Total: -0.1477 (MSE: 0.0548, Sep: -0.3357, EST: 0.0683, GEN_INF_ONCE(-): 0.0683, Acc: 0.982) | LR: 6.25e-04 | 9650.6s
  | Step 85000/200000 | Total: -0.1546 (MSE: 0.0472, Sep: -0.3354, EST: 0.0685, GEN_INF_ONCE(-): 0.0685, Acc: 0.973) | LR: 6.17e-04 | 9765.5s
  | Step 86000/200000 | Total: -0.2111 (MSE: 0.0639, Sep: -0.3354, EST: 0.0310, GEN_INF_ONCE(-): 0.0310, Acc: 0.991) | LR: 6.09e-04 | 9880.3s
  | Step 87000/200000 | Total: -0.1489 (MSE: 0.0442, Sep: -0.3354, EST: 0.0730, GEN_INF_ONCE(-): 0.0730, Acc: 0.964) | LR: 6.02e-04 | 9995.1s
  | Step 88000/200000 | Total: 0.2019 (MSE: 0.0524, Sep: -0.3352, EST: 0.2486, GEN_INF_ONCE(-): 0.2486, Acc: 0.902) | LR: 5.94e-04 | 10110.0s
  | Step 89000/200000 | Total: -0.2396 (MSE: 0.0499, Sep: -0.3354, EST: 0.0235, GEN_INF_ONCE(-): 0.0235, Acc: 1.000) | LR: 5.86e-04 | 10225.0s
  | Step 90000/200000 | Total: -0.1368 (MSE: 0.0405, Sep: -0.3351, EST: 0.0810, GEN_INF_ONCE(-): 0.0810, Acc: 0.964) | LR: 5.79e-04 | 10339.8s
  | Step 91000/200000 | Total: 0.1602 (MSE: 0.0500, Sep: -0.3355, EST: 0.2285, GEN_INF_ONCE(-): 0.2285, Acc: 0.911) | LR: 5.71e-04 | 10454.6s
  | Step 92000/200000 | Total: -0.1140 (MSE: 0.0474, Sep: -0.3354, EST: 0.0892, GEN_INF_ONCE(-): 0.0892, Acc: 0.955) | LR: 5.63e-04 | 10569.5s
  | Step 93000/200000 | Total: -0.0219 (MSE: 0.0516, Sep: -0.3355, EST: 0.1344, GEN_INF_ONCE(-): 0.1344, Acc: 0.946) | LR: 5.55e-04 | 10684.3s
  | Step 94000/200000 | Total: 0.0219 (MSE: 0.0566, Sep: -0.3356, EST: 0.1543, GEN_INF_ONCE(-): 0.1543, Acc: 0.938) | LR: 5.48e-04 | 10799.1s
  | Step 95000/200000 | Total: -0.1573 (MSE: 0.0450, Sep: -0.3353, EST: 0.0682, GEN_INF_ONCE(-): 0.0682, Acc: 0.982) | LR: 5.40e-04 | 10914.2s
  | Step 96000/200000 | Total: -0.1487 (MSE: 0.0407, Sep: -0.3354, EST: 0.0749, GEN_INF_ONCE(-): 0.0749, Acc: 0.982) | LR: 5.32e-04 | 11029.0s
  | Step 97000/200000 | Total: -0.0125 (MSE: 0.0505, Sep: -0.3353, EST: 0.1396, GEN_INF_ONCE(-): 0.1396, Acc: 0.955) | LR: 5.24e-04 | 11143.9s
  | Step 98000/200000 | Total: 0.0818 (MSE: 0.0490, Sep: -0.3354, EST: 0.1888, GEN_INF_ONCE(-): 0.1888, Acc: 0.902) | LR: 5.16e-04 | 11258.7s
  | Step 99000/200000 | Total: -0.0657 (MSE: 0.0430, Sep: -0.3354, EST: 0.1163, GEN_INF_ONCE(-): 0.1163, Acc: 0.964) | LR: 5.08e-04 | 11373.5s
  | Step 100000/200000 | Total: -0.1452 (MSE: 0.0443, Sep: -0.3354, EST: 0.0748, GEN_INF_ONCE(-): 0.0748, Acc: 0.973) | LR: 5.00e-04 | 11488.4s
  | Step 101000/200000 | Total: -0.2432 (MSE: 0.0396, Sep: -0.3356, EST: 0.0271, GEN_INF_ONCE(-): 0.0271, Acc: 1.000) | LR: 4.93e-04 | 11603.4s
  | Step 102000/200000 | Total: -0.1761 (MSE: 0.0372, Sep: -0.3353, EST: 0.0626, GEN_INF_ONCE(-): 0.0626, Acc: 0.973) | LR: 4.85e-04 | 11718.3s
  | Step 103000/200000 | Total: -0.1909 (MSE: 0.0422, Sep: -0.3357, EST: 0.0526, GEN_INF_ONCE(-): 0.0526, Acc: 0.991) | LR: 4.77e-04 | 11833.2s
  | Step 104000/200000 | Total: -0.0389 (MSE: 0.0420, Sep: -0.3356, EST: 0.1306, GEN_INF_ONCE(-): 0.1306, Acc: 0.938) | LR: 4.69e-04 | 11948.1s
  | Step 105000/200000 | Total: -0.1048 (MSE: 0.0383, Sep: -0.3355, EST: 0.0987, GEN_INF_ONCE(-): 0.0987, Acc: 0.955) | LR: 4.61e-04 | 12062.9s
  | Step 106000/200000 | Total: -0.1295 (MSE: 0.0385, Sep: -0.3355, EST: 0.0859, GEN_INF_ONCE(-): 0.0859, Acc: 0.982) | LR: 4.53e-04 | 12177.8s
  | Step 107000/200000 | Total: -0.1829 (MSE: 0.0425, Sep: -0.3356, EST: 0.0565, GEN_INF_ONCE(-): 0.0565, Acc: 0.991) | LR: 4.46e-04 | 12292.8s
  | Step 108000/200000 | Total: -0.2325 (MSE: 0.0433, Sep: -0.3358, EST: 0.0308, GEN_INF_ONCE(-): 0.0308, Acc: 1.000) | LR: 4.38e-04 | 12407.6s
  | Step 109000/200000 | Total: -0.1846 (MSE: 0.0366, Sep: -0.3355, EST: 0.0586, GEN_INF_ONCE(-): 0.0586, Acc: 0.982) | LR: 4.30e-04 | 12522.4s
  | Step 110000/200000 | Total: -0.2132 (MSE: 0.0384, Sep: -0.3353, EST: 0.0429, GEN_INF_ONCE(-): 0.0429, Acc: 0.991) | LR: 4.22e-04 | 12637.2s
  | Step 111000/200000 | Total: -0.1786 (MSE: 0.0351, Sep: -0.3355, EST: 0.0625, GEN_INF_ONCE(-): 0.0625, Acc: 0.973) | LR: 4.15e-04 | 12752.1s
  | Step 112000/200000 | Total: -0.2278 (MSE: 0.0394, Sep: -0.3358, EST: 0.0351, GEN_INF_ONCE(-): 0.0351, Acc: 0.991) | LR: 4.07e-04 | 12866.9s
  | Step 113000/200000 | Total: -0.1790 (MSE: 0.0376, Sep: -0.3356, EST: 0.0610, GEN_INF_ONCE(-): 0.0610, Acc: 0.982) | LR: 3.99e-04 | 12981.9s
  | Step 114000/200000 | Total: -0.1907 (MSE: 0.0355, Sep: -0.3355, EST: 0.0561, GEN_INF_ONCE(-): 0.0561, Acc: 0.991) | LR: 3.92e-04 | 13096.7s
  | Step 115000/200000 | Total: -0.2216 (MSE: 0.0354, Sep: -0.3356, EST: 0.0403, GEN_INF_ONCE(-): 0.0403, Acc: 0.991) | LR: 3.84e-04 | 13211.6s
  | Step 116000/200000 | Total: -0.2046 (MSE: 0.0352, Sep: -0.3356, EST: 0.0491, GEN_INF_ONCE(-): 0.0491, Acc: 0.982) | LR: 3.76e-04 | 13326.4s
  | Step 117000/200000 | Total: -0.1720 (MSE: 0.0396, Sep: -0.3356, EST: 0.0636, GEN_INF_ONCE(-): 0.0636, Acc: 0.973) | LR: 3.69e-04 | 13441.2s
  | Step 118000/200000 | Total: -0.2057 (MSE: 0.0378, Sep: -0.3357, EST: 0.0473, GEN_INF_ONCE(-): 0.0473, Acc: 0.991) | LR: 3.61e-04 | 13556.1s
  | Step 119000/200000 | Total: -0.2249 (MSE: 0.0380, Sep: -0.3356, EST: 0.0373, GEN_INF_ONCE(-): 0.0373, Acc: 0.991) | LR: 3.54e-04 | 13671.1s
  | Step 120000/200000 | Total: -0.2490 (MSE: 0.0406, Sep: -0.3356, EST: 0.0236, GEN_INF_ONCE(-): 0.0236, Acc: 1.000) | LR: 3.46e-04 | 13785.9s
  | Step 121000/200000 | Total: -0.2289 (MSE: 0.0364, Sep: -0.3355, EST: 0.0360, GEN_INF_ONCE(-): 0.0360, Acc: 1.000) | LR: 3.39e-04 | 13900.8s
  | Step 122000/200000 | Total: -0.1877 (MSE: 0.0404, Sep: -0.3356, EST: 0.0551, GEN_INF_ONCE(-): 0.0551, Acc: 0.973) | LR: 3.31e-04 | 14015.6s
  | Step 123000/200000 | Total: -0.1393 (MSE: 0.0361, Sep: -0.3357, EST: 0.0822, GEN_INF_ONCE(-): 0.0822, Acc: 0.955) | LR: 3.24e-04 | 14130.5s
  | Step 124000/200000 | Total: -0.2073 (MSE: 0.0383, Sep: -0.3356, EST: 0.0462, GEN_INF_ONCE(-): 0.0462, Acc: 0.991) | LR: 3.17e-04 | 14245.5s
  | Step 125000/200000 | Total: -0.2339 (MSE: 0.0378, Sep: -0.3357, EST: 0.0328, GEN_INF_ONCE(-): 0.0328, Acc: 0.991) | LR: 3.09e-04 | 14360.3s
  | Step 126000/200000 | Total: -0.2217 (MSE: 0.0364, Sep: -0.3357, EST: 0.0398, GEN_INF_ONCE(-): 0.0398, Acc: 0.991) | LR: 3.02e-04 | 14475.2s
  | Step 127000/200000 | Total: -0.2396 (MSE: 0.0332, Sep: -0.3358, EST: 0.0323, GEN_INF_ONCE(-): 0.0323, Acc: 0.991) | LR: 2.95e-04 | 14590.0s
  | Step 128000/200000 | Total: -0.0373 (MSE: 0.0451, Sep: -0.3361, EST: 0.1301, GEN_INF_ONCE(-): 0.1301, Acc: 0.946) | LR: 2.88e-04 | 14704.9s
  | Step 129000/200000 | Total: -0.2595 (MSE: 0.0365, Sep: -0.3356, EST: 0.0204, GEN_INF_ONCE(-): 0.0204, Acc: 1.000) | LR: 2.81e-04 | 14819.7s
  | Step 130000/200000 | Total: -0.2530 (MSE: 0.0322, Sep: -0.3355, EST: 0.0258, GEN_INF_ONCE(-): 0.0258, Acc: 1.000) | LR: 2.74e-04 | 14934.7s
  | Step 131000/200000 | Total: -0.2052 (MSE: 0.0279, Sep: -0.3358, EST: 0.0527, GEN_INF_ONCE(-): 0.0527, Acc: 0.991) | LR: 2.67e-04 | 15049.6s
  | Step 132000/200000 | Total: -0.2555 (MSE: 0.0356, Sep: -0.3356, EST: 0.0228, GEN_INF_ONCE(-): 0.0228, Acc: 1.000) | LR: 2.60e-04 | 15164.4s
  | Step 133000/200000 | Total: -0.2562 (MSE: 0.0342, Sep: -0.3358, EST: 0.0233, GEN_INF_ONCE(-): 0.0233, Acc: 0.991) | LR: 2.53e-04 | 15279.2s
  | Step 134000/200000 | Total: -0.2434 (MSE: 0.0348, Sep: -0.3358, EST: 0.0295, GEN_INF_ONCE(-): 0.0295, Acc: 0.991) | LR: 2.46e-04 | 15394.0s
  | Step 135000/200000 | Total: -0.2118 (MSE: 0.0369, Sep: -0.3358, EST: 0.0446, GEN_INF_ONCE(-): 0.0446, Acc: 0.991) | LR: 2.40e-04 | 15508.9s
  | Step 136000/200000 | Total: -0.2357 (MSE: 0.0279, Sep: -0.3357, EST: 0.0370, GEN_INF_ONCE(-): 0.0370, Acc: 0.991) | LR: 2.33e-04 | 15623.9s
  | Step 137000/200000 | Total: -0.2633 (MSE: 0.0294, Sep: -0.3358, EST: 0.0221, GEN_INF_ONCE(-): 0.0221, Acc: 0.991) | LR: 2.26e-04 | 15738.7s
  | Step 138000/200000 | Total: -0.2793 (MSE: 0.0329, Sep: -0.3359, EST: 0.0121, GEN_INF_ONCE(-): 0.0121, Acc: 1.000) | LR: 2.20e-04 | 15853.6s
  | Step 139000/200000 | Total: -0.2313 (MSE: 0.0341, Sep: -0.3358, EST: 0.0361, GEN_INF_ONCE(-): 0.0361, Acc: 0.991) | LR: 2.13e-04 | 15968.4s
  | Step 140000/200000 | Total: -0.2290 (MSE: 0.0312, Sep: -0.3357, EST: 0.0387, GEN_INF_ONCE(-): 0.0387, Acc: 0.973) | LR: 2.07e-04 | 16083.2s
  | Step 141000/200000 | Total: -0.2763 (MSE: 0.0310, Sep: -0.3360, EST: 0.0147, GEN_INF_ONCE(-): 0.0147, Acc: 1.000) | LR: 2.01e-04 | 16198.1s
  | Step 142000/200000 | Total: -0.2525 (MSE: 0.0307, Sep: -0.3354, EST: 0.0268, GEN_INF_ONCE(-): 0.0268, Acc: 0.991) | LR: 1.94e-04 | 16313.1s
  | Step 143000/200000 | Total: -0.2953 (MSE: 0.0305, Sep: -0.3358, EST: 0.0051, GEN_INF_ONCE(-): 0.0051, Acc: 1.000) | LR: 1.88e-04 | 16428.0s
  | Step 144000/200000 | Total: -0.2319 (MSE: 0.0301, Sep: -0.3355, EST: 0.0377, GEN_INF_ONCE(-): 0.0377, Acc: 1.000) | LR: 1.82e-04 | 16542.9s
  | Step 145000/200000 | Total: -0.2694 (MSE: 0.0296, Sep: -0.3361, EST: 0.0190, GEN_INF_ONCE(-): 0.0190, Acc: 1.000) | LR: 1.76e-04 | 16657.7s
  | Step 146000/200000 | Total: -0.2584 (MSE: 0.0288, Sep: -0.3360, EST: 0.0250, GEN_INF_ONCE(-): 0.0250, Acc: 1.000) | LR: 1.70e-04 | 16772.6s
  | Step 147000/200000 | Total: -0.2094 (MSE: 0.0319, Sep: -0.3359, EST: 0.0485, GEN_INF_ONCE(-): 0.0485, Acc: 0.973) | LR: 1.64e-04 | 16887.4s
  | Step 148000/200000 | Total: -0.2138 (MSE: 0.0317, Sep: -0.3357, EST: 0.0462, GEN_INF_ONCE(-): 0.0462, Acc: 0.973) | LR: 1.59e-04 | 17002.5s
  | Step 149000/200000 | Total: -0.2344 (MSE: 0.0322, Sep: -0.3358, EST: 0.0354, GEN_INF_ONCE(-): 0.0354, Acc: 0.991) | LR: 1.53e-04 | 17117.3s
  | Step 150000/200000 | Total: -0.2902 (MSE: 0.0320, Sep: -0.3361, EST: 0.0071, GEN_INF_ONCE(-): 0.0071, Acc: 1.000) | LR: 1.47e-04 | 17232.2s
  | Step 151000/200000 | Total: -0.2712 (MSE: 0.0276, Sep: -0.3357, EST: 0.0190, GEN_INF_ONCE(-): 0.0190, Acc: 1.000) | LR: 1.42e-04 | 17347.0s
  | Step 152000/200000 | Total: -0.2547 (MSE: 0.0283, Sep: -0.3358, EST: 0.0271, GEN_INF_ONCE(-): 0.0271, Acc: 0.982) | LR: 1.36e-04 | 17461.8s
  | Step 153000/200000 | Total: -0.2673 (MSE: 0.0296, Sep: -0.3358, EST: 0.0200, GEN_INF_ONCE(-): 0.0200, Acc: 1.000) | LR: 1.31e-04 | 17576.6s
  | Step 154000/200000 | Total: -0.2763 (MSE: 0.0275, Sep: -0.3359, EST: 0.0165, GEN_INF_ONCE(-): 0.0165, Acc: 1.000) | LR: 1.26e-04 | 17691.7s
  | Step 155000/200000 | Total: -0.2818 (MSE: 0.0275, Sep: -0.3357, EST: 0.0136, GEN_INF_ONCE(-): 0.0136, Acc: 1.000) | LR: 1.21e-04 | 17806.5s
  | Step 156000/200000 | Total: -0.2747 (MSE: 0.0282, Sep: -0.3359, EST: 0.0170, GEN_INF_ONCE(-): 0.0170, Acc: 1.000) | LR: 1.16e-04 | 17921.3s
  | Step 157000/200000 | Total: -0.2795 (MSE: 0.0301, Sep: -0.3361, EST: 0.0135, GEN_INF_ONCE(-): 0.0135, Acc: 0.991) | LR: 1.11e-04 | 18036.2s
  | Step 158000/200000 | Total: -0.2700 (MSE: 0.0311, Sep: -0.3361, EST: 0.0179, GEN_INF_ONCE(-): 0.0179, Acc: 0.991) | LR: 1.06e-04 | 18151.0s
  | Step 159000/200000 | Total: -0.2632 (MSE: 0.0276, Sep: -0.3357, EST: 0.0231, GEN_INF_ONCE(-): 0.0231, Acc: 0.991) | LR: 1.01e-04 | 18265.8s
  | Step 160000/200000 | Total: -0.2762 (MSE: 0.0270, Sep: -0.3359, EST: 0.0168, GEN_INF_ONCE(-): 0.0168, Acc: 1.000) | LR: 9.64e-05 | 18380.8s
  | Step 161000/200000 | Total: -0.2792 (MSE: 0.0307, Sep: -0.3359, EST: 0.0133, GEN_INF_ONCE(-): 0.0133, Acc: 1.000) | LR: 9.18e-05 | 18495.7s
  | Step 162000/200000 | Total: -0.2834 (MSE: 0.0306, Sep: -0.3361, EST: 0.0113, GEN_INF_ONCE(-): 0.0113, Acc: 1.000) | LR: 8.74e-05 | 18610.6s
  | Step 163000/200000 | Total: -0.2508 (MSE: 0.0278, Sep: -0.3363, EST: 0.0296, GEN_INF_ONCE(-): 0.0296, Acc: 0.982) | LR: 8.30e-05 | 18725.4s
  | Step 164000/200000 | Total: -0.2716 (MSE: 0.0289, Sep: -0.3359, EST: 0.0182, GEN_INF_ONCE(-): 0.0182, Acc: 1.000) | LR: 7.88e-05 | 18840.0s
  | Step 165000/200000 | Total: -0.2709 (MSE: 0.0253, Sep: -0.3360, EST: 0.0204, GEN_INF_ONCE(-): 0.0204, Acc: 0.991) | LR: 7.46e-05 | 18954.8s
  | Step 166000/200000 | Total: -0.2888 (MSE: 0.0306, Sep: -0.3358, EST: 0.0084, GEN_INF_ONCE(-): 0.0084, Acc: 1.000) | LR: 7.06e-05 | 19069.8s
  | Step 167000/200000 | Total: -0.2830 (MSE: 0.0298, Sep: -0.3360, EST: 0.0119, GEN_INF_ONCE(-): 0.0119, Acc: 1.000) | LR: 6.66e-05 | 19184.7s
  | Step 168000/200000 | Total: -0.2735 (MSE: 0.0258, Sep: -0.3359, EST: 0.0188, GEN_INF_ONCE(-): 0.0188, Acc: 1.000) | LR: 6.28e-05 | 19299.5s
  | Step 169000/200000 | Total: -0.2870 (MSE: 0.0248, Sep: -0.3361, EST: 0.0125, GEN_INF_ONCE(-): 0.0125, Acc: 1.000) | LR: 5.91e-05 | 19414.3s
  | Step 170000/200000 | Total: -0.2707 (MSE: 0.0238, Sep: -0.3359, EST: 0.0212, GEN_INF_ONCE(-): 0.0212, Acc: 1.000) | LR: 5.54e-05 | 19529.1s
  | Step 171000/200000 | Total: -0.2931 (MSE: 0.0262, Sep: -0.3361, EST: 0.0086, GEN_INF_ONCE(-): 0.0086, Acc: 1.000) | LR: 5.19e-05 | 19644.1s
  | Step 172000/200000 | Total: -0.2893 (MSE: 0.0263, Sep: -0.3358, EST: 0.0104, GEN_INF_ONCE(-): 0.0104, Acc: 1.000) | LR: 4.85e-05 | 19759.0s
  | Step 173000/200000 | Total: -0.2843 (MSE: 0.0256, Sep: -0.3362, EST: 0.0134, GEN_INF_ONCE(-): 0.0134, Acc: 1.000) | LR: 4.53e-05 | 19873.8s
  | Step 174000/200000 | Total: -0.2834 (MSE: 0.0268, Sep: -0.3359, EST: 0.0132, GEN_INF_ONCE(-): 0.0132, Acc: 1.000) | LR: 4.21e-05 | 19988.6s
  | Step 175000/200000 | Total: -0.2593 (MSE: 0.0227, Sep: -0.3358, EST: 0.0276, GEN_INF_ONCE(-): 0.0276, Acc: 1.000) | LR: 3.90e-05 | 20103.4s
  | Step 176000/200000 | Total: -0.2662 (MSE: 0.0242, Sep: -0.3359, EST: 0.0234, GEN_INF_ONCE(-): 0.0234, Acc: 0.991) | LR: 3.61e-05 | 20218.3s
  | Step 177000/200000 | Total: -0.2615 (MSE: 0.0307, Sep: -0.3359, EST: 0.0224, GEN_INF_ONCE(-): 0.0224, Acc: 1.000) | LR: 3.32e-05 | 20333.3s
  | Step 178000/200000 | Total: -0.2892 (MSE: 0.0265, Sep: -0.3362, EST: 0.0105, GEN_INF_ONCE(-): 0.0105, Acc: 1.000) | LR: 3.05e-05 | 20448.1s
  | Step 179000/200000 | Total: -0.2845 (MSE: 0.0255, Sep: -0.3360, EST: 0.0133, GEN_INF_ONCE(-): 0.0133, Acc: 1.000) | LR: 2.79e-05 | 20562.9s
  | Step 180000/200000 | Total: -0.2598 (MSE: 0.0264, Sep: -0.3361, EST: 0.0256, GEN_INF_ONCE(-): 0.0256, Acc: 1.000) | LR: 2.54e-05 | 20677.8s
  | Step 181000/200000 | Total: -0.2753 (MSE: 0.0274, Sep: -0.3361, EST: 0.0171, GEN_INF_ONCE(-): 0.0171, Acc: 1.000) | LR: 2.31e-05 | 20792.6s
  | Step 182000/200000 | Total: -0.2793 (MSE: 0.0232, Sep: -0.3360, EST: 0.0172, GEN_INF_ONCE(-): 0.0172, Acc: 1.000) | LR: 2.08e-05 | 20907.5s
  | Step 183000/200000 | Total: -0.2544 (MSE: 0.0241, Sep: -0.3359, EST: 0.0295, GEN_INF_ONCE(-): 0.0295, Acc: 1.000) | LR: 1.87e-05 | 21022.5s
  | Step 184000/200000 | Total: -0.2857 (MSE: 0.0260, Sep: -0.3360, EST: 0.0124, GEN_INF_ONCE(-): 0.0124, Acc: 1.000) | LR: 1.67e-05 | 21137.3s
  | Step 185000/200000 | Total: -0.2639 (MSE: 0.0249, Sep: -0.3361, EST: 0.0243, GEN_INF_ONCE(-): 0.0243, Acc: 1.000) | LR: 1.48e-05 | 21252.1s
  | Step 186000/200000 | Total: -0.2580 (MSE: 0.0254, Sep: -0.3362, EST: 0.0270, GEN_INF_ONCE(-): 0.0270, Acc: 1.000) | LR: 1.30e-05 | 21367.0s
  | Step 187000/200000 | Total: -0.2859 (MSE: 0.0216, Sep: -0.3361, EST: 0.0147, GEN_INF_ONCE(-): 0.0147, Acc: 1.000) | LR: 1.14e-05 | 21481.8s
  | Step 188000/200000 | Total: -0.2839 (MSE: 0.0269, Sep: -0.3360, EST: 0.0129, GEN_INF_ONCE(-): 0.0129, Acc: 1.000) | LR: 9.85e-06 | 21596.6s
  | Step 189000/200000 | Total: -0.2830 (MSE: 0.0239, Sep: -0.3359, EST: 0.0149, GEN_INF_ONCE(-): 0.0149, Acc: 1.000) | LR: 8.44e-06 | 21711.6s
  | Step 190000/200000 | Total: -0.2436 (MSE: 0.0254, Sep: -0.3361, EST: 0.0344, GEN_INF_ONCE(-): 0.0344, Acc: 1.000) | LR: 7.15e-06 | 21826.5s
  | Step 191000/200000 | Total: -0.2520 (MSE: 0.0287, Sep: -0.3356, EST: 0.0282, GEN_INF_ONCE(-): 0.0282, Acc: 1.000) | LR: 5.98e-06 | 21941.3s
  | Step 192000/200000 | Total: -0.2862 (MSE: 0.0255, Sep: -0.3359, EST: 0.0124, GEN_INF_ONCE(-): 0.0124, Acc: 1.000) | LR: 4.94e-06 | 22056.1s
  | Step 193000/200000 | Total: -0.2692 (MSE: 0.0283, Sep: -0.3362, EST: 0.0199, GEN_INF_ONCE(-): 0.0199, Acc: 1.000) | LR: 4.02e-06 | 22170.9s
  | Step 194000/200000 | Total: -0.2539 (MSE: 0.0252, Sep: -0.3359, EST: 0.0291, GEN_INF_ONCE(-): 0.0291, Acc: 1.000) | LR: 3.22e-06 | 22285.8s
  | Step 195000/200000 | Total: -0.2605 (MSE: 0.0247, Sep: -0.3360, EST: 0.0260, GEN_INF_ONCE(-): 0.0260, Acc: 1.000) | LR: 2.54e-06 | 22400.8s
  | Step 196000/200000 | Total: -0.2829 (MSE: 0.0235, Sep: -0.3361, EST: 0.0153, GEN_INF_ONCE(-): 0.0153, Acc: 1.000) | LR: 1.99e-06 | 22515.7s
  | Step 197000/200000 | Total: -0.2941 (MSE: 0.0251, Sep: -0.3357, EST: 0.0085, GEN_INF_ONCE(-): 0.0085, Acc: 1.000) | LR: 1.55e-06 | 22630.5s
  | Step 198000/200000 | Total: -0.2823 (MSE: 0.0284, Sep: -0.3361, EST: 0.0130, GEN_INF_ONCE(-): 0.0130, Acc: 1.000) | LR: 1.25e-06 | 22745.4s
  | Step 199000/200000 | Total: -0.2601 (MSE: 0.0243, Sep: -0.3358, EST: 0.0263, GEN_INF_ONCE(-): 0.0263, Acc: 1.000) | LR: 1.06e-06 | 22860.2s
  | Step 200000/200000 | Total: -0.2667 (MSE: 0.0255, Sep: -0.3360, EST: 0.0225, GEN_INF_ONCE(-): 0.0225, Acc: 1.000) | LR: 1.00e-06 | 22975.1s
  | 
  | Training completed in 22975.1s (382.92 min)
  | Models saved to /home1/halbertb/Q3CIBC/checkpoints/hpsearch/trial_045/

  Training completed in 22996s
  Evaluating...

  Result: success_rate=0.00%, avg_reward=0.000
