==========================================
SLURM_JOB_ID = 8187483
SLURM_JOB_NODELIST = d13-06
TMPDIR = /tmp/SLURM_8187483
==========================================
Detected tunable params in ibc_with_cpsv2_training.py:
  - control_points  (search space: [20, 30, 50, 75, 100])
  - learning_rate  (search space: [0.0001, 0.0003, 0.0005, 0.001, 0.002, 0.005])
  - batch_size  (search space: [128, 256, 512])
  - counter_examples  (search space: [8, 16, 32, 64])
  - separation_weight  (search space: [0.01, 0.05, 0.1, 0.2])
  - mse_weight  (search space: [1.0, 3.0, 5.0, 10.0])
  - training_steps  (search space: [50000, 100000, 200000])
  - separation_loss  (search space: ['separation', 'entropy'])
  - entropy_bandwidth  (search space: [0.05, 0.1, 0.2])
  - num_hidden_layers  (search space: [2, 4, 8])
  - num_neurons  (search space: [128, 256, 512])
  - estimator_learning_rate  (search space: [0.0001, 0.0003, 0.0005, 0.001])
  - scheduler_type  (search space: ['cosine', 'cosine_warm_restarts'])
  - cosine_t0  (search space: [25000, 50000, 100000])
  - cosine_t_max  (search space: [100000, 150000, 200000])

Baseline (current config):
  control_points = 30
  learning_rate = 0.001
  batch_size = 512
  counter_examples = 32
  separation_weight = 0.1
  mse_weight = 20
  training_steps = 150000
  separation_loss = entropy
  entropy_bandwidth = 0.1
  num_hidden_layers = 4
  num_neurons = 512
  estimator_learning_rate = 0.001
  scheduler_type = cosine_warm_restarts
  cosine_t0 = 50000


================================================================================
TRIAL 1 — ibc_with_cpsv2_training.py
================================================================================
Parameters:
{
  "control_points": 20,
  "learning_rate": 0.001,
  "batch_size": 512,
  "counter_examples": 64,
  "separation_weight": 0.1,
  "mse_weight": 5,
  "training_steps": 150000,
  "separation_loss": "entropy",
  "entropy_bandwidth": 0.1,
  "num_hidden_layers": 2,
  "num_neurons": 256,
  "estimator_learning_rate": 0.001,
  "scheduler_type": "cosine_warm_restarts",
  "cosine_t0": 50000,
  "target_update_interval": 1000
}

  Training (150000 steps)...
  | Using device: cuda
  | Active environment: particle
  | Training steps: 150000
  | Batch size: 512
  | Generator LR: 0.001 (scheduler: cosine_warm_restarts)
  | Estimator LR: 0.001 (exponential decay: rate=0.995, every 100 steps)
  | Estimator architecture: MLP [256, 256]
  | Langevin counter-examples: 64 (100 iters)
  | Gradient penalty margin: 1.0
  | Target estimator sync: every 1000 steps
  | Frame stack: 2
  | Loading particle dataset...
  | 2026-04-19 14:56:54.303102: I tensorflow/core/platform/cpu_feature_guard.cc:210] This TensorFlow binary is optimized to use available CPU instructions in performance-critical operations.
  | To enable the following instructions: AVX2 AVX512F FMA, in other operations, rebuild TensorFlow with the appropriate compiler flags.
  | WARNING: All log messages before absl::InitializeLog() is called are written to STDERR
  | I0000 00:00:1776635818.564574 3433080 gpu_device.cc:2020] Created device /job:localhost/replica:0/task:0/device:GPU:0 with 31134 MB memory:  -> device: 0, name: Tesla V100-PCIE-32GB, pci bus id: 0000:3b:00.0, compute capability: 7.0
  | 2026-04-19 14:56:58.892981: I tensorflow/core/kernels/data/tf_record_dataset_op.cc:390] TFRecordDataset `buffer_size` is unspecified, default to 262144
  | 2026-04-19 14:57:00.093336: I tensorflow/core/framework/local_rendezvous.cc:407] Local rendezvous is aborting with status: OUT_OF_RANGE: End of sequence
  | 2026-04-19 14:57:01.324733: I tensorflow/core/framework/local_rendezvous.cc:407] Local rendezvous is aborting with status: OUT_OF_RANGE: End of sequence
  | 2026-04-19 14:57:03.792882: I tensorflow/core/framework/local_rendezvous.cc:407] Local rendezvous is aborting with status: OUT_OF_RANGE: End of sequence
  | 2026-04-19 14:57:08.698682: I tensorflow/core/framework/local_rendezvous.cc:407] Local rendezvous is aborting with status: OUT_OF_RANGE: End of sequence
  | Dataset size: 102000
  | Particle dataset episodes: 2000 | Avg samples/episode: 51.00
  | Act range: [0.000, 1.000]
  | Step 1000/150000 | Gen: 3.8579 (GenNCE: 4.1080, MSE: 0.0477, Sep: -0.2979) | Est: 3.9187 (NCE: 3.8946, GP: 0.0240) | Acc: 0.045 | GenLR: 9.99e-04 EstLR: 9.51e-04 | 222.5s
  | Step 2000/150000 | Gen: 3.7628 (GenNCE: 4.0180, MSE: 0.0414, Sep: -0.2966) | Est: 3.9120 (NCE: 3.8877, GP: 0.0244) | Acc: 0.170 | GenLR: 9.96e-04 EstLR: 9.05e-04 | 443.9s
  | Step 3000/150000 | Gen: 3.7716 (GenNCE: 4.0308, MSE: 0.0373, Sep: -0.2965) | Est: 3.9183 (NCE: 3.8973, GP: 0.0211) | Acc: 0.365 | GenLR: 9.91e-04 EstLR: 8.60e-04 | 664.8s
  | Step 4000/150000 | Gen: 3.7724 (GenNCE: 4.0347, MSE: 0.0371, Sep: -0.2993) | Est: 3.9161 (NCE: 3.8946, GP: 0.0215) | Acc: 0.312 | GenLR: 9.84e-04 EstLR: 8.18e-04 | 886.7s
  | Step 5000/150000 | Gen: 3.7890 (GenNCE: 4.0532, MSE: 0.0353, Sep: -0.2995) | Est: 3.9184 (NCE: 3.8975, GP: 0.0210) | Acc: 0.482 | GenLR: 9.76e-04 EstLR: 7.78e-04 | 1108.6s
  | Step 6000/150000 | Gen: 3.7794 (GenNCE: 4.0452, MSE: 0.0336, Sep: -0.2995) | Est: 3.9267 (NCE: 3.9060, GP: 0.0207) | Acc: 0.443 | GenLR: 9.65e-04 EstLR: 7.40e-04 | 1329.7s
  | Step 7000/150000 | Gen: 3.8086 (GenNCE: 4.0745, MSE: 0.0336, Sep: -0.2995) | Est: 3.9550 (NCE: 3.9351, GP: 0.0200) | Acc: 0.234 | GenLR: 9.52e-04 EstLR: 7.04e-04 | 1551.2s
  | Step 8000/150000 | Gen: 3.7972 (GenNCE: 4.0648, MSE: 0.0319, Sep: -0.2995) | Est: 3.9291 (NCE: 3.9066, GP: 0.0225) | Acc: 0.523 | GenLR: 9.38e-04 EstLR: 6.70e-04 | 1772.3s
  | Step 9000/150000 | Gen: 3.7935 (GenNCE: 4.0618, MSE: 0.0312, Sep: -0.2995) | Est: 3.9346 (NCE: 3.9144, GP: 0.0202) | Acc: 0.518 | GenLR: 9.22e-04 EstLR: 6.37e-04 | 1994.1s
  | Step 10000/150000 | Gen: 3.7874 (GenNCE: 4.0554, MSE: 0.0315, Sep: -0.2995) | Est: 3.9249 (NCE: 3.9040, GP: 0.0209) | Acc: 0.480 | GenLR: 9.05e-04 EstLR: 6.06e-04 | 2215.2s
  | Step 11000/150000 | Gen: 3.7685 (GenNCE: 4.0417, MSE: 0.0263, Sep: -0.2995) | Est: 3.9182 (NCE: 3.8957, GP: 0.0225) | Acc: 0.764 | GenLR: 8.85e-04 EstLR: 5.76e-04 | 2437.0s
  | Step 12000/150000 | Gen: 3.7893 (GenNCE: 4.0599, MSE: 0.0289, Sep: -0.2995) | Est: 3.9421 (NCE: 3.9206, GP: 0.0215) | Acc: 0.697 | GenLR: 8.65e-04 EstLR: 5.48e-04 | 2658.8s
  | Step 13000/150000 | Gen: 3.8099 (GenNCE: 4.0812, MSE: 0.0282, Sep: -0.2995) | Est: 3.9329 (NCE: 3.9106, GP: 0.0223) | Acc: 0.754 | GenLR: 8.42e-04 EstLR: 5.21e-04 | 2880.7s
  | Step 14000/150000 | Gen: 3.7972 (GenNCE: 4.0680, MSE: 0.0287, Sep: -0.2995) | Est: 3.9201 (NCE: 3.8985, GP: 0.0215) | Acc: 0.795 | GenLR: 8.19e-04 EstLR: 4.96e-04 | 3102.5s
  | Step 15000/150000 | Gen: 3.7920 (GenNCE: 4.0643, MSE: 0.0271, Sep: -0.2995) | Est: 3.9158 (NCE: 3.8941, GP: 0.0216) | Acc: 0.854 | GenLR: 7.94e-04 EstLR: 4.71e-04 | 3324.5s
  | Step 16000/150000 | Gen: 3.8045 (GenNCE: 4.0766, MSE: 0.0273, Sep: -0.2995) | Est: 3.9301 (NCE: 3.9083, GP: 0.0219) | Acc: 0.752 | GenLR: 7.68e-04 EstLR: 4.48e-04 | 3545.5s
  | Step 17000/150000 | Gen: 3.7622 (GenNCE: 4.0375, MSE: 0.0242, Sep: -0.2995) | Est: 3.9140 (NCE: 3.8941, GP: 0.0199) | Acc: 0.689 | GenLR: 7.41e-04 EstLR: 4.27e-04 | 3767.4s
  | Step 18000/150000 | Gen: 3.7900 (GenNCE: 4.0644, MSE: 0.0251, Sep: -0.2995) | Est: 3.9248 (NCE: 3.9044, GP: 0.0203) | Acc: 0.631 | GenLR: 7.13e-04 EstLR: 4.06e-04 | 3989.2s
  | Step 19000/150000 | Gen: 3.7810 (GenNCE: 4.0571, MSE: 0.0234, Sep: -0.2994) | Est: 3.9240 (NCE: 3.9028, GP: 0.0212) | Acc: 0.793 | GenLR: 6.84e-04 EstLR: 3.86e-04 | 4210.9s
  | Step 20000/150000 | Gen: 3.8041 (GenNCE: 4.0786, MSE: 0.0250, Sep: -0.2995) | Est: 3.9286 (NCE: 3.9069, GP: 0.0217) | Acc: 0.881 | GenLR: 6.55e-04 EstLR: 3.67e-04 | 4431.2s
  | Step 21000/150000 | Gen: 3.7813 (GenNCE: 4.0587, MSE: 0.0220, Sep: -0.2995) | Est: 3.9288 (NCE: 3.9082, GP: 0.0205) | Acc: 0.822 | GenLR: 6.25e-04 EstLR: 3.49e-04 | 4653.2s
  | Step 22000/150000 | Gen: 3.7999 (GenNCE: 4.0768, MSE: 0.0226, Sep: -0.2995) | Est: 3.9331 (NCE: 3.9123, GP: 0.0208) | Acc: 0.693 | GenLR: 5.94e-04 EstLR: 3.32e-04 | 4874.4s
  | Step 23000/150000 | Gen: 3.7855 (GenNCE: 4.0625, MSE: 0.0225, Sep: -0.2995) | Est: 3.9236 (NCE: 3.9032, GP: 0.0205) | Acc: 0.867 | GenLR: 5.63e-04 EstLR: 3.16e-04 | 5094.4s
  | Step 24000/150000 | Gen: 3.7953 (GenNCE: 4.0723, MSE: 0.0226, Sep: -0.2995) | Est: 3.9369 (NCE: 3.9170, GP: 0.0199) | Acc: 0.869 | GenLR: 5.32e-04 EstLR: 3.00e-04 | 5314.8s
  | Step 25000/150000 | Gen: 3.7877 (GenNCE: 4.0668, MSE: 0.0204, Sep: -0.2995) | Est: 3.9374 (NCE: 3.9174, GP: 0.0199) | Acc: 0.861 | GenLR: 5.01e-04 EstLR: 2.86e-04 | 5535.8s
  | Step 26000/150000 | Gen: 3.7890 (GenNCE: 4.0685, MSE: 0.0200, Sep: -0.2995) | Est: 3.9368 (NCE: 3.9167, GP: 0.0201) | Acc: 0.895 | GenLR: 4.69e-04 EstLR: 2.72e-04 | 5756.1s
  | Step 27000/150000 | Gen: 3.7994 (GenNCE: 4.0766, MSE: 0.0222, Sep: -0.2995) | Est: 3.9345 (NCE: 3.9144, GP: 0.0201) | Acc: 0.809 | GenLR: 4.38e-04 EstLR: 2.58e-04 | 5977.8s
  | Step 28000/150000 | Gen: 3.8010 (GenNCE: 4.0794, MSE: 0.0210, Sep: -0.2995) | Est: 3.9444 (NCE: 3.9242, GP: 0.0202) | Acc: 0.842 | GenLR: 4.07e-04 EstLR: 2.46e-04 | 6198.0s
  | Step 29000/150000 | Gen: 3.7894 (GenNCE: 4.0686, MSE: 0.0203, Sep: -0.2995) | Est: 3.9340 (NCE: 3.9136, GP: 0.0204) | Acc: 0.893 | GenLR: 3.76e-04 EstLR: 2.34e-04 | 6419.9s
  | Step 30000/150000 | Gen: 3.7950 (GenNCE: 4.0751, MSE: 0.0194, Sep: -0.2995) | Est: 3.9423 (NCE: 3.9219, GP: 0.0204) | Acc: 0.875 | GenLR: 3.46e-04 EstLR: 2.22e-04 | 6641.1s
  | Step 31000/150000 | Gen: 3.7957 (GenNCE: 4.0755, MSE: 0.0197, Sep: -0.2994) | Est: 3.9369 (NCE: 3.9172, GP: 0.0197) | Acc: 0.945 | GenLR: 3.17e-04 EstLR: 2.11e-04 | 6861.2s
  | Step 32000/150000 | Gen: 3.7912 (GenNCE: 4.0701, MSE: 0.0206, Sep: -0.2995) | Est: 3.9313 (NCE: 3.9125, GP: 0.0188) | Acc: 0.947 | GenLR: 2.88e-04 EstLR: 2.01e-04 | 7080.9s
  | Step 33000/150000 | Gen: 3.7993 (GenNCE: 4.0788, MSE: 0.0200, Sep: -0.2995) | Est: 3.9394 (NCE: 3.9194, GP: 0.0200) | Acc: 0.920 | GenLR: 2.60e-04 EstLR: 1.91e-04 | 7302.9s
  | Step 34000/150000 | Gen: 3.7952 (GenNCE: 4.0743, MSE: 0.0204, Sep: -0.2995) | Est: 3.9342 (NCE: 3.9151, GP: 0.0191) | Acc: 0.910 | GenLR: 2.33e-04 EstLR: 1.82e-04 | 7524.0s
  | Step 35000/150000 | Gen: 3.7942 (GenNCE: 4.0748, MSE: 0.0189, Sep: -0.2994) | Est: 3.9392 (NCE: 3.9212, GP: 0.0180) | Acc: 0.896 | GenLR: 2.07e-04 EstLR: 1.73e-04 | 7746.0s
  | Step 36000/150000 | Gen: 3.8061 (GenNCE: 4.0858, MSE: 0.0198, Sep: -0.2995) | Est: 3.9387 (NCE: 3.9203, GP: 0.0184) | Acc: 0.945 | GenLR: 1.82e-04 EstLR: 1.65e-04 | 7967.2s
  | Step 37000/150000 | Gen: 3.7999 (GenNCE: 4.0802, MSE: 0.0193, Sep: -0.2995) | Est: 3.9404 (NCE: 3.9213, GP: 0.0191) | Acc: 0.939 | GenLR: 1.59e-04 EstLR: 1.57e-04 | 8187.5s
  | Step 38000/150000 | Gen: 3.7991 (GenNCE: 4.0794, MSE: 0.0191, Sep: -0.2995) | Est: 3.9397 (NCE: 3.9208, GP: 0.0189) | Acc: 0.941 | GenLR: 1.36e-04 EstLR: 1.49e-04 | 8408.5s
  | Step 39000/150000 | Gen: 3.7986 (GenNCE: 4.0793, MSE: 0.0189, Sep: -0.2995) | Est: 3.9335 (NCE: 3.9146, GP: 0.0188) | Acc: 0.949 | GenLR: 1.16e-04 EstLR: 1.42e-04 | 8629.4s
  | Step 40000/150000 | Gen: 3.7894 (GenNCE: 4.0706, MSE: 0.0182, Sep: -0.2995) | Est: 3.9386 (NCE: 3.9199, GP: 0.0187) | Acc: 0.949 | GenLR: 9.64e-05 EstLR: 1.35e-04 | 8850.2s
  | Step 41000/150000 | Gen: 3.7975 (GenNCE: 4.0794, MSE: 0.0176, Sep: -0.2995) | Est: 3.9398 (NCE: 3.9211, GP: 0.0187) | Acc: 0.965 | GenLR: 7.88e-05 EstLR: 1.28e-04 | 9070.3s
  | Step 42000/150000 | Gen: 3.8059 (GenNCE: 4.0866, MSE: 0.0188, Sep: -0.2995) | Est: 3.9446 (NCE: 3.9253, GP: 0.0193) | Acc: 0.965 | GenLR: 6.28e-05 EstLR: 1.22e-04 | 9291.2s
  | Step 43000/150000 | Gen: 3.8007 (GenNCE: 4.0822, MSE: 0.0179, Sep: -0.2995) | Est: 3.9381 (NCE: 3.9200, GP: 0.0182) | Acc: 0.945 | GenLR: 4.85e-05 EstLR: 1.16e-04 | 9512.9s
  | Step 44000/150000 | Gen: 3.8009 (GenNCE: 4.0818, MSE: 0.0185, Sep: -0.2995) | Est: 3.9335 (NCE: 3.9141, GP: 0.0194) | Acc: 0.945 | GenLR: 3.61e-05 EstLR: 1.10e-04 | 9732.9s
  | Step 45000/150000 | Gen: 3.7999 (GenNCE: 4.0814, MSE: 0.0179, Sep: -0.2995) | Est: 3.9425 (NCE: 3.9241, GP: 0.0183) | Acc: 0.959 | GenLR: 2.54e-05 EstLR: 1.05e-04 | 9953.6s
  | Step 46000/150000 | Gen: 3.7972 (GenNCE: 4.0789, MSE: 0.0177, Sep: -0.2995) | Est: 3.9382 (NCE: 3.9199, GP: 0.0183) | Acc: 0.959 | GenLR: 1.67e-05 EstLR: 9.97e-05 | 10174.6s
  | Step 47000/150000 | Gen: 3.7990 (GenNCE: 4.0810, MSE: 0.0175, Sep: -0.2995) | Est: 3.9416 (NCE: 3.9227, GP: 0.0189) | Acc: 0.957 | GenLR: 9.85e-06 EstLR: 9.48e-05 | 10395.8s
  | Step 48000/150000 | Gen: 3.8015 (GenNCE: 4.0823, MSE: 0.0186, Sep: -0.2994) | Est: 3.9373 (NCE: 3.9180, GP: 0.0193) | Acc: 0.971 | GenLR: 4.94e-06 EstLR: 9.02e-05 | 10615.7s
  | Step 49000/150000 | Gen: 3.7926 (GenNCE: 4.0755, MSE: 0.0165, Sep: -0.2994) | Est: 3.9460 (NCE: 3.9272, GP: 0.0187) | Acc: 0.949 | GenLR: 1.99e-06 EstLR: 8.58e-05 | 10836.1s
  | Step 50000/150000 | Gen: 3.8040 (GenNCE: 4.0848, MSE: 0.0187, Sep: -0.2995) | Est: 3.9441 (NCE: 3.9254, GP: 0.0187) | Acc: 0.955 | GenLR: 1.00e-03 EstLR: 8.16e-05 | 11055.1s
  | Step 51000/150000 | Gen: 3.8630 (GenNCE: 4.1364, MSE: 0.0261, Sep: -0.2995) | Est: 3.9403 (NCE: 3.9211, GP: 0.0191) | Acc: 0.975 | GenLR: 9.99e-04 EstLR: 7.76e-05 | 11275.8s
  | Step 52000/150000 | Gen: 3.8740 (GenNCE: 4.1458, MSE: 0.0277, Sep: -0.2995) | Est: 3.9387 (NCE: 3.9202, GP: 0.0185) | Acc: 0.963 | GenLR: 9.96e-04 EstLR: 7.38e-05 | 11496.4s
  | Step 53000/150000 | Gen: 3.8433 (GenNCE: 4.1199, MSE: 0.0229, Sep: -0.2995) | Est: 3.9446 (NCE: 3.9263, GP: 0.0183) | Acc: 0.939 | GenLR: 9.91e-04 EstLR: 7.02e-05 | 11713.6s
  | Step 54000/150000 | Gen: 3.8336 (GenNCE: 4.1120, MSE: 0.0211, Sep: -0.2995) | Est: 3.9412 (NCE: 3.9231, GP: 0.0181) | Acc: 0.951 | GenLR: 9.84e-04 EstLR: 6.68e-05 | 11931.4s
  | Step 55000/150000 | Gen: 3.8323 (GenNCE: 4.1099, MSE: 0.0219, Sep: -0.2995) | Est: 3.9391 (NCE: 3.9204, GP: 0.0187) | Acc: 0.951 | GenLR: 9.76e-04 EstLR: 6.35e-05 | 12149.3s
  | Step 56000/150000 | Gen: 3.8446 (GenNCE: 4.1210, MSE: 0.0231, Sep: -0.2995) | Est: 3.9395 (NCE: 3.9205, GP: 0.0190) | Acc: 0.961 | GenLR: 9.65e-04 EstLR: 6.04e-05 | 12367.0s
  | Step 57000/150000 | Gen: 3.8331 (GenNCE: 4.1104, MSE: 0.0223, Sep: -0.2995) | Est: 3.9351 (NCE: 3.9169, GP: 0.0182) | Acc: 0.957 | GenLR: 9.52e-04 EstLR: 5.74e-05 | 12585.7s
  | Step 58000/150000 | Gen: 3.8903 (GenNCE: 4.1575, MSE: 0.0323, Sep: -0.2995) | Est: 3.9540 (NCE: 3.9354, GP: 0.0186) | Acc: 0.955 | GenLR: 9.38e-04 EstLR: 5.46e-05 | 12805.9s
  | Step 59000/150000 | Gen: 3.8379 (GenNCE: 4.1155, MSE: 0.0218, Sep: -0.2995) | Est: 3.9437 (NCE: 3.9252, GP: 0.0186) | Acc: 0.939 | GenLR: 9.22e-04 EstLR: 5.20e-05 | 13025.4s
  | Step 60000/150000 | Gen: 3.8207 (GenNCE: 4.1020, MSE: 0.0182, Sep: -0.2996) | Est: 3.9473 (NCE: 3.9289, GP: 0.0185) | Acc: 0.953 | GenLR: 9.05e-04 EstLR: 4.94e-05 | 13244.5s
  | Step 61000/150000 | Gen: 3.8020 (GenNCE: 4.0845, MSE: 0.0171, Sep: -0.2996) | Est: 3.9368 (NCE: 3.9185, GP: 0.0183) | Acc: 0.967 | GenLR: 8.85e-04 EstLR: 4.70e-05 | 13463.0s
  | Step 62000/150000 | Gen: 3.8318 (GenNCE: 4.1114, MSE: 0.0200, Sep: -0.2996) | Est: 3.9412 (NCE: 3.9227, GP: 0.0185) | Acc: 0.957 | GenLR: 8.65e-04 EstLR: 4.47e-05 | 13681.8s
  | Step 63000/150000 | Gen: 3.8113 (GenNCE: 4.0938, MSE: 0.0171, Sep: -0.2996) | Est: 3.9413 (NCE: 3.9226, GP: 0.0187) | Acc: 0.963 | GenLR: 8.42e-04 EstLR: 4.25e-05 | 13900.9s
  | Step 64000/150000 | Gen: 3.8205 (GenNCE: 4.1019, MSE: 0.0183, Sep: -0.2996) | Est: 3.9471 (NCE: 3.9285, GP: 0.0186) | Acc: 0.959 | GenLR: 8.19e-04 EstLR: 4.04e-05 | 14120.8s
  | Step 65000/150000 | Gen: 3.8149 (GenNCE: 4.0970, MSE: 0.0175, Sep: -0.2996) | Est: 3.9424 (NCE: 3.9241, GP: 0.0184) | Acc: 0.969 | GenLR: 7.94e-04 EstLR: 3.85e-05 | 14340.7s
  | Step 66000/150000 | Gen: 3.8130 (GenNCE: 4.0951, MSE: 0.0175, Sep: -0.2996) | Est: 3.9427 (NCE: 3.9241, GP: 0.0186) | Acc: 0.957 | GenLR: 7.68e-04 EstLR: 3.66e-05 | 14560.7s
  | Step 67000/150000 | Gen: 3.8144 (GenNCE: 4.0964, MSE: 0.0176, Sep: -0.2996) | Est: 3.9425 (NCE: 3.9239, GP: 0.0186) | Acc: 0.961 | GenLR: 7.41e-04 EstLR: 3.48e-05 | 14778.9s
  | Step 68000/150000 | Gen: 3.8077 (GenNCE: 4.0905, MSE: 0.0168, Sep: -0.2996) | Est: 3.9401 (NCE: 3.9218, GP: 0.0184) | Acc: 0.959 | GenLR: 7.13e-04 EstLR: 3.31e-05 | 14997.7s
  | Step 69000/150000 | Gen: 3.8121 (GenNCE: 4.0944, MSE: 0.0172, Sep: -0.2996) | Est: 3.9368 (NCE: 3.9188, GP: 0.0180) | Acc: 0.963 | GenLR: 6.84e-04 EstLR: 3.15e-05 | 15217.4s
  | Step 70000/150000 | Gen: 3.8005 (GenNCE: 4.0851, MSE: 0.0150, Sep: -0.2996) | Est: 3.9422 (NCE: 3.9239, GP: 0.0183) | Acc: 0.965 | GenLR: 6.55e-04 EstLR: 2.99e-05 | 15436.0s
  | Step 71000/150000 | Gen: 3.7975 (GenNCE: 4.0825, MSE: 0.0145, Sep: -0.2996) | Est: 3.9440 (NCE: 3.9261, GP: 0.0179) | Acc: 0.963 | GenLR: 6.25e-04 EstLR: 2.85e-05 | 15653.6s
  | Step 72000/150000 | Gen: 3.7984 (GenNCE: 4.0829, MSE: 0.0150, Sep: -0.2996) | Est: 3.9385 (NCE: 3.9205, GP: 0.0180) | Acc: 0.959 | GenLR: 5.94e-04 EstLR: 2.71e-05 | 15872.7s
  | Step 73000/150000 | Gen: 3.7857 (GenNCE: 4.0714, MSE: 0.0139, Sep: -0.2996) | Est: 3.9402 (NCE: 3.9214, GP: 0.0189) | Acc: 0.965 | GenLR: 5.63e-04 EstLR: 2.58e-05 | 16092.0s
  | Step 74000/150000 | Gen: 3.7965 (GenNCE: 4.0815, MSE: 0.0146, Sep: -0.2996) | Est: 3.9463 (NCE: 3.9278, GP: 0.0185) | Acc: 0.967 | GenLR: 5.32e-04 EstLR: 2.45e-05 | 16310.5s
  | Step 75000/150000 | Gen: 3.7832 (GenNCE: 4.0687, MSE: 0.0141, Sep: -0.2996) | Est: 3.9372 (NCE: 3.9185, GP: 0.0187) | Acc: 0.957 | GenLR: 5.01e-04 EstLR: 2.33e-05 | 16530.5s
  | Step 76000/150000 | Gen: 3.7823 (GenNCE: 4.0679, MSE: 0.0140, Sep: -0.2996) | Est: 3.9362 (NCE: 3.9180, GP: 0.0181) | Acc: 0.957 | GenLR: 4.69e-04 EstLR: 2.22e-05 | 16748.5s
  | Step 77000/150000 | Gen: 3.7889 (GenNCE: 4.0742, MSE: 0.0143, Sep: -0.2996) | Est: 3.9379 (NCE: 3.9200, GP: 0.0179) | Acc: 0.951 | GenLR: 4.38e-04 EstLR: 2.11e-05 | 16967.3s
  | Step 78000/150000 | Gen: 3.7772 (GenNCE: 4.0644, MSE: 0.0124, Sep: -0.2996) | Est: 3.9480 (NCE: 3.9295, GP: 0.0185) | Acc: 0.961 | GenLR: 4.07e-04 EstLR: 2.00e-05 | 17186.0s
  | Step 79000/150000 | Gen: 3.7797 (GenNCE: 4.0666, MSE: 0.0127, Sep: -0.2996) | Est: 3.9481 (NCE: 3.9299, GP: 0.0182) | Acc: 0.969 | GenLR: 3.76e-04 EstLR: 1.91e-05 | 17404.3s
  | Step 80000/150000 | Gen: 3.7758 (GenNCE: 4.0635, MSE: 0.0119, Sep: -0.2996) | Est: 3.9445 (NCE: 3.9262, GP: 0.0184) | Acc: 0.957 | GenLR: 3.46e-04 EstLR: 1.81e-05 | 17621.0s
  | Step 81000/150000 | Gen: 3.7742 (GenNCE: 4.0615, MSE: 0.0124, Sep: -0.2996) | Est: 3.9428 (NCE: 3.9241, GP: 0.0188) | Acc: 0.947 | GenLR: 3.17e-04 EstLR: 1.72e-05 | 17840.3s
  | Step 82000/150000 | Gen: 3.7669 (GenNCE: 4.0553, MSE: 0.0112, Sep: -0.2996) | Est: 3.9414 (NCE: 3.9230, GP: 0.0185) | Acc: 0.963 | GenLR: 2.88e-04 EstLR: 1.64e-05 | 18058.2s
  | Step 83000/150000 | Gen: 3.7714 (GenNCE: 4.0591, MSE: 0.0119, Sep: -0.2996) | Est: 3.9403 (NCE: 3.9221, GP: 0.0182) | Acc: 0.963 | GenLR: 2.60e-04 EstLR: 1.56e-05 | 18276.3s
  | Step 84000/150000 | Gen: 3.7595 (GenNCE: 4.0483, MSE: 0.0108, Sep: -0.2996) | Est: 3.9368 (NCE: 3.9186, GP: 0.0183) | Acc: 0.969 | GenLR: 2.33e-04 EstLR: 1.48e-05 | 18494.3s
  | Step 85000/150000 | Gen: 3.7558 (GenNCE: 4.0455, MSE: 0.0099, Sep: -0.2996) | Est: 3.9404 (NCE: 3.9219, GP: 0.0185) | Acc: 0.969 | GenLR: 2.07e-04 EstLR: 1.41e-05 | 18712.8s
  | Step 86000/150000 | Gen: 3.7552 (GenNCE: 4.0444, MSE: 0.0103, Sep: -0.2996) | Est: 3.9394 (NCE: 3.9213, GP: 0.0182) | Acc: 0.965 | GenLR: 1.82e-04 EstLR: 1.34e-05 | 18930.9s
  | Step 87000/150000 | Gen: 3.7512 (GenNCE: 4.0414, MSE: 0.0094, Sep: -0.2996) | Est: 3.9436 (NCE: 3.9258, GP: 0.0178) | Acc: 0.959 | GenLR: 1.59e-04 EstLR: 1.28e-05 | 19149.4s
  | Step 88000/150000 | Gen: 3.7596 (GenNCE: 4.0483, MSE: 0.0109, Sep: -0.2996) | Est: 3.9416 (NCE: 3.9235, GP: 0.0181) | Acc: 0.963 | GenLR: 1.36e-04 EstLR: 1.21e-05 | 19366.7s
  | Step 89000/150000 | Gen: 3.7503 (GenNCE: 4.0402, MSE: 0.0097, Sep: -0.2996) | Est: 3.9398 (NCE: 3.9214, GP: 0.0184) | Acc: 0.967 | GenLR: 1.16e-04 EstLR: 1.15e-05 | 19586.0s
  | Step 90000/150000 | Gen: 3.7557 (GenNCE: 4.0447, MSE: 0.0105, Sep: -0.2996) | Est: 3.9391 (NCE: 3.9206, GP: 0.0185) | Acc: 0.967 | GenLR: 9.64e-05 EstLR: 1.10e-05 | 19804.3s
  | Step 91000/150000 | Gen: 3.7493 (GenNCE: 4.0390, MSE: 0.0098, Sep: -0.2996) | Est: 3.9354 (NCE: 3.9169, GP: 0.0185) | Acc: 0.965 | GenLR: 7.88e-05 EstLR: 1.04e-05 | 20022.6s
  | Step 92000/150000 | Gen: 3.7497 (GenNCE: 4.0398, MSE: 0.0094, Sep: -0.2996) | Est: 3.9439 (NCE: 3.9255, GP: 0.0184) | Acc: 0.955 | GenLR: 6.28e-05 EstLR: 9.94e-06 | 20241.7s
  | Step 93000/150000 | Gen: 3.7442 (GenNCE: 4.0341, MSE: 0.0097, Sep: -0.2996) | Est: 3.9421 (NCE: 3.9242, GP: 0.0180) | Acc: 0.947 | GenLR: 4.85e-05 EstLR: 9.45e-06 | 20461.0s
  | Step 94000/150000 | Gen: 3.7562 (GenNCE: 4.0461, MSE: 0.0096, Sep: -0.2996) | Est: 3.9499 (NCE: 3.9320, GP: 0.0179) | Acc: 0.963 | GenLR: 3.61e-05 EstLR: 8.99e-06 | 20679.3s
  | Step 95000/150000 | Gen: 3.7451 (GenNCE: 4.0355, MSE: 0.0091, Sep: -0.2996) | Est: 3.9392 (NCE: 3.9211, GP: 0.0180) | Acc: 0.963 | GenLR: 2.54e-05 EstLR: 8.55e-06 | 20897.8s
  | Step 96000/150000 | Gen: 3.7505 (GenNCE: 4.0408, MSE: 0.0092, Sep: -0.2996) | Est: 3.9440 (NCE: 3.9257, GP: 0.0183) | Acc: 0.967 | GenLR: 1.67e-05 EstLR: 8.13e-06 | 21115.8s
  | Step 97000/150000 | Gen: 3.7542 (GenNCE: 4.0437, MSE: 0.0101, Sep: -0.2996) | Est: 3.9432 (NCE: 3.9245, GP: 0.0187) | Acc: 0.965 | GenLR: 9.85e-06 EstLR: 7.73e-06 | 21334.3s
  | Step 98000/150000 | Gen: 3.7534 (GenNCE: 4.0437, MSE: 0.0094, Sep: -0.2996) | Est: 3.9454 (NCE: 3.9272, GP: 0.0182) | Acc: 0.955 | GenLR: 4.94e-06 EstLR: 7.36e-06 | 21553.4s
  | Step 99000/150000 | Gen: 3.7509 (GenNCE: 4.0404, MSE: 0.0100, Sep: -0.2996) | Est: 3.9383 (NCE: 3.9199, GP: 0.0183) | Acc: 0.965 | GenLR: 1.99e-06 EstLR: 7.00e-06 | 21773.0s
  | Step 100000/150000 | Gen: 3.7535 (GenNCE: 4.0437, MSE: 0.0094, Sep: -0.2996) | Est: 3.9450 (NCE: 3.9271, GP: 0.0180) | Acc: 0.967 | GenLR: 1.00e-03 EstLR: 6.65e-06 | 21991.7s
  | Step 101000/150000 | Gen: 3.8077 (GenNCE: 4.0901, MSE: 0.0171, Sep: -0.2996) | Est: 3.9359 (NCE: 3.9177, GP: 0.0181) | Acc: 0.953 | GenLR: 9.99e-04 EstLR: 6.33e-06 | 22210.4s
  | Step 102000/150000 | Gen: 3.8091 (GenNCE: 4.0923, MSE: 0.0163, Sep: -0.2996) | Est: 3.9410 (NCE: 3.9228, GP: 0.0182) | Acc: 0.955 | GenLR: 9.96e-04 EstLR: 6.02e-06 | 22429.4s
  | Step 103000/150000 | Gen: 3.8236 (GenNCE: 4.1050, MSE: 0.0182, Sep: -0.2996) | Est: 3.9410 (NCE: 3.9227, GP: 0.0184) | Acc: 0.953 | GenLR: 9.91e-04 EstLR: 5.72e-06 | 22648.0s
  | Step 104000/150000 | Gen: 3.8406 (GenNCE: 4.1201, MSE: 0.0201, Sep: -0.2996) | Est: 3.9468 (NCE: 3.9283, GP: 0.0185) | Acc: 0.957 | GenLR: 9.84e-04 EstLR: 5.45e-06 | 22867.8s
  | Step 105000/150000 | Gen: 3.8045 (GenNCE: 4.0901, MSE: 0.0140, Sep: -0.2996) | Est: 3.9502 (NCE: 3.9315, GP: 0.0187) | Acc: 0.961 | GenLR: 9.76e-04 EstLR: 5.18e-06 | 23087.7s
  | Step 106000/150000 | Gen: 3.7868 (GenNCE: 4.0735, MSE: 0.0128, Sep: -0.2996) | Est: 3.9396 (NCE: 3.9215, GP: 0.0181) | Acc: 0.965 | GenLR: 9.65e-04 EstLR: 4.93e-06 | 23307.4s
  | Step 107000/150000 | Gen: 3.8135 (GenNCE: 4.0974, MSE: 0.0157, Sep: -0.2996) | Est: 3.9401 (NCE: 3.9224, GP: 0.0178) | Acc: 0.955 | GenLR: 9.52e-04 EstLR: 4.68e-06 | 23526.4s
  | Step 108000/150000 | Gen: 3.8075 (GenNCE: 4.0906, MSE: 0.0164, Sep: -0.2996) | Est: 3.9374 (NCE: 3.9195, GP: 0.0178) | Acc: 0.959 | GenLR: 9.38e-04 EstLR: 4.46e-06 | 23743.9s
  | Step 109000/150000 | Gen: 3.8012 (GenNCE: 4.0861, MSE: 0.0147, Sep: -0.2996) | Est: 3.9405 (NCE: 3.9223, GP: 0.0181) | Acc: 0.961 | GenLR: 9.22e-04 EstLR: 4.24e-06 | 23961.8s
  | Step 110000/150000 | Gen: 3.8037 (GenNCE: 4.0881, MSE: 0.0152, Sep: -0.2996) | Est: 3.9414 (NCE: 3.9230, GP: 0.0184) | Acc: 0.961 | GenLR: 9.05e-04 EstLR: 4.03e-06 | 24180.1s
  | Step 111000/150000 | Gen: 3.7787 (GenNCE: 4.0664, MSE: 0.0119, Sep: -0.2996) | Est: 3.9393 (NCE: 3.9208, GP: 0.0184) | Acc: 0.965 | GenLR: 8.85e-04 EstLR: 3.83e-06 | 24400.0s
  | Step 112000/150000 | Gen: 3.7825 (GenNCE: 4.0690, MSE: 0.0130, Sep: -0.2996) | Est: 3.9375 (NCE: 3.9196, GP: 0.0179) | Acc: 0.963 | GenLR: 8.65e-04 EstLR: 3.65e-06 | 24619.9s
  | Step 113000/150000 | Gen: 3.7712 (GenNCE: 4.0590, MSE: 0.0118, Sep: -0.2996) | Est: 3.9333 (NCE: 3.9153, GP: 0.0180) | Acc: 0.957 | GenLR: 8.42e-04 EstLR: 3.47e-06 | 24838.2s
  | Step 114000/150000 | Gen: 3.7848 (GenNCE: 4.0720, MSE: 0.0124, Sep: -0.2996) | Est: 3.9401 (NCE: 3.9218, GP: 0.0183) | Acc: 0.961 | GenLR: 8.19e-04 EstLR: 3.30e-06 | 25055.1s
  | Step 115000/150000 | Gen: 3.7831 (GenNCE: 4.0704, MSE: 0.0123, Sep: -0.2996) | Est: 3.9397 (NCE: 3.9214, GP: 0.0183) | Acc: 0.975 | GenLR: 7.94e-04 EstLR: 3.14e-06 | 25271.6s
  | Step 116000/150000 | Gen: 3.7773 (GenNCE: 4.0659, MSE: 0.0110, Sep: -0.2996) | Est: 3.9441 (NCE: 3.9260, GP: 0.0182) | Acc: 0.969 | GenLR: 7.68e-04 EstLR: 2.98e-06 | 25490.3s
  | Step 117000/150000 | Gen: 3.7735 (GenNCE: 4.0621, MSE: 0.0110, Sep: -0.2996) | Est: 3.9413 (NCE: 3.9235, GP: 0.0178) | Acc: 0.965 | GenLR: 7.41e-04 EstLR: 2.84e-06 | 25709.2s
  | Step 118000/150000 | Gen: 3.7706 (GenNCE: 4.0592, MSE: 0.0109, Sep: -0.2996) | Est: 3.9406 (NCE: 3.9224, GP: 0.0182) | Acc: 0.955 | GenLR: 7.13e-04 EstLR: 2.70e-06 | 25929.1s
  | Step 119000/150000 | Gen: 3.7741 (GenNCE: 4.0626, MSE: 0.0111, Sep: -0.2996) | Est: 3.9417 (NCE: 3.9232, GP: 0.0185) | Acc: 0.961 | GenLR: 6.84e-04 EstLR: 2.57e-06 | 26146.4s
  | Step 120000/150000 | Gen: 3.7551 (GenNCE: 4.0451, MSE: 0.0095, Sep: -0.2996) | Est: 3.9357 (NCE: 3.9172, GP: 0.0185) | Acc: 0.965 | GenLR: 6.55e-04 EstLR: 2.44e-06 | 26366.6s
  | Step 121000/150000 | Gen: 3.7576 (GenNCE: 4.0477, MSE: 0.0095, Sep: -0.2996) | Est: 3.9389 (NCE: 3.9209, GP: 0.0180) | Acc: 0.943 | GenLR: 6.25e-04 EstLR: 2.32e-06 | 26586.5s
  | Step 122000/150000 | Gen: 3.7414 (GenNCE: 4.0325, MSE: 0.0084, Sep: -0.2996) | Est: 3.9400 (NCE: 3.9218, GP: 0.0183) | Acc: 0.957 | GenLR: 5.94e-04 EstLR: 2.21e-06 | 26805.9s
  | Step 123000/150000 | Gen: 3.7470 (GenNCE: 4.0392, MSE: 0.0073, Sep: -0.2996) | Est: 3.9486 (NCE: 3.9307, GP: 0.0178) | Acc: 0.971 | GenLR: 5.63e-04 EstLR: 2.10e-06 | 27024.3s
  | Step 124000/150000 | Gen: 3.7463 (GenNCE: 4.0378, MSE: 0.0081, Sep: -0.2996) | Est: 3.9403 (NCE: 3.9223, GP: 0.0180) | Acc: 0.947 | GenLR: 5.32e-04 EstLR: 2.00e-06 | 27240.7s
  | Step 125000/150000 | Gen: 3.7579 (GenNCE: 4.0479, MSE: 0.0096, Sep: -0.2996) | Est: 3.9448 (NCE: 3.9265, GP: 0.0183) | Acc: 0.957 | GenLR: 5.01e-04 EstLR: 1.90e-06 | 27457.3s
  | Step 126000/150000 | Gen: 3.7362 (GenNCE: 4.0289, MSE: 0.0069, Sep: -0.2996) | Est: 3.9374 (NCE: 3.9192, GP: 0.0182) | Acc: 0.969 | GenLR: 4.69e-04 EstLR: 1.81e-06 | 27673.7s
  | Step 127000/150000 | Gen: 3.7365 (GenNCE: 4.0287, MSE: 0.0074, Sep: -0.2996) | Est: 3.9423 (NCE: 3.9237, GP: 0.0185) | Acc: 0.951 | GenLR: 4.38e-04 EstLR: 1.72e-06 | 27890.2s
  | Step 128000/150000 | Gen: 3.7278 (GenNCE: 4.0209, MSE: 0.0065, Sep: -0.2996) | Est: 3.9407 (NCE: 3.9223, GP: 0.0183) | Acc: 0.967 | GenLR: 4.07e-04 EstLR: 1.64e-06 | 28106.7s
  | Step 129000/150000 | Gen: 3.7381 (GenNCE: 4.0312, MSE: 0.0065, Sep: -0.2996) | Est: 3.9461 (NCE: 3.9281, GP: 0.0180) | Acc: 0.969 | GenLR: 3.76e-04 EstLR: 1.56e-06 | 28323.3s
  | Step 130000/150000 | Gen: 3.7347 (GenNCE: 4.0279, MSE: 0.0064, Sep: -0.2996) | Est: 3.9446 (NCE: 3.9268, GP: 0.0178) | Acc: 0.959 | GenLR: 3.46e-04 EstLR: 1.48e-06 | 28543.1s
  | Step 131000/150000 | Gen: 3.7268 (GenNCE: 4.0208, MSE: 0.0056, Sep: -0.2996) | Est: 3.9436 (NCE: 3.9251, GP: 0.0185) | Acc: 0.965 | GenLR: 3.17e-04 EstLR: 1.41e-06 | 28763.3s
  | Step 132000/150000 | Gen: 3.7242 (GenNCE: 4.0181, MSE: 0.0057, Sep: -0.2996) | Est: 3.9452 (NCE: 3.9275, GP: 0.0178) | Acc: 0.959 | GenLR: 2.88e-04 EstLR: 1.34e-06 | 28981.8s
  | Step 133000/150000 | Gen: 3.7176 (GenNCE: 4.0114, MSE: 0.0059, Sep: -0.2996) | Est: 3.9408 (NCE: 3.9227, GP: 0.0181) | Acc: 0.957 | GenLR: 2.60e-04 EstLR: 1.27e-06 | 29199.4s
  | Step 134000/150000 | Gen: 3.7226 (GenNCE: 4.0169, MSE: 0.0052, Sep: -0.2996) | Est: 3.9440 (NCE: 3.9260, GP: 0.0180) | Acc: 0.963 | GenLR: 2.33e-04 EstLR: 1.21e-06 | 29415.9s
  | Step 135000/150000 | Gen: 3.7198 (GenNCE: 4.0138, MSE: 0.0056, Sep: -0.2996) | Est: 3.9391 (NCE: 3.9210, GP: 0.0181) | Acc: 0.965 | GenLR: 2.07e-04 EstLR: 1.15e-06 | 29633.5s
  | Step 136000/150000 | Gen: 3.7263 (GenNCE: 4.0197, MSE: 0.0061, Sep: -0.2996) | Est: 3.9449 (NCE: 3.9267, GP: 0.0182) | Acc: 0.955 | GenLR: 1.82e-04 EstLR: 1.09e-06 | 29853.3s
  | Step 137000/150000 | Gen: 3.7263 (GenNCE: 4.0204, MSE: 0.0055, Sep: -0.2996) | Est: 3.9501 (NCE: 3.9318, GP: 0.0183) | Acc: 0.967 | GenLR: 1.59e-04 EstLR: 1.04e-06 | 30073.5s
  | Step 138000/150000 | Gen: 3.7151 (GenNCE: 4.0095, MSE: 0.0052, Sep: -0.2996) | Est: 3.9425 (NCE: 3.9241, GP: 0.0184) | Acc: 0.961 | GenLR: 1.36e-04 EstLR: 9.90e-07 | 30293.4s
  | Step 139000/150000 | Gen: 3.7059 (GenNCE: 4.0004, MSE: 0.0051, Sep: -0.2996) | Est: 3.9379 (NCE: 3.9199, GP: 0.0181) | Acc: 0.955 | GenLR: 1.16e-04 EstLR: 9.42e-07 | 30511.6s
  | Step 140000/150000 | Gen: 3.7097 (GenNCE: 4.0042, MSE: 0.0051, Sep: -0.2996) | Est: 3.9356 (NCE: 3.9173, GP: 0.0183) | Acc: 0.967 | GenLR: 9.64e-05 EstLR: 8.96e-07 | 30730.5s
  | Step 141000/150000 | Gen: 3.7090 (GenNCE: 4.0036, MSE: 0.0050, Sep: -0.2996) | Est: 3.9368 (NCE: 3.9184, GP: 0.0184) | Acc: 0.969 | GenLR: 7.88e-05 EstLR: 8.52e-07 | 30948.2s
  | Step 142000/150000 | Gen: 3.7052 (GenNCE: 3.9996, MSE: 0.0052, Sep: -0.2996) | Est: 3.9406 (NCE: 3.9227, GP: 0.0179) | Acc: 0.963 | GenLR: 6.28e-05 EstLR: 8.11e-07 | 31166.4s
  | Step 143000/150000 | Gen: 3.7105 (GenNCE: 4.0053, MSE: 0.0048, Sep: -0.2996) | Est: 3.9425 (NCE: 3.9240, GP: 0.0184) | Acc: 0.961 | GenLR: 4.85e-05 EstLR: 7.71e-07 | 31385.9s
  | Step 144000/150000 | Gen: 3.7078 (GenNCE: 4.0024, MSE: 0.0049, Sep: -0.2996) | Est: 3.9402 (NCE: 3.9218, GP: 0.0184) | Acc: 0.963 | GenLR: 3.61e-05 EstLR: 7.33e-07 | 31604.3s
  | Step 145000/150000 | Gen: 3.7115 (GenNCE: 4.0063, MSE: 0.0048, Sep: -0.2996) | Est: 3.9428 (NCE: 3.9245, GP: 0.0183) | Acc: 0.957 | GenLR: 2.54e-05 EstLR: 6.97e-07 | 31822.9s
  | Step 146000/150000 | Gen: 3.7119 (GenNCE: 4.0069, MSE: 0.0046, Sep: -0.2996) | Est: 3.9489 (NCE: 3.9299, GP: 0.0190) | Acc: 0.969 | GenLR: 1.67e-05 EstLR: 6.63e-07 | 32041.6s
  | Step 147000/150000 | Gen: 3.7128 (GenNCE: 4.0073, MSE: 0.0051, Sep: -0.2996) | Est: 3.9390 (NCE: 3.9208, GP: 0.0182) | Acc: 0.955 | GenLR: 9.85e-06 EstLR: 6.31e-07 | 32262.0s
  | Step 148000/150000 | Gen: 3.7129 (GenNCE: 4.0076, MSE: 0.0049, Sep: -0.2996) | Est: 3.9423 (NCE: 3.9245, GP: 0.0178) | Acc: 0.953 | GenLR: 4.94e-06 EstLR: 6.00e-07 | 32482.6s
  | Step 149000/150000 | Gen: 3.7111 (GenNCE: 4.0059, MSE: 0.0048, Sep: -0.2996) | Est: 3.9418 (NCE: 3.9242, GP: 0.0176) | Acc: 0.959 | GenLR: 1.99e-06 EstLR: 5.71e-07 | 32702.4s
  | Step 150000/150000 | Gen: 3.7147 (GenNCE: 4.0093, MSE: 0.0050, Sep: -0.2996) | Est: 3.9440 (NCE: 3.9261, GP: 0.0179) | Acc: 0.963 | GenLR: 1.00e-03 EstLR: 5.43e-07 | 32922.0s
  | 
  | Training completed in 32922.1s (548.70 min)
  | Models saved to /home1/halbertb/Q3CIBC/checkpoints/hpsearch/trial_001/

  Training completed in 32946s
  Evaluating...

  Result: success_rate=54.00%, avg_reward=0.540
