==========================================
SLURM_JOB_ID = 8161711
SLURM_JOB_NODELIST = d13-07
TMPDIR = /tmp/SLURM_8161711
==========================================
Detected tunable params in combinedv2_cpascounter_training.py:
  - control_points  (search space: [20, 30, 50, 75, 100])
  - learning_rate  (search space: [0.0001, 0.0003, 0.0005, 0.001, 0.002, 0.005])
  - batch_size  (search space: [128, 256, 512])
  - counter_examples  (search space: [8, 16, 32, 64])
  - top_k_control_points  (search space: [10, 20, 50, 70])
  - separation_weight  (search space: [0.01, 0.05, 0.1, 0.2])
  - mse_weight  (search space: [1.0, 3.0, 5.0, 10.0])
  - info_nce_weight  (search space: [0.5, 1.0, 2.0])
  - generator_infonce_weight  (search space: [0.01, 0.05, 0.1, 0.2])
  - training_steps  (search space: [50000, 100000, 200000])
  - separation_loss  (search space: ['separation', 'entropy'])
  - entropy_bandwidth  (search space: [0.05, 0.1, 0.2])
  - num_hidden_layers  (search space: [2, 4, 8])
  - num_neurons  (search space: [128, 256, 512])
  - estimator_learning_rate  (search space: [0.0001, 0.0003, 0.0005, 0.001])
  - scheduler_type  (search space: ['cosine', 'cosine_warm_restarts'])
  - cosine_t0  (search space: [25000, 50000, 100000])
  - infonce_logit_clamp  (search space: [10.0, 20.0, 30.0, 50.0])
  - use_spectral_norm  (search space: [True, False])
  - cosine_t_max  (search space: [100000, 150000, 200000])

Baseline (current config):
  control_points = 30
  learning_rate = 0.0005
  batch_size = 256
  counter_examples = 0
  top_k_control_points = 30
  separation_weight = 0.01
  mse_weight = 30.0
  info_nce_weight = 1.0
  generator_infonce_weight = 0.05
  training_steps = 150000
  separation_loss = entropy
  entropy_bandwidth = 0.1
  num_hidden_layers = 2
  num_neurons = 256
  scheduler_type = cosine
  infonce_logit_clamp = 20.0


================================================================================
TRIAL 54 — combinedv2_cpascounter_training.py
================================================================================
Parameters:
{
  "control_points": 30,
  "learning_rate": 0.001,
  "batch_size": 512,
  "counter_examples": 0,
  "top_k_control_points": 30,
  "separation_weight": 0.1,
  "mse_weight": 25.0,
  "info_nce_weight": 1.0,
  "generator_infonce_weight": 0.05,
  "training_steps": 200000,
  "separation_loss": "entropy",
  "entropy_bandwidth": 0.08,
  "num_hidden_layers": 2,
  "num_neurons": 256,
  "scheduler_type": "cosine",
  "infonce_logit_clamp": 20.0
}

  Training (200000 steps)...
  | Using device: cuda
  | Active environment: particle
  | Training steps: 200000
  | Batch size: 512
  | Learning rate (generator): 0.001
  | Learning rate (estimator): 0.001
  | Scheduler: cosine
  | InfoNCE logit clamp: 20.0
  | Spectral norm (estimator): False
  | Top-k control points as counter examples: 30
  | Langevin counter examples (from counter_examples): 0
  | Frame stack: 2
  | Loading particle dataset...
  | 2026-04-18 14:27:08.975095: I tensorflow/core/platform/cpu_feature_guard.cc:210] This TensorFlow binary is optimized to use available CPU instructions in performance-critical operations.
  | To enable the following instructions: AVX2 AVX512F FMA, in other operations, rebuild TensorFlow with the appropriate compiler flags.
  | WARNING: All log messages before absl::InitializeLog() is called are written to STDERR
  | I0000 00:00:1776547638.249382 3656538 gpu_device.cc:2020] Created device /job:localhost/replica:0/task:0/device:GPU:0 with 31134 MB memory:  -> device: 0, name: Tesla V100-PCIE-32GB, pci bus id: 0000:d8:00.0, compute capability: 7.0
  | 2026-04-18 14:27:18.581277: I tensorflow/core/kernels/data/tf_record_dataset_op.cc:390] TFRecordDataset `buffer_size` is unspecified, default to 262144
  | 2026-04-18 14:27:19.656926: I tensorflow/core/framework/local_rendezvous.cc:407] Local rendezvous is aborting with status: OUT_OF_RANGE: End of sequence
  | 2026-04-18 14:27:20.940921: I tensorflow/core/framework/local_rendezvous.cc:407] Local rendezvous is aborting with status: OUT_OF_RANGE: End of sequence
  | 2026-04-18 14:27:23.143599: I tensorflow/core/framework/local_rendezvous.cc:407] Local rendezvous is aborting with status: OUT_OF_RANGE: End of sequence
  | 2026-04-18 14:27:28.039958: I tensorflow/core/framework/local_rendezvous.cc:407] Local rendezvous is aborting with status: OUT_OF_RANGE: End of sequence
  | Dataset size: 102000
  | Particle dataset episodes: 2000 | Avg samples/episode: 51.00
  | Step 1000/200000 | Total: 1.1735 (MSE: 0.2111, Sep: -0.3310, EST: 1.3614, GEN_INF_ONCE(-): 1.3614, Acc: 0.732) | LR: 1.00e-03 | 13.8s
  | Step 2000/200000 | Total: 0.4977 (MSE: 0.2132, Sep: -0.3319, EST: 0.6488, GEN_INF_ONCE(-): 0.6488, Acc: 0.938) | LR: 1.00e-03 | 25.1s
  | Step 3000/200000 | Total: 0.1963 (MSE: 0.1631, Sep: -0.3327, EST: 0.3852, GEN_INF_ONCE(-): 0.3852, Acc: 0.964) | LR: 9.99e-04 | 36.7s
  | Step 4000/200000 | Total: 0.2368 (MSE: 0.1878, Sep: -0.3346, EST: 0.4038, GEN_INF_ONCE(-): 0.4038, Acc: 0.938) | LR: 9.99e-04 | 48.0s
  | Step 5000/200000 | Total: -0.0018 (MSE: 0.1501, Sep: -0.3350, EST: 0.1927, GEN_INF_ONCE(-): 0.1927, Acc: 0.973) | LR: 9.98e-04 | 60.7s
  | Step 6000/200000 | Total: -0.0587 (MSE: 0.1391, Sep: -0.3345, EST: 0.1439, GEN_INF_ONCE(-): 0.1439, Acc: 0.973) | LR: 9.98e-04 | 72.9s
  | Step 7000/200000 | Total: -0.0662 (MSE: 0.1351, Sep: -0.3346, EST: 0.1404, GEN_INF_ONCE(-): 0.1404, Acc: 0.973) | LR: 9.97e-04 | 84.6s
  | Step 8000/200000 | Total: -0.1063 (MSE: 0.1266, Sep: -0.3341, EST: 0.1066, GEN_INF_ONCE(-): 0.1066, Acc: 0.964) | LR: 9.96e-04 | 95.9s
  | Step 9000/200000 | Total: -0.0880 (MSE: 0.1388, Sep: -0.3337, EST: 0.1126, GEN_INF_ONCE(-): 0.1126, Acc: 0.964) | LR: 9.95e-04 | 107.2s
  | Step 10000/200000 | Total: -0.1312 (MSE: 0.1384, Sep: -0.3335, EST: 0.0673, GEN_INF_ONCE(-): 0.0673, Acc: 0.991) | LR: 9.94e-04 | 118.6s
  | Step 11000/200000 | Total: 0.1184 (MSE: 0.1270, Sep: -0.3333, EST: 0.3419, GEN_INF_ONCE(-): 0.3419, Acc: 0.893) | LR: 9.93e-04 | 131.4s
  | Step 12000/200000 | Total: -0.1735 (MSE: 0.1107, Sep: -0.3332, EST: 0.0516, GEN_INF_ONCE(-): 0.0516, Acc: 0.991) | LR: 9.91e-04 | 142.8s
  | Step 13000/200000 | Total: -0.1260 (MSE: 0.1131, Sep: -0.3330, EST: 0.0988, GEN_INF_ONCE(-): 0.0988, Acc: 0.946) | LR: 9.90e-04 | 154.6s
  | Step 14000/200000 | Total: -0.1781 (MSE: 0.1151, Sep: -0.3333, EST: 0.0422, GEN_INF_ONCE(-): 0.0422, Acc: 0.982) | LR: 9.88e-04 | 167.5s
  | Step 15000/200000 | Total: -0.1064 (MSE: 0.1195, Sep: -0.3338, EST: 0.1135, GEN_INF_ONCE(-): 0.1135, Acc: 0.938) | LR: 9.86e-04 | 179.8s
  | Step 16000/200000 | Total: -0.1810 (MSE: 0.1095, Sep: -0.3336, EST: 0.0454, GEN_INF_ONCE(-): 0.0454, Acc: 0.991) | LR: 9.84e-04 | 191.1s
  | Step 17000/200000 | Total: -0.1585 (MSE: 0.1002, Sep: -0.3340, EST: 0.0792, GEN_INF_ONCE(-): 0.0792, Acc: 0.973) | LR: 9.82e-04 | 203.2s
  | Step 18000/200000 | Total: -0.1940 (MSE: 0.1052, Sep: -0.3343, EST: 0.0369, GEN_INF_ONCE(-): 0.0369, Acc: 0.991) | LR: 9.80e-04 | 214.6s
  | Step 19000/200000 | Total: -0.1721 (MSE: 0.1006, Sep: -0.3340, EST: 0.0645, GEN_INF_ONCE(-): 0.0645, Acc: 0.982) | LR: 9.78e-04 | 226.2s
  | Step 20000/200000 | Total: -0.1600 (MSE: 0.0904, Sep: -0.3344, EST: 0.0883, GEN_INF_ONCE(-): 0.0883, Acc: 0.973) | LR: 9.76e-04 | 237.6s
  | Step 21000/200000 | Total: -0.1734 (MSE: 0.0922, Sep: -0.3346, EST: 0.0726, GEN_INF_ONCE(-): 0.0726, Acc: 0.964) | LR: 9.73e-04 | 249.0s
  | Step 22000/200000 | Total: -0.1330 (MSE: 0.0928, Sep: -0.3350, EST: 0.1150, GEN_INF_ONCE(-): 0.1150, Acc: 0.973) | LR: 9.70e-04 | 260.4s
  | Step 23000/200000 | Total: -0.0703 (MSE: 0.0951, Sep: -0.3346, EST: 0.1780, GEN_INF_ONCE(-): 0.1780, Acc: 0.946) | LR: 9.68e-04 | 271.7s
  | Step 24000/200000 | Total: -0.1684 (MSE: 0.0957, Sep: -0.3344, EST: 0.0741, GEN_INF_ONCE(-): 0.0741, Acc: 0.991) | LR: 9.65e-04 | 283.1s
  | Step 25000/200000 | Total: -0.1489 (MSE: 0.1025, Sep: -0.3354, EST: 0.0885, GEN_INF_ONCE(-): 0.0885, Acc: 0.955) | LR: 9.62e-04 | 294.7s
  | Step 26000/200000 | Total: 0.0653 (MSE: 0.0950, Sep: -0.3351, EST: 0.3214, GEN_INF_ONCE(-): 0.3214, Acc: 0.848) | LR: 9.59e-04 | 306.1s
  | Step 27000/200000 | Total: -0.1121 (MSE: 0.0848, Sep: -0.3347, EST: 0.1451, GEN_INF_ONCE(-): 0.1451, Acc: 0.938) | LR: 9.56e-04 | 317.5s
  | Step 28000/200000 | Total: -0.1527 (MSE: 0.0840, Sep: -0.3352, EST: 0.1037, GEN_INF_ONCE(-): 0.1037, Acc: 0.973) | LR: 9.52e-04 | 328.9s
  | Step 29000/200000 | Total: -0.1877 (MSE: 0.0940, Sep: -0.3352, EST: 0.0563, GEN_INF_ONCE(-): 0.0563, Acc: 0.991) | LR: 9.49e-04 | 340.6s
  | Step 30000/200000 | Total: -0.1499 (MSE: 0.0953, Sep: -0.3355, EST: 0.0950, GEN_INF_ONCE(-): 0.0950, Acc: 0.964) | LR: 9.46e-04 | 351.9s
  | Step 31000/200000 | Total: -0.0777 (MSE: 0.0783, Sep: -0.3351, EST: 0.1885, GEN_INF_ONCE(-): 0.1885, Acc: 0.946) | LR: 9.42e-04 | 364.1s
  | Step 32000/200000 | Total: -0.0969 (MSE: 0.0731, Sep: -0.3353, EST: 0.1740, GEN_INF_ONCE(-): 0.1740, Acc: 0.911) | LR: 9.38e-04 | 375.4s
  | Step 33000/200000 | Total: -0.1953 (MSE: 0.0771, Sep: -0.3355, EST: 0.0665, GEN_INF_ONCE(-): 0.0665, Acc: 0.964) | LR: 9.34e-04 | 386.8s
  | Step 34000/200000 | Total: 0.0991 (MSE: 0.0948, Sep: -0.3353, EST: 0.3575, GEN_INF_ONCE(-): 0.3575, Acc: 0.893) | LR: 9.30e-04 | 398.2s
  | Step 35000/200000 | Total: 0.1714 (MSE: 0.1142, Sep: -0.3354, EST: 0.4132, GEN_INF_ONCE(-): 0.4132, Acc: 0.804) | LR: 9.26e-04 | 409.5s
  | Step 36000/200000 | Total: -0.0912 (MSE: 0.0851, Sep: -0.3355, EST: 0.1675, GEN_INF_ONCE(-): 0.1675, Acc: 0.938) | LR: 9.22e-04 | 421.6s
  | Step 37000/200000 | Total: -0.2202 (MSE: 0.0782, Sep: -0.3356, EST: 0.0391, GEN_INF_ONCE(-): 0.0391, Acc: 0.982) | LR: 9.18e-04 | 433.3s
  | Step 38000/200000 | Total: -0.1259 (MSE: 0.0702, Sep: -0.3355, EST: 0.1468, GEN_INF_ONCE(-): 0.1468, Acc: 0.938) | LR: 9.14e-04 | 444.7s
  | Step 39000/200000 | Total: 0.0022 (MSE: 0.0819, Sep: -0.3361, EST: 0.2699, GEN_INF_ONCE(-): 0.2699, Acc: 0.884) | LR: 9.09e-04 | 456.3s
  | Step 40000/200000 | Total: -0.1565 (MSE: 0.0754, Sep: -0.3355, EST: 0.1091, GEN_INF_ONCE(-): 0.1091, Acc: 0.946) | LR: 9.05e-04 | 469.7s
  | Step 41000/200000 | Total: -0.0861 (MSE: 0.0825, Sep: -0.3355, EST: 0.1757, GEN_INF_ONCE(-): 0.1757, Acc: 0.929) | LR: 9.00e-04 | 481.1s
  | Step 42000/200000 | Total: -0.1422 (MSE: 0.0722, Sep: -0.3358, EST: 0.1278, GEN_INF_ONCE(-): 0.1278, Acc: 0.929) | LR: 8.95e-04 | 492.4s
  | Step 43000/200000 | Total: 0.1186 (MSE: 0.0945, Sep: -0.3358, EST: 0.3789, GEN_INF_ONCE(-): 0.3789, Acc: 0.848) | LR: 8.90e-04 | 504.0s
  | Step 44000/200000 | Total: -0.0593 (MSE: 0.0636, Sep: -0.3357, EST: 0.2240, GEN_INF_ONCE(-): 0.2240, Acc: 0.893) | LR: 8.85e-04 | 515.4s
  | Step 45000/200000 | Total: -0.2095 (MSE: 0.0682, Sep: -0.3359, EST: 0.0613, GEN_INF_ONCE(-): 0.0613, Acc: 0.982) | LR: 8.80e-04 | 527.3s
  | Step 46000/200000 | Total: -0.1818 (MSE: 0.0762, Sep: -0.3359, EST: 0.0820, GEN_INF_ONCE(-): 0.0820, Acc: 0.982) | LR: 8.75e-04 | 538.8s
  | Step 47000/200000 | Total: -0.1639 (MSE: 0.0737, Sep: -0.3361, EST: 0.1037, GEN_INF_ONCE(-): 0.1037, Acc: 0.964) | LR: 8.70e-04 | 550.7s
  | Step 48000/200000 | Total: -0.1684 (MSE: 0.0889, Sep: -0.3362, EST: 0.0831, GEN_INF_ONCE(-): 0.0831, Acc: 0.955) | LR: 8.65e-04 | 562.0s
  | Step 49000/200000 | Total: -0.1425 (MSE: 0.0618, Sep: -0.3360, EST: 0.1386, GEN_INF_ONCE(-): 0.1386, Acc: 0.920) | LR: 8.59e-04 | 574.0s
  | Step 50000/200000 | Total: -0.1593 (MSE: 0.0665, Sep: -0.3362, EST: 0.1162, GEN_INF_ONCE(-): 0.1162, Acc: 0.964) | LR: 8.54e-04 | 585.8s
  | Step 51000/200000 | Total: -0.0629 (MSE: 0.0656, Sep: -0.3359, EST: 0.2184, GEN_INF_ONCE(-): 0.2184, Acc: 0.902) | LR: 8.48e-04 | 597.4s
  | Step 52000/200000 | Total: -0.2475 (MSE: 0.0701, Sep: -0.3362, EST: 0.0196, GEN_INF_ONCE(-): 0.0196, Acc: 1.000) | LR: 8.42e-04 | 608.8s
  | Step 53000/200000 | Total: 0.1075 (MSE: 0.0740, Sep: -0.3363, EST: 0.3893, GEN_INF_ONCE(-): 0.3893, Acc: 0.821) | LR: 8.37e-04 | 620.1s
  | Step 54000/200000 | Total: -0.2192 (MSE: 0.0619, Sep: -0.3359, EST: 0.0577, GEN_INF_ONCE(-): 0.0577, Acc: 0.991) | LR: 8.31e-04 | 631.5s
  | Step 55000/200000 | Total: 0.0990 (MSE: 0.0847, Sep: -0.3361, EST: 0.3688, GEN_INF_ONCE(-): 0.3688, Acc: 0.848) | LR: 8.25e-04 | 643.1s
  | Step 56000/200000 | Total: -0.1004 (MSE: 0.0530, Sep: -0.3360, EST: 0.1922, GEN_INF_ONCE(-): 0.1922, Acc: 0.911) | LR: 8.19e-04 | 654.6s
  | Step 57000/200000 | Total: -0.1778 (MSE: 0.0667, Sep: -0.3360, EST: 0.0964, GEN_INF_ONCE(-): 0.0964, Acc: 0.946) | LR: 8.13e-04 | 666.0s
  | Step 58000/200000 | Total: -0.1371 (MSE: 0.0643, Sep: -0.3362, EST: 0.1419, GEN_INF_ONCE(-): 0.1419, Acc: 0.929) | LR: 8.07e-04 | 677.4s
  | Step 59000/200000 | Total: -0.2034 (MSE: 0.0647, Sep: -0.3364, EST: 0.0719, GEN_INF_ONCE(-): 0.0719, Acc: 0.982) | LR: 8.00e-04 | 688.8s
  | Step 60000/200000 | Total: -0.1378 (MSE: 0.0769, Sep: -0.3365, EST: 0.1283, GEN_INF_ONCE(-): 0.1283, Acc: 0.955) | LR: 7.94e-04 | 700.2s
  | Step 61000/200000 | Total: 0.0045 (MSE: 0.0612, Sep: -0.3365, EST: 0.2945, GEN_INF_ONCE(-): 0.2945, Acc: 0.902) | LR: 7.88e-04 | 711.9s
  | Step 62000/200000 | Total: -0.1496 (MSE: 0.0616, Sep: -0.3360, EST: 0.1313, GEN_INF_ONCE(-): 0.1313, Acc: 0.955) | LR: 7.81e-04 | 724.2s
  | Step 63000/200000 | Total: -0.1658 (MSE: 0.0865, Sep: -0.3363, EST: 0.0885, GEN_INF_ONCE(-): 0.0885, Acc: 0.982) | LR: 7.75e-04 | 735.6s
  | Step 64000/200000 | Total: -0.1758 (MSE: 0.0601, Sep: -0.3363, EST: 0.1056, GEN_INF_ONCE(-): 0.1056, Acc: 0.964) | LR: 7.68e-04 | 747.3s
  | Step 65000/200000 | Total: -0.1128 (MSE: 0.0542, Sep: -0.3363, EST: 0.1781, GEN_INF_ONCE(-): 0.1781, Acc: 0.929) | LR: 7.61e-04 | 758.7s
  | Step 66000/200000 | Total: -0.0573 (MSE: 0.0765, Sep: -0.3365, EST: 0.2133, GEN_INF_ONCE(-): 0.2133, Acc: 0.893) | LR: 7.55e-04 | 770.4s
  | Step 67000/200000 | Total: -0.1227 (MSE: 0.0634, Sep: -0.3363, EST: 0.1582, GEN_INF_ONCE(-): 0.1582, Acc: 0.920) | LR: 7.48e-04 | 782.8s
  | Step 68000/200000 | Total: -0.0616 (MSE: 0.0654, Sep: -0.3363, EST: 0.2204, GEN_INF_ONCE(-): 0.2204, Acc: 0.902) | LR: 7.41e-04 | 794.2s
  | Step 69000/200000 | Total: -0.2090 (MSE: 0.0585, Sep: -0.3364, EST: 0.0725, GEN_INF_ONCE(-): 0.0725, Acc: 0.982) | LR: 7.34e-04 | 805.6s
  | Step 70000/200000 | Total: -0.1765 (MSE: 0.0537, Sep: -0.3364, EST: 0.1118, GEN_INF_ONCE(-): 0.1118, Acc: 0.973) | LR: 7.27e-04 | 817.0s
  | Step 71000/200000 | Total: -0.2451 (MSE: 0.0562, Sep: -0.3365, EST: 0.0370, GEN_INF_ONCE(-): 0.0370, Acc: 1.000) | LR: 7.20e-04 | 828.4s
  | Step 72000/200000 | Total: -0.1337 (MSE: 0.0576, Sep: -0.3365, EST: 0.1529, GEN_INF_ONCE(-): 0.1529, Acc: 0.929) | LR: 7.13e-04 | 841.3s
  | Step 73000/200000 | Total: 0.0439 (MSE: 0.0711, Sep: -0.3365, EST: 0.3255, GEN_INF_ONCE(-): 0.3255, Acc: 0.848) | LR: 7.06e-04 | 853.0s
  | Step 74000/200000 | Total: -0.2221 (MSE: 0.0544, Sep: -0.3365, EST: 0.0631, GEN_INF_ONCE(-): 0.0631, Acc: 0.973) | LR: 6.99e-04 | 864.7s
  | Step 75000/200000 | Total: -0.1526 (MSE: 0.0664, Sep: -0.3364, EST: 0.1235, GEN_INF_ONCE(-): 0.1235, Acc: 0.973) | LR: 6.92e-04 | 876.1s
  | Step 76000/200000 | Total: -0.1947 (MSE: 0.0515, Sep: -0.3365, EST: 0.0950, GEN_INF_ONCE(-): 0.0950, Acc: 0.955) | LR: 6.84e-04 | 888.4s
  | Step 77000/200000 | Total: -0.1514 (MSE: 0.0700, Sep: -0.3366, EST: 0.1213, GEN_INF_ONCE(-): 0.1213, Acc: 0.938) | LR: 6.77e-04 | 901.1s
  | Step 78000/200000 | Total: -0.1592 (MSE: 0.0477, Sep: -0.3366, EST: 0.1364, GEN_INF_ONCE(-): 0.1364, Acc: 0.946) | LR: 6.70e-04 | 913.1s
  | Step 79000/200000 | Total: -0.1786 (MSE: 0.0480, Sep: -0.3366, EST: 0.1158, GEN_INF_ONCE(-): 0.1158, Acc: 0.973) | LR: 6.62e-04 | 924.8s
  | Step 80000/200000 | Total: -0.1824 (MSE: 0.0573, Sep: -0.3366, EST: 0.1021, GEN_INF_ONCE(-): 0.1021, Acc: 0.955) | LR: 6.55e-04 | 936.8s
  | Step 81000/200000 | Total: -0.1587 (MSE: 0.0492, Sep: -0.3367, EST: 0.1356, GEN_INF_ONCE(-): 0.1356, Acc: 0.929) | LR: 6.47e-04 | 948.2s
  | Step 82000/200000 | Total: -0.1568 (MSE: 0.0501, Sep: -0.3365, EST: 0.1365, GEN_INF_ONCE(-): 0.1365, Acc: 0.938) | LR: 6.40e-04 | 959.6s
  | Step 83000/200000 | Total: -0.2347 (MSE: 0.0495, Sep: -0.3365, EST: 0.0550, GEN_INF_ONCE(-): 0.0550, Acc: 1.000) | LR: 6.32e-04 | 971.0s
  | Step 84000/200000 | Total: -0.0754 (MSE: 0.0513, Sep: -0.3368, EST: 0.2212, GEN_INF_ONCE(-): 0.2212, Acc: 0.893) | LR: 6.25e-04 | 982.4s
  | Step 85000/200000 | Total: -0.1804 (MSE: 0.0490, Sep: -0.3367, EST: 0.1130, GEN_INF_ONCE(-): 0.1130, Acc: 0.964) | LR: 6.17e-04 | 995.0s
  | Step 86000/200000 | Total: -0.1891 (MSE: 0.0598, Sep: -0.3365, EST: 0.0922, GEN_INF_ONCE(-): 0.0922, Acc: 0.964) | LR: 6.09e-04 | 1006.3s
  | Step 87000/200000 | Total: -0.1341 (MSE: 0.0594, Sep: -0.3365, EST: 0.1505, GEN_INF_ONCE(-): 0.1505, Acc: 0.938) | LR: 6.02e-04 | 1018.4s
  | Step 88000/200000 | Total: 0.1351 (MSE: 0.0560, Sep: -0.3366, EST: 0.4376, GEN_INF_ONCE(-): 0.4376, Acc: 0.786) | LR: 5.94e-04 | 1030.6s
  | Step 89000/200000 | Total: -0.1372 (MSE: 0.0496, Sep: -0.3368, EST: 0.1578, GEN_INF_ONCE(-): 0.1578, Acc: 0.938) | LR: 5.86e-04 | 1042.0s
  | Step 90000/200000 | Total: -0.2331 (MSE: 0.0448, Sep: -0.3366, EST: 0.0618, GEN_INF_ONCE(-): 0.0618, Acc: 0.991) | LR: 5.79e-04 | 1053.8s
  | Step 91000/200000 | Total: -0.2575 (MSE: 0.0481, Sep: -0.3369, EST: 0.0329, GEN_INF_ONCE(-): 0.0329, Acc: 0.991) | LR: 5.71e-04 | 1065.4s
  | Step 92000/200000 | Total: -0.1647 (MSE: 0.0471, Sep: -0.3368, EST: 0.1316, GEN_INF_ONCE(-): 0.1316, Acc: 0.964) | LR: 5.63e-04 | 1077.1s
  | Step 93000/200000 | Total: 0.0191 (MSE: 0.0458, Sep: -0.3366, EST: 0.3263, GEN_INF_ONCE(-): 0.3263, Acc: 0.821) | LR: 5.55e-04 | 1088.5s
  | Step 94000/200000 | Total: -0.0948 (MSE: 0.0515, Sep: -0.3370, EST: 0.2008, GEN_INF_ONCE(-): 0.2008, Acc: 0.902) | LR: 5.48e-04 | 1099.9s
  | Step 95000/200000 | Total: -0.1696 (MSE: 0.0438, Sep: -0.3368, EST: 0.1299, GEN_INF_ONCE(-): 0.1299, Acc: 0.946) | LR: 5.40e-04 | 1111.3s
  | Step 96000/200000 | Total: -0.2181 (MSE: 0.0437, Sep: -0.3367, EST: 0.0789, GEN_INF_ONCE(-): 0.0789, Acc: 0.973) | LR: 5.32e-04 | 1122.9s
  | Step 97000/200000 | Total: -0.2131 (MSE: 0.0551, Sep: -0.3366, EST: 0.0720, GEN_INF_ONCE(-): 0.0720, Acc: 0.982) | LR: 5.24e-04 | 1134.4s
  | Step 98000/200000 | Total: -0.2634 (MSE: 0.0424, Sep: -0.3367, EST: 0.0326, GEN_INF_ONCE(-): 0.0326, Acc: 1.000) | LR: 5.16e-04 | 1145.7s
  | Step 99000/200000 | Total: -0.2177 (MSE: 0.0488, Sep: -0.3369, EST: 0.0741, GEN_INF_ONCE(-): 0.0741, Acc: 0.973) | LR: 5.08e-04 | 1157.2s
  | Step 100000/200000 | Total: -0.2196 (MSE: 0.0499, Sep: -0.3371, EST: 0.0712, GEN_INF_ONCE(-): 0.0712, Acc: 0.982) | LR: 5.00e-04 | 1168.7s
  | Step 101000/200000 | Total: -0.2219 (MSE: 0.0452, Sep: -0.3369, EST: 0.0734, GEN_INF_ONCE(-): 0.0734, Acc: 0.982) | LR: 4.93e-04 | 1181.3s
  | Step 102000/200000 | Total: -0.2296 (MSE: 0.0458, Sep: -0.3367, EST: 0.0645, GEN_INF_ONCE(-): 0.0645, Acc: 0.991) | LR: 4.85e-04 | 1192.7s
  | Step 103000/200000 | Total: -0.1717 (MSE: 0.0399, Sep: -0.3365, EST: 0.1316, GEN_INF_ONCE(-): 0.1316, Acc: 0.946) | LR: 4.77e-04 | 1204.4s
  | Step 104000/200000 | Total: -0.2518 (MSE: 0.0448, Sep: -0.3371, EST: 0.0426, GEN_INF_ONCE(-): 0.0426, Acc: 0.991) | LR: 4.69e-04 | 1215.8s
  | Step 105000/200000 | Total: -0.2490 (MSE: 0.0372, Sep: -0.3367, EST: 0.0531, GEN_INF_ONCE(-): 0.0531, Acc: 0.991) | LR: 4.61e-04 | 1227.1s
  | Step 106000/200000 | Total: -0.2035 (MSE: 0.0372, Sep: -0.3368, EST: 0.1012, GEN_INF_ONCE(-): 0.1012, Acc: 0.964) | LR: 4.53e-04 | 1239.7s
  | Step 107000/200000 | Total: -0.1376 (MSE: 0.0542, Sep: -0.3369, EST: 0.1528, GEN_INF_ONCE(-): 0.1528, Acc: 0.929) | LR: 4.46e-04 | 1251.3s
  | Step 108000/200000 | Total: -0.0699 (MSE: 0.0390, Sep: -0.3369, EST: 0.2400, GEN_INF_ONCE(-): 0.2400, Acc: 0.875) | LR: 4.38e-04 | 1262.7s
  | Step 109000/200000 | Total: -0.0275 (MSE: 0.0462, Sep: -0.3368, EST: 0.2771, GEN_INF_ONCE(-): 0.2771, Acc: 0.848) | LR: 4.30e-04 | 1274.5s
  | Step 110000/200000 | Total: -0.1871 (MSE: 0.0409, Sep: -0.3368, EST: 0.1145, GEN_INF_ONCE(-): 0.1145, Acc: 0.964) | LR: 4.22e-04 | 1285.9s
  | Step 111000/200000 | Total: -0.2598 (MSE: 0.0413, Sep: -0.3368, EST: 0.0375, GEN_INF_ONCE(-): 0.0375, Acc: 1.000) | LR: 4.15e-04 | 1297.2s
  | Step 112000/200000 | Total: -0.1741 (MSE: 0.0420, Sep: -0.3368, EST: 0.1271, GEN_INF_ONCE(-): 0.1271, Acc: 0.946) | LR: 4.07e-04 | 1308.8s
  | Step 113000/200000 | Total: -0.2538 (MSE: 0.0467, Sep: -0.3369, EST: 0.0384, GEN_INF_ONCE(-): 0.0384, Acc: 0.991) | LR: 3.99e-04 | 1320.3s
  | Step 114000/200000 | Total: -0.1030 (MSE: 0.0436, Sep: -0.3368, EST: 0.2002, GEN_INF_ONCE(-): 0.2002, Acc: 0.920) | LR: 3.92e-04 | 1331.6s
  | Step 115000/200000 | Total: -0.1485 (MSE: 0.0449, Sep: -0.3372, EST: 0.1513, GEN_INF_ONCE(-): 0.1513, Acc: 0.920) | LR: 3.84e-04 | 1344.1s
  | Step 116000/200000 | Total: -0.1853 (MSE: 0.0332, Sep: -0.3371, EST: 0.1248, GEN_INF_ONCE(-): 0.1248, Acc: 0.946) | LR: 3.76e-04 | 1356.2s
  | Step 117000/200000 | Total: -0.1844 (MSE: 0.0391, Sep: -0.3372, EST: 0.1197, GEN_INF_ONCE(-): 0.1197, Acc: 0.938) | LR: 3.69e-04 | 1367.5s
  | Step 118000/200000 | Total: -0.1701 (MSE: 0.0351, Sep: -0.3372, EST: 0.1389, GEN_INF_ONCE(-): 0.1389, Acc: 0.938) | LR: 3.61e-04 | 1379.3s
  | Step 119000/200000 | Total: -0.1684 (MSE: 0.0332, Sep: -0.3372, EST: 0.1427, GEN_INF_ONCE(-): 0.1427, Acc: 0.955) | LR: 3.54e-04 | 1392.4s
  | Step 120000/200000 | Total: -0.2098 (MSE: 0.0437, Sep: -0.3371, EST: 0.0880, GEN_INF_ONCE(-): 0.0880, Acc: 0.946) | LR: 3.46e-04 | 1403.7s
  | Step 121000/200000 | Total: -0.1206 (MSE: 0.0386, Sep: -0.3370, EST: 0.1872, GEN_INF_ONCE(-): 0.1872, Acc: 0.929) | LR: 3.39e-04 | 1415.5s
  | Step 122000/200000 | Total: -0.1505 (MSE: 0.0412, Sep: -0.3371, EST: 0.1530, GEN_INF_ONCE(-): 0.1530, Acc: 0.929) | LR: 3.31e-04 | 1427.1s
  | Step 123000/200000 | Total: -0.2226 (MSE: 0.0308, Sep: -0.3369, EST: 0.0879, GEN_INF_ONCE(-): 0.0879, Acc: 0.991) | LR: 3.24e-04 | 1438.5s
  | Step 124000/200000 | Total: 0.0471 (MSE: 0.0335, Sep: -0.3373, EST: 0.3693, GEN_INF_ONCE(-): 0.3693, Acc: 0.857) | LR: 3.17e-04 | 1450.4s
  | Step 125000/200000 | Total: -0.1910 (MSE: 0.0361, Sep: -0.3373, EST: 0.1161, GEN_INF_ONCE(-): 0.1161, Acc: 0.946) | LR: 3.09e-04 | 1462.5s
  | Step 126000/200000 | Total: -0.2455 (MSE: 0.0352, Sep: -0.3372, EST: 0.0595, GEN_INF_ONCE(-): 0.0595, Acc: 0.982) | LR: 3.02e-04 | 1473.9s
  | Step 127000/200000 | Total: -0.2326 (MSE: 0.0349, Sep: -0.3373, EST: 0.0734, GEN_INF_ONCE(-): 0.0734, Acc: 0.991) | LR: 2.95e-04 | 1485.6s
  | Step 128000/200000 | Total: -0.1725 (MSE: 0.0356, Sep: -0.3369, EST: 0.1355, GEN_INF_ONCE(-): 0.1355, Acc: 0.938) | LR: 2.88e-04 | 1496.9s
  | Step 129000/200000 | Total: -0.1829 (MSE: 0.0497, Sep: -0.3373, EST: 0.1101, GEN_INF_ONCE(-): 0.1101, Acc: 0.946) | LR: 2.81e-04 | 1509.1s
  | Step 130000/200000 | Total: -0.2389 (MSE: 0.0346, Sep: -0.3373, EST: 0.0671, GEN_INF_ONCE(-): 0.0671, Acc: 0.991) | LR: 2.74e-04 | 1520.4s
  | Step 131000/200000 | Total: -0.2304 (MSE: 0.0289, Sep: -0.3369, EST: 0.0817, GEN_INF_ONCE(-): 0.0817, Acc: 0.973) | LR: 2.67e-04 | 1531.9s
  | Step 132000/200000 | Total: -0.2397 (MSE: 0.0382, Sep: -0.3373, EST: 0.0625, GEN_INF_ONCE(-): 0.0625, Acc: 0.991) | LR: 2.60e-04 | 1543.3s
  | Step 133000/200000 | Total: -0.2585 (MSE: 0.0297, Sep: -0.3370, EST: 0.0514, GEN_INF_ONCE(-): 0.0514, Acc: 0.982) | LR: 2.53e-04 | 1554.9s
  | Step 134000/200000 | Total: -0.2596 (MSE: 0.0326, Sep: -0.3373, EST: 0.0474, GEN_INF_ONCE(-): 0.0474, Acc: 1.000) | LR: 2.46e-04 | 1567.3s
  | Step 135000/200000 | Total: -0.2279 (MSE: 0.0315, Sep: -0.3373, EST: 0.0821, GEN_INF_ONCE(-): 0.0821, Acc: 0.991) | LR: 2.40e-04 | 1578.7s
  | Step 136000/200000 | Total: -0.2676 (MSE: 0.0278, Sep: -0.3372, EST: 0.0440, GEN_INF_ONCE(-): 0.0440, Acc: 0.991) | LR: 2.33e-04 | 1590.4s
  | Step 137000/200000 | Total: -0.2400 (MSE: 0.0336, Sep: -0.3372, EST: 0.0670, GEN_INF_ONCE(-): 0.0670, Acc: 0.982) | LR: 2.26e-04 | 1602.2s
  | Step 138000/200000 | Total: -0.1135 (MSE: 0.0326, Sep: -0.3371, EST: 0.2011, GEN_INF_ONCE(-): 0.2011, Acc: 0.911) | LR: 2.20e-04 | 1613.9s
  | Step 139000/200000 | Total: -0.2300 (MSE: 0.0302, Sep: -0.3373, EST: 0.0812, GEN_INF_ONCE(-): 0.0812, Acc: 0.982) | LR: 2.13e-04 | 1625.6s
  | Step 140000/200000 | Total: -0.2726 (MSE: 0.0323, Sep: -0.3371, EST: 0.0339, GEN_INF_ONCE(-): 0.0339, Acc: 0.991) | LR: 2.07e-04 | 1637.2s
  | Step 141000/200000 | Total: -0.1039 (MSE: 0.0316, Sep: -0.3372, EST: 0.2123, GEN_INF_ONCE(-): 0.2123, Acc: 0.911) | LR: 2.01e-04 | 1648.6s
  | Step 142000/200000 | Total: -0.2445 (MSE: 0.0331, Sep: -0.3370, EST: 0.0626, GEN_INF_ONCE(-): 0.0626, Acc: 0.964) | LR: 1.94e-04 | 1659.9s
  | Step 143000/200000 | Total: -0.2825 (MSE: 0.0313, Sep: -0.3372, EST: 0.0247, GEN_INF_ONCE(-): 0.0247, Acc: 1.000) | LR: 1.88e-04 | 1671.3s
  | Step 144000/200000 | Total: -0.2577 (MSE: 0.0288, Sep: -0.3372, EST: 0.0534, GEN_INF_ONCE(-): 0.0534, Acc: 0.982) | LR: 1.82e-04 | 1682.6s
  | Step 145000/200000 | Total: -0.2170 (MSE: 0.0312, Sep: -0.3372, EST: 0.0937, GEN_INF_ONCE(-): 0.0937, Acc: 0.964) | LR: 1.76e-04 | 1694.3s
  | Step 146000/200000 | Total: -0.2488 (MSE: 0.0290, Sep: -0.3372, EST: 0.0626, GEN_INF_ONCE(-): 0.0626, Acc: 0.973) | LR: 1.70e-04 | 1706.3s
  | Step 147000/200000 | Total: -0.2707 (MSE: 0.0318, Sep: -0.3374, EST: 0.0367, GEN_INF_ONCE(-): 0.0367, Acc: 1.000) | LR: 1.64e-04 | 1718.2s
  | Step 148000/200000 | Total: -0.1716 (MSE: 0.0275, Sep: -0.3370, EST: 0.1451, GEN_INF_ONCE(-): 0.1451, Acc: 0.938) | LR: 1.59e-04 | 1729.6s
  | Step 149000/200000 | Total: -0.2300 (MSE: 0.0280, Sep: -0.3373, EST: 0.0834, GEN_INF_ONCE(-): 0.0834, Acc: 0.973) | LR: 1.53e-04 | 1740.9s
  | Step 150000/200000 | Total: -0.2275 (MSE: 0.0313, Sep: -0.3374, EST: 0.0827, GEN_INF_ONCE(-): 0.0827, Acc: 0.964) | LR: 1.47e-04 | 1752.2s
  | Step 151000/200000 | Total: -0.2147 (MSE: 0.0281, Sep: -0.3371, EST: 0.0993, GEN_INF_ONCE(-): 0.0993, Acc: 0.955) | LR: 1.42e-04 | 1763.9s
  | Step 152000/200000 | Total: -0.2534 (MSE: 0.0310, Sep: -0.3373, EST: 0.0557, GEN_INF_ONCE(-): 0.0557, Acc: 0.991) | LR: 1.36e-04 | 1775.3s
  | Step 153000/200000 | Total: -0.2751 (MSE: 0.0284, Sep: -0.3374, EST: 0.0357, GEN_INF_ONCE(-): 0.0357, Acc: 0.991) | LR: 1.31e-04 | 1787.0s
  | Step 154000/200000 | Total: -0.2476 (MSE: 0.0253, Sep: -0.3371, EST: 0.0676, GEN_INF_ONCE(-): 0.0676, Acc: 0.964) | LR: 1.26e-04 | 1798.9s
  | Step 155000/200000 | Total: -0.2758 (MSE: 0.0273, Sep: -0.3373, EST: 0.0359, GEN_INF_ONCE(-): 0.0359, Acc: 1.000) | LR: 1.21e-04 | 1810.7s
  | Step 156000/200000 | Total: -0.2716 (MSE: 0.0275, Sep: -0.3373, EST: 0.0402, GEN_INF_ONCE(-): 0.0402, Acc: 0.991) | LR: 1.16e-04 | 1822.4s
  | Step 157000/200000 | Total: -0.2850 (MSE: 0.0331, Sep: -0.3371, EST: 0.0200, GEN_INF_ONCE(-): 0.0200, Acc: 0.991) | LR: 1.11e-04 | 1834.1s
  | Step 158000/200000 | Total: -0.2497 (MSE: 0.0293, Sep: -0.3373, EST: 0.0613, GEN_INF_ONCE(-): 0.0613, Acc: 0.982) | LR: 1.06e-04 | 1845.5s
  | Step 159000/200000 | Total: -0.2866 (MSE: 0.0264, Sep: -0.3372, EST: 0.0254, GEN_INF_ONCE(-): 0.0254, Acc: 1.000) | LR: 1.01e-04 | 1856.8s
  | Step 160000/200000 | Total: -0.2707 (MSE: 0.0231, Sep: -0.3373, EST: 0.0457, GEN_INF_ONCE(-): 0.0457, Acc: 1.000) | LR: 9.64e-05 | 1868.2s
  | Step 161000/200000 | Total: -0.2546 (MSE: 0.0264, Sep: -0.3374, EST: 0.0595, GEN_INF_ONCE(-): 0.0595, Acc: 0.982) | LR: 9.18e-05 | 1880.0s
  | Step 162000/200000 | Total: -0.2719 (MSE: 0.0263, Sep: -0.3375, EST: 0.0413, GEN_INF_ONCE(-): 0.0413, Acc: 0.982) | LR: 8.74e-05 | 1891.5s
  | Step 163000/200000 | Total: -0.2569 (MSE: 0.0301, Sep: -0.3373, EST: 0.0529, GEN_INF_ONCE(-): 0.0529, Acc: 0.982) | LR: 8.30e-05 | 1903.1s
  | Step 164000/200000 | Total: -0.2602 (MSE: 0.0285, Sep: -0.3373, EST: 0.0513, GEN_INF_ONCE(-): 0.0513, Acc: 0.991) | LR: 7.88e-05 | 1915.7s
  | Step 165000/200000 | Total: -0.2461 (MSE: 0.0266, Sep: -0.3370, EST: 0.0677, GEN_INF_ONCE(-): 0.0677, Acc: 0.982) | LR: 7.46e-05 | 1927.6s
  | Step 166000/200000 | Total: -0.2721 (MSE: 0.0273, Sep: -0.3374, EST: 0.0401, GEN_INF_ONCE(-): 0.0401, Acc: 0.991) | LR: 7.06e-05 | 1939.3s
  | Step 167000/200000 | Total: -0.2671 (MSE: 0.0272, Sep: -0.3375, EST: 0.0454, GEN_INF_ONCE(-): 0.0454, Acc: 1.000) | LR: 6.66e-05 | 1950.7s
  | Step 168000/200000 | Total: -0.2674 (MSE: 0.0294, Sep: -0.3372, EST: 0.0426, GEN_INF_ONCE(-): 0.0426, Acc: 1.000) | LR: 6.28e-05 | 1962.4s
  | Step 169000/200000 | Total: -0.2560 (MSE: 0.0234, Sep: -0.3371, EST: 0.0608, GEN_INF_ONCE(-): 0.0608, Acc: 0.991) | LR: 5.91e-05 | 1974.1s
  | Step 170000/200000 | Total: -0.2672 (MSE: 0.0242, Sep: -0.3370, EST: 0.0481, GEN_INF_ONCE(-): 0.0481, Acc: 1.000) | LR: 5.54e-05 | 1985.5s
  | Step 171000/200000 | Total: -0.2316 (MSE: 0.0245, Sep: -0.3376, EST: 0.0858, GEN_INF_ONCE(-): 0.0858, Acc: 0.964) | LR: 5.19e-05 | 1997.2s
  | Step 172000/200000 | Total: -0.2574 (MSE: 0.0234, Sep: -0.3375, EST: 0.0597, GEN_INF_ONCE(-): 0.0597, Acc: 1.000) | LR: 4.85e-05 | 2008.6s
  | Step 173000/200000 | Total: -0.2688 (MSE: 0.0217, Sep: -0.3374, EST: 0.0493, GEN_INF_ONCE(-): 0.0493, Acc: 1.000) | LR: 4.53e-05 | 2019.9s
  | Step 174000/200000 | Total: -0.2818 (MSE: 0.0256, Sep: -0.3372, EST: 0.0314, GEN_INF_ONCE(-): 0.0314, Acc: 1.000) | LR: 4.21e-05 | 2031.6s
  | Step 175000/200000 | Total: -0.2396 (MSE: 0.0238, Sep: -0.3371, EST: 0.0776, GEN_INF_ONCE(-): 0.0776, Acc: 0.964) | LR: 3.90e-05 | 2043.2s
  | Step 176000/200000 | Total: -0.2861 (MSE: 0.0248, Sep: -0.3376, EST: 0.0280, GEN_INF_ONCE(-): 0.0280, Acc: 1.000) | LR: 3.61e-05 | 2054.5s
  | Step 177000/200000 | Total: -0.2565 (MSE: 0.0234, Sep: -0.3372, EST: 0.0603, GEN_INF_ONCE(-): 0.0603, Acc: 1.000) | LR: 3.32e-05 | 2066.2s
  | Step 178000/200000 | Total: -0.2773 (MSE: 0.0267, Sep: -0.3374, EST: 0.0351, GEN_INF_ONCE(-): 0.0351, Acc: 1.000) | LR: 3.05e-05 | 2077.4s
  | Step 179000/200000 | Total: -0.2763 (MSE: 0.0251, Sep: -0.3375, EST: 0.0380, GEN_INF_ONCE(-): 0.0380, Acc: 0.982) | LR: 2.79e-05 | 2088.7s
  | Step 180000/200000 | Total: -0.2557 (MSE: 0.0214, Sep: -0.3370, EST: 0.0630, GEN_INF_ONCE(-): 0.0630, Acc: 1.000) | LR: 2.54e-05 | 2099.9s
  | Step 181000/200000 | Total: -0.2621 (MSE: 0.0261, Sep: -0.3375, EST: 0.0519, GEN_INF_ONCE(-): 0.0519, Acc: 0.991) | LR: 2.31e-05 | 2111.4s
  | Step 182000/200000 | Total: -0.2734 (MSE: 0.0243, Sep: -0.3376, EST: 0.0420, GEN_INF_ONCE(-): 0.0420, Acc: 1.000) | LR: 2.08e-05 | 2122.7s
  | Step 183000/200000 | Total: -0.2573 (MSE: 0.0276, Sep: -0.3375, EST: 0.0554, GEN_INF_ONCE(-): 0.0554, Acc: 0.991) | LR: 1.87e-05 | 2133.9s
  | Step 184000/200000 | Total: -0.2734 (MSE: 0.0216, Sep: -0.3372, EST: 0.0445, GEN_INF_ONCE(-): 0.0445, Acc: 1.000) | LR: 1.67e-05 | 2145.4s
  | Step 185000/200000 | Total: -0.2406 (MSE: 0.0235, Sep: -0.3374, EST: 0.0771, GEN_INF_ONCE(-): 0.0771, Acc: 1.000) | LR: 1.48e-05 | 2156.6s
  | Step 186000/200000 | Total: -0.2439 (MSE: 0.0221, Sep: -0.3373, EST: 0.0751, GEN_INF_ONCE(-): 0.0751, Acc: 0.991) | LR: 1.30e-05 | 2168.2s
  | Step 187000/200000 | Total: -0.2693 (MSE: 0.0263, Sep: -0.3375, EST: 0.0441, GEN_INF_ONCE(-): 0.0441, Acc: 1.000) | LR: 1.14e-05 | 2179.7s
  | Step 188000/200000 | Total: -0.2216 (MSE: 0.0203, Sep: -0.3373, EST: 0.1005, GEN_INF_ONCE(-): 0.1005, Acc: 0.991) | LR: 9.85e-06 | 2191.1s
  | Step 189000/200000 | Total: -0.2564 (MSE: 0.0243, Sep: -0.3373, EST: 0.0596, GEN_INF_ONCE(-): 0.0596, Acc: 0.982) | LR: 8.44e-06 | 2204.5s
  | Step 190000/200000 | Total: -0.2621 (MSE: 0.0222, Sep: -0.3374, EST: 0.0558, GEN_INF_ONCE(-): 0.0558, Acc: 1.000) | LR: 7.15e-06 | 2215.7s
  | Step 191000/200000 | Total: -0.2462 (MSE: 0.0241, Sep: -0.3371, EST: 0.0703, GEN_INF_ONCE(-): 0.0703, Acc: 1.000) | LR: 5.98e-06 | 2227.0s
  | Step 192000/200000 | Total: -0.2622 (MSE: 0.0239, Sep: -0.3374, EST: 0.0539, GEN_INF_ONCE(-): 0.0539, Acc: 0.982) | LR: 4.94e-06 | 2238.3s
  | Step 193000/200000 | Total: -0.2649 (MSE: 0.0211, Sep: -0.3374, EST: 0.0540, GEN_INF_ONCE(-): 0.0540, Acc: 1.000) | LR: 4.02e-06 | 2249.8s
  | Step 194000/200000 | Total: -0.2704 (MSE: 0.0285, Sep: -0.3374, EST: 0.0405, GEN_INF_ONCE(-): 0.0405, Acc: 1.000) | LR: 3.22e-06 | 2261.1s
  | Step 195000/200000 | Total: -0.2397 (MSE: 0.0234, Sep: -0.3375, EST: 0.0784, GEN_INF_ONCE(-): 0.0784, Acc: 1.000) | LR: 2.54e-06 | 2273.0s
  | Step 196000/200000 | Total: -0.2526 (MSE: 0.0252, Sep: -0.3377, EST: 0.0630, GEN_INF_ONCE(-): 0.0630, Acc: 1.000) | LR: 1.99e-06 | 2284.2s
  | Step 197000/200000 | Total: -0.2733 (MSE: 0.0232, Sep: -0.3375, EST: 0.0431, GEN_INF_ONCE(-): 0.0431, Acc: 1.000) | LR: 1.55e-06 | 2295.3s
  | Step 198000/200000 | Total: -0.2651 (MSE: 0.0230, Sep: -0.3372, EST: 0.0517, GEN_INF_ONCE(-): 0.0517, Acc: 1.000) | LR: 1.25e-06 | 2306.7s
  | Step 199000/200000 | Total: -0.2542 (MSE: 0.0247, Sep: -0.3375, EST: 0.0616, GEN_INF_ONCE(-): 0.0616, Acc: 1.000) | LR: 1.06e-06 | 2318.6s
  | Step 200000/200000 | Total: -0.2199 (MSE: 0.0217, Sep: -0.3372, EST: 0.1006, GEN_INF_ONCE(-): 0.1006, Acc: 1.000) | LR: 1.00e-06 | 2330.5s
  | 
  | Training completed in 2330.6s (38.84 min)
  | Models saved to /home1/halbertb/Q3CIBC/checkpoints/hpsearch/trial_054/

  Training completed in 2368s
  Evaluating...

  Result: success_rate=0.00%, avg_reward=0.000
