==========================================
SLURM_JOB_ID = 8219095
SLURM_JOB_NODELIST = b11-11
TMPDIR = /tmp/SLURM_8219095
==========================================
Detected tunable params in ibc_with_cpsv2_training.py:
  - control_points  (search space: [20, 30, 50, 75, 100])
  - learning_rate  (search space: [0.0001, 0.0003, 0.0005, 0.001, 0.002, 0.005])
  - batch_size  (search space: [128, 256, 512])
  - counter_examples  (search space: [8, 16, 32, 64])
  - separation_weight  (search space: [0.01, 0.05, 0.1, 0.2])
  - mse_weight  (search space: [1.0, 3.0, 5.0, 10.0])
  - training_steps  (search space: [50000, 100000, 200000])
  - separation_loss  (search space: ['separation', 'entropy'])
  - entropy_bandwidth  (search space: [0.05, 0.1, 0.2])
  - num_hidden_layers  (search space: [2, 4, 8])
  - num_neurons  (search space: [128, 256, 512])
  - estimator_learning_rate  (search space: [0.0001, 0.0003, 0.0005, 0.001])
  - scheduler_type  (search space: ['cosine', 'cosine_warm_restarts'])
  - cosine_t0  (search space: [25000, 50000, 100000])
  - cosine_t_max  (search space: [100000, 150000, 200000])

Baseline (current config):
  control_points = 30
  learning_rate = 0.001
  batch_size = 512
  counter_examples = 32
  separation_weight = 0.1
  mse_weight = 20
  training_steps = 150000
  separation_loss = entropy
  entropy_bandwidth = 0.1
  num_hidden_layers = 4
  num_neurons = 512
  estimator_learning_rate = 0.001
  scheduler_type = cosine_warm_restarts
  cosine_t0 = 50000


================================================================================
TRIAL 4 — ibc_with_cpsv2_training.py
================================================================================
Parameters:
{
  "control_points": 20,
  "learning_rate": 0.001,
  "batch_size": 512,
  "counter_examples": 64,
  "separation_weight": 0.1,
  "mse_weight": 5,
  "training_steps": 150000,
  "separation_loss": "entropy",
  "entropy_bandwidth": 0.1,
  "num_hidden_layers": 2,
  "num_neurons": 256,
  "estimator_learning_rate": 0.001,
  "scheduler_type": "cosine_warm_restarts",
  "cosine_t0": 50000,
  "target_update_interval": 5000
}

  Training (150000 steps)...
  | Using device: cuda
  | Active environment: particle
  | Training steps: 150000
  | Batch size: 512
  | Generator LR: 0.001 (scheduler: cosine_warm_restarts)
  | Estimator LR: 0.001 (exponential decay: rate=0.995, every 100 steps)
  | Estimator architecture: MLP [256, 256]
  | Langevin counter-examples: 64 (100 iters)
  | Gradient penalty margin: 1.0
  | Target estimator sync: every 1000 steps
  | Frame stack: 2
  | Loading particle dataset...
  | 2026-04-20 19:49:37.318956: I tensorflow/core/platform/cpu_feature_guard.cc:210] This TensorFlow binary is optimized to use available CPU instructions in performance-critical operations.
  | To enable the following instructions: AVX2 FMA, in other operations, rebuild TensorFlow with the appropriate compiler flags.
  | WARNING: All log messages before absl::InitializeLog() is called are written to STDERR
  | I0000 00:00:1776739786.052905 3930843 gpu_device.cc:2020] Created device /job:localhost/replica:0/task:0/device:GPU:0 with 43683 MB memory:  -> device: 0, name: NVIDIA A40, pci bus id: 0000:81:00.0, compute capability: 8.6
  | 2026-04-20 19:49:46.241622: I tensorflow/core/kernels/data/tf_record_dataset_op.cc:390] TFRecordDataset `buffer_size` is unspecified, default to 262144
  | 2026-04-20 19:49:47.270439: I tensorflow/core/framework/local_rendezvous.cc:407] Local rendezvous is aborting with status: OUT_OF_RANGE: End of sequence
  | 2026-04-20 19:49:48.659274: I tensorflow/core/framework/local_rendezvous.cc:407] Local rendezvous is aborting with status: OUT_OF_RANGE: End of sequence
  | 2026-04-20 19:49:50.935853: I tensorflow/core/framework/local_rendezvous.cc:407] Local rendezvous is aborting with status: OUT_OF_RANGE: End of sequence
  | 2026-04-20 19:49:55.074154: I tensorflow/core/framework/local_rendezvous.cc:407] Local rendezvous is aborting with status: OUT_OF_RANGE: End of sequence
  | Dataset size: 102000
  | Particle dataset episodes: 2000 | Avg samples/episode: 51.00
  | Act range: [0.000, 1.000]
  | Step 1000/150000 | Gen: 3.8679 (GenNCE: 4.1176, MSE: 0.0485, Sep: -0.2982) | Est: 3.8606 (NCE: 3.8387, GP: 0.0219) | Acc: 0.049 | GenLR: 9.99e-04 EstLR: 9.51e-04 | 211.3s
  | Step 2000/150000 | Gen: 3.7578 (GenNCE: 4.0090, MSE: 0.0450, Sep: -0.2962) | Est: 3.8912 (NCE: 3.8686, GP: 0.0226) | Acc: 0.113 | GenLR: 9.96e-04 EstLR: 9.05e-04 | 420.1s
  | Step 3000/150000 | Gen: 3.7751 (GenNCE: 4.0331, MSE: 0.0379, Sep: -0.2958) | Est: 3.9250 (NCE: 3.9019, GP: 0.0231) | Acc: 0.176 | GenLR: 9.91e-04 EstLR: 8.60e-04 | 628.9s
  | Step 4000/150000 | Gen: 3.8028 (GenNCE: 4.0610, MSE: 0.0377, Sep: -0.2960) | Est: 3.9398 (NCE: 3.9184, GP: 0.0214) | Acc: 0.160 | GenLR: 9.84e-04 EstLR: 8.18e-04 | 837.7s
  | Step 5000/150000 | Gen: 3.8073 (GenNCE: 4.0673, MSE: 0.0361, Sep: -0.2962) | Est: 3.9379 (NCE: 3.9149, GP: 0.0231) | Acc: 0.258 | GenLR: 9.76e-04 EstLR: 7.78e-04 | 1046.4s
  | Step 6000/150000 | Gen: 3.8064 (GenNCE: 4.0676, MSE: 0.0348, Sep: -0.2960) | Est: 3.9378 (NCE: 3.9172, GP: 0.0206) | Acc: 0.471 | GenLR: 9.65e-04 EstLR: 7.40e-04 | 1255.1s
  | Step 7000/150000 | Gen: 3.7990 (GenNCE: 4.0625, MSE: 0.0323, Sep: -0.2958) | Est: 3.9494 (NCE: 3.9290, GP: 0.0204) | Acc: 0.295 | GenLR: 9.52e-04 EstLR: 7.04e-04 | 1464.0s
  | Step 8000/150000 | Gen: 3.7959 (GenNCE: 4.0596, MSE: 0.0322, Sep: -0.2958) | Est: 3.9273 (NCE: 3.9069, GP: 0.0204) | Acc: 0.486 | GenLR: 9.38e-04 EstLR: 6.70e-04 | 1672.7s
  | Step 9000/150000 | Gen: 3.8171 (GenNCE: 4.0820, MSE: 0.0309, Sep: -0.2958) | Est: 3.9279 (NCE: 3.9086, GP: 0.0193) | Acc: 0.570 | GenLR: 9.22e-04 EstLR: 6.37e-04 | 1881.3s
  | Step 10000/150000 | Gen: 3.7923 (GenNCE: 4.0594, MSE: 0.0285, Sep: -0.2956) | Est: 3.9438 (NCE: 3.9245, GP: 0.0193) | Acc: 0.549 | GenLR: 9.05e-04 EstLR: 6.06e-04 | 2089.9s
  | Step 11000/150000 | Gen: 3.7893 (GenNCE: 4.0565, MSE: 0.0280, Sep: -0.2952) | Est: 3.9348 (NCE: 3.9144, GP: 0.0204) | Acc: 0.557 | GenLR: 8.85e-04 EstLR: 5.76e-04 | 2298.5s
  | Step 12000/150000 | Gen: 3.7917 (GenNCE: 4.0582, MSE: 0.0289, Sep: -0.2953) | Est: 3.9370 (NCE: 3.9173, GP: 0.0197) | Acc: 0.699 | GenLR: 8.65e-04 EstLR: 5.48e-04 | 2507.3s
  | Step 13000/150000 | Gen: 3.8084 (GenNCE: 4.0783, MSE: 0.0254, Sep: -0.2953) | Est: 3.9517 (NCE: 3.9312, GP: 0.0205) | Acc: 0.432 | GenLR: 8.42e-04 EstLR: 5.21e-04 | 2715.9s
  | Step 14000/150000 | Gen: 3.8010 (GenNCE: 4.0705, MSE: 0.0257, Sep: -0.2951) | Est: 3.9409 (NCE: 3.9199, GP: 0.0210) | Acc: 0.500 | GenLR: 8.19e-04 EstLR: 4.96e-04 | 2924.4s
  | Step 15000/150000 | Gen: 3.7997 (GenNCE: 4.0698, MSE: 0.0247, Sep: -0.2948) | Est: 3.9365 (NCE: 3.9178, GP: 0.0187) | Acc: 0.713 | GenLR: 7.94e-04 EstLR: 4.71e-04 | 3133.0s
  | Step 16000/150000 | Gen: 3.7973 (GenNCE: 4.0687, MSE: 0.0233, Sep: -0.2947) | Est: 3.9458 (NCE: 3.9261, GP: 0.0197) | Acc: 0.730 | GenLR: 7.68e-04 EstLR: 4.48e-04 | 3341.5s
  | Step 17000/150000 | Gen: 3.8025 (GenNCE: 4.0731, MSE: 0.0241, Sep: -0.2947) | Est: 3.9462 (NCE: 3.9270, GP: 0.0192) | Acc: 0.488 | GenLR: 7.41e-04 EstLR: 4.27e-04 | 3550.0s
  | Step 18000/150000 | Gen: 3.8147 (GenNCE: 4.0836, MSE: 0.0257, Sep: -0.2946) | Est: 3.9513 (NCE: 3.9328, GP: 0.0185) | Acc: 0.689 | GenLR: 7.13e-04 EstLR: 4.06e-04 | 3758.7s
  | Step 19000/150000 | Gen: 3.7943 (GenNCE: 4.0669, MSE: 0.0219, Sep: -0.2945) | Est: 3.9387 (NCE: 3.9197, GP: 0.0190) | Acc: 0.742 | GenLR: 6.84e-04 EstLR: 3.86e-04 | 3967.2s
  | Step 20000/150000 | Gen: 3.8023 (GenNCE: 4.0757, MSE: 0.0209, Sep: -0.2943) | Est: 3.9621 (NCE: 3.9422, GP: 0.0198) | Acc: 0.793 | GenLR: 6.55e-04 EstLR: 3.67e-04 | 4175.7s
  | Step 21000/150000 | Gen: 3.7952 (GenNCE: 4.0685, MSE: 0.0208, Sep: -0.2941) | Est: 3.9542 (NCE: 3.9361, GP: 0.0181) | Acc: 0.590 | GenLR: 6.25e-04 EstLR: 3.49e-04 | 4384.2s
  | Step 22000/150000 | Gen: 3.7927 (GenNCE: 4.0664, MSE: 0.0202, Sep: -0.2939) | Est: 3.9482 (NCE: 3.9288, GP: 0.0194) | Acc: 0.625 | GenLR: 5.94e-04 EstLR: 3.32e-04 | 4592.6s
  | Step 23000/150000 | Gen: 3.7985 (GenNCE: 4.0723, MSE: 0.0203, Sep: -0.2940) | Est: 3.9465 (NCE: 3.9284, GP: 0.0181) | Acc: 0.816 | GenLR: 5.63e-04 EstLR: 3.16e-04 | 4801.1s
  | Step 24000/150000 | Gen: 3.8144 (GenNCE: 4.0890, MSE: 0.0192, Sep: -0.2938) | Est: 3.9618 (NCE: 3.9446, GP: 0.0172) | Acc: 0.881 | GenLR: 5.32e-04 EstLR: 3.00e-04 | 5009.7s
  | Step 25000/150000 | Gen: 3.8005 (GenNCE: 4.0755, MSE: 0.0188, Sep: -0.2938) | Est: 3.9445 (NCE: 3.9263, GP: 0.0182) | Acc: 0.791 | GenLR: 5.01e-04 EstLR: 2.86e-04 | 5218.0s
  | Step 26000/150000 | Gen: 3.8040 (GenNCE: 4.0788, MSE: 0.0189, Sep: -0.2937) | Est: 3.9615 (NCE: 3.9439, GP: 0.0176) | Acc: 0.611 | GenLR: 4.69e-04 EstLR: 2.72e-04 | 5426.3s
  | Step 27000/150000 | Gen: 3.8069 (GenNCE: 4.0816, MSE: 0.0190, Sep: -0.2937) | Est: 3.9491 (NCE: 3.9314, GP: 0.0178) | Acc: 0.934 | GenLR: 4.38e-04 EstLR: 2.58e-04 | 5634.6s
  | Step 28000/150000 | Gen: 3.8067 (GenNCE: 4.0814, MSE: 0.0189, Sep: -0.2936) | Est: 3.9479 (NCE: 3.9298, GP: 0.0181) | Acc: 0.891 | GenLR: 4.07e-04 EstLR: 2.46e-04 | 5842.9s
  | Step 29000/150000 | Gen: 3.8088 (GenNCE: 4.0839, MSE: 0.0187, Sep: -0.2938) | Est: 3.9565 (NCE: 3.9380, GP: 0.0184) | Acc: 0.896 | GenLR: 3.76e-04 EstLR: 2.34e-04 | 6051.5s
  | Step 30000/150000 | Gen: 3.8013 (GenNCE: 4.0776, MSE: 0.0174, Sep: -0.2936) | Est: 3.9496 (NCE: 3.9321, GP: 0.0174) | Acc: 0.873 | GenLR: 3.46e-04 EstLR: 2.22e-04 | 6259.9s
  | Step 31000/150000 | Gen: 3.8025 (GenNCE: 4.0790, MSE: 0.0173, Sep: -0.2938) | Est: 3.9587 (NCE: 3.9417, GP: 0.0170) | Acc: 0.910 | GenLR: 3.17e-04 EstLR: 2.11e-04 | 6468.4s
  | Step 32000/150000 | Gen: 3.8115 (GenNCE: 4.0869, MSE: 0.0184, Sep: -0.2938) | Est: 3.9521 (NCE: 3.9346, GP: 0.0175) | Acc: 0.898 | GenLR: 2.88e-04 EstLR: 2.01e-04 | 6676.9s
  | Step 33000/150000 | Gen: 3.8029 (GenNCE: 4.0801, MSE: 0.0165, Sep: -0.2937) | Est: 3.9594 (NCE: 3.9410, GP: 0.0184) | Acc: 0.916 | GenLR: 2.60e-04 EstLR: 1.91e-04 | 6885.3s
  | Step 34000/150000 | Gen: 3.8097 (GenNCE: 4.0857, MSE: 0.0178, Sep: -0.2938) | Est: 3.9480 (NCE: 3.9302, GP: 0.0178) | Acc: 0.959 | GenLR: 2.33e-04 EstLR: 1.82e-04 | 7093.8s
  | Step 35000/150000 | Gen: 3.8010 (GenNCE: 4.0782, MSE: 0.0164, Sep: -0.2936) | Est: 3.9471 (NCE: 3.9298, GP: 0.0173) | Acc: 0.920 | GenLR: 2.07e-04 EstLR: 1.73e-04 | 7302.4s
  | Step 36000/150000 | Gen: 3.8031 (GenNCE: 4.0800, MSE: 0.0167, Sep: -0.2936) | Est: 3.9520 (NCE: 3.9345, GP: 0.0176) | Acc: 0.947 | GenLR: 1.82e-04 EstLR: 1.65e-04 | 7510.9s
  | Step 37000/150000 | Gen: 3.8096 (GenNCE: 4.0869, MSE: 0.0163, Sep: -0.2936) | Est: 3.9626 (NCE: 3.9460, GP: 0.0166) | Acc: 0.869 | GenLR: 1.59e-04 EstLR: 1.57e-04 | 7719.3s
  | Step 38000/150000 | Gen: 3.8038 (GenNCE: 4.0816, MSE: 0.0158, Sep: -0.2937) | Est: 3.9573 (NCE: 3.9398, GP: 0.0175) | Acc: 0.893 | GenLR: 1.36e-04 EstLR: 1.49e-04 | 7927.8s
  | Step 39000/150000 | Gen: 3.8046 (GenNCE: 4.0823, MSE: 0.0158, Sep: -0.2936) | Est: 3.9603 (NCE: 3.9433, GP: 0.0170) | Acc: 0.949 | GenLR: 1.16e-04 EstLR: 1.42e-04 | 8136.2s
  | Step 40000/150000 | Gen: 3.8103 (GenNCE: 4.0871, MSE: 0.0167, Sep: -0.2936) | Est: 3.9563 (NCE: 3.9387, GP: 0.0177) | Acc: 0.953 | GenLR: 9.64e-05 EstLR: 1.35e-04 | 8344.6s
  | Step 41000/150000 | Gen: 3.8047 (GenNCE: 4.0832, MSE: 0.0151, Sep: -0.2937) | Est: 3.9640 (NCE: 3.9473, GP: 0.0168) | Acc: 0.922 | GenLR: 7.88e-05 EstLR: 1.28e-04 | 8553.3s
  | Step 42000/150000 | Gen: 3.8115 (GenNCE: 4.0893, MSE: 0.0159, Sep: -0.2937) | Est: 3.9631 (NCE: 3.9461, GP: 0.0170) | Acc: 0.891 | GenLR: 6.28e-05 EstLR: 1.22e-04 | 8761.7s
  | Step 43000/150000 | Gen: 3.8009 (GenNCE: 4.0792, MSE: 0.0152, Sep: -0.2935) | Est: 3.9623 (NCE: 3.9446, GP: 0.0177) | Acc: 0.941 | GenLR: 4.85e-05 EstLR: 1.16e-04 | 8970.2s
  | Step 44000/150000 | Gen: 3.8075 (GenNCE: 4.0866, MSE: 0.0146, Sep: -0.2937) | Est: 3.9606 (NCE: 3.9434, GP: 0.0172) | Acc: 0.932 | GenLR: 3.61e-05 EstLR: 1.10e-04 | 9178.6s
  | Step 45000/150000 | Gen: 3.8105 (GenNCE: 4.0881, MSE: 0.0161, Sep: -0.2937) | Est: 3.9559 (NCE: 3.9388, GP: 0.0171) | Acc: 0.959 | GenLR: 2.54e-05 EstLR: 1.05e-04 | 9387.0s
  | Step 46000/150000 | Gen: 3.8030 (GenNCE: 4.0814, MSE: 0.0152, Sep: -0.2936) | Est: 3.9673 (NCE: 3.9501, GP: 0.0171) | Acc: 0.908 | GenLR: 1.67e-05 EstLR: 9.97e-05 | 9595.7s
  | Step 47000/150000 | Gen: 3.8091 (GenNCE: 4.0863, MSE: 0.0164, Sep: -0.2936) | Est: 3.9596 (NCE: 3.9429, GP: 0.0168) | Acc: 0.947 | GenLR: 9.85e-06 EstLR: 9.48e-05 | 9804.2s
  | Step 48000/150000 | Gen: 3.8190 (GenNCE: 4.0967, MSE: 0.0160, Sep: -0.2937) | Est: 3.9686 (NCE: 3.9514, GP: 0.0172) | Acc: 0.951 | GenLR: 4.94e-06 EstLR: 9.02e-05 | 10012.7s
  | Step 49000/150000 | Gen: 3.8127 (GenNCE: 4.0914, MSE: 0.0150, Sep: -0.2936) | Est: 3.9630 (NCE: 3.9469, GP: 0.0161) | Acc: 0.955 | GenLR: 1.99e-06 EstLR: 8.58e-05 | 10221.1s
  | Step 50000/150000 | Gen: 3.8091 (GenNCE: 4.0868, MSE: 0.0159, Sep: -0.2936) | Est: 3.9582 (NCE: 3.9418, GP: 0.0164) | Acc: 0.922 | GenLR: 1.00e-03 EstLR: 8.16e-05 | 10429.5s
  | Step 51000/150000 | Gen: 3.8633 (GenNCE: 4.1396, MSE: 0.0226, Sep: -0.2989) | Est: 3.9634 (NCE: 3.9466, GP: 0.0168) | Acc: 0.953 | GenLR: 9.99e-04 EstLR: 7.76e-05 | 10638.0s
  | Step 52000/150000 | Gen: 3.8650 (GenNCE: 4.1411, MSE: 0.0229, Sep: -0.2989) | Est: 3.9706 (NCE: 3.9542, GP: 0.0165) | Acc: 0.947 | GenLR: 9.96e-04 EstLR: 7.38e-05 | 10846.6s
  | Step 53000/150000 | Gen: 3.8561 (GenNCE: 4.1338, MSE: 0.0212, Sep: -0.2989) | Est: 3.9647 (NCE: 3.9482, GP: 0.0165) | Acc: 0.949 | GenLR: 9.91e-04 EstLR: 7.02e-05 | 11055.0s
  | Step 54000/150000 | Gen: 3.8839 (GenNCE: 4.1553, MSE: 0.0276, Sep: -0.2989) | Est: 3.9558 (NCE: 3.9394, GP: 0.0164) | Acc: 0.965 | GenLR: 9.84e-04 EstLR: 6.68e-05 | 11263.4s
  | Step 55000/150000 | Gen: 3.8655 (GenNCE: 4.1416, MSE: 0.0228, Sep: -0.2989) | Est: 3.9624 (NCE: 3.9460, GP: 0.0164) | Acc: 0.951 | GenLR: 9.76e-04 EstLR: 6.35e-05 | 11471.8s
  | Step 56000/150000 | Gen: 3.8344 (GenNCE: 4.1151, MSE: 0.0182, Sep: -0.2989) | Est: 3.9590 (NCE: 3.9427, GP: 0.0162) | Acc: 0.951 | GenLR: 9.65e-04 EstLR: 6.04e-05 | 11680.3s
  | Step 57000/150000 | Gen: 3.8425 (GenNCE: 4.1224, MSE: 0.0190, Sep: -0.2990) | Est: 3.9634 (NCE: 3.9465, GP: 0.0169) | Acc: 0.953 | GenLR: 9.52e-04 EstLR: 5.74e-05 | 11888.7s
  | Step 58000/150000 | Gen: 3.8542 (GenNCE: 4.1329, MSE: 0.0203, Sep: -0.2990) | Est: 3.9607 (NCE: 3.9439, GP: 0.0168) | Acc: 0.941 | GenLR: 9.38e-04 EstLR: 5.46e-05 | 12097.3s
  | Step 59000/150000 | Gen: 3.8379 (GenNCE: 4.1176, MSE: 0.0191, Sep: -0.2988) | Est: 3.9588 (NCE: 3.9417, GP: 0.0171) | Acc: 0.959 | GenLR: 9.22e-04 EstLR: 5.20e-05 | 12305.7s
  | Step 60000/150000 | Gen: 3.8304 (GenNCE: 4.1117, MSE: 0.0175, Sep: -0.2988) | Est: 3.9671 (NCE: 3.9505, GP: 0.0166) | Acc: 0.953 | GenLR: 9.05e-04 EstLR: 4.94e-05 | 12514.1s
  | Step 61000/150000 | Gen: 3.8366 (GenNCE: 4.1191, MSE: 0.0164, Sep: -0.2989) | Est: 3.9642 (NCE: 3.9479, GP: 0.0164) | Acc: 0.965 | GenLR: 8.85e-04 EstLR: 4.70e-05 | 12722.5s
  | Step 62000/150000 | Gen: 3.8179 (GenNCE: 4.1020, MSE: 0.0148, Sep: -0.2989) | Est: 3.9687 (NCE: 3.9516, GP: 0.0171) | Acc: 0.945 | GenLR: 8.65e-04 EstLR: 4.47e-05 | 12930.9s
  | Step 63000/150000 | Gen: 3.8306 (GenNCE: 4.1133, MSE: 0.0162, Sep: -0.2989) | Est: 3.9621 (NCE: 3.9459, GP: 0.0162) | Acc: 0.965 | GenLR: 8.42e-04 EstLR: 4.25e-05 | 13139.5s
  | Step 64000/150000 | Gen: 3.8312 (GenNCE: 4.1141, MSE: 0.0160, Sep: -0.2989) | Est: 3.9698 (NCE: 3.9533, GP: 0.0165) | Acc: 0.957 | GenLR: 8.19e-04 EstLR: 4.04e-05 | 13347.9s
  | Step 65000/150000 | Gen: 3.8162 (GenNCE: 4.1004, MSE: 0.0147, Sep: -0.2989) | Est: 3.9666 (NCE: 3.9503, GP: 0.0163) | Acc: 0.959 | GenLR: 7.94e-04 EstLR: 3.85e-05 | 13556.2s
  | Step 66000/150000 | Gen: 3.8140 (GenNCE: 4.0991, MSE: 0.0138, Sep: -0.2989) | Est: 3.9671 (NCE: 3.9509, GP: 0.0163) | Acc: 0.961 | GenLR: 7.68e-04 EstLR: 3.66e-05 | 13764.6s
  | Step 67000/150000 | Gen: 3.7910 (GenNCE: 4.0790, MSE: 0.0109, Sep: -0.2989) | Est: 3.9702 (NCE: 3.9536, GP: 0.0167) | Acc: 0.957 | GenLR: 7.41e-04 EstLR: 3.48e-05 | 13973.0s
  | Step 68000/150000 | Gen: 3.8007 (GenNCE: 4.0877, MSE: 0.0118, Sep: -0.2988) | Est: 3.9626 (NCE: 3.9466, GP: 0.0160) | Acc: 0.965 | GenLR: 7.13e-04 EstLR: 3.31e-05 | 14181.4s
  | Step 69000/150000 | Gen: 3.8012 (GenNCE: 4.0883, MSE: 0.0117, Sep: -0.2988) | Est: 3.9613 (NCE: 3.9443, GP: 0.0169) | Acc: 0.959 | GenLR: 6.84e-04 EstLR: 3.15e-05 | 14389.9s
  | Step 70000/150000 | Gen: 3.7897 (GenNCE: 4.0775, MSE: 0.0109, Sep: -0.2987) | Est: 3.9611 (NCE: 3.9451, GP: 0.0160) | Acc: 0.947 | GenLR: 6.55e-04 EstLR: 2.99e-05 | 14598.4s
  | Step 71000/150000 | Gen: 3.7816 (GenNCE: 4.0709, MSE: 0.0095, Sep: -0.2988) | Est: 3.9653 (NCE: 3.9493, GP: 0.0160) | Acc: 0.975 | GenLR: 6.25e-04 EstLR: 2.85e-05 | 14806.8s
  | Step 72000/150000 | Gen: 3.7952 (GenNCE: 4.0825, MSE: 0.0116, Sep: -0.2990) | Est: 3.9631 (NCE: 3.9472, GP: 0.0159) | Acc: 0.951 | GenLR: 5.94e-04 EstLR: 2.71e-05 | 15015.2s
  | Step 73000/150000 | Gen: 3.7826 (GenNCE: 4.0719, MSE: 0.0096, Sep: -0.2989) | Est: 3.9622 (NCE: 3.9457, GP: 0.0165) | Acc: 0.959 | GenLR: 5.63e-04 EstLR: 2.58e-05 | 15223.6s
  | Step 74000/150000 | Gen: 3.7849 (GenNCE: 4.0743, MSE: 0.0094, Sep: -0.2988) | Est: 3.9682 (NCE: 3.9524, GP: 0.0158) | Acc: 0.949 | GenLR: 5.32e-04 EstLR: 2.45e-05 | 15432.1s
  | Step 75000/150000 | Gen: 3.7678 (GenNCE: 4.0578, MSE: 0.0088, Sep: -0.2988) | Est: 3.9631 (NCE: 3.9470, GP: 0.0162) | Acc: 0.955 | GenLR: 5.01e-04 EstLR: 2.33e-05 | 15640.6s
  | Step 76000/150000 | Gen: 3.7739 (GenNCE: 4.0646, MSE: 0.0082, Sep: -0.2989) | Est: 3.9657 (NCE: 3.9496, GP: 0.0161) | Acc: 0.963 | GenLR: 4.69e-04 EstLR: 2.22e-05 | 15849.0s
  | Step 77000/150000 | Gen: 3.7793 (GenNCE: 4.0688, MSE: 0.0094, Sep: -0.2989) | Est: 3.9640 (NCE: 3.9475, GP: 0.0164) | Acc: 0.951 | GenLR: 4.38e-04 EstLR: 2.11e-05 | 16057.4s
  | Step 78000/150000 | Gen: 3.7646 (GenNCE: 4.0557, MSE: 0.0079, Sep: -0.2989) | Est: 3.9575 (NCE: 3.9414, GP: 0.0161) | Acc: 0.957 | GenLR: 4.07e-04 EstLR: 2.00e-05 | 16265.8s
  | Step 79000/150000 | Gen: 3.7688 (GenNCE: 4.0599, MSE: 0.0075, Sep: -0.2987) | Est: 3.9667 (NCE: 3.9503, GP: 0.0164) | Acc: 0.957 | GenLR: 3.76e-04 EstLR: 1.91e-05 | 16474.2s
  | Step 80000/150000 | Gen: 3.7684 (GenNCE: 4.0605, MSE: 0.0068, Sep: -0.2990) | Est: 3.9751 (NCE: 3.9596, GP: 0.0155) | Acc: 0.955 | GenLR: 3.46e-04 EstLR: 1.81e-05 | 16682.8s
  | Step 81000/150000 | Gen: 3.7482 (GenNCE: 4.0412, MSE: 0.0060, Sep: -0.2989) | Est: 3.9660 (NCE: 3.9498, GP: 0.0162) | Acc: 0.961 | GenLR: 3.17e-04 EstLR: 1.72e-05 | 16891.2s
  | Step 82000/150000 | Gen: 3.7514 (GenNCE: 4.0435, MSE: 0.0065, Sep: -0.2987) | Est: 3.9650 (NCE: 3.9489, GP: 0.0161) | Acc: 0.955 | GenLR: 2.88e-04 EstLR: 1.64e-05 | 17099.5s
  | Step 83000/150000 | Gen: 3.7473 (GenNCE: 4.0403, MSE: 0.0059, Sep: -0.2989) | Est: 3.9657 (NCE: 3.9495, GP: 0.0163) | Acc: 0.957 | GenLR: 2.60e-04 EstLR: 1.56e-05 | 17307.9s
  | Step 84000/150000 | Gen: 3.7534 (GenNCE: 4.0461, MSE: 0.0062, Sep: -0.2989) | Est: 3.9669 (NCE: 3.9507, GP: 0.0161) | Acc: 0.955 | GenLR: 2.33e-04 EstLR: 1.48e-05 | 17516.3s
  | Step 85000/150000 | Gen: 3.7546 (GenNCE: 4.0477, MSE: 0.0057, Sep: -0.2987) | Est: 3.9680 (NCE: 3.9526, GP: 0.0154) | Acc: 0.973 | GenLR: 2.07e-04 EstLR: 1.41e-05 | 17724.7s
  | Step 86000/150000 | Gen: 3.7445 (GenNCE: 4.0375, MSE: 0.0058, Sep: -0.2989) | Est: 3.9658 (NCE: 3.9499, GP: 0.0159) | Acc: 0.963 | GenLR: 1.82e-04 EstLR: 1.34e-05 | 17933.3s
  | Step 87000/150000 | Gen: 3.7473 (GenNCE: 4.0409, MSE: 0.0052, Sep: -0.2988) | Est: 3.9712 (NCE: 3.9551, GP: 0.0161) | Acc: 0.961 | GenLR: 1.59e-04 EstLR: 1.28e-05 | 18141.7s
  | Step 88000/150000 | Gen: 3.7385 (GenNCE: 4.0319, MSE: 0.0055, Sep: -0.2989) | Est: 3.9650 (NCE: 3.9491, GP: 0.0158) | Acc: 0.953 | GenLR: 1.36e-04 EstLR: 1.21e-05 | 18350.1s
  | Step 89000/150000 | Gen: 3.7411 (GenNCE: 4.0344, MSE: 0.0055, Sep: -0.2988) | Est: 3.9650 (NCE: 3.9489, GP: 0.0161) | Acc: 0.965 | GenLR: 1.16e-04 EstLR: 1.15e-05 | 18558.5s
  | Step 90000/150000 | Gen: 3.7463 (GenNCE: 4.0400, MSE: 0.0050, Sep: -0.2988) | Est: 3.9651 (NCE: 3.9492, GP: 0.0159) | Acc: 0.980 | GenLR: 9.64e-05 EstLR: 1.10e-05 | 18766.9s
  | Step 91000/150000 | Gen: 3.7343 (GenNCE: 4.0287, MSE: 0.0044, Sep: -0.2988) | Est: 3.9677 (NCE: 3.9518, GP: 0.0158) | Acc: 0.961 | GenLR: 7.88e-05 EstLR: 1.04e-05 | 18975.3s
  | Step 92000/150000 | Gen: 3.7434 (GenNCE: 4.0370, MSE: 0.0052, Sep: -0.2988) | Est: 3.9666 (NCE: 3.9509, GP: 0.0157) | Acc: 0.963 | GenLR: 6.28e-05 EstLR: 9.94e-06 | 19183.8s
  | Step 93000/150000 | Gen: 3.7415 (GenNCE: 4.0356, MSE: 0.0048, Sep: -0.2989) | Est: 3.9688 (NCE: 3.9530, GP: 0.0159) | Acc: 0.959 | GenLR: 4.85e-05 EstLR: 9.45e-06 | 19392.2s
  | Step 94000/150000 | Gen: 3.7338 (GenNCE: 4.0273, MSE: 0.0052, Sep: -0.2987) | Est: 3.9625 (NCE: 3.9458, GP: 0.0167) | Acc: 0.957 | GenLR: 3.61e-05 EstLR: 8.99e-06 | 19600.6s
  | Step 95000/150000 | Gen: 3.7413 (GenNCE: 4.0354, MSE: 0.0046, Sep: -0.2987) | Est: 3.9702 (NCE: 3.9540, GP: 0.0162) | Acc: 0.975 | GenLR: 2.54e-05 EstLR: 8.55e-06 | 19809.0s
  | Step 96000/150000 | Gen: 3.7421 (GenNCE: 4.0361, MSE: 0.0048, Sep: -0.2988) | Est: 3.9729 (NCE: 3.9570, GP: 0.0159) | Acc: 0.965 | GenLR: 1.67e-05 EstLR: 8.13e-06 | 20017.4s
  | Step 97000/150000 | Gen: 3.7390 (GenNCE: 4.0334, MSE: 0.0045, Sep: -0.2989) | Est: 3.9732 (NCE: 3.9569, GP: 0.0162) | Acc: 0.965 | GenLR: 9.85e-06 EstLR: 7.73e-06 | 20226.0s
  | Step 98000/150000 | Gen: 3.7304 (GenNCE: 4.0246, MSE: 0.0046, Sep: -0.2988) | Est: 3.9632 (NCE: 3.9471, GP: 0.0161) | Acc: 0.961 | GenLR: 4.94e-06 EstLR: 7.36e-06 | 20434.4s
  | Step 99000/150000 | Gen: 3.7377 (GenNCE: 4.0314, MSE: 0.0050, Sep: -0.2987) | Est: 3.9661 (NCE: 3.9500, GP: 0.0161) | Acc: 0.963 | GenLR: 1.99e-06 EstLR: 7.00e-06 | 20642.7s
  | Step 100000/150000 | Gen: 3.7365 (GenNCE: 4.0306, MSE: 0.0047, Sep: -0.2987) | Est: 3.9633 (NCE: 3.9475, GP: 0.0158) | Acc: 0.965 | GenLR: 1.00e-03 EstLR: 6.65e-06 | 20851.1s
  | Step 101000/150000 | Gen: 3.8035 (GenNCE: 4.0920, MSE: 0.0111, Sep: -0.2996) | Est: 3.9656 (NCE: 3.9495, GP: 0.0161) | Acc: 0.969 | GenLR: 9.99e-04 EstLR: 6.33e-06 | 21059.5s
  | Step 102000/150000 | Gen: 3.8053 (GenNCE: 4.0945, MSE: 0.0104, Sep: -0.2996) | Est: 3.9688 (NCE: 3.9525, GP: 0.0164) | Acc: 0.965 | GenLR: 9.96e-04 EstLR: 6.02e-06 | 21267.9s
  | Step 103000/150000 | Gen: 3.7899 (GenNCE: 4.0802, MSE: 0.0093, Sep: -0.2996) | Est: 3.9635 (NCE: 3.9479, GP: 0.0156) | Acc: 0.955 | GenLR: 9.91e-04 EstLR: 5.72e-06 | 21476.4s
  | Step 104000/150000 | Gen: 3.8101 (GenNCE: 4.0983, MSE: 0.0113, Sep: -0.2996) | Est: 3.9710 (NCE: 3.9549, GP: 0.0161) | Acc: 0.955 | GenLR: 9.84e-04 EstLR: 5.45e-06 | 21684.8s
  | Step 105000/150000 | Gen: 3.8098 (GenNCE: 4.0984, MSE: 0.0110, Sep: -0.2996) | Est: 3.9685 (NCE: 3.9525, GP: 0.0160) | Acc: 0.951 | GenLR: 9.76e-04 EstLR: 5.18e-06 | 21893.2s
  | Step 106000/150000 | Gen: 3.7889 (GenNCE: 4.0794, MSE: 0.0091, Sep: -0.2996) | Est: 3.9629 (NCE: 3.9469, GP: 0.0160) | Acc: 0.957 | GenLR: 9.65e-04 EstLR: 4.93e-06 | 22101.5s
  | Step 107000/150000 | Gen: 3.8082 (GenNCE: 4.0971, MSE: 0.0107, Sep: -0.2996) | Est: 3.9680 (NCE: 3.9519, GP: 0.0161) | Acc: 0.959 | GenLR: 9.52e-04 EstLR: 4.68e-06 | 22309.9s
  | Step 108000/150000 | Gen: 3.8077 (GenNCE: 4.0958, MSE: 0.0114, Sep: -0.2996) | Est: 3.9631 (NCE: 3.9469, GP: 0.0162) | Acc: 0.959 | GenLR: 9.38e-04 EstLR: 4.46e-06 | 22518.5s
  | Step 109000/150000 | Gen: 3.7784 (GenNCE: 4.0700, MSE: 0.0080, Sep: -0.2996) | Est: 3.9634 (NCE: 3.9472, GP: 0.0161) | Acc: 0.963 | GenLR: 9.22e-04 EstLR: 4.24e-06 | 22726.8s
  | Step 110000/150000 | Gen: 3.7842 (GenNCE: 4.0750, MSE: 0.0088, Sep: -0.2996) | Est: 3.9586 (NCE: 3.9419, GP: 0.0167) | Acc: 0.984 | GenLR: 9.05e-04 EstLR: 4.03e-06 | 22935.2s
  | Step 111000/150000 | Gen: 3.7772 (GenNCE: 4.0690, MSE: 0.0078, Sep: -0.2996) | Est: 3.9684 (NCE: 3.9524, GP: 0.0160) | Acc: 0.957 | GenLR: 8.85e-04 EstLR: 3.83e-06 | 23143.5s
  | Step 112000/150000 | Gen: 3.7804 (GenNCE: 4.0707, MSE: 0.0092, Sep: -0.2996) | Est: 3.9576 (NCE: 3.9416, GP: 0.0160) | Acc: 0.951 | GenLR: 8.65e-04 EstLR: 3.65e-06 | 23351.9s
  | Step 113000/150000 | Gen: 3.7813 (GenNCE: 4.0724, MSE: 0.0084, Sep: -0.2996) | Est: 3.9665 (NCE: 3.9501, GP: 0.0163) | Acc: 0.961 | GenLR: 8.42e-04 EstLR: 3.47e-06 | 23560.3s
  | Step 114000/150000 | Gen: 3.7637 (GenNCE: 4.0565, MSE: 0.0068, Sep: -0.2996) | Est: 3.9622 (NCE: 3.9459, GP: 0.0164) | Acc: 0.965 | GenLR: 8.19e-04 EstLR: 3.30e-06 | 23768.8s
  | Step 115000/150000 | Gen: 3.8038 (GenNCE: 4.0924, MSE: 0.0110, Sep: -0.2996) | Est: 3.9680 (NCE: 3.9515, GP: 0.0165) | Acc: 0.955 | GenLR: 7.94e-04 EstLR: 3.14e-06 | 23977.2s
  | Step 116000/150000 | Gen: 3.7599 (GenNCE: 4.0532, MSE: 0.0063, Sep: -0.2996) | Est: 3.9650 (NCE: 3.9490, GP: 0.0160) | Acc: 0.961 | GenLR: 7.68e-04 EstLR: 2.98e-06 | 24185.6s
  | Step 117000/150000 | Gen: 3.7665 (GenNCE: 4.0592, MSE: 0.0068, Sep: -0.2996) | Est: 3.9715 (NCE: 3.9558, GP: 0.0157) | Acc: 0.955 | GenLR: 7.41e-04 EstLR: 2.84e-06 | 24393.9s
  | Step 118000/150000 | Gen: 3.7712 (GenNCE: 4.0636, MSE: 0.0072, Sep: -0.2996) | Est: 3.9682 (NCE: 3.9521, GP: 0.0161) | Acc: 0.951 | GenLR: 7.13e-04 EstLR: 2.70e-06 | 24602.3s
  | Step 119000/150000 | Gen: 3.7603 (GenNCE: 4.0535, MSE: 0.0064, Sep: -0.2996) | Est: 3.9613 (NCE: 3.9454, GP: 0.0159) | Acc: 0.973 | GenLR: 6.84e-04 EstLR: 2.57e-06 | 24810.6s
  | Step 120000/150000 | Gen: 3.7303 (GenNCE: 4.0252, MSE: 0.0046, Sep: -0.2996) | Est: 3.9564 (NCE: 3.9403, GP: 0.0162) | Acc: 0.965 | GenLR: 6.55e-04 EstLR: 2.44e-06 | 25019.2s
  | Step 121000/150000 | Gen: 3.7583 (GenNCE: 4.0524, MSE: 0.0055, Sep: -0.2996) | Est: 3.9677 (NCE: 3.9513, GP: 0.0164) | Acc: 0.965 | GenLR: 6.25e-04 EstLR: 2.32e-06 | 25227.6s
  | Step 122000/150000 | Gen: 3.7420 (GenNCE: 4.0374, MSE: 0.0042, Sep: -0.2996) | Est: 3.9657 (NCE: 3.9500, GP: 0.0157) | Acc: 0.969 | GenLR: 5.94e-04 EstLR: 2.21e-06 | 25435.9s
  | Step 123000/150000 | Gen: 3.7417 (GenNCE: 4.0363, MSE: 0.0050, Sep: -0.2996) | Est: 3.9641 (NCE: 3.9476, GP: 0.0165) | Acc: 0.957 | GenLR: 5.63e-04 EstLR: 2.10e-06 | 25644.3s
  | Step 124000/150000 | Gen: 3.7386 (GenNCE: 4.0340, MSE: 0.0042, Sep: -0.2996) | Est: 3.9676 (NCE: 3.9513, GP: 0.0162) | Acc: 0.957 | GenLR: 5.32e-04 EstLR: 2.00e-06 | 25852.7s
  | Step 125000/150000 | Gen: 3.7289 (GenNCE: 4.0248, MSE: 0.0036, Sep: -0.2996) | Est: 3.9656 (NCE: 3.9490, GP: 0.0166) | Acc: 0.949 | GenLR: 5.01e-04 EstLR: 1.90e-06 | 26061.2s
  | Step 126000/150000 | Gen: 3.7335 (GenNCE: 4.0291, MSE: 0.0041, Sep: -0.2996) | Est: 3.9629 (NCE: 3.9463, GP: 0.0166) | Acc: 0.955 | GenLR: 4.69e-04 EstLR: 1.81e-06 | 26269.6s
  | Step 127000/150000 | Gen: 3.7304 (GenNCE: 4.0263, MSE: 0.0037, Sep: -0.2996) | Est: 3.9653 (NCE: 3.9489, GP: 0.0164) | Acc: 0.967 | GenLR: 4.38e-04 EstLR: 1.72e-06 | 26477.9s
  | Step 128000/150000 | Gen: 3.7257 (GenNCE: 4.0219, MSE: 0.0034, Sep: -0.2996) | Est: 3.9625 (NCE: 3.9466, GP: 0.0159) | Acc: 0.959 | GenLR: 4.07e-04 EstLR: 1.64e-06 | 26686.3s
  | Step 129000/150000 | Gen: 3.7240 (GenNCE: 4.0203, MSE: 0.0033, Sep: -0.2996) | Est: 3.9622 (NCE: 3.9456, GP: 0.0166) | Acc: 0.971 | GenLR: 3.76e-04 EstLR: 1.56e-06 | 26894.6s
  | Step 130000/150000 | Gen: 3.7200 (GenNCE: 4.0164, MSE: 0.0032, Sep: -0.2996) | Est: 3.9635 (NCE: 3.9474, GP: 0.0162) | Acc: 0.957 | GenLR: 3.46e-04 EstLR: 1.48e-06 | 27103.0s
  | Step 131000/150000 | Gen: 3.7352 (GenNCE: 4.0312, MSE: 0.0036, Sep: -0.2996) | Est: 3.9721 (NCE: 3.9557, GP: 0.0163) | Acc: 0.967 | GenLR: 3.17e-04 EstLR: 1.41e-06 | 27311.5s
  | Step 132000/150000 | Gen: 3.7210 (GenNCE: 4.0174, MSE: 0.0031, Sep: -0.2996) | Est: 3.9657 (NCE: 3.9497, GP: 0.0160) | Acc: 0.961 | GenLR: 2.88e-04 EstLR: 1.34e-06 | 27519.7s
  | Step 133000/150000 | Gen: 3.7113 (GenNCE: 4.0079, MSE: 0.0030, Sep: -0.2996) | Est: 3.9573 (NCE: 3.9416, GP: 0.0157) | Acc: 0.943 | GenLR: 2.60e-04 EstLR: 1.27e-06 | 27727.8s
  | Step 134000/150000 | Gen: 3.7201 (GenNCE: 4.0168, MSE: 0.0029, Sep: -0.2996) | Est: 3.9712 (NCE: 3.9548, GP: 0.0165) | Acc: 0.953 | GenLR: 2.33e-04 EstLR: 1.21e-06 | 27936.0s
  | Step 135000/150000 | Gen: 3.7144 (GenNCE: 4.0112, MSE: 0.0027, Sep: -0.2996) | Est: 3.9669 (NCE: 3.9509, GP: 0.0160) | Acc: 0.947 | GenLR: 2.07e-04 EstLR: 1.15e-06 | 28144.2s
  | Step 136000/150000 | Gen: 3.7090 (GenNCE: 4.0059, MSE: 0.0027, Sep: -0.2996) | Est: 3.9626 (NCE: 3.9463, GP: 0.0164) | Acc: 0.955 | GenLR: 1.82e-04 EstLR: 1.09e-06 | 28352.3s
  | Step 137000/150000 | Gen: 3.7028 (GenNCE: 3.9998, MSE: 0.0026, Sep: -0.2996) | Est: 3.9588 (NCE: 3.9422, GP: 0.0166) | Acc: 0.955 | GenLR: 1.59e-04 EstLR: 1.04e-06 | 28560.8s
  | Step 138000/150000 | Gen: 3.7129 (GenNCE: 4.0100, MSE: 0.0025, Sep: -0.2996) | Est: 3.9684 (NCE: 3.9523, GP: 0.0161) | Acc: 0.967 | GenLR: 1.36e-04 EstLR: 9.90e-07 | 28769.2s
  | Step 139000/150000 | Gen: 3.7083 (GenNCE: 4.0055, MSE: 0.0023, Sep: -0.2996) | Est: 3.9655 (NCE: 3.9493, GP: 0.0162) | Acc: 0.959 | GenLR: 1.16e-04 EstLR: 9.42e-07 | 28977.6s
  | Step 140000/150000 | Gen: 3.7097 (GenNCE: 4.0070, MSE: 0.0023, Sep: -0.2996) | Est: 3.9690 (NCE: 3.9530, GP: 0.0161) | Acc: 0.961 | GenLR: 9.64e-05 EstLR: 8.96e-07 | 29185.9s
  | Step 141000/150000 | Gen: 3.7000 (GenNCE: 3.9973, MSE: 0.0023, Sep: -0.2996) | Est: 3.9658 (NCE: 3.9497, GP: 0.0160) | Acc: 0.951 | GenLR: 7.88e-05 EstLR: 8.52e-07 | 29394.3s
  | Step 142000/150000 | Gen: 3.7007 (GenNCE: 3.9979, MSE: 0.0024, Sep: -0.2996) | Est: 3.9612 (NCE: 3.9454, GP: 0.0158) | Acc: 0.951 | GenLR: 6.28e-05 EstLR: 8.11e-07 | 29602.8s
  | Step 143000/150000 | Gen: 3.7055 (GenNCE: 4.0028, MSE: 0.0023, Sep: -0.2996) | Est: 3.9668 (NCE: 3.9509, GP: 0.0159) | Acc: 0.963 | GenLR: 4.85e-05 EstLR: 7.71e-07 | 29811.2s
  | Step 144000/150000 | Gen: 3.7083 (GenNCE: 4.0058, MSE: 0.0021, Sep: -0.2996) | Est: 3.9742 (NCE: 3.9575, GP: 0.0167) | Acc: 0.959 | GenLR: 3.61e-05 EstLR: 7.33e-07 | 30019.5s
  | Step 145000/150000 | Gen: 3.7047 (GenNCE: 4.0020, MSE: 0.0023, Sep: -0.2996) | Est: 3.9682 (NCE: 3.9522, GP: 0.0161) | Acc: 0.959 | GenLR: 2.54e-05 EstLR: 6.97e-07 | 30227.9s
  | Step 146000/150000 | Gen: 3.6947 (GenNCE: 3.9920, MSE: 0.0022, Sep: -0.2996) | Est: 3.9576 (NCE: 3.9413, GP: 0.0162) | Acc: 0.961 | GenLR: 1.67e-05 EstLR: 6.63e-07 | 30436.3s
  | Step 147000/150000 | Gen: 3.6966 (GenNCE: 3.9940, MSE: 0.0022, Sep: -0.2996) | Est: 3.9615 (NCE: 3.9458, GP: 0.0157) | Acc: 0.939 | GenLR: 9.85e-06 EstLR: 6.31e-07 | 30644.6s
  | Step 148000/150000 | Gen: 3.7028 (GenNCE: 4.0001, MSE: 0.0022, Sep: -0.2996) | Est: 3.9715 (NCE: 3.9558, GP: 0.0156) | Acc: 0.943 | GenLR: 4.94e-06 EstLR: 6.00e-07 | 30853.1s
  | Step 149000/150000 | Gen: 3.7052 (GenNCE: 4.0025, MSE: 0.0023, Sep: -0.2996) | Est: 3.9628 (NCE: 3.9461, GP: 0.0168) | Acc: 0.961 | GenLR: 1.99e-06 EstLR: 5.71e-07 | 31061.5s
  | Step 150000/150000 | Gen: 3.7029 (GenNCE: 4.0002, MSE: 0.0022, Sep: -0.2996) | Est: 3.9660 (NCE: 3.9503, GP: 0.0157) | Acc: 0.963 | GenLR: 1.00e-03 EstLR: 5.43e-07 | 31269.9s
  | 
  | Training completed in 31269.9s (521.17 min)
  | Models saved to /home1/halbertb/Q3CIBC/checkpoints/hpsearch/trial_004/

  Training completed in 31311s
  Evaluating...

  Result: success_rate=82.00%, avg_reward=0.840
