==========================================
SLURM_JOB_ID = 8242806
SLURM_JOB_NODELIST = a04-20
TMPDIR = /tmp/SLURM_8242806
==========================================
Detected tunable params in ibc_with_cps_training.py:
  - control_points  (search space: [20, 30, 50, 75, 100])
  - learning_rate  (search space: [0.0001, 0.0003, 0.0005, 0.001, 0.002, 0.005])
  - batch_size  (search space: [128, 256, 512])
  - counter_examples  (search space: [8, 16, 32, 64])
  - separation_weight  (search space: [0.01, 0.05, 0.1, 0.2])
  - mse_weight  (search space: [1.0, 3.0, 5.0, 10.0])
  - training_steps  (search space: [50000, 100000, 200000])
  - separation_loss  (search space: ['separation', 'entropy'])
  - entropy_bandwidth  (search space: [0.05, 0.1, 0.2])
  - num_hidden_layers  (search space: [2, 4, 8])
  - num_neurons  (search space: [128, 256, 512])
  - estimator_learning_rate  (search space: [0.0001, 0.0003, 0.0005, 0.001])
  - scheduler_type  (search space: ['cosine', 'cosine_warm_restarts'])
  - cosine_t0  (search space: [25000, 50000, 100000])
  - cosine_t_max  (search space: [100000, 150000, 200000])

Baseline (current config):
  control_points = 20
  learning_rate = 0.001
  batch_size = 512
  counter_examples = 64
  separation_weight = 0.1
  mse_weight = 5
  training_steps = 150000
  separation_loss = entropy
  entropy_bandwidth = 0.1
  num_hidden_layers = 2
  num_neurons = 256
  estimator_learning_rate = 0.001
  scheduler_type = cosine_warm_restarts
  cosine_t0 = 50000


================================================================================
TRIAL 16 — ibc_with_cps_training.py
================================================================================
Parameters:
{
  "control_points": 20,
  "learning_rate": 0.001,
  "batch_size": 512,
  "counter_examples": 64,
  "separation_weight": 0.1,
  "mse_weight": 20,
  "training_steps": 150000,
  "separation_loss": "entropy",
  "entropy_bandwidth": 0.1,
  "num_hidden_layers": 2,
  "num_neurons": 256,
  "estimator_learning_rate": 0.001,
  "scheduler_type": "cosine_warm_restarts",
  "cosine_t0": 50000
}

  Training (150000 steps)...
  | Using device: cuda
  | Active environment: particle
  | Training steps: 150000
  | Batch size: 512
  | Generator LR: 0.001 (scheduler: cosine_warm_restarts)
  | Estimator LR: 0.001 (exponential decay: rate=0.995, every 100 steps)
  | Estimator architecture: MLP [256, 256]
  | Langevin counter-examples: 64 (100 iters)
  | Gradient penalty margin: 1.0
  | Frame stack: 2
  | Loading particle dataset...
  | 2026-04-21 10:03:19.554316: I tensorflow/core/platform/cpu_feature_guard.cc:210] This TensorFlow binary is optimized to use available CPU instructions in performance-critical operations.
  | To enable the following instructions: AVX2 FMA, in other operations, rebuild TensorFlow with the appropriate compiler flags.
  | WARNING: All log messages before absl::InitializeLog() is called are written to STDERR
  | I0000 00:00:1776791006.628578 2588263 gpu_device.cc:2020] Created device /job:localhost/replica:0/task:0/device:GPU:0 with 43683 MB memory:  -> device: 0, name: NVIDIA A40, pci bus id: 0000:81:00.0, compute capability: 8.6
  | 2026-04-21 10:03:26.844950: I tensorflow/core/kernels/data/tf_record_dataset_op.cc:390] TFRecordDataset `buffer_size` is unspecified, default to 262144
  | 2026-04-21 10:03:27.999997: I tensorflow/core/framework/local_rendezvous.cc:407] Local rendezvous is aborting with status: OUT_OF_RANGE: End of sequence
  | 2026-04-21 10:03:29.173907: I tensorflow/core/framework/local_rendezvous.cc:407] Local rendezvous is aborting with status: OUT_OF_RANGE: End of sequence
  | 2026-04-21 10:03:31.514217: I tensorflow/core/framework/local_rendezvous.cc:407] Local rendezvous is aborting with status: OUT_OF_RANGE: End of sequence
  | 2026-04-21 10:03:36.201163: I tensorflow/core/framework/local_rendezvous.cc:407] Local rendezvous is aborting with status: OUT_OF_RANGE: End of sequence
  | Dataset size: 102000
  | Particle dataset episodes: 2000 | Avg samples/episode: 51.00
  | Act range: [0.000, 1.000]
  | Step 1000/150000 | Gen: -0.1211 (MSE: 0.1735, Sep: -0.2946) | Est: 4.0201 (NCE: 3.9968, GP: 0.0233) | Acc: 0.029 | GenLR: 9.99e-04 EstLR: 9.51e-04 | 209.0s
  | Step 2000/150000 | Gen: -0.1469 (MSE: 0.1480, Sep: -0.2949) | Est: 4.0228 (NCE: 4.0052, GP: 0.0176) | Acc: 0.072 | GenLR: 9.96e-04 EstLR: 9.05e-04 | 417.1s
  | Step 3000/150000 | Gen: -0.1580 (MSE: 0.1378, Sep: -0.2958) | Est: 4.0700 (NCE: 4.0512, GP: 0.0187) | Acc: 0.055 | GenLR: 9.91e-04 EstLR: 8.60e-04 | 625.2s
  | Step 4000/150000 | Gen: -0.1658 (MSE: 0.1335, Sep: -0.2993) | Est: 4.0428 (NCE: 4.0258, GP: 0.0170) | Acc: 0.541 | GenLR: 9.84e-04 EstLR: 8.18e-04 | 833.2s
  | Step 5000/150000 | Gen: -0.1643 (MSE: 0.1351, Sep: -0.2994) | Est: 4.0793 (NCE: 4.0613, GP: 0.0179) | Acc: 0.217 | GenLR: 9.76e-04 EstLR: 7.78e-04 | 1041.1s
  | Step 6000/150000 | Gen: -0.1491 (MSE: 0.1504, Sep: -0.2995) | Est: 4.0781 (NCE: 4.0587, GP: 0.0194) | Acc: 0.326 | GenLR: 9.65e-04 EstLR: 7.40e-04 | 1249.0s
  | Step 7000/150000 | Gen: -0.1660 (MSE: 0.1334, Sep: -0.2994) | Est: 4.0619 (NCE: 4.0450, GP: 0.0169) | Acc: 0.424 | GenLR: 9.52e-04 EstLR: 7.04e-04 | 1457.1s
  | Step 8000/150000 | Gen: -0.1679 (MSE: 0.1316, Sep: -0.2994) | Est: 4.0515 (NCE: 4.0347, GP: 0.0167) | Acc: 0.322 | GenLR: 9.38e-04 EstLR: 6.70e-04 | 1665.0s
  | Step 9000/150000 | Gen: -0.1828 (MSE: 0.1166, Sep: -0.2994) | Est: 4.0413 (NCE: 4.0236, GP: 0.0176) | Acc: 0.689 | GenLR: 9.22e-04 EstLR: 6.37e-04 | 1872.8s
  | Step 10000/150000 | Gen: -0.1844 (MSE: 0.1150, Sep: -0.2994) | Est: 4.0275 (NCE: 4.0119, GP: 0.0156) | Acc: 0.637 | GenLR: 9.05e-04 EstLR: 6.06e-04 | 2080.6s
  | Step 11000/150000 | Gen: -0.1681 (MSE: 0.1314, Sep: -0.2995) | Est: 4.0389 (NCE: 4.0207, GP: 0.0182) | Acc: 0.738 | GenLR: 8.85e-04 EstLR: 5.76e-04 | 2288.5s
  | Step 12000/150000 | Gen: -0.1815 (MSE: 0.1179, Sep: -0.2994) | Est: 4.0402 (NCE: 4.0211, GP: 0.0190) | Acc: 0.721 | GenLR: 8.65e-04 EstLR: 5.48e-04 | 2496.3s
  | Step 13000/150000 | Gen: -0.1833 (MSE: 0.1161, Sep: -0.2994) | Est: 4.0300 (NCE: 4.0114, GP: 0.0186) | Acc: 0.604 | GenLR: 8.42e-04 EstLR: 5.21e-04 | 2704.3s
  | Step 14000/150000 | Gen: -0.1860 (MSE: 0.1134, Sep: -0.2994) | Est: 4.0290 (NCE: 4.0098, GP: 0.0192) | Acc: 0.537 | GenLR: 8.19e-04 EstLR: 4.96e-04 | 2912.1s
  | Step 15000/150000 | Gen: -0.1779 (MSE: 0.1215, Sep: -0.2994) | Est: 4.0466 (NCE: 4.0282, GP: 0.0185) | Acc: 0.650 | GenLR: 7.94e-04 EstLR: 4.71e-04 | 3119.8s
  | Step 16000/150000 | Gen: -0.1857 (MSE: 0.1138, Sep: -0.2995) | Est: 4.0209 (NCE: 4.0018, GP: 0.0191) | Acc: 0.760 | GenLR: 7.68e-04 EstLR: 4.48e-04 | 3327.6s
  | Step 17000/150000 | Gen: -0.1966 (MSE: 0.1029, Sep: -0.2994) | Est: 4.0323 (NCE: 4.0139, GP: 0.0184) | Acc: 0.879 | GenLR: 7.41e-04 EstLR: 4.27e-04 | 3535.3s
  | Step 18000/150000 | Gen: -0.1972 (MSE: 0.1023, Sep: -0.2994) | Est: 4.0232 (NCE: 4.0046, GP: 0.0186) | Acc: 0.791 | GenLR: 7.13e-04 EstLR: 4.06e-04 | 3743.0s
  | Step 19000/150000 | Gen: -0.1943 (MSE: 0.1051, Sep: -0.2995) | Est: 4.0234 (NCE: 4.0047, GP: 0.0187) | Acc: 0.699 | GenLR: 6.84e-04 EstLR: 3.86e-04 | 3951.0s
  | Step 20000/150000 | Gen: -0.2005 (MSE: 0.0990, Sep: -0.2995) | Est: 4.0270 (NCE: 4.0089, GP: 0.0181) | Acc: 0.717 | GenLR: 6.55e-04 EstLR: 3.67e-04 | 4158.7s
  | Step 21000/150000 | Gen: -0.2015 (MSE: 0.0979, Sep: -0.2995) | Est: 4.0255 (NCE: 4.0073, GP: 0.0181) | Acc: 0.846 | GenLR: 6.25e-04 EstLR: 3.49e-04 | 4366.4s
  | Step 22000/150000 | Gen: -0.2021 (MSE: 0.0973, Sep: -0.2994) | Est: 4.0177 (NCE: 3.9989, GP: 0.0189) | Acc: 0.883 | GenLR: 5.94e-04 EstLR: 3.32e-04 | 4574.1s
  | Step 23000/150000 | Gen: -0.2092 (MSE: 0.0903, Sep: -0.2995) | Est: 4.0088 (NCE: 3.9905, GP: 0.0183) | Acc: 0.898 | GenLR: 5.63e-04 EstLR: 3.16e-04 | 4781.8s
  | Step 24000/150000 | Gen: -0.2078 (MSE: 0.0917, Sep: -0.2995) | Est: 4.0112 (NCE: 3.9929, GP: 0.0183) | Acc: 0.926 | GenLR: 5.32e-04 EstLR: 3.00e-04 | 4989.7s
  | Step 25000/150000 | Gen: -0.2130 (MSE: 0.0864, Sep: -0.2994) | Est: 4.0033 (NCE: 3.9851, GP: 0.0183) | Acc: 0.930 | GenLR: 5.01e-04 EstLR: 2.86e-04 | 5197.4s
  | Step 26000/150000 | Gen: -0.2144 (MSE: 0.0850, Sep: -0.2994) | Est: 4.0163 (NCE: 3.9975, GP: 0.0188) | Acc: 0.855 | GenLR: 4.69e-04 EstLR: 2.72e-04 | 5405.1s
  | Step 27000/150000 | Gen: -0.2108 (MSE: 0.0886, Sep: -0.2994) | Est: 4.0078 (NCE: 3.9901, GP: 0.0177) | Acc: 0.945 | GenLR: 4.38e-04 EstLR: 2.58e-04 | 5612.7s
  | Step 28000/150000 | Gen: -0.2177 (MSE: 0.0817, Sep: -0.2995) | Est: 4.0149 (NCE: 3.9967, GP: 0.0182) | Acc: 0.848 | GenLR: 4.07e-04 EstLR: 2.46e-04 | 5820.4s
  | Step 29000/150000 | Gen: -0.2120 (MSE: 0.0875, Sep: -0.2994) | Est: 4.0090 (NCE: 3.9908, GP: 0.0182) | Acc: 0.951 | GenLR: 3.76e-04 EstLR: 2.34e-04 | 6028.1s
  | Step 30000/150000 | Gen: -0.2121 (MSE: 0.0874, Sep: -0.2995) | Est: 4.0102 (NCE: 3.9919, GP: 0.0183) | Acc: 0.951 | GenLR: 3.46e-04 EstLR: 2.22e-04 | 6236.0s
  | Step 31000/150000 | Gen: -0.2169 (MSE: 0.0825, Sep: -0.2995) | Est: 4.0142 (NCE: 3.9966, GP: 0.0176) | Acc: 0.957 | GenLR: 3.17e-04 EstLR: 2.11e-04 | 6443.7s
  | Step 32000/150000 | Gen: -0.2203 (MSE: 0.0792, Sep: -0.2995) | Est: 4.0105 (NCE: 3.9923, GP: 0.0182) | Acc: 0.910 | GenLR: 2.88e-04 EstLR: 2.01e-04 | 6651.3s
  | Step 33000/150000 | Gen: -0.2192 (MSE: 0.0802, Sep: -0.2994) | Est: 4.0063 (NCE: 3.9877, GP: 0.0185) | Acc: 0.924 | GenLR: 2.60e-04 EstLR: 1.91e-04 | 6859.0s
  | Step 34000/150000 | Gen: -0.2204 (MSE: 0.0790, Sep: -0.2994) | Est: 4.0191 (NCE: 4.0004, GP: 0.0187) | Acc: 0.893 | GenLR: 2.33e-04 EstLR: 1.82e-04 | 7066.7s
  | Step 35000/150000 | Gen: -0.2212 (MSE: 0.0783, Sep: -0.2995) | Est: 4.0033 (NCE: 3.9858, GP: 0.0175) | Acc: 0.965 | GenLR: 2.07e-04 EstLR: 1.73e-04 | 7274.4s
  | Step 36000/150000 | Gen: -0.2216 (MSE: 0.0778, Sep: -0.2994) | Est: 4.0022 (NCE: 3.9843, GP: 0.0179) | Acc: 0.957 | GenLR: 1.82e-04 EstLR: 1.65e-04 | 7482.3s
  | Step 37000/150000 | Gen: -0.2284 (MSE: 0.0711, Sep: -0.2995) | Est: 4.0070 (NCE: 3.9892, GP: 0.0178) | Acc: 0.941 | GenLR: 1.59e-04 EstLR: 1.57e-04 | 7690.0s
  | Step 38000/150000 | Gen: -0.2261 (MSE: 0.0734, Sep: -0.2995) | Est: 4.0048 (NCE: 3.9873, GP: 0.0175) | Acc: 0.961 | GenLR: 1.36e-04 EstLR: 1.49e-04 | 7897.6s
  | Step 39000/150000 | Gen: -0.2284 (MSE: 0.0711, Sep: -0.2995) | Est: 4.0113 (NCE: 3.9939, GP: 0.0174) | Acc: 0.943 | GenLR: 1.16e-04 EstLR: 1.42e-04 | 8105.3s
  | Step 40000/150000 | Gen: -0.2229 (MSE: 0.0766, Sep: -0.2995) | Est: 4.0110 (NCE: 3.9936, GP: 0.0174) | Acc: 0.963 | GenLR: 9.64e-05 EstLR: 1.35e-04 | 8313.0s
  | Step 41000/150000 | Gen: -0.2271 (MSE: 0.0724, Sep: -0.2995) | Est: 4.0077 (NCE: 3.9907, GP: 0.0169) | Acc: 0.939 | GenLR: 7.88e-05 EstLR: 1.28e-04 | 8520.7s
  | Step 42000/150000 | Gen: -0.2269 (MSE: 0.0725, Sep: -0.2994) | Est: 4.0142 (NCE: 3.9969, GP: 0.0173) | Acc: 0.961 | GenLR: 6.28e-05 EstLR: 1.22e-04 | 8728.6s
  | Step 43000/150000 | Gen: -0.2272 (MSE: 0.0722, Sep: -0.2994) | Est: 4.0020 (NCE: 3.9850, GP: 0.0170) | Acc: 0.949 | GenLR: 4.85e-05 EstLR: 1.16e-04 | 8936.4s
  | Step 44000/150000 | Gen: -0.2306 (MSE: 0.0688, Sep: -0.2995) | Est: 4.0066 (NCE: 3.9894, GP: 0.0173) | Acc: 0.961 | GenLR: 3.61e-05 EstLR: 1.10e-04 | 9144.2s
  | Step 45000/150000 | Gen: -0.2316 (MSE: 0.0679, Sep: -0.2995) | Est: 4.0096 (NCE: 3.9926, GP: 0.0170) | Acc: 0.945 | GenLR: 2.54e-05 EstLR: 1.05e-04 | 9352.0s
  | Step 46000/150000 | Gen: -0.2304 (MSE: 0.0691, Sep: -0.2995) | Est: 4.0114 (NCE: 3.9938, GP: 0.0176) | Acc: 0.975 | GenLR: 1.67e-05 EstLR: 9.97e-05 | 9559.7s
  | Step 47000/150000 | Gen: -0.2297 (MSE: 0.0698, Sep: -0.2995) | Est: 4.0075 (NCE: 3.9906, GP: 0.0169) | Acc: 0.949 | GenLR: 9.85e-06 EstLR: 9.48e-05 | 9767.7s
  | Step 48000/150000 | Gen: -0.2328 (MSE: 0.0666, Sep: -0.2994) | Est: 4.0045 (NCE: 3.9870, GP: 0.0176) | Acc: 0.967 | GenLR: 4.94e-06 EstLR: 9.02e-05 | 9975.4s
  | Step 49000/150000 | Gen: -0.2300 (MSE: 0.0695, Sep: -0.2995) | Est: 4.0116 (NCE: 3.9938, GP: 0.0177) | Acc: 0.959 | GenLR: 1.99e-06 EstLR: 8.58e-05 | 10183.1s
  | Step 50000/150000 | Gen: -0.2285 (MSE: 0.0710, Sep: -0.2995) | Est: 4.0120 (NCE: 3.9944, GP: 0.0175) | Acc: 0.971 | GenLR: 1.00e-03 EstLR: 8.16e-05 | 10390.8s
  | Step 51000/150000 | Gen: -0.2121 (MSE: 0.0874, Sep: -0.2995) | Est: 4.0014 (NCE: 3.9849, GP: 0.0165) | Acc: 0.953 | GenLR: 9.99e-04 EstLR: 7.76e-05 | 10598.5s
  | Step 52000/150000 | Gen: -0.2125 (MSE: 0.0870, Sep: -0.2995) | Est: 4.0083 (NCE: 3.9916, GP: 0.0167) | Acc: 0.949 | GenLR: 9.96e-04 EstLR: 7.38e-05 | 10806.2s
  | Step 53000/150000 | Gen: -0.2101 (MSE: 0.0894, Sep: -0.2995) | Est: 4.0044 (NCE: 3.9875, GP: 0.0169) | Acc: 0.971 | GenLR: 9.91e-04 EstLR: 7.02e-05 | 11014.1s
  | Step 54000/150000 | Gen: -0.2160 (MSE: 0.0835, Sep: -0.2996) | Est: 4.0065 (NCE: 3.9899, GP: 0.0166) | Acc: 0.967 | GenLR: 9.84e-04 EstLR: 6.68e-05 | 11221.8s
  | Step 55000/150000 | Gen: -0.2171 (MSE: 0.0825, Sep: -0.2996) | Est: 4.0043 (NCE: 3.9875, GP: 0.0168) | Acc: 0.959 | GenLR: 9.76e-04 EstLR: 6.35e-05 | 11429.4s
  | Step 56000/150000 | Gen: -0.2167 (MSE: 0.0829, Sep: -0.2996) | Est: 4.0044 (NCE: 3.9872, GP: 0.0172) | Acc: 0.961 | GenLR: 9.65e-04 EstLR: 6.04e-05 | 11637.1s
  | Step 57000/150000 | Gen: -0.2155 (MSE: 0.0841, Sep: -0.2996) | Est: 4.0144 (NCE: 3.9973, GP: 0.0171) | Acc: 0.955 | GenLR: 9.52e-04 EstLR: 5.74e-05 | 11844.8s
  | Step 58000/150000 | Gen: -0.2233 (MSE: 0.0762, Sep: -0.2996) | Est: 4.0085 (NCE: 3.9915, GP: 0.0170) | Acc: 0.965 | GenLR: 9.38e-04 EstLR: 5.46e-05 | 12052.4s
  | Step 59000/150000 | Gen: -0.2236 (MSE: 0.0760, Sep: -0.2996) | Est: 4.0105 (NCE: 3.9935, GP: 0.0170) | Acc: 0.943 | GenLR: 9.22e-04 EstLR: 5.20e-05 | 12260.3s
  | Step 60000/150000 | Gen: -0.2090 (MSE: 0.0906, Sep: -0.2996) | Est: 4.0083 (NCE: 3.9913, GP: 0.0170) | Acc: 0.975 | GenLR: 9.05e-04 EstLR: 4.94e-05 | 12468.0s
  | Step 61000/150000 | Gen: -0.2242 (MSE: 0.0754, Sep: -0.2996) | Est: 4.0137 (NCE: 3.9968, GP: 0.0169) | Acc: 0.959 | GenLR: 8.85e-04 EstLR: 4.70e-05 | 12675.7s
  | Step 62000/150000 | Gen: -0.2371 (MSE: 0.0624, Sep: -0.2996) | Est: 4.0065 (NCE: 3.9898, GP: 0.0167) | Acc: 0.971 | GenLR: 8.65e-04 EstLR: 4.47e-05 | 12883.3s
  | Step 63000/150000 | Gen: -0.2309 (MSE: 0.0687, Sep: -0.2996) | Est: 4.0093 (NCE: 3.9927, GP: 0.0166) | Acc: 0.961 | GenLR: 8.42e-04 EstLR: 4.25e-05 | 13091.0s
  | Step 64000/150000 | Gen: -0.2346 (MSE: 0.0649, Sep: -0.2996) | Est: 4.0124 (NCE: 3.9958, GP: 0.0166) | Acc: 0.943 | GenLR: 8.19e-04 EstLR: 4.04e-05 | 13298.7s
  | Step 65000/150000 | Gen: -0.2343 (MSE: 0.0652, Sep: -0.2996) | Est: 4.0036 (NCE: 3.9869, GP: 0.0167) | Acc: 0.947 | GenLR: 7.94e-04 EstLR: 3.85e-05 | 13506.6s
  | Step 66000/150000 | Gen: -0.2325 (MSE: 0.0670, Sep: -0.2996) | Est: 4.0022 (NCE: 3.9853, GP: 0.0168) | Acc: 0.959 | GenLR: 7.68e-04 EstLR: 3.66e-05 | 13714.2s
  | Step 67000/150000 | Gen: -0.2306 (MSE: 0.0690, Sep: -0.2996) | Est: 4.0068 (NCE: 3.9902, GP: 0.0166) | Acc: 0.959 | GenLR: 7.41e-04 EstLR: 3.48e-05 | 13921.9s
  | Step 68000/150000 | Gen: -0.2396 (MSE: 0.0600, Sep: -0.2996) | Est: 4.0070 (NCE: 3.9901, GP: 0.0169) | Acc: 0.959 | GenLR: 7.13e-04 EstLR: 3.31e-05 | 14129.6s
  | Step 69000/150000 | Gen: -0.2391 (MSE: 0.0604, Sep: -0.2996) | Est: 4.0035 (NCE: 3.9865, GP: 0.0170) | Acc: 0.969 | GenLR: 6.84e-04 EstLR: 3.15e-05 | 14337.2s
  | Step 70000/150000 | Gen: -0.2354 (MSE: 0.0641, Sep: -0.2996) | Est: 4.0078 (NCE: 3.9911, GP: 0.0168) | Acc: 0.957 | GenLR: 6.55e-04 EstLR: 2.99e-05 | 14544.9s
  | Step 71000/150000 | Gen: -0.2375 (MSE: 0.0620, Sep: -0.2996) | Est: 4.0045 (NCE: 3.9876, GP: 0.0169) | Acc: 0.951 | GenLR: 6.25e-04 EstLR: 2.85e-05 | 14752.8s
  | Step 72000/150000 | Gen: -0.2422 (MSE: 0.0573, Sep: -0.2996) | Est: 4.0055 (NCE: 3.9887, GP: 0.0168) | Acc: 0.973 | GenLR: 5.94e-04 EstLR: 2.71e-05 | 14960.4s
  | Step 73000/150000 | Gen: -0.2354 (MSE: 0.0641, Sep: -0.2996) | Est: 4.0071 (NCE: 3.9902, GP: 0.0169) | Acc: 0.957 | GenLR: 5.63e-04 EstLR: 2.58e-05 | 15168.1s
  | Step 74000/150000 | Gen: -0.2456 (MSE: 0.0539, Sep: -0.2996) | Est: 4.0083 (NCE: 3.9919, GP: 0.0164) | Acc: 0.965 | GenLR: 5.32e-04 EstLR: 2.45e-05 | 15375.7s
  | Step 75000/150000 | Gen: -0.2463 (MSE: 0.0532, Sep: -0.2996) | Est: 4.0088 (NCE: 3.9924, GP: 0.0164) | Acc: 0.959 | GenLR: 5.01e-04 EstLR: 2.33e-05 | 15583.4s
  | Step 76000/150000 | Gen: -0.2490 (MSE: 0.0505, Sep: -0.2996) | Est: 4.0054 (NCE: 3.9889, GP: 0.0165) | Acc: 0.967 | GenLR: 4.69e-04 EstLR: 2.22e-05 | 15791.3s
  | Step 77000/150000 | Gen: -0.2532 (MSE: 0.0464, Sep: -0.2996) | Est: 4.0058 (NCE: 3.9893, GP: 0.0165) | Acc: 0.967 | GenLR: 4.38e-04 EstLR: 2.11e-05 | 15998.9s
  | Step 78000/150000 | Gen: -0.2524 (MSE: 0.0472, Sep: -0.2996) | Est: 4.0055 (NCE: 3.9889, GP: 0.0166) | Acc: 0.965 | GenLR: 4.07e-04 EstLR: 2.00e-05 | 16206.6s
  | Step 79000/150000 | Gen: -0.2542 (MSE: 0.0453, Sep: -0.2996) | Est: 4.0084 (NCE: 3.9910, GP: 0.0174) | Acc: 0.977 | GenLR: 3.76e-04 EstLR: 1.91e-05 | 16414.2s
  | Step 80000/150000 | Gen: -0.2523 (MSE: 0.0472, Sep: -0.2996) | Est: 4.0119 (NCE: 3.9954, GP: 0.0165) | Acc: 0.959 | GenLR: 3.46e-04 EstLR: 1.81e-05 | 16621.9s
  | Step 81000/150000 | Gen: -0.2575 (MSE: 0.0421, Sep: -0.2996) | Est: 4.0069 (NCE: 3.9903, GP: 0.0165) | Acc: 0.961 | GenLR: 3.17e-04 EstLR: 1.72e-05 | 16829.6s
  | Step 82000/150000 | Gen: -0.2571 (MSE: 0.0425, Sep: -0.2996) | Est: 4.0051 (NCE: 3.9886, GP: 0.0165) | Acc: 0.957 | GenLR: 2.88e-04 EstLR: 1.64e-05 | 17037.5s
  | Step 83000/150000 | Gen: -0.2582 (MSE: 0.0413, Sep: -0.2996) | Est: 4.0066 (NCE: 3.9900, GP: 0.0166) | Acc: 0.951 | GenLR: 2.60e-04 EstLR: 1.56e-05 | 17245.2s
  | Step 84000/150000 | Gen: -0.2581 (MSE: 0.0415, Sep: -0.2996) | Est: 4.0182 (NCE: 4.0015, GP: 0.0167) | Acc: 0.951 | GenLR: 2.33e-04 EstLR: 1.48e-05 | 17453.0s
  | Step 85000/150000 | Gen: -0.2612 (MSE: 0.0384, Sep: -0.2996) | Est: 4.0052 (NCE: 3.9887, GP: 0.0164) | Acc: 0.943 | GenLR: 2.07e-04 EstLR: 1.41e-05 | 17660.8s
  | Step 86000/150000 | Gen: -0.2604 (MSE: 0.0392, Sep: -0.2996) | Est: 4.0084 (NCE: 3.9923, GP: 0.0160) | Acc: 0.957 | GenLR: 1.82e-04 EstLR: 1.34e-05 | 17868.5s
  | Step 87000/150000 | Gen: -0.2638 (MSE: 0.0358, Sep: -0.2996) | Est: 4.0065 (NCE: 3.9902, GP: 0.0163) | Acc: 0.959 | GenLR: 1.59e-04 EstLR: 1.28e-05 | 18076.3s
  | Step 88000/150000 | Gen: -0.2657 (MSE: 0.0339, Sep: -0.2996) | Est: 4.0039 (NCE: 3.9877, GP: 0.0162) | Acc: 0.961 | GenLR: 1.36e-04 EstLR: 1.21e-05 | 18284.2s
  | Step 89000/150000 | Gen: -0.2657 (MSE: 0.0339, Sep: -0.2996) | Est: 4.0026 (NCE: 3.9861, GP: 0.0165) | Acc: 0.973 | GenLR: 1.16e-04 EstLR: 1.15e-05 | 18491.8s
  | Step 90000/150000 | Gen: -0.2657 (MSE: 0.0338, Sep: -0.2996) | Est: 4.0079 (NCE: 3.9912, GP: 0.0168) | Acc: 0.957 | GenLR: 9.64e-05 EstLR: 1.10e-05 | 18699.5s
  | Step 91000/150000 | Gen: -0.2682 (MSE: 0.0314, Sep: -0.2996) | Est: 4.0075 (NCE: 3.9909, GP: 0.0167) | Acc: 0.945 | GenLR: 7.88e-05 EstLR: 1.04e-05 | 18907.1s
  | Step 92000/150000 | Gen: -0.2635 (MSE: 0.0360, Sep: -0.2996) | Est: 4.0045 (NCE: 3.9880, GP: 0.0165) | Acc: 0.959 | GenLR: 6.28e-05 EstLR: 9.94e-06 | 19114.8s
  | Step 93000/150000 | Gen: -0.2677 (MSE: 0.0319, Sep: -0.2996) | Est: 4.0067 (NCE: 3.9901, GP: 0.0166) | Acc: 0.971 | GenLR: 4.85e-05 EstLR: 9.45e-06 | 19322.4s
  | Step 94000/150000 | Gen: -0.2663 (MSE: 0.0333, Sep: -0.2996) | Est: 4.0078 (NCE: 3.9915, GP: 0.0163) | Acc: 0.951 | GenLR: 3.61e-05 EstLR: 8.99e-06 | 19530.3s
  | Step 95000/150000 | Gen: -0.2679 (MSE: 0.0317, Sep: -0.2996) | Est: 4.0048 (NCE: 3.9881, GP: 0.0167) | Acc: 0.971 | GenLR: 2.54e-05 EstLR: 8.55e-06 | 19738.0s
  | Step 96000/150000 | Gen: -0.2680 (MSE: 0.0316, Sep: -0.2996) | Est: 4.0038 (NCE: 3.9873, GP: 0.0165) | Acc: 0.951 | GenLR: 1.67e-05 EstLR: 8.13e-06 | 19945.6s
  | Step 97000/150000 | Gen: -0.2681 (MSE: 0.0315, Sep: -0.2996) | Est: 4.0082 (NCE: 3.9921, GP: 0.0161) | Acc: 0.963 | GenLR: 9.85e-06 EstLR: 7.73e-06 | 20153.2s
  | Step 98000/150000 | Gen: -0.2664 (MSE: 0.0332, Sep: -0.2996) | Est: 4.0085 (NCE: 3.9925, GP: 0.0161) | Acc: 0.961 | GenLR: 4.94e-06 EstLR: 7.36e-06 | 20360.9s
  | Step 99000/150000 | Gen: -0.2684 (MSE: 0.0312, Sep: -0.2996) | Est: 4.0045 (NCE: 3.9878, GP: 0.0167) | Acc: 0.973 | GenLR: 1.99e-06 EstLR: 7.00e-06 | 20568.5s
  | Step 100000/150000 | Gen: -0.2674 (MSE: 0.0322, Sep: -0.2996) | Est: 4.0074 (NCE: 3.9904, GP: 0.0169) | Acc: 0.963 | GenLR: 1.00e-03 EstLR: 6.65e-06 | 20776.4s
  | Step 101000/150000 | Gen: -0.2306 (MSE: 0.0689, Sep: -0.2996) | Est: 4.0074 (NCE: 3.9909, GP: 0.0166) | Acc: 0.957 | GenLR: 9.99e-04 EstLR: 6.33e-06 | 20984.1s
  | Step 102000/150000 | Gen: -0.2331 (MSE: 0.0665, Sep: -0.2996) | Est: 4.0092 (NCE: 3.9924, GP: 0.0168) | Acc: 0.955 | GenLR: 9.96e-04 EstLR: 6.02e-06 | 21191.7s
  | Step 103000/150000 | Gen: -0.2497 (MSE: 0.0499, Sep: -0.2996) | Est: 4.0044 (NCE: 3.9879, GP: 0.0164) | Acc: 0.967 | GenLR: 9.91e-04 EstLR: 5.72e-06 | 21399.4s
  | Step 104000/150000 | Gen: -0.2422 (MSE: 0.0574, Sep: -0.2996) | Est: 4.0103 (NCE: 3.9942, GP: 0.0162) | Acc: 0.959 | GenLR: 9.84e-04 EstLR: 5.45e-06 | 21607.1s
  | Step 105000/150000 | Gen: -0.2387 (MSE: 0.0609, Sep: -0.2996) | Est: 4.0143 (NCE: 3.9980, GP: 0.0163) | Acc: 0.953 | GenLR: 9.76e-04 EstLR: 5.18e-06 | 21815.0s
  | Step 106000/150000 | Gen: -0.2538 (MSE: 0.0458, Sep: -0.2996) | Est: 4.0118 (NCE: 3.9952, GP: 0.0165) | Acc: 0.961 | GenLR: 9.65e-04 EstLR: 4.93e-06 | 22022.6s
  | Step 107000/150000 | Gen: -0.2398 (MSE: 0.0597, Sep: -0.2996) | Est: 4.0121 (NCE: 3.9956, GP: 0.0165) | Acc: 0.953 | GenLR: 9.52e-04 EstLR: 4.68e-06 | 22230.3s
  | Step 108000/150000 | Gen: -0.2536 (MSE: 0.0459, Sep: -0.2996) | Est: 4.0060 (NCE: 3.9900, GP: 0.0160) | Acc: 0.973 | GenLR: 9.38e-04 EstLR: 4.46e-06 | 22437.9s
  | Step 109000/150000 | Gen: -0.2569 (MSE: 0.0426, Sep: -0.2996) | Est: 4.0107 (NCE: 3.9945, GP: 0.0162) | Acc: 0.955 | GenLR: 9.22e-04 EstLR: 4.24e-06 | 22645.5s
  | Step 110000/150000 | Gen: -0.2247 (MSE: 0.0749, Sep: -0.2996) | Est: 4.0062 (NCE: 3.9900, GP: 0.0162) | Acc: 0.953 | GenLR: 9.05e-04 EstLR: 4.03e-06 | 22853.1s
  | Step 111000/150000 | Gen: -0.2515 (MSE: 0.0480, Sep: -0.2996) | Est: 4.0111 (NCE: 3.9948, GP: 0.0163) | Acc: 0.955 | GenLR: 8.85e-04 EstLR: 3.83e-06 | 23060.9s
  | Step 112000/150000 | Gen: -0.2441 (MSE: 0.0555, Sep: -0.2996) | Est: 4.0071 (NCE: 3.9905, GP: 0.0167) | Acc: 0.953 | GenLR: 8.65e-04 EstLR: 3.65e-06 | 23268.5s
  | Step 113000/150000 | Gen: -0.2517 (MSE: 0.0479, Sep: -0.2996) | Est: 4.0072 (NCE: 3.9909, GP: 0.0164) | Acc: 0.945 | GenLR: 8.42e-04 EstLR: 3.47e-06 | 23476.1s
  | Step 114000/150000 | Gen: -0.2699 (MSE: 0.0297, Sep: -0.2996) | Est: 4.0103 (NCE: 3.9939, GP: 0.0164) | Acc: 0.943 | GenLR: 8.19e-04 EstLR: 3.30e-06 | 23683.6s
  | Step 115000/150000 | Gen: -0.2685 (MSE: 0.0311, Sep: -0.2996) | Est: 4.0115 (NCE: 3.9954, GP: 0.0161) | Acc: 0.955 | GenLR: 7.94e-04 EstLR: 3.14e-06 | 23891.2s
  | Step 116000/150000 | Gen: -0.2644 (MSE: 0.0352, Sep: -0.2996) | Est: 4.0140 (NCE: 3.9975, GP: 0.0164) | Acc: 0.961 | GenLR: 7.68e-04 EstLR: 2.98e-06 | 24098.8s
  | Step 117000/150000 | Gen: -0.2121 (MSE: 0.0875, Sep: -0.2996) | Est: 4.0047 (NCE: 3.9880, GP: 0.0167) | Acc: 0.980 | GenLR: 7.41e-04 EstLR: 2.84e-06 | 24306.6s
  | Step 118000/150000 | Gen: -0.2784 (MSE: 0.0212, Sep: -0.2996) | Est: 4.0069 (NCE: 3.9901, GP: 0.0167) | Acc: 0.975 | GenLR: 7.13e-04 EstLR: 2.70e-06 | 24514.2s
  | Step 119000/150000 | Gen: -0.2699 (MSE: 0.0297, Sep: -0.2996) | Est: 4.0059 (NCE: 3.9895, GP: 0.0164) | Acc: 0.973 | GenLR: 6.84e-04 EstLR: 2.57e-06 | 24721.8s
  | Step 120000/150000 | Gen: -0.2673 (MSE: 0.0322, Sep: -0.2996) | Est: 4.0050 (NCE: 3.9889, GP: 0.0161) | Acc: 0.967 | GenLR: 6.55e-04 EstLR: 2.44e-06 | 24929.4s
  | Step 121000/150000 | Gen: -0.2748 (MSE: 0.0247, Sep: -0.2996) | Est: 4.0109 (NCE: 3.9947, GP: 0.0162) | Acc: 0.947 | GenLR: 6.25e-04 EstLR: 2.32e-06 | 25136.9s
  | Step 122000/150000 | Gen: -0.2733 (MSE: 0.0263, Sep: -0.2996) | Est: 4.0036 (NCE: 3.9874, GP: 0.0162) | Acc: 0.951 | GenLR: 5.94e-04 EstLR: 2.21e-06 | 25344.5s
  | Step 123000/150000 | Gen: -0.2721 (MSE: 0.0275, Sep: -0.2996) | Est: 4.0102 (NCE: 3.9939, GP: 0.0163) | Acc: 0.957 | GenLR: 5.63e-04 EstLR: 2.10e-06 | 25552.3s
  | Step 124000/150000 | Gen: -0.2724 (MSE: 0.0272, Sep: -0.2996) | Est: 4.0105 (NCE: 3.9943, GP: 0.0162) | Acc: 0.965 | GenLR: 5.32e-04 EstLR: 2.00e-06 | 25759.9s
  | Step 125000/150000 | Gen: -0.2723 (MSE: 0.0273, Sep: -0.2996) | Est: 4.0086 (NCE: 3.9921, GP: 0.0165) | Acc: 0.955 | GenLR: 5.01e-04 EstLR: 1.90e-06 | 25967.4s
  | Step 126000/150000 | Gen: -0.2670 (MSE: 0.0326, Sep: -0.2996) | Est: 4.0103 (NCE: 3.9937, GP: 0.0166) | Acc: 0.959 | GenLR: 4.69e-04 EstLR: 1.81e-06 | 26175.0s
  | Step 127000/150000 | Gen: -0.2797 (MSE: 0.0198, Sep: -0.2996) | Est: 4.0085 (NCE: 3.9925, GP: 0.0160) | Acc: 0.959 | GenLR: 4.38e-04 EstLR: 1.72e-06 | 26382.6s
  | Step 128000/150000 | Gen: -0.2789 (MSE: 0.0206, Sep: -0.2996) | Est: 4.0066 (NCE: 3.9902, GP: 0.0164) | Acc: 0.951 | GenLR: 4.07e-04 EstLR: 1.64e-06 | 26590.2s
  | Step 129000/150000 | Gen: -0.2825 (MSE: 0.0171, Sep: -0.2996) | Est: 4.0102 (NCE: 3.9940, GP: 0.0162) | Acc: 0.961 | GenLR: 3.76e-04 EstLR: 1.56e-06 | 26798.0s
  | Step 130000/150000 | Gen: -0.2805 (MSE: 0.0191, Sep: -0.2996) | Est: 4.0027 (NCE: 3.9863, GP: 0.0164) | Acc: 0.967 | GenLR: 3.46e-04 EstLR: 1.48e-06 | 27005.6s
  | Step 131000/150000 | Gen: -0.2805 (MSE: 0.0191, Sep: -0.2996) | Est: 4.0084 (NCE: 3.9922, GP: 0.0162) | Acc: 0.953 | GenLR: 3.17e-04 EstLR: 1.41e-06 | 27213.2s
  | Step 132000/150000 | Gen: -0.2822 (MSE: 0.0174, Sep: -0.2996) | Est: 4.0056 (NCE: 3.9892, GP: 0.0164) | Acc: 0.969 | GenLR: 2.88e-04 EstLR: 1.34e-06 | 27420.8s
  | Step 133000/150000 | Gen: -0.2829 (MSE: 0.0167, Sep: -0.2996) | Est: 4.0082 (NCE: 3.9919, GP: 0.0163) | Acc: 0.961 | GenLR: 2.60e-04 EstLR: 1.27e-06 | 27628.4s
  | Step 134000/150000 | Gen: -0.2836 (MSE: 0.0160, Sep: -0.2996) | Est: 4.0112 (NCE: 3.9949, GP: 0.0163) | Acc: 0.938 | GenLR: 2.33e-04 EstLR: 1.21e-06 | 27836.1s
  | Step 135000/150000 | Gen: -0.2850 (MSE: 0.0146, Sep: -0.2996) | Est: 4.0090 (NCE: 3.9926, GP: 0.0164) | Acc: 0.965 | GenLR: 2.07e-04 EstLR: 1.15e-06 | 28043.7s
  | Step 136000/150000 | Gen: -0.2859 (MSE: 0.0137, Sep: -0.2996) | Est: 4.0103 (NCE: 3.9940, GP: 0.0164) | Acc: 0.965 | GenLR: 1.82e-04 EstLR: 1.09e-06 | 28251.3s
  | Step 137000/150000 | Gen: -0.2858 (MSE: 0.0137, Sep: -0.2996) | Est: 4.0066 (NCE: 3.9905, GP: 0.0161) | Acc: 0.963 | GenLR: 1.59e-04 EstLR: 1.04e-06 | 28458.8s
  | Step 138000/150000 | Gen: -0.2867 (MSE: 0.0129, Sep: -0.2996) | Est: 4.0091 (NCE: 3.9928, GP: 0.0163) | Acc: 0.967 | GenLR: 1.36e-04 EstLR: 9.90e-07 | 28666.4s
  | Step 139000/150000 | Gen: -0.2867 (MSE: 0.0129, Sep: -0.2996) | Est: 4.0050 (NCE: 3.9891, GP: 0.0159) | Acc: 0.965 | GenLR: 1.16e-04 EstLR: 9.42e-07 | 28874.0s
  | Step 140000/150000 | Gen: -0.2868 (MSE: 0.0128, Sep: -0.2996) | Est: 4.0086 (NCE: 3.9924, GP: 0.0162) | Acc: 0.955 | GenLR: 9.64e-05 EstLR: 8.96e-07 | 29081.8s
  | Step 141000/150000 | Gen: -0.2870 (MSE: 0.0126, Sep: -0.2996) | Est: 4.0110 (NCE: 3.9947, GP: 0.0163) | Acc: 0.953 | GenLR: 7.88e-05 EstLR: 8.52e-07 | 29289.5s
  | Step 142000/150000 | Gen: -0.2876 (MSE: 0.0119, Sep: -0.2996) | Est: 4.0050 (NCE: 3.9887, GP: 0.0162) | Acc: 0.945 | GenLR: 6.28e-05 EstLR: 8.11e-07 | 29497.1s
  | Step 143000/150000 | Gen: -0.2866 (MSE: 0.0129, Sep: -0.2996) | Est: 4.0061 (NCE: 3.9899, GP: 0.0162) | Acc: 0.979 | GenLR: 4.85e-05 EstLR: 7.71e-07 | 29704.8s
  | Step 144000/150000 | Gen: -0.2877 (MSE: 0.0118, Sep: -0.2996) | Est: 4.0106 (NCE: 3.9940, GP: 0.0166) | Acc: 0.967 | GenLR: 3.61e-05 EstLR: 7.33e-07 | 29912.4s
  | Step 145000/150000 | Gen: -0.2878 (MSE: 0.0118, Sep: -0.2996) | Est: 4.0088 (NCE: 3.9925, GP: 0.0163) | Acc: 0.957 | GenLR: 2.54e-05 EstLR: 6.97e-07 | 30120.1s
  | Step 146000/150000 | Gen: -0.2874 (MSE: 0.0122, Sep: -0.2996) | Est: 4.0024 (NCE: 3.9862, GP: 0.0162) | Acc: 0.969 | GenLR: 1.67e-05 EstLR: 6.63e-07 | 30327.9s
  | Step 147000/150000 | Gen: -0.2876 (MSE: 0.0120, Sep: -0.2996) | Est: 4.0108 (NCE: 3.9944, GP: 0.0164) | Acc: 0.957 | GenLR: 9.85e-06 EstLR: 6.31e-07 | 30535.5s
  | Step 148000/150000 | Gen: -0.2883 (MSE: 0.0112, Sep: -0.2996) | Est: 4.0079 (NCE: 3.9913, GP: 0.0166) | Acc: 0.967 | GenLR: 4.94e-06 EstLR: 6.00e-07 | 30743.1s
  | Step 149000/150000 | Gen: -0.2885 (MSE: 0.0110, Sep: -0.2996) | Est: 4.0061 (NCE: 3.9897, GP: 0.0164) | Acc: 0.969 | GenLR: 1.99e-06 EstLR: 5.71e-07 | 30950.6s
  | Step 150000/150000 | Gen: -0.2884 (MSE: 0.0112, Sep: -0.2996) | Est: 4.0099 (NCE: 3.9938, GP: 0.0161) | Acc: 0.955 | GenLR: 1.00e-03 EstLR: 5.43e-07 | 31158.2s
  | 
  | Training completed in 31158.2s (519.30 min)
  | Models saved to /home1/halbertb/Q3CIBC/checkpoints/hpsearch/trial_016/

  Training completed in 31191s
  Evaluating...

  Result: success_rate=86.00%, avg_reward=0.860
