==========================================
SLURM_JOB_ID = 7927952
SLURM_JOB_NODELIST = d14-04
TMPDIR = /tmp/SLURM_7927952
==========================================
2026-04-13 12:54:47.351435: I tensorflow/core/platform/cpu_feature_guard.cc:210] This TensorFlow binary is optimized to use available CPU instructions in performance-critical operations.
To enable the following instructions: AVX2 AVX512F FMA, in other operations, rebuild TensorFlow with the appropriate compiler flags.
WARNING: All log messages before absl::InitializeLog() is called are written to STDERR
I0000 00:00:1776110107.899867  714464 gpu_device.cc:2020] Created device /job:localhost/replica:0/task:0/device:GPU:0 with 31134 MB memory:  -> device: 0, name: Tesla V100-PCIE-32GB, pci bus id: 0000:3b:00.0, compute capability: 7.0
2026-04-13 12:55:08.245368: I tensorflow/core/kernels/data/tf_record_dataset_op.cc:390] TFRecordDataset `buffer_size` is unspecified, default to 262144
2026-04-13 12:55:10.459062: I tensorflow/core/framework/local_rendezvous.cc:407] Local rendezvous is aborting with status: OUT_OF_RANGE: End of sequence
2026-04-13 12:55:13.375972: I tensorflow/core/framework/local_rendezvous.cc:407] Local rendezvous is aborting with status: OUT_OF_RANGE: End of sequence
2026-04-13 12:55:18.194096: I tensorflow/core/framework/local_rendezvous.cc:407] Local rendezvous is aborting with status: OUT_OF_RANGE: End of sequence
2026-04-13 12:55:31.203279: I tensorflow/core/framework/local_rendezvous.cc:407] Local rendezvous is aborting with status: OUT_OF_RANGE: End of sequence

======================================================================
DFO Trial 27
======================================================================
Params: {
  "TRAINING_STEPS": 100000,
  "BATCH_SIZE": 512,
  "LEARNING_RATE": 0.001,
  "LR_DECAY_RATE": 0.99,
  "LR_DECAY_STEPS": 100,
  "NUM_COUNTER_EXAMPLES": 16,
  "LANGEVIN_TRAIN_ITERATIONS": 100,
  "LANGEVIN_STEPSIZE_INIT": 0.1,
  "LANGEVIN_STEPSIZE_FINAL": 1e-05,
  "LANGEVIN_STEPSIZE_POWER": 2.0,
  "LANGEVIN_NOISE_SCALE": 1.0,
  "LANGEVIN_DELTA_ACTION_CLIP": 0.1,
  "GRADIENT_MARGIN": 1.0,
  "SOFTMAX_TEMPERATURE": 0.5,
  "UNIFORM_BOUNDARY_BUFFER": 0.05,
  "HIDDEN_DIMS": [
    256,
    256
  ]
}

  Training (100000 steps)...
  Using device: cuda
  n_dim=8, action_dim=8, frame_stack=2
  Steps=100000, LR=0.001, Temp=0.5
  Counter-examples=16, Langevin iters=100
  Model: [256, 256], Grad margin=1.0
  Dataset size: 102000
  Step 500/100000 | Loss: 2.6124 (NCE: 2.5996, GP: 0.0128) | Acc: 0.113 | LR: 9.51e-04 | 40.1s
  Step 1000/100000 | Loss: 2.5701 (NCE: 2.5508, GP: 0.0194) | Acc: 0.188 | LR: 9.04e-04 | 76.9s
  Step 1500/100000 | Loss: 2.6069 (NCE: 2.5887, GP: 0.0181) | Acc: 0.400 | LR: 8.60e-04 | 113.7s
  Step 2000/100000 | Loss: 2.6278 (NCE: 2.6104, GP: 0.0174) | Acc: 0.465 | LR: 8.18e-04 | 150.2s
  Step 2500/100000 | Loss: 2.6298 (NCE: 2.6116, GP: 0.0183) | Acc: 0.656 | LR: 7.78e-04 | 187.8s
  Step 3000/100000 | Loss: 2.6268 (NCE: 2.6093, GP: 0.0175) | Acc: 0.582 | LR: 7.40e-04 | 225.8s
  Step 3500/100000 | Loss: 2.6150 (NCE: 2.5977, GP: 0.0173) | Acc: 0.676 | LR: 7.03e-04 | 264.0s
  Step 4000/100000 | Loss: 2.5985 (NCE: 2.5791, GP: 0.0194) | Acc: 0.715 | LR: 6.69e-04 | 304.8s
  Step 4500/100000 | Loss: 2.5958 (NCE: 2.5768, GP: 0.0191) | Acc: 0.768 | LR: 6.36e-04 | 405.0s
  Step 5000/100000 | Loss: 2.5964 (NCE: 2.5747, GP: 0.0217) | Acc: 0.697 | LR: 6.05e-04 | 520.0s
  Step 5500/100000 | Loss: 2.6034 (NCE: 2.5827, GP: 0.0206) | Acc: 0.795 | LR: 5.75e-04 | 564.0s
  Step 6000/100000 | Loss: 2.5950 (NCE: 2.5758, GP: 0.0192) | Acc: 0.855 | LR: 5.47e-04 | 601.2s
  Step 6500/100000 | Loss: 2.5860 (NCE: 2.5654, GP: 0.0205) | Acc: 0.840 | LR: 5.20e-04 | 638.3s
  Step 7000/100000 | Loss: 2.6051 (NCE: 2.5851, GP: 0.0199) | Acc: 0.848 | LR: 4.95e-04 | 684.8s
  Step 7500/100000 | Loss: 2.6104 (NCE: 2.5886, GP: 0.0218) | Acc: 0.781 | LR: 4.71e-04 | 725.4s
  Step 8000/100000 | Loss: 2.5902 (NCE: 2.5698, GP: 0.0204) | Acc: 0.926 | LR: 4.48e-04 | 762.6s
  Step 8500/100000 | Loss: 2.6049 (NCE: 2.5842, GP: 0.0208) | Acc: 0.924 | LR: 4.26e-04 | 799.8s
  Step 9000/100000 | Loss: 2.5954 (NCE: 2.5753, GP: 0.0201) | Acc: 0.885 | LR: 4.05e-04 | 841.1s
  Step 9500/100000 | Loss: 2.5968 (NCE: 2.5762, GP: 0.0206) | Acc: 0.887 | LR: 3.85e-04 | 878.8s
  Step 10000/100000 | Loss: 2.5810 (NCE: 2.5615, GP: 0.0195) | Acc: 0.934 | LR: 3.66e-04 | 925.4s
  Step 10500/100000 | Loss: 2.5986 (NCE: 2.5779, GP: 0.0207) | Acc: 0.924 | LR: 3.48e-04 | 965.7s
  Step 11000/100000 | Loss: 2.6011 (NCE: 2.5806, GP: 0.0205) | Acc: 0.930 | LR: 3.31e-04 | 1008.2s
  Step 11500/100000 | Loss: 2.5978 (NCE: 2.5761, GP: 0.0217) | Acc: 0.881 | LR: 3.15e-04 | 1054.4s
  Step 12000/100000 | Loss: 2.5996 (NCE: 2.5791, GP: 0.0205) | Acc: 0.930 | LR: 2.99e-04 | 1101.6s
srun: Job step aborted: Waiting up to 32 seconds for job step to finish.
[2026-04-13T13:14:36.530] error: *** STEP 7927952.0 ON d14-04 CANCELLED AT 2026-04-13T13:14:36 DUE to SIGNAL Terminated ***
[2026-04-13T13:14:36.530] error: *** JOB 7927952 ON d14-04 CANCELLED AT 2026-04-13T13:14:36 DUE to SIGNAL Terminated ***
