==========================================
SLURM_JOB_ID = 8158150
SLURM_JOB_NODELIST = b10-10
TMPDIR = /tmp/SLURM_8158150
==========================================
Detected tunable params in combinedv2_cpascounter_training.py:
  - control_points  (search space: [20, 30, 50, 75, 100])
  - learning_rate  (search space: [0.0001, 0.0003, 0.0005, 0.001, 0.002, 0.005])
  - batch_size  (search space: [128, 256, 512])
  - counter_examples  (search space: [8, 16, 32, 64])
  - top_k_control_points  (search space: [10, 20, 50, 70])
  - separation_weight  (search space: [0.01, 0.05, 0.1, 0.2])
  - mse_weight  (search space: [1.0, 3.0, 5.0, 10.0])
  - info_nce_weight  (search space: [0.5, 1.0, 2.0])
  - generator_infonce_weight  (search space: [0.01, 0.05, 0.1, 0.2])
  - training_steps  (search space: [50000, 100000, 200000])
  - separation_loss  (search space: ['separation', 'entropy'])
  - entropy_bandwidth  (search space: [0.05, 0.1, 0.2])
  - num_hidden_layers  (search space: [2, 4, 8])
  - num_neurons  (search space: [128, 256, 512])
  - estimator_learning_rate  (search space: [0.0001, 0.0003, 0.0005, 0.001])
  - scheduler_type  (search space: ['cosine', 'cosine_warm_restarts'])
  - cosine_t0  (search space: [25000, 50000, 100000])
  - infonce_logit_clamp  (search space: [10.0, 20.0, 30.0, 50.0])
  - use_spectral_norm  (search space: [True, False])
  - cosine_t_max  (search space: [100000, 150000, 200000])

Baseline (current config):
  control_points = 50
  learning_rate = 0.001
  batch_size = 256
  counter_examples = 0
  top_k_control_points = 30
  separation_weight = 0.05
  mse_weight = 50.0
  info_nce_weight = 1.0
  generator_infonce_weight = 0.05
  training_steps = 150000
  separation_loss = separation
  entropy_bandwidth = 0.1
  num_hidden_layers = 2
  num_neurons = 256
  scheduler_type = cosine
  infonce_logit_clamp = 20.0


================================================================================
TRIAL 50 — combinedv2_cpascounter_training.py
================================================================================
Parameters:
{
  "control_points": 30,
  "learning_rate": 0.001,
  "batch_size": 512,
  "counter_examples": 0,
  "top_k_control_points": 30,
  "separation_weight": 0.1,
  "mse_weight": 20.0,
  "info_nce_weight": 1.0,
  "generator_infonce_weight": 0.05,
  "training_steps": 200000,
  "separation_loss": "entropy",
  "entropy_bandwidth": 0.1,
  "num_hidden_layers": 2,
  "num_neurons": 256,
  "scheduler_type": "cosine",
  "infonce_logit_clamp": 20.0
}

  Training (200000 steps)...
  | Using device: cuda
  | Active environment: particle
  | Training steps: 200000
  | Batch size: 512
  | Learning rate (generator): 0.001
  | Learning rate (estimator): 0.001
  | Scheduler: cosine
  | InfoNCE logit clamp: 20.0
  | Spectral norm (estimator): False
  | Top-k control points as counter examples: 30
  | Langevin counter examples (from counter_examples): 0
  | Frame stack: 2
  | Loading particle dataset...
  | 2026-04-18 10:39:51.574866: I tensorflow/core/platform/cpu_feature_guard.cc:210] This TensorFlow binary is optimized to use available CPU instructions in performance-critical operations.
  | To enable the following instructions: AVX2 FMA, in other operations, rebuild TensorFlow with the appropriate compiler flags.
  | WARNING: All log messages before absl::InitializeLog() is called are written to STDERR
  | I0000 00:00:1776533999.422160 2824907 gpu_device.cc:2020] Created device /job:localhost/replica:0/task:0/device:GPU:0 with 43683 MB memory:  -> device: 0, name: NVIDIA A40, pci bus id: 0000:21:00.0, compute capability: 8.6
  | 2026-04-18 10:40:00.145320: I tensorflow/core/kernels/data/tf_record_dataset_op.cc:390] TFRecordDataset `buffer_size` is unspecified, default to 262144
  | 2026-04-18 10:40:01.167775: I tensorflow/core/framework/local_rendezvous.cc:407] Local rendezvous is aborting with status: OUT_OF_RANGE: End of sequence
  | 2026-04-18 10:40:02.195194: I tensorflow/core/framework/local_rendezvous.cc:407] Local rendezvous is aborting with status: OUT_OF_RANGE: End of sequence
  | 2026-04-18 10:40:04.243757: I tensorflow/core/framework/local_rendezvous.cc:407] Local rendezvous is aborting with status: OUT_OF_RANGE: End of sequence
  | 2026-04-18 10:40:08.316807: I tensorflow/core/framework/local_rendezvous.cc:407] Local rendezvous is aborting with status: OUT_OF_RANGE: End of sequence
  | Dataset size: 102000
  | Particle dataset episodes: 2000 | Avg samples/episode: 51.00
  | Step 1000/200000 | Total: 1.2146 (MSE: 0.1463, Sep: -0.3244, EST: 1.4661, GEN_INF_ONCE(-): 1.4661, Acc: 0.661) | LR: 1.00e-03 | 9.0s
  | Step 2000/200000 | Total: 0.7007 (MSE: 0.1414, Sep: -0.3309, EST: 0.9371, GEN_INF_ONCE(-): 0.9371, Acc: 0.741) | LR: 1.00e-03 | 16.2s
  | Step 3000/200000 | Total: 0.4118 (MSE: 0.1507, Sep: -0.3313, EST: 0.6236, GEN_INF_ONCE(-): 0.6236, Acc: 0.875) | LR: 9.99e-04 | 23.3s
  | Step 4000/200000 | Total: 0.3125 (MSE: 0.1375, Sep: -0.3338, EST: 0.5355, GEN_INF_ONCE(-): 0.5355, Acc: 0.884) | LR: 9.99e-04 | 30.4s
  | Step 5000/200000 | Total: 0.0662 (MSE: 0.1396, Sep: -0.3355, EST: 0.2759, GEN_INF_ONCE(-): 0.2759, Acc: 0.955) | LR: 9.98e-04 | 37.5s
  | Step 6000/200000 | Total: 0.0240 (MSE: 0.1450, Sep: -0.3360, EST: 0.2263, GEN_INF_ONCE(-): 0.2263, Acc: 0.973) | LR: 9.98e-04 | 44.6s
  | Step 7000/200000 | Total: -0.0674 (MSE: 0.1461, Sep: -0.3360, EST: 0.1290, GEN_INF_ONCE(-): 0.1290, Acc: 0.991) | LR: 9.97e-04 | 51.9s
  | Step 8000/200000 | Total: -0.0951 (MSE: 0.1238, Sep: -0.3360, EST: 0.1232, GEN_INF_ONCE(-): 0.1232, Acc: 0.973) | LR: 9.96e-04 | 58.9s
  | Step 9000/200000 | Total: -0.0843 (MSE: 0.1245, Sep: -0.3357, EST: 0.1336, GEN_INF_ONCE(-): 0.1336, Acc: 0.973) | LR: 9.95e-04 | 66.0s
  | Step 10000/200000 | Total: -0.0957 (MSE: 0.1306, Sep: -0.3356, EST: 0.1151, GEN_INF_ONCE(-): 0.1151, Acc: 0.955) | LR: 9.94e-04 | 73.0s
  | Step 11000/200000 | Total: -0.1491 (MSE: 0.1309, Sep: -0.3355, EST: 0.0585, GEN_INF_ONCE(-): 0.0585, Acc: 0.982) | LR: 9.93e-04 | 80.1s
  | Step 12000/200000 | Total: -0.1261 (MSE: 0.1287, Sep: -0.3354, EST: 0.0848, GEN_INF_ONCE(-): 0.0848, Acc: 0.973) | LR: 9.91e-04 | 87.2s
  | Step 13000/200000 | Total: -0.1560 (MSE: 0.1265, Sep: -0.3352, EST: 0.0554, GEN_INF_ONCE(-): 0.0554, Acc: 0.991) | LR: 9.90e-04 | 94.5s
  | Step 14000/200000 | Total: -0.1666 (MSE: 0.1276, Sep: -0.3354, EST: 0.0435, GEN_INF_ONCE(-): 0.0435, Acc: 0.982) | LR: 9.88e-04 | 101.6s
  | Step 15000/200000 | Total: -0.1844 (MSE: 0.1250, Sep: -0.3357, EST: 0.0277, GEN_INF_ONCE(-): 0.0277, Acc: 1.000) | LR: 9.86e-04 | 108.6s
  | Step 16000/200000 | Total: -0.1638 (MSE: 0.1128, Sep: -0.3357, EST: 0.0622, GEN_INF_ONCE(-): 0.0622, Acc: 0.982) | LR: 9.84e-04 | 115.7s
  | Step 17000/200000 | Total: -0.1553 (MSE: 0.1186, Sep: -0.3355, EST: 0.0648, GEN_INF_ONCE(-): 0.0648, Acc: 0.982) | LR: 9.82e-04 | 122.8s
  | Step 18000/200000 | Total: -0.1913 (MSE: 0.1063, Sep: -0.3356, EST: 0.0400, GEN_INF_ONCE(-): 0.0400, Acc: 0.991) | LR: 9.80e-04 | 129.9s
  | Step 19000/200000 | Total: -0.1087 (MSE: 0.1011, Sep: -0.3357, EST: 0.1325, GEN_INF_ONCE(-): 0.1325, Acc: 0.955) | LR: 9.78e-04 | 137.2s
  | Step 20000/200000 | Total: -0.1785 (MSE: 0.1061, Sep: -0.3360, EST: 0.0542, GEN_INF_ONCE(-): 0.0542, Acc: 0.973) | LR: 9.76e-04 | 144.3s
  | Step 21000/200000 | Total: -0.1213 (MSE: 0.1099, Sep: -0.3357, EST: 0.1101, GEN_INF_ONCE(-): 0.1101, Acc: 0.973) | LR: 9.73e-04 | 151.3s
  | Step 22000/200000 | Total: -0.2053 (MSE: 0.1050, Sep: -0.3360, EST: 0.0270, GEN_INF_ONCE(-): 0.0270, Acc: 1.000) | LR: 9.70e-04 | 159.2s
  | Step 23000/200000 | Total: -0.1726 (MSE: 0.1023, Sep: -0.3359, EST: 0.0642, GEN_INF_ONCE(-): 0.0642, Acc: 0.973) | LR: 9.68e-04 | 166.9s
  | Step 24000/200000 | Total: -0.0131 (MSE: 0.1004, Sep: -0.3363, EST: 0.2344, GEN_INF_ONCE(-): 0.2344, Acc: 0.946) | LR: 9.65e-04 | 174.6s
  | Step 25000/200000 | Total: -0.1942 (MSE: 0.1045, Sep: -0.3361, EST: 0.0394, GEN_INF_ONCE(-): 0.0394, Acc: 0.991) | LR: 9.62e-04 | 182.3s
  | Step 26000/200000 | Total: -0.1587 (MSE: 0.1051, Sep: -0.3362, EST: 0.0761, GEN_INF_ONCE(-): 0.0761, Acc: 0.982) | LR: 9.59e-04 | 190.6s
  | Step 27000/200000 | Total: -0.1614 (MSE: 0.0957, Sep: -0.3362, EST: 0.0833, GEN_INF_ONCE(-): 0.0833, Acc: 1.000) | LR: 9.56e-04 | 199.2s
  | Step 28000/200000 | Total: -0.2120 (MSE: 0.0918, Sep: -0.3363, EST: 0.0343, GEN_INF_ONCE(-): 0.0343, Acc: 1.000) | LR: 9.52e-04 | 207.6s
  | Step 29000/200000 | Total: -0.1883 (MSE: 0.0913, Sep: -0.3363, EST: 0.0597, GEN_INF_ONCE(-): 0.0597, Acc: 0.973) | LR: 9.49e-04 | 216.2s
  | Step 30000/200000 | Total: -0.1771 (MSE: 0.0958, Sep: -0.3365, EST: 0.0670, GEN_INF_ONCE(-): 0.0670, Acc: 0.982) | LR: 9.46e-04 | 224.6s
  | Step 31000/200000 | Total: -0.1834 (MSE: 0.0919, Sep: -0.3364, EST: 0.0643, GEN_INF_ONCE(-): 0.0643, Acc: 0.964) | LR: 9.42e-04 | 233.2s
  | Step 32000/200000 | Total: -0.1033 (MSE: 0.0852, Sep: -0.3364, EST: 0.1556, GEN_INF_ONCE(-): 0.1556, Acc: 0.946) | LR: 9.38e-04 | 240.4s
  | Step 33000/200000 | Total: -0.1983 (MSE: 0.0894, Sep: -0.3368, EST: 0.0517, GEN_INF_ONCE(-): 0.0517, Acc: 0.982) | LR: 9.34e-04 | 247.6s
  | Step 34000/200000 | Total: -0.1917 (MSE: 0.0959, Sep: -0.3365, EST: 0.0515, GEN_INF_ONCE(-): 0.0515, Acc: 0.973) | LR: 9.30e-04 | 254.8s
  | Step 35000/200000 | Total: -0.2123 (MSE: 0.0940, Sep: -0.3365, EST: 0.0319, GEN_INF_ONCE(-): 0.0319, Acc: 0.991) | LR: 9.26e-04 | 261.9s
  | Step 36000/200000 | Total: -0.1943 (MSE: 0.0861, Sep: -0.3363, EST: 0.0588, GEN_INF_ONCE(-): 0.0588, Acc: 0.973) | LR: 9.22e-04 | 269.0s
  | Step 37000/200000 | Total: -0.1735 (MSE: 0.0894, Sep: -0.3365, EST: 0.0773, GEN_INF_ONCE(-): 0.0773, Acc: 0.964) | LR: 9.18e-04 | 276.4s
  | Step 38000/200000 | Total: -0.1978 (MSE: 0.0901, Sep: -0.3367, EST: 0.0513, GEN_INF_ONCE(-): 0.0513, Acc: 0.982) | LR: 9.14e-04 | 283.5s
  | Step 39000/200000 | Total: -0.1936 (MSE: 0.0943, Sep: -0.3368, EST: 0.0514, GEN_INF_ONCE(-): 0.0514, Acc: 0.973) | LR: 9.09e-04 | 291.1s
  | Step 40000/200000 | Total: 0.1616 (MSE: 0.0883, Sep: -0.3366, EST: 0.4314, GEN_INF_ONCE(-): 0.4314, Acc: 0.813) | LR: 9.05e-04 | 298.8s
  | Step 41000/200000 | Total: -0.1994 (MSE: 0.0843, Sep: -0.3366, EST: 0.0557, GEN_INF_ONCE(-): 0.0557, Acc: 0.973) | LR: 9.00e-04 | 306.0s
  | Step 42000/200000 | Total: -0.2276 (MSE: 0.0864, Sep: -0.3368, EST: 0.0240, GEN_INF_ONCE(-): 0.0240, Acc: 0.991) | LR: 8.95e-04 | 313.1s
  | Step 43000/200000 | Total: -0.1239 (MSE: 0.0827, Sep: -0.3367, EST: 0.1370, GEN_INF_ONCE(-): 0.1370, Acc: 0.929) | LR: 8.90e-04 | 320.7s
  | Step 44000/200000 | Total: -0.2186 (MSE: 0.0933, Sep: -0.3368, EST: 0.0262, GEN_INF_ONCE(-): 0.0262, Acc: 0.991) | LR: 8.85e-04 | 328.4s
  | Step 45000/200000 | Total: -0.2322 (MSE: 0.0832, Sep: -0.3366, EST: 0.0224, GEN_INF_ONCE(-): 0.0224, Acc: 1.000) | LR: 8.80e-04 | 336.4s
  | Step 46000/200000 | Total: -0.1511 (MSE: 0.0926, Sep: -0.3367, EST: 0.0979, GEN_INF_ONCE(-): 0.0979, Acc: 0.964) | LR: 8.75e-04 | 344.0s
  | Step 47000/200000 | Total: -0.2188 (MSE: 0.0835, Sep: -0.3365, EST: 0.0359, GEN_INF_ONCE(-): 0.0359, Acc: 0.991) | LR: 8.70e-04 | 351.2s
  | Step 48000/200000 | Total: -0.0976 (MSE: 0.0766, Sep: -0.3366, EST: 0.1710, GEN_INF_ONCE(-): 0.1710, Acc: 0.946) | LR: 8.65e-04 | 358.8s
  | Step 49000/200000 | Total: -0.1738 (MSE: 0.0780, Sep: -0.3370, EST: 0.0897, GEN_INF_ONCE(-): 0.0897, Acc: 0.964) | LR: 8.59e-04 | 367.8s
  | Step 50000/200000 | Total: -0.1708 (MSE: 0.0864, Sep: -0.3365, EST: 0.0835, GEN_INF_ONCE(-): 0.0835, Acc: 0.955) | LR: 8.54e-04 | 376.1s
  | Step 51000/200000 | Total: -0.1954 (MSE: 0.0643, Sep: -0.3370, EST: 0.0813, GEN_INF_ONCE(-): 0.0813, Acc: 0.982) | LR: 8.48e-04 | 384.5s
  | Step 52000/200000 | Total: -0.2101 (MSE: 0.0747, Sep: -0.3366, EST: 0.0545, GEN_INF_ONCE(-): 0.0545, Acc: 0.973) | LR: 8.42e-04 | 392.8s
  | Step 53000/200000 | Total: -0.2280 (MSE: 0.0814, Sep: -0.3366, EST: 0.0286, GEN_INF_ONCE(-): 0.0286, Acc: 1.000) | LR: 8.37e-04 | 401.2s
  | Step 54000/200000 | Total: -0.2277 (MSE: 0.0789, Sep: -0.3370, EST: 0.0321, GEN_INF_ONCE(-): 0.0321, Acc: 0.991) | LR: 8.31e-04 | 409.2s
  | Step 55000/200000 | Total: -0.1386 (MSE: 0.0686, Sep: -0.3367, EST: 0.1363, GEN_INF_ONCE(-): 0.1363, Acc: 0.929) | LR: 8.25e-04 | 417.4s
  | Step 56000/200000 | Total: -0.0674 (MSE: 0.0780, Sep: -0.3368, EST: 0.2015, GEN_INF_ONCE(-): 0.2015, Acc: 0.902) | LR: 8.19e-04 | 425.0s
  | Step 57000/200000 | Total: -0.2244 (MSE: 0.0757, Sep: -0.3369, EST: 0.0389, GEN_INF_ONCE(-): 0.0389, Acc: 0.982) | LR: 8.13e-04 | 432.7s
  | Step 58000/200000 | Total: -0.2160 (MSE: 0.0682, Sep: -0.3367, EST: 0.0553, GEN_INF_ONCE(-): 0.0553, Acc: 0.982) | LR: 8.07e-04 | 440.9s
  | Step 59000/200000 | Total: -0.2307 (MSE: 0.0748, Sep: -0.3369, EST: 0.0331, GEN_INF_ONCE(-): 0.0331, Acc: 1.000) | LR: 8.00e-04 | 449.3s
  | Step 60000/200000 | Total: -0.1656 (MSE: 0.0777, Sep: -0.3365, EST: 0.0981, GEN_INF_ONCE(-): 0.0981, Acc: 0.964) | LR: 7.94e-04 | 457.6s
  | Step 61000/200000 | Total: -0.1758 (MSE: 0.0742, Sep: -0.3368, EST: 0.0914, GEN_INF_ONCE(-): 0.0914, Acc: 0.964) | LR: 7.88e-04 | 466.0s
  | Step 62000/200000 | Total: -0.2256 (MSE: 0.0774, Sep: -0.3367, EST: 0.0355, GEN_INF_ONCE(-): 0.0355, Acc: 0.991) | LR: 7.81e-04 | 473.6s
  | Step 63000/200000 | Total: -0.1322 (MSE: 0.0784, Sep: -0.3371, EST: 0.1331, GEN_INF_ONCE(-): 0.1331, Acc: 0.964) | LR: 7.75e-04 | 481.4s
  | Step 64000/200000 | Total: -0.0931 (MSE: 0.0667, Sep: -0.3367, EST: 0.1862, GEN_INF_ONCE(-): 0.1862, Acc: 0.946) | LR: 7.68e-04 | 489.1s
  | Step 65000/200000 | Total: -0.2300 (MSE: 0.0650, Sep: -0.3371, EST: 0.0443, GEN_INF_ONCE(-): 0.0443, Acc: 0.991) | LR: 7.61e-04 | 496.7s
  | Step 66000/200000 | Total: -0.1051 (MSE: 0.0722, Sep: -0.3367, EST: 0.1679, GEN_INF_ONCE(-): 0.1679, Acc: 0.938) | LR: 7.55e-04 | 504.4s
  | Step 67000/200000 | Total: -0.1559 (MSE: 0.0712, Sep: -0.3371, EST: 0.1157, GEN_INF_ONCE(-): 0.1157, Acc: 0.955) | LR: 7.48e-04 | 512.6s
  | Step 68000/200000 | Total: -0.2118 (MSE: 0.0685, Sep: -0.3367, EST: 0.0594, GEN_INF_ONCE(-): 0.0594, Acc: 0.982) | LR: 7.41e-04 | 520.2s
  | Step 69000/200000 | Total: -0.2415 (MSE: 0.0603, Sep: -0.3370, EST: 0.0370, GEN_INF_ONCE(-): 0.0370, Acc: 0.982) | LR: 7.34e-04 | 527.6s
  | Step 70000/200000 | Total: -0.1836 (MSE: 0.0645, Sep: -0.3368, EST: 0.0934, GEN_INF_ONCE(-): 0.0934, Acc: 0.982) | LR: 7.27e-04 | 534.7s
  | Step 71000/200000 | Total: -0.2047 (MSE: 0.0734, Sep: -0.3372, EST: 0.0622, GEN_INF_ONCE(-): 0.0622, Acc: 0.982) | LR: 7.20e-04 | 541.8s
  | Step 72000/200000 | Total: -0.1684 (MSE: 0.0759, Sep: -0.3371, EST: 0.0977, GEN_INF_ONCE(-): 0.0977, Acc: 0.964) | LR: 7.13e-04 | 548.9s
  | Step 73000/200000 | Total: -0.2622 (MSE: 0.0591, Sep: -0.3367, EST: 0.0162, GEN_INF_ONCE(-): 0.0162, Acc: 1.000) | LR: 7.06e-04 | 556.3s
  | Step 74000/200000 | Total: -0.2015 (MSE: 0.0595, Sep: -0.3369, EST: 0.0798, GEN_INF_ONCE(-): 0.0798, Acc: 0.964) | LR: 6.99e-04 | 563.4s
  | Step 75000/200000 | Total: -0.2191 (MSE: 0.0670, Sep: -0.3370, EST: 0.0536, GEN_INF_ONCE(-): 0.0536, Acc: 0.991) | LR: 6.92e-04 | 571.7s
  | Step 76000/200000 | Total: -0.1689 (MSE: 0.0644, Sep: -0.3372, EST: 0.1094, GEN_INF_ONCE(-): 0.1094, Acc: 0.946) | LR: 6.84e-04 | 580.3s
  | Step 77000/200000 | Total: -0.2472 (MSE: 0.0607, Sep: -0.3370, EST: 0.0306, GEN_INF_ONCE(-): 0.0306, Acc: 0.982) | LR: 6.77e-04 | 588.1s
  | Step 78000/200000 | Total: -0.2392 (MSE: 0.0675, Sep: -0.3371, EST: 0.0319, GEN_INF_ONCE(-): 0.0319, Acc: 0.991) | LR: 6.70e-04 | 595.1s
  | Step 79000/200000 | Total: -0.2154 (MSE: 0.0585, Sep: -0.3366, EST: 0.0660, GEN_INF_ONCE(-): 0.0660, Acc: 0.973) | LR: 6.62e-04 | 602.4s
  | Step 80000/200000 | Total: -0.2329 (MSE: 0.0510, Sep: -0.3369, EST: 0.0558, GEN_INF_ONCE(-): 0.0558, Acc: 0.973) | LR: 6.55e-04 | 609.4s
  | Step 81000/200000 | Total: -0.2167 (MSE: 0.0579, Sep: -0.3369, EST: 0.0655, GEN_INF_ONCE(-): 0.0655, Acc: 0.991) | LR: 6.47e-04 | 616.4s
  | Step 82000/200000 | Total: -0.1920 (MSE: 0.0523, Sep: -0.3373, EST: 0.0978, GEN_INF_ONCE(-): 0.0978, Acc: 0.946) | LR: 6.40e-04 | 623.4s
  | Step 83000/200000 | Total: -0.2360 (MSE: 0.0600, Sep: -0.3368, EST: 0.0430, GEN_INF_ONCE(-): 0.0430, Acc: 0.991) | LR: 6.32e-04 | 630.4s
  | Step 84000/200000 | Total: -0.2200 (MSE: 0.0605, Sep: -0.3370, EST: 0.0594, GEN_INF_ONCE(-): 0.0594, Acc: 0.964) | LR: 6.25e-04 | 637.5s
  | Step 85000/200000 | Total: -0.2140 (MSE: 0.0626, Sep: -0.3372, EST: 0.0637, GEN_INF_ONCE(-): 0.0637, Acc: 0.964) | LR: 6.17e-04 | 644.7s
  | Step 86000/200000 | Total: -0.2383 (MSE: 0.0555, Sep: -0.3371, EST: 0.0455, GEN_INF_ONCE(-): 0.0455, Acc: 0.982) | LR: 6.09e-04 | 651.8s
  | Step 87000/200000 | Total: -0.1746 (MSE: 0.0514, Sep: -0.3369, EST: 0.1168, GEN_INF_ONCE(-): 0.1168, Acc: 0.955) | LR: 6.02e-04 | 658.8s
  | Step 88000/200000 | Total: -0.1472 (MSE: 0.0559, Sep: -0.3370, EST: 0.1410, GEN_INF_ONCE(-): 0.1410, Acc: 0.938) | LR: 5.94e-04 | 665.8s
  | Step 89000/200000 | Total: -0.2194 (MSE: 0.0575, Sep: -0.3371, EST: 0.0634, GEN_INF_ONCE(-): 0.0634, Acc: 0.973) | LR: 5.86e-04 | 672.8s
  | Step 90000/200000 | Total: -0.2479 (MSE: 0.0515, Sep: -0.3370, EST: 0.0396, GEN_INF_ONCE(-): 0.0396, Acc: 0.991) | LR: 5.79e-04 | 679.8s
  | Step 91000/200000 | Total: -0.2571 (MSE: 0.0544, Sep: -0.3371, EST: 0.0270, GEN_INF_ONCE(-): 0.0270, Acc: 0.991) | LR: 5.71e-04 | 687.1s
  | Step 92000/200000 | Total: -0.2543 (MSE: 0.0552, Sep: -0.3373, EST: 0.0292, GEN_INF_ONCE(-): 0.0292, Acc: 1.000) | LR: 5.63e-04 | 694.1s
  | Step 93000/200000 | Total: -0.1994 (MSE: 0.0554, Sep: -0.3373, EST: 0.0869, GEN_INF_ONCE(-): 0.0869, Acc: 0.955) | LR: 5.55e-04 | 701.1s
  | Step 94000/200000 | Total: -0.2753 (MSE: 0.0511, Sep: -0.3370, EST: 0.0111, GEN_INF_ONCE(-): 0.0111, Acc: 1.000) | LR: 5.48e-04 | 708.1s
  | Step 95000/200000 | Total: -0.2615 (MSE: 0.0478, Sep: -0.3371, EST: 0.0293, GEN_INF_ONCE(-): 0.0293, Acc: 1.000) | LR: 5.40e-04 | 715.2s
  | Step 96000/200000 | Total: -0.2278 (MSE: 0.0468, Sep: -0.3373, EST: 0.0660, GEN_INF_ONCE(-): 0.0660, Acc: 0.973) | LR: 5.32e-04 | 722.2s
  | Step 97000/200000 | Total: -0.2172 (MSE: 0.0475, Sep: -0.3370, EST: 0.0761, GEN_INF_ONCE(-): 0.0761, Acc: 0.973) | LR: 5.24e-04 | 729.4s
  | Step 98000/200000 | Total: -0.2249 (MSE: 0.0562, Sep: -0.3372, EST: 0.0591, GEN_INF_ONCE(-): 0.0591, Acc: 0.973) | LR: 5.16e-04 | 736.4s
  | Step 99000/200000 | Total: -0.2197 (MSE: 0.0508, Sep: -0.3372, EST: 0.0703, GEN_INF_ONCE(-): 0.0703, Acc: 0.982) | LR: 5.08e-04 | 743.5s
  | Step 100000/200000 | Total: -0.2186 (MSE: 0.0493, Sep: -0.3369, EST: 0.0727, GEN_INF_ONCE(-): 0.0727, Acc: 0.964) | LR: 5.00e-04 | 750.5s
  | Step 101000/200000 | Total: -0.2015 (MSE: 0.0572, Sep: -0.3372, EST: 0.0827, GEN_INF_ONCE(-): 0.0827, Acc: 0.955) | LR: 4.93e-04 | 757.7s
  | Step 102000/200000 | Total: -0.2443 (MSE: 0.0491, Sep: -0.3373, EST: 0.0463, GEN_INF_ONCE(-): 0.0463, Acc: 0.982) | LR: 4.85e-04 | 764.7s
  | Step 103000/200000 | Total: -0.2228 (MSE: 0.0502, Sep: -0.3372, EST: 0.0676, GEN_INF_ONCE(-): 0.0676, Acc: 0.982) | LR: 4.77e-04 | 772.1s
  | Step 104000/200000 | Total: -0.2324 (MSE: 0.0471, Sep: -0.3372, EST: 0.0606, GEN_INF_ONCE(-): 0.0606, Acc: 0.982) | LR: 4.69e-04 | 779.2s
  | Step 105000/200000 | Total: -0.2641 (MSE: 0.0517, Sep: -0.3370, EST: 0.0223, GEN_INF_ONCE(-): 0.0223, Acc: 1.000) | LR: 4.61e-04 | 786.2s
  | Step 106000/200000 | Total: -0.2148 (MSE: 0.0438, Sep: -0.3370, EST: 0.0825, GEN_INF_ONCE(-): 0.0825, Acc: 0.964) | LR: 4.53e-04 | 793.3s
  | Step 107000/200000 | Total: -0.2770 (MSE: 0.0425, Sep: -0.3372, EST: 0.0187, GEN_INF_ONCE(-): 0.0187, Acc: 1.000) | LR: 4.46e-04 | 800.3s
  | Step 108000/200000 | Total: -0.2353 (MSE: 0.0458, Sep: -0.3372, EST: 0.0592, GEN_INF_ONCE(-): 0.0592, Acc: 0.982) | LR: 4.38e-04 | 807.5s
  | Step 109000/200000 | Total: -0.2755 (MSE: 0.0585, Sep: -0.3370, EST: 0.0031, GEN_INF_ONCE(-): 0.0031, Acc: 1.000) | LR: 4.30e-04 | 816.2s
  | Step 110000/200000 | Total: -0.2699 (MSE: 0.0487, Sep: -0.3373, EST: 0.0198, GEN_INF_ONCE(-): 0.0198, Acc: 0.991) | LR: 4.22e-04 | 823.3s
  | Step 111000/200000 | Total: -0.2759 (MSE: 0.0481, Sep: -0.3371, EST: 0.0138, GEN_INF_ONCE(-): 0.0138, Acc: 1.000) | LR: 4.15e-04 | 830.3s
  | Step 112000/200000 | Total: -0.2294 (MSE: 0.0400, Sep: -0.3375, EST: 0.0716, GEN_INF_ONCE(-): 0.0716, Acc: 0.982) | LR: 4.07e-04 | 837.3s
  | Step 113000/200000 | Total: -0.2352 (MSE: 0.0475, Sep: -0.3370, EST: 0.0572, GEN_INF_ONCE(-): 0.0572, Acc: 0.982) | LR: 3.99e-04 | 844.3s
  | Step 114000/200000 | Total: -0.2655 (MSE: 0.0423, Sep: -0.3375, EST: 0.0313, GEN_INF_ONCE(-): 0.0313, Acc: 1.000) | LR: 3.92e-04 | 851.3s
  | Step 115000/200000 | Total: -0.2464 (MSE: 0.0463, Sep: -0.3372, EST: 0.0468, GEN_INF_ONCE(-): 0.0468, Acc: 0.973) | LR: 3.84e-04 | 858.6s
  | Step 116000/200000 | Total: -0.2601 (MSE: 0.0468, Sep: -0.3374, EST: 0.0321, GEN_INF_ONCE(-): 0.0321, Acc: 0.991) | LR: 3.76e-04 | 865.6s
  | Step 117000/200000 | Total: -0.2534 (MSE: 0.0454, Sep: -0.3372, EST: 0.0404, GEN_INF_ONCE(-): 0.0404, Acc: 0.991) | LR: 3.69e-04 | 872.6s
  | Step 118000/200000 | Total: -0.2734 (MSE: 0.0469, Sep: -0.3371, EST: 0.0176, GEN_INF_ONCE(-): 0.0176, Acc: 0.991) | LR: 3.61e-04 | 879.7s
  | Step 119000/200000 | Total: -0.2813 (MSE: 0.0454, Sep: -0.3373, EST: 0.0112, GEN_INF_ONCE(-): 0.0112, Acc: 1.000) | LR: 3.54e-04 | 886.7s
  | Step 120000/200000 | Total: -0.2772 (MSE: 0.0413, Sep: -0.3373, EST: 0.0198, GEN_INF_ONCE(-): 0.0198, Acc: 1.000) | LR: 3.46e-04 | 893.7s
  | Step 121000/200000 | Total: -0.2727 (MSE: 0.0396, Sep: -0.3373, EST: 0.0264, GEN_INF_ONCE(-): 0.0264, Acc: 1.000) | LR: 3.39e-04 | 901.0s
  | Step 122000/200000 | Total: -0.2113 (MSE: 0.0471, Sep: -0.3373, EST: 0.0831, GEN_INF_ONCE(-): 0.0831, Acc: 0.982) | LR: 3.31e-04 | 908.0s
  | Step 123000/200000 | Total: -0.2802 (MSE: 0.0361, Sep: -0.3374, EST: 0.0222, GEN_INF_ONCE(-): 0.0222, Acc: 1.000) | LR: 3.24e-04 | 915.0s
  | Step 124000/200000 | Total: -0.2640 (MSE: 0.0366, Sep: -0.3372, EST: 0.0385, GEN_INF_ONCE(-): 0.0385, Acc: 0.982) | LR: 3.17e-04 | 922.1s
  | Step 125000/200000 | Total: -0.2840 (MSE: 0.0421, Sep: -0.3370, EST: 0.0115, GEN_INF_ONCE(-): 0.0115, Acc: 1.000) | LR: 3.09e-04 | 929.1s
  | Step 126000/200000 | Total: -0.2711 (MSE: 0.0412, Sep: -0.3376, EST: 0.0266, GEN_INF_ONCE(-): 0.0266, Acc: 1.000) | LR: 3.02e-04 | 936.1s
  | Step 127000/200000 | Total: -0.2826 (MSE: 0.0388, Sep: -0.3372, EST: 0.0167, GEN_INF_ONCE(-): 0.0167, Acc: 1.000) | LR: 2.95e-04 | 943.4s
  | Step 128000/200000 | Total: -0.2363 (MSE: 0.0403, Sep: -0.3371, EST: 0.0637, GEN_INF_ONCE(-): 0.0637, Acc: 0.964) | LR: 2.88e-04 | 950.4s
  | Step 129000/200000 | Total: -0.2766 (MSE: 0.0438, Sep: -0.3373, EST: 0.0178, GEN_INF_ONCE(-): 0.0178, Acc: 1.000) | LR: 2.81e-04 | 957.4s
  | Step 130000/200000 | Total: -0.2693 (MSE: 0.0463, Sep: -0.3375, EST: 0.0231, GEN_INF_ONCE(-): 0.0231, Acc: 1.000) | LR: 2.74e-04 | 964.4s
  | Step 131000/200000 | Total: -0.2762 (MSE: 0.0440, Sep: -0.3374, EST: 0.0181, GEN_INF_ONCE(-): 0.0181, Acc: 0.991) | LR: 2.67e-04 | 971.5s
  | Step 132000/200000 | Total: -0.2755 (MSE: 0.0389, Sep: -0.3374, EST: 0.0242, GEN_INF_ONCE(-): 0.0242, Acc: 1.000) | LR: 2.60e-04 | 978.5s
  | Step 133000/200000 | Total: -0.2729 (MSE: 0.0443, Sep: -0.3371, EST: 0.0210, GEN_INF_ONCE(-): 0.0210, Acc: 1.000) | LR: 2.53e-04 | 985.7s
  | Step 134000/200000 | Total: -0.2755 (MSE: 0.0372, Sep: -0.3374, EST: 0.0260, GEN_INF_ONCE(-): 0.0260, Acc: 1.000) | LR: 2.46e-04 | 992.8s
  | Step 135000/200000 | Total: -0.2820 (MSE: 0.0402, Sep: -0.3372, EST: 0.0158, GEN_INF_ONCE(-): 0.0158, Acc: 1.000) | LR: 2.40e-04 | 999.8s
  | Step 136000/200000 | Total: -0.2672 (MSE: 0.0380, Sep: -0.3373, EST: 0.0337, GEN_INF_ONCE(-): 0.0337, Acc: 0.991) | LR: 2.33e-04 | 1006.8s
  | Step 137000/200000 | Total: -0.2744 (MSE: 0.0416, Sep: -0.3372, EST: 0.0223, GEN_INF_ONCE(-): 0.0223, Acc: 0.991) | LR: 2.26e-04 | 1013.8s
  | Step 138000/200000 | Total: -0.2590 (MSE: 0.0366, Sep: -0.3373, EST: 0.0440, GEN_INF_ONCE(-): 0.0440, Acc: 0.991) | LR: 2.20e-04 | 1020.9s
  | Step 139000/200000 | Total: -0.2929 (MSE: 0.0400, Sep: -0.3372, EST: 0.0045, GEN_INF_ONCE(-): 0.0045, Acc: 1.000) | LR: 2.13e-04 | 1028.2s
  | Step 140000/200000 | Total: -0.2726 (MSE: 0.0358, Sep: -0.3372, EST: 0.0303, GEN_INF_ONCE(-): 0.0303, Acc: 0.991) | LR: 2.07e-04 | 1035.2s
  | Step 141000/200000 | Total: -0.2855 (MSE: 0.0396, Sep: -0.3374, EST: 0.0129, GEN_INF_ONCE(-): 0.0129, Acc: 1.000) | LR: 2.01e-04 | 1042.2s
  | Step 142000/200000 | Total: -0.2549 (MSE: 0.0432, Sep: -0.3375, EST: 0.0415, GEN_INF_ONCE(-): 0.0415, Acc: 0.991) | LR: 1.94e-04 | 1049.3s
  | Step 143000/200000 | Total: -0.2853 (MSE: 0.0380, Sep: -0.3374, EST: 0.0148, GEN_INF_ONCE(-): 0.0148, Acc: 0.991) | LR: 1.88e-04 | 1056.3s
  | Step 144000/200000 | Total: -0.2925 (MSE: 0.0322, Sep: -0.3373, EST: 0.0134, GEN_INF_ONCE(-): 0.0134, Acc: 1.000) | LR: 1.82e-04 | 1063.3s
  | Step 145000/200000 | Total: -0.2919 (MSE: 0.0361, Sep: -0.3372, EST: 0.0096, GEN_INF_ONCE(-): 0.0096, Acc: 1.000) | LR: 1.76e-04 | 1070.5s
  | Step 146000/200000 | Total: -0.2864 (MSE: 0.0359, Sep: -0.3373, EST: 0.0158, GEN_INF_ONCE(-): 0.0158, Acc: 1.000) | LR: 1.70e-04 | 1077.5s
  | Step 147000/200000 | Total: -0.2849 (MSE: 0.0335, Sep: -0.3375, EST: 0.0201, GEN_INF_ONCE(-): 0.0201, Acc: 0.991) | LR: 1.64e-04 | 1084.5s
  | Step 148000/200000 | Total: -0.2968 (MSE: 0.0348, Sep: -0.3374, EST: 0.0062, GEN_INF_ONCE(-): 0.0062, Acc: 1.000) | LR: 1.59e-04 | 1091.5s
  | Step 149000/200000 | Total: -0.2890 (MSE: 0.0354, Sep: -0.3373, EST: 0.0136, GEN_INF_ONCE(-): 0.0136, Acc: 1.000) | LR: 1.53e-04 | 1098.6s
  | Step 150000/200000 | Total: -0.2596 (MSE: 0.0394, Sep: -0.3373, EST: 0.0404, GEN_INF_ONCE(-): 0.0404, Acc: 0.991) | LR: 1.47e-04 | 1105.6s
  | Step 151000/200000 | Total: -0.2904 (MSE: 0.0346, Sep: -0.3374, EST: 0.0131, GEN_INF_ONCE(-): 0.0131, Acc: 1.000) | LR: 1.42e-04 | 1112.8s
  | Step 152000/200000 | Total: -0.2817 (MSE: 0.0330, Sep: -0.3373, EST: 0.0238, GEN_INF_ONCE(-): 0.0238, Acc: 0.991) | LR: 1.36e-04 | 1119.9s
  | Step 153000/200000 | Total: -0.2947 (MSE: 0.0326, Sep: -0.3374, EST: 0.0107, GEN_INF_ONCE(-): 0.0107, Acc: 1.000) | LR: 1.31e-04 | 1126.9s
  | Step 154000/200000 | Total: -0.2830 (MSE: 0.0398, Sep: -0.3374, EST: 0.0154, GEN_INF_ONCE(-): 0.0154, Acc: 1.000) | LR: 1.26e-04 | 1133.9s
  | Step 155000/200000 | Total: -0.2898 (MSE: 0.0354, Sep: -0.3374, EST: 0.0129, GEN_INF_ONCE(-): 0.0129, Acc: 1.000) | LR: 1.21e-04 | 1141.0s
  | Step 156000/200000 | Total: -0.2857 (MSE: 0.0353, Sep: -0.3375, EST: 0.0174, GEN_INF_ONCE(-): 0.0174, Acc: 1.000) | LR: 1.16e-04 | 1148.0s
  | Step 157000/200000 | Total: -0.2829 (MSE: 0.0357, Sep: -0.3373, EST: 0.0196, GEN_INF_ONCE(-): 0.0196, Acc: 1.000) | LR: 1.11e-04 | 1155.3s
  | Step 158000/200000 | Total: -0.2883 (MSE: 0.0333, Sep: -0.3375, EST: 0.0168, GEN_INF_ONCE(-): 0.0168, Acc: 1.000) | LR: 1.06e-04 | 1162.3s
  | Step 159000/200000 | Total: -0.2939 (MSE: 0.0336, Sep: -0.3373, EST: 0.0103, GEN_INF_ONCE(-): 0.0103, Acc: 1.000) | LR: 1.01e-04 | 1169.4s
  | Step 160000/200000 | Total: -0.2882 (MSE: 0.0354, Sep: -0.3377, EST: 0.0148, GEN_INF_ONCE(-): 0.0148, Acc: 1.000) | LR: 9.64e-05 | 1176.5s
  | Step 161000/200000 | Total: -0.2993 (MSE: 0.0316, Sep: -0.3374, EST: 0.0069, GEN_INF_ONCE(-): 0.0069, Acc: 1.000) | LR: 9.18e-05 | 1183.5s
  | Step 162000/200000 | Total: -0.2886 (MSE: 0.0313, Sep: -0.3376, EST: 0.0187, GEN_INF_ONCE(-): 0.0187, Acc: 1.000) | LR: 8.74e-05 | 1190.6s
  | Step 163000/200000 | Total: -0.2932 (MSE: 0.0338, Sep: -0.3375, EST: 0.0111, GEN_INF_ONCE(-): 0.0111, Acc: 1.000) | LR: 8.30e-05 | 1197.9s
  | Step 164000/200000 | Total: -0.2756 (MSE: 0.0362, Sep: -0.3376, EST: 0.0272, GEN_INF_ONCE(-): 0.0272, Acc: 0.982) | LR: 7.88e-05 | 1205.0s
  | Step 165000/200000 | Total: -0.2990 (MSE: 0.0323, Sep: -0.3373, EST: 0.0062, GEN_INF_ONCE(-): 0.0062, Acc: 1.000) | LR: 7.46e-05 | 1212.0s
  | Step 166000/200000 | Total: -0.2919 (MSE: 0.0338, Sep: -0.3378, EST: 0.0128, GEN_INF_ONCE(-): 0.0128, Acc: 1.000) | LR: 7.06e-05 | 1219.0s
  | Step 167000/200000 | Total: -0.2879 (MSE: 0.0349, Sep: -0.3374, EST: 0.0154, GEN_INF_ONCE(-): 0.0154, Acc: 1.000) | LR: 6.66e-05 | 1226.0s
  | Step 168000/200000 | Total: -0.2894 (MSE: 0.0296, Sep: -0.3375, EST: 0.0194, GEN_INF_ONCE(-): 0.0194, Acc: 0.991) | LR: 6.28e-05 | 1233.1s
  | Step 169000/200000 | Total: -0.2954 (MSE: 0.0297, Sep: -0.3375, EST: 0.0131, GEN_INF_ONCE(-): 0.0131, Acc: 1.000) | LR: 5.91e-05 | 1240.3s
  | Step 170000/200000 | Total: -0.2886 (MSE: 0.0325, Sep: -0.3376, EST: 0.0172, GEN_INF_ONCE(-): 0.0172, Acc: 1.000) | LR: 5.54e-05 | 1247.3s
  | Step 171000/200000 | Total: -0.2899 (MSE: 0.0315, Sep: -0.3375, EST: 0.0169, GEN_INF_ONCE(-): 0.0169, Acc: 1.000) | LR: 5.19e-05 | 1254.4s
  | Step 172000/200000 | Total: -0.2889 (MSE: 0.0343, Sep: -0.3373, EST: 0.0149, GEN_INF_ONCE(-): 0.0149, Acc: 1.000) | LR: 4.85e-05 | 1261.4s
  | Step 173000/200000 | Total: -0.2971 (MSE: 0.0311, Sep: -0.3375, EST: 0.0098, GEN_INF_ONCE(-): 0.0098, Acc: 1.000) | LR: 4.53e-05 | 1268.4s
  | Step 174000/200000 | Total: -0.2998 (MSE: 0.0331, Sep: -0.3376, EST: 0.0050, GEN_INF_ONCE(-): 0.0050, Acc: 1.000) | LR: 4.21e-05 | 1275.5s
  | Step 175000/200000 | Total: -0.2995 (MSE: 0.0321, Sep: -0.3374, EST: 0.0060, GEN_INF_ONCE(-): 0.0060, Acc: 1.000) | LR: 3.90e-05 | 1282.7s
  | Step 176000/200000 | Total: -0.2761 (MSE: 0.0282, Sep: -0.3375, EST: 0.0349, GEN_INF_ONCE(-): 0.0349, Acc: 0.991) | LR: 3.61e-05 | 1289.7s
  | Step 177000/200000 | Total: -0.3018 (MSE: 0.0291, Sep: -0.3375, EST: 0.0070, GEN_INF_ONCE(-): 0.0070, Acc: 1.000) | LR: 3.32e-05 | 1296.7s
  | Step 178000/200000 | Total: -0.2914 (MSE: 0.0311, Sep: -0.3372, EST: 0.0154, GEN_INF_ONCE(-): 0.0154, Acc: 1.000) | LR: 3.05e-05 | 1303.7s
  | Step 179000/200000 | Total: -0.2887 (MSE: 0.0318, Sep: -0.3373, EST: 0.0176, GEN_INF_ONCE(-): 0.0176, Acc: 1.000) | LR: 2.79e-05 | 1310.7s
  | Step 180000/200000 | Total: -0.2815 (MSE: 0.0331, Sep: -0.3375, EST: 0.0240, GEN_INF_ONCE(-): 0.0240, Acc: 1.000) | LR: 2.54e-05 | 1317.7s
  | Step 181000/200000 | Total: -0.2978 (MSE: 0.0343, Sep: -0.3377, EST: 0.0059, GEN_INF_ONCE(-): 0.0059, Acc: 1.000) | LR: 2.31e-05 | 1325.0s
  | Step 182000/200000 | Total: -0.2767 (MSE: 0.0330, Sep: -0.3374, EST: 0.0292, GEN_INF_ONCE(-): 0.0292, Acc: 1.000) | LR: 2.08e-05 | 1332.0s
  | Step 183000/200000 | Total: -0.2970 (MSE: 0.0382, Sep: -0.3377, EST: 0.0026, GEN_INF_ONCE(-): 0.0026, Acc: 1.000) | LR: 1.87e-05 | 1339.1s
  | Step 184000/200000 | Total: -0.2979 (MSE: 0.0290, Sep: -0.3376, EST: 0.0112, GEN_INF_ONCE(-): 0.0112, Acc: 1.000) | LR: 1.67e-05 | 1346.1s
  | Step 185000/200000 | Total: -0.2872 (MSE: 0.0312, Sep: -0.3374, EST: 0.0200, GEN_INF_ONCE(-): 0.0200, Acc: 1.000) | LR: 1.48e-05 | 1353.1s
  | Step 186000/200000 | Total: -0.2995 (MSE: 0.0293, Sep: -0.3376, EST: 0.0093, GEN_INF_ONCE(-): 0.0093, Acc: 1.000) | LR: 1.30e-05 | 1360.2s
  | Step 187000/200000 | Total: -0.2797 (MSE: 0.0366, Sep: -0.3376, EST: 0.0225, GEN_INF_ONCE(-): 0.0225, Acc: 1.000) | LR: 1.14e-05 | 1367.4s
  | Step 188000/200000 | Total: -0.2833 (MSE: 0.0330, Sep: -0.3375, EST: 0.0223, GEN_INF_ONCE(-): 0.0223, Acc: 1.000) | LR: 9.85e-06 | 1374.5s
  | Step 189000/200000 | Total: -0.2836 (MSE: 0.0357, Sep: -0.3374, EST: 0.0191, GEN_INF_ONCE(-): 0.0191, Acc: 1.000) | LR: 8.44e-06 | 1381.5s
  | Step 190000/200000 | Total: -0.2926 (MSE: 0.0293, Sep: -0.3372, EST: 0.0161, GEN_INF_ONCE(-): 0.0161, Acc: 1.000) | LR: 7.15e-06 | 1388.5s
  | Step 191000/200000 | Total: -0.2866 (MSE: 0.0327, Sep: -0.3377, EST: 0.0194, GEN_INF_ONCE(-): 0.0194, Acc: 1.000) | LR: 5.98e-06 | 1395.5s
  | Step 192000/200000 | Total: -0.2898 (MSE: 0.0328, Sep: -0.3376, EST: 0.0158, GEN_INF_ONCE(-): 0.0158, Acc: 1.000) | LR: 4.94e-06 | 1402.6s
  | Step 193000/200000 | Total: -0.2844 (MSE: 0.0300, Sep: -0.3372, EST: 0.0241, GEN_INF_ONCE(-): 0.0241, Acc: 0.991) | LR: 4.02e-06 | 1409.8s
  | Step 194000/200000 | Total: -0.2876 (MSE: 0.0292, Sep: -0.3375, EST: 0.0218, GEN_INF_ONCE(-): 0.0218, Acc: 1.000) | LR: 3.22e-06 | 1416.8s
  | Step 195000/200000 | Total: -0.2786 (MSE: 0.0248, Sep: -0.3371, EST: 0.0355, GEN_INF_ONCE(-): 0.0355, Acc: 1.000) | LR: 2.54e-06 | 1423.9s
  | Step 196000/200000 | Total: -0.2845 (MSE: 0.0333, Sep: -0.3375, EST: 0.0207, GEN_INF_ONCE(-): 0.0207, Acc: 1.000) | LR: 1.99e-06 | 1430.9s
  | Step 197000/200000 | Total: -0.2891 (MSE: 0.0360, Sep: -0.3374, EST: 0.0129, GEN_INF_ONCE(-): 0.0129, Acc: 1.000) | LR: 1.55e-06 | 1437.9s
  | Step 198000/200000 | Total: -0.2677 (MSE: 0.0341, Sep: -0.3374, EST: 0.0375, GEN_INF_ONCE(-): 0.0375, Acc: 0.982) | LR: 1.25e-06 | 1445.0s
  | Step 199000/200000 | Total: -0.2929 (MSE: 0.0361, Sep: -0.3377, EST: 0.0092, GEN_INF_ONCE(-): 0.0092, Acc: 1.000) | LR: 1.06e-06 | 1452.2s
  | Step 200000/200000 | Total: -0.2919 (MSE: 0.0318, Sep: -0.3373, EST: 0.0143, GEN_INF_ONCE(-): 0.0143, Acc: 1.000) | LR: 1.00e-06 | 1459.2s
  | 
  | Training completed in 1459.2s (24.32 min)
  | Models saved to /home1/halbertb/Q3CIBC/checkpoints/hpsearch/trial_050/

  Training completed in 1494s
  Evaluating...

  Result: success_rate=0.00%, avg_reward=0.000
