==========================================
SLURM_JOB_ID = 8270386
SLURM_JOB_NODELIST = a03-06
TMPDIR = /tmp/SLURM_8270386
==========================================
Detected tunable params in ibc_with_cps_training.py:
  - control_points  (search space: [20, 30, 50, 75, 100])
  - learning_rate  (search space: [0.0001, 0.0003, 0.0005, 0.001, 0.002, 0.005])
  - batch_size  (search space: [128, 256, 512])
  - counter_examples  (search space: [8, 16, 32, 64])
  - separation_weight  (search space: [0.01, 0.05, 0.1, 0.2])
  - mse_weight  (search space: [1.0, 3.0, 5.0, 10.0])
  - training_steps  (search space: [50000, 100000, 200000])
  - separation_loss  (search space: ['separation', 'entropy'])
  - entropy_bandwidth  (search space: [0.05, 0.1, 0.2])
  - num_hidden_layers  (search space: [2, 4, 8])
  - num_neurons  (search space: [128, 256, 512])
  - estimator_learning_rate  (search space: [0.0001, 0.0003, 0.0005, 0.001])
  - scheduler_type  (search space: ['cosine', 'cosine_warm_restarts'])
  - cosine_t0  (search space: [25000, 50000, 100000])
  - cosine_t_max  (search space: [100000, 150000, 200000])

Baseline (current config):
  control_points = 20
  learning_rate = 0.001
  batch_size = 512
  counter_examples = 64
  separation_weight = 0.1
  mse_weight = 5
  training_steps = 150000
  separation_loss = entropy
  entropy_bandwidth = 0.1
  num_hidden_layers = 2
  num_neurons = 256
  estimator_learning_rate = 0.001
  scheduler_type = cosine_warm_restarts
  cosine_t0 = 50000


================================================================================
TRIAL 17 — ibc_with_cps_training.py
================================================================================
Parameters:
{
  "control_points": 30,
  "learning_rate": 0.001,
  "batch_size": 512,
  "counter_examples": 32,
  "separation_weight": 0.1,
  "mse_weight": 50,
  "training_steps": 150000,
  "separation_loss": "entropy",
  "entropy_bandwidth": 0.05,
  "num_hidden_layers": 2,
  "num_neurons": 256,
  "estimator_learning_rate": 0.001,
  "scheduler_type": "cosine_warm_restarts",
  "cosine_t0": 50000
}

  Training (150000 steps)...
  | Using device: cuda
  | Active environment: particle
  | Training steps: 150000
  | Batch size: 512
  | Generator LR: 0.001 (scheduler: cosine_warm_restarts)
  | Estimator LR: 0.001 (exponential decay: rate=0.995, every 100 steps)
  | Estimator architecture: MLP [256, 256]
  | Langevin counter-examples: 32 (100 iters)
  | Gradient penalty margin: 1.0
  | Frame stack: 2
  | Loading particle dataset...
  | 2026-04-22 02:55:12.848998: I tensorflow/core/platform/cpu_feature_guard.cc:210] This TensorFlow binary is optimized to use available CPU instructions in performance-critical operations.
  | To enable the following instructions: AVX2 FMA, in other operations, rebuild TensorFlow with the appropriate compiler flags.
  | WARNING: All log messages before absl::InitializeLog() is called are written to STDERR
  | I0000 00:00:1776851717.775155 2679577 gpu_device.cc:2020] Created device /job:localhost/replica:0/task:0/device:GPU:0 with 43683 MB memory:  -> device: 0, name: NVIDIA A40, pci bus id: 0000:81:00.0, compute capability: 8.6
  | 2026-04-22 02:55:17.983897: I tensorflow/core/kernels/data/tf_record_dataset_op.cc:390] TFRecordDataset `buffer_size` is unspecified, default to 262144
  | 2026-04-22 02:55:19.133491: I tensorflow/core/framework/local_rendezvous.cc:407] Local rendezvous is aborting with status: OUT_OF_RANGE: End of sequence
  | 2026-04-22 02:55:20.296217: I tensorflow/core/framework/local_rendezvous.cc:407] Local rendezvous is aborting with status: OUT_OF_RANGE: End of sequence
  | 2026-04-22 02:55:22.603964: I tensorflow/core/framework/local_rendezvous.cc:407] Local rendezvous is aborting with status: OUT_OF_RANGE: End of sequence
  | 2026-04-22 02:55:27.216800: I tensorflow/core/framework/local_rendezvous.cc:407] Local rendezvous is aborting with status: OUT_OF_RANGE: End of sequence
  | Dataset size: 102000
  | Particle dataset episodes: 2000 | Avg samples/episode: 51.00
  | Act range: [0.000, 1.000]
  | Step 1000/150000 | Gen: 0.0720 (MSE: 0.4092, Sep: -0.3372) | Est: 3.4568 (NCE: 3.4324, GP: 0.0244) | Acc: 0.025 | GenLR: 9.99e-04 EstLR: 9.51e-04 | 115.7s
  | Step 2000/150000 | Gen: 0.0413 (MSE: 0.3771, Sep: -0.3357) | Est: 3.4422 (NCE: 3.4195, GP: 0.0226) | Acc: 0.031 | GenLR: 9.96e-04 EstLR: 9.05e-04 | 230.0s
  | Step 3000/150000 | Gen: 0.0385 (MSE: 0.3738, Sep: -0.3353) | Est: 3.4505 (NCE: 3.4303, GP: 0.0202) | Acc: 0.113 | GenLR: 9.91e-04 EstLR: 8.60e-04 | 344.2s
  | Step 4000/150000 | Gen: -0.0017 (MSE: 0.3329, Sep: -0.3346) | Est: 3.4877 (NCE: 3.4697, GP: 0.0180) | Acc: 0.121 | GenLR: 9.84e-04 EstLR: 8.18e-04 | 458.5s
  | Step 5000/150000 | Gen: -0.0125 (MSE: 0.3217, Sep: -0.3342) | Est: 3.4818 (NCE: 3.4617, GP: 0.0200) | Acc: 0.357 | GenLR: 9.76e-04 EstLR: 7.78e-04 | 572.6s
  | Step 6000/150000 | Gen: -0.0363 (MSE: 0.2980, Sep: -0.3343) | Est: 3.4957 (NCE: 3.4763, GP: 0.0194) | Acc: 0.426 | GenLR: 9.65e-04 EstLR: 7.40e-04 | 686.8s
  | Step 7000/150000 | Gen: -0.0648 (MSE: 0.2691, Sep: -0.3339) | Est: 3.5077 (NCE: 3.4889, GP: 0.0188) | Acc: 0.186 | GenLR: 9.52e-04 EstLR: 7.04e-04 | 801.1s
  | Step 8000/150000 | Gen: -0.0471 (MSE: 0.2873, Sep: -0.3343) | Est: 3.5044 (NCE: 3.4887, GP: 0.0158) | Acc: 0.199 | GenLR: 9.38e-04 EstLR: 6.70e-04 | 915.2s
  | Step 9000/150000 | Gen: -0.0519 (MSE: 0.2824, Sep: -0.3343) | Est: 3.4992 (NCE: 3.4817, GP: 0.0176) | Acc: 0.547 | GenLR: 9.22e-04 EstLR: 6.37e-04 | 1029.3s
  | Step 10000/150000 | Gen: -0.0766 (MSE: 0.2580, Sep: -0.3345) | Est: 3.5110 (NCE: 3.4939, GP: 0.0171) | Acc: 0.434 | GenLR: 9.05e-04 EstLR: 6.06e-04 | 1143.4s
  | Step 11000/150000 | Gen: -0.0860 (MSE: 0.2489, Sep: -0.3349) | Est: 3.5012 (NCE: 3.4842, GP: 0.0169) | Acc: 0.482 | GenLR: 8.85e-04 EstLR: 5.76e-04 | 1257.5s
  | Step 12000/150000 | Gen: -0.1026 (MSE: 0.2325, Sep: -0.3351) | Est: 3.4909 (NCE: 3.4741, GP: 0.0168) | Acc: 0.545 | GenLR: 8.65e-04 EstLR: 5.48e-04 | 1371.6s
  | Step 13000/150000 | Gen: -0.0812 (MSE: 0.2540, Sep: -0.3352) | Est: 3.4795 (NCE: 3.4631, GP: 0.0164) | Acc: 0.693 | GenLR: 8.42e-04 EstLR: 5.21e-04 | 1486.0s
  | Step 14000/150000 | Gen: -0.1109 (MSE: 0.2247, Sep: -0.3355) | Est: 3.5021 (NCE: 3.4848, GP: 0.0173) | Acc: 0.484 | GenLR: 8.19e-04 EstLR: 4.96e-04 | 1600.1s
  | Step 15000/150000 | Gen: -0.1117 (MSE: 0.2242, Sep: -0.3359) | Est: 3.4893 (NCE: 3.4715, GP: 0.0178) | Acc: 0.672 | GenLR: 7.94e-04 EstLR: 4.71e-04 | 1714.2s
  | Step 16000/150000 | Gen: -0.1201 (MSE: 0.2159, Sep: -0.3360) | Est: 3.4919 (NCE: 3.4738, GP: 0.0182) | Acc: 0.803 | GenLR: 7.68e-04 EstLR: 4.48e-04 | 1828.3s
  | Step 17000/150000 | Gen: -0.1216 (MSE: 0.2144, Sep: -0.3360) | Est: 3.4885 (NCE: 3.4698, GP: 0.0187) | Acc: 0.900 | GenLR: 7.41e-04 EstLR: 4.27e-04 | 1942.5s
  | Step 18000/150000 | Gen: -0.1350 (MSE: 0.2012, Sep: -0.3363) | Est: 3.4792 (NCE: 3.4611, GP: 0.0182) | Acc: 0.885 | GenLR: 7.13e-04 EstLR: 4.06e-04 | 2056.6s
  | Step 19000/150000 | Gen: -0.1357 (MSE: 0.2005, Sep: -0.3362) | Est: 3.4842 (NCE: 3.4654, GP: 0.0188) | Acc: 0.746 | GenLR: 6.84e-04 EstLR: 3.86e-04 | 2171.0s
  | Step 20000/150000 | Gen: -0.1356 (MSE: 0.2006, Sep: -0.3362) | Est: 3.4807 (NCE: 3.4632, GP: 0.0175) | Acc: 0.838 | GenLR: 6.55e-04 EstLR: 3.67e-04 | 2285.1s
  | Step 21000/150000 | Gen: -0.1551 (MSE: 0.1815, Sep: -0.3366) | Est: 3.4872 (NCE: 3.4681, GP: 0.0192) | Acc: 0.768 | GenLR: 6.25e-04 EstLR: 3.49e-04 | 2399.2s
  | Step 22000/150000 | Gen: -0.1612 (MSE: 0.1753, Sep: -0.3365) | Est: 3.4799 (NCE: 3.4626, GP: 0.0173) | Acc: 0.873 | GenLR: 5.94e-04 EstLR: 3.32e-04 | 2513.3s
  | Step 23000/150000 | Gen: -0.1593 (MSE: 0.1773, Sep: -0.3366) | Est: 3.4804 (NCE: 3.4627, GP: 0.0177) | Acc: 0.932 | GenLR: 5.63e-04 EstLR: 3.16e-04 | 2627.4s
  | Step 24000/150000 | Gen: -0.1662 (MSE: 0.1706, Sep: -0.3368) | Est: 3.4900 (NCE: 3.4721, GP: 0.0179) | Acc: 0.875 | GenLR: 5.32e-04 EstLR: 3.00e-04 | 2741.8s
  | Step 25000/150000 | Gen: -0.1617 (MSE: 0.1751, Sep: -0.3368) | Est: 3.4831 (NCE: 3.4646, GP: 0.0185) | Acc: 0.934 | GenLR: 5.01e-04 EstLR: 2.86e-04 | 2855.9s
  | Step 26000/150000 | Gen: -0.1763 (MSE: 0.1603, Sep: -0.3366) | Est: 3.4911 (NCE: 3.4720, GP: 0.0191) | Acc: 0.928 | GenLR: 4.69e-04 EstLR: 2.72e-04 | 2970.0s
  | Step 27000/150000 | Gen: -0.1785 (MSE: 0.1583, Sep: -0.3368) | Est: 3.4856 (NCE: 3.4678, GP: 0.0179) | Acc: 0.848 | GenLR: 4.38e-04 EstLR: 2.58e-04 | 3084.1s
  | Step 28000/150000 | Gen: -0.1758 (MSE: 0.1611, Sep: -0.3369) | Est: 3.4930 (NCE: 3.4749, GP: 0.0181) | Acc: 0.891 | GenLR: 4.07e-04 EstLR: 2.46e-04 | 3198.2s
  | Step 29000/150000 | Gen: -0.1754 (MSE: 0.1616, Sep: -0.3370) | Est: 3.4990 (NCE: 3.4808, GP: 0.0182) | Acc: 0.904 | GenLR: 3.76e-04 EstLR: 2.34e-04 | 3312.3s
  | Step 30000/150000 | Gen: -0.1852 (MSE: 0.1519, Sep: -0.3371) | Est: 3.4762 (NCE: 3.4586, GP: 0.0176) | Acc: 0.961 | GenLR: 3.46e-04 EstLR: 2.22e-04 | 3426.7s
  | Step 31000/150000 | Gen: -0.1868 (MSE: 0.1503, Sep: -0.3371) | Est: 3.4869 (NCE: 3.4693, GP: 0.0176) | Acc: 0.920 | GenLR: 3.17e-04 EstLR: 2.11e-04 | 3540.8s
  | Step 32000/150000 | Gen: -0.1901 (MSE: 0.1471, Sep: -0.3371) | Est: 3.4843 (NCE: 3.4659, GP: 0.0184) | Acc: 0.936 | GenLR: 2.88e-04 EstLR: 2.01e-04 | 3654.9s
  | Step 33000/150000 | Gen: -0.1947 (MSE: 0.1424, Sep: -0.3371) | Est: 3.4865 (NCE: 3.4684, GP: 0.0182) | Acc: 0.922 | GenLR: 2.60e-04 EstLR: 1.91e-04 | 3769.0s
  | Step 34000/150000 | Gen: -0.1917 (MSE: 0.1455, Sep: -0.3372) | Est: 3.4902 (NCE: 3.4721, GP: 0.0181) | Acc: 0.932 | GenLR: 2.33e-04 EstLR: 1.82e-04 | 3883.1s
  | Step 35000/150000 | Gen: -0.1955 (MSE: 0.1415, Sep: -0.3370) | Est: 3.4974 (NCE: 3.4801, GP: 0.0172) | Acc: 0.869 | GenLR: 2.07e-04 EstLR: 1.73e-04 | 3997.1s
  | Step 36000/150000 | Gen: -0.2015 (MSE: 0.1358, Sep: -0.3374) | Est: 3.4890 (NCE: 3.4708, GP: 0.0182) | Acc: 0.953 | GenLR: 1.82e-04 EstLR: 1.65e-04 | 4111.5s
  | Step 37000/150000 | Gen: -0.1974 (MSE: 0.1399, Sep: -0.3373) | Est: 3.4837 (NCE: 3.4658, GP: 0.0179) | Acc: 0.932 | GenLR: 1.59e-04 EstLR: 1.57e-04 | 4225.6s
  | Step 38000/150000 | Gen: -0.2062 (MSE: 0.1312, Sep: -0.3374) | Est: 3.4857 (NCE: 3.4676, GP: 0.0181) | Acc: 0.943 | GenLR: 1.36e-04 EstLR: 1.49e-04 | 4339.7s
  | Step 39000/150000 | Gen: -0.1990 (MSE: 0.1384, Sep: -0.3374) | Est: 3.4794 (NCE: 3.4611, GP: 0.0184) | Acc: 0.957 | GenLR: 1.16e-04 EstLR: 1.42e-04 | 4453.7s
  | Step 40000/150000 | Gen: -0.2004 (MSE: 0.1370, Sep: -0.3374) | Est: 3.4812 (NCE: 3.4636, GP: 0.0177) | Acc: 0.961 | GenLR: 9.64e-05 EstLR: 1.35e-04 | 4567.8s
  | Step 41000/150000 | Gen: -0.1997 (MSE: 0.1377, Sep: -0.3374) | Est: 3.4862 (NCE: 3.4683, GP: 0.0180) | Acc: 0.930 | GenLR: 7.88e-05 EstLR: 1.28e-04 | 4681.9s
  | Step 42000/150000 | Gen: -0.2112 (MSE: 0.1262, Sep: -0.3374) | Est: 3.4942 (NCE: 3.4763, GP: 0.0180) | Acc: 0.941 | GenLR: 6.28e-05 EstLR: 1.22e-04 | 4796.2s
  | Step 43000/150000 | Gen: -0.2065 (MSE: 0.1309, Sep: -0.3373) | Est: 3.4832 (NCE: 3.4650, GP: 0.0182) | Acc: 0.965 | GenLR: 4.85e-05 EstLR: 1.16e-04 | 4910.3s
  | Step 44000/150000 | Gen: -0.2122 (MSE: 0.1254, Sep: -0.3375) | Est: 3.4737 (NCE: 3.4556, GP: 0.0181) | Acc: 0.943 | GenLR: 3.61e-05 EstLR: 1.10e-04 | 5024.4s
  | Step 45000/150000 | Gen: -0.2095 (MSE: 0.1279, Sep: -0.3374) | Est: 3.4743 (NCE: 3.4564, GP: 0.0179) | Acc: 0.963 | GenLR: 2.54e-05 EstLR: 1.05e-04 | 5138.5s
  | Step 46000/150000 | Gen: -0.2129 (MSE: 0.1245, Sep: -0.3374) | Est: 3.4749 (NCE: 3.4564, GP: 0.0185) | Acc: 0.973 | GenLR: 1.67e-05 EstLR: 9.97e-05 | 5252.6s
  | Step 47000/150000 | Gen: -0.2123 (MSE: 0.1250, Sep: -0.3373) | Est: 3.4795 (NCE: 3.4607, GP: 0.0188) | Acc: 0.969 | GenLR: 9.85e-06 EstLR: 9.48e-05 | 5366.9s
  | Step 48000/150000 | Gen: -0.2099 (MSE: 0.1275, Sep: -0.3374) | Est: 3.4831 (NCE: 3.4646, GP: 0.0185) | Acc: 0.945 | GenLR: 4.94e-06 EstLR: 9.02e-05 | 5481.0s
  | Step 49000/150000 | Gen: -0.2094 (MSE: 0.1281, Sep: -0.3375) | Est: 3.4726 (NCE: 3.4537, GP: 0.0189) | Acc: 0.967 | GenLR: 1.99e-06 EstLR: 8.58e-05 | 5595.1s
  | Step 50000/150000 | Gen: -0.2078 (MSE: 0.1297, Sep: -0.3374) | Est: 3.4806 (NCE: 3.4616, GP: 0.0190) | Acc: 0.938 | GenLR: 1.00e-03 EstLR: 8.16e-05 | 5709.1s
  | Step 51000/150000 | Gen: -0.1729 (MSE: 0.1646, Sep: -0.3375) | Est: 3.4766 (NCE: 3.4580, GP: 0.0186) | Acc: 0.953 | GenLR: 9.99e-04 EstLR: 7.76e-05 | 5823.2s
  | Step 52000/150000 | Gen: -0.1783 (MSE: 0.1593, Sep: -0.3376) | Est: 3.4766 (NCE: 3.4579, GP: 0.0187) | Acc: 0.959 | GenLR: 9.96e-04 EstLR: 7.38e-05 | 5937.3s
  | Step 53000/150000 | Gen: -0.1877 (MSE: 0.1498, Sep: -0.3375) | Est: 3.4813 (NCE: 3.4623, GP: 0.0190) | Acc: 0.953 | GenLR: 9.91e-04 EstLR: 7.02e-05 | 6051.6s
  | Step 54000/150000 | Gen: -0.1770 (MSE: 0.1604, Sep: -0.3374) | Est: 3.4860 (NCE: 3.4670, GP: 0.0190) | Acc: 0.957 | GenLR: 9.84e-04 EstLR: 6.68e-05 | 6165.7s
  | Step 55000/150000 | Gen: -0.1771 (MSE: 0.1603, Sep: -0.3375) | Est: 3.4810 (NCE: 3.4626, GP: 0.0185) | Acc: 0.965 | GenLR: 9.76e-04 EstLR: 6.35e-05 | 6279.8s
  | Step 56000/150000 | Gen: -0.1722 (MSE: 0.1653, Sep: -0.3376) | Est: 3.4886 (NCE: 3.4696, GP: 0.0190) | Acc: 0.938 | GenLR: 9.65e-04 EstLR: 6.04e-05 | 6393.9s
  | Step 57000/150000 | Gen: -0.1885 (MSE: 0.1491, Sep: -0.3377) | Est: 3.4834 (NCE: 3.4648, GP: 0.0185) | Acc: 0.953 | GenLR: 9.52e-04 EstLR: 5.74e-05 | 6508.0s
  | Step 58000/150000 | Gen: -0.1784 (MSE: 0.1592, Sep: -0.3376) | Est: 3.4792 (NCE: 3.4603, GP: 0.0189) | Acc: 0.961 | GenLR: 9.38e-04 EstLR: 5.46e-05 | 6622.0s
  | Step 59000/150000 | Gen: -0.1915 (MSE: 0.1461, Sep: -0.3376) | Est: 3.4788 (NCE: 3.4597, GP: 0.0191) | Acc: 0.977 | GenLR: 9.22e-04 EstLR: 5.20e-05 | 6736.4s
  | Step 60000/150000 | Gen: -0.1938 (MSE: 0.1439, Sep: -0.3377) | Est: 3.4755 (NCE: 3.4567, GP: 0.0188) | Acc: 0.969 | GenLR: 9.05e-04 EstLR: 4.94e-05 | 6850.4s
  | Step 61000/150000 | Gen: -0.1976 (MSE: 0.1401, Sep: -0.3377) | Est: 3.4768 (NCE: 3.4583, GP: 0.0185) | Acc: 0.965 | GenLR: 8.85e-04 EstLR: 4.70e-05 | 6964.5s
  | Step 62000/150000 | Gen: -0.1930 (MSE: 0.1447, Sep: -0.3377) | Est: 3.4825 (NCE: 3.4639, GP: 0.0186) | Acc: 0.957 | GenLR: 8.65e-04 EstLR: 4.47e-05 | 7078.6s
  | Step 63000/150000 | Gen: -0.2049 (MSE: 0.1329, Sep: -0.3378) | Est: 3.4791 (NCE: 3.4601, GP: 0.0190) | Acc: 0.963 | GenLR: 8.42e-04 EstLR: 4.25e-05 | 7192.7s
  | Step 64000/150000 | Gen: -0.2016 (MSE: 0.1361, Sep: -0.3376) | Est: 3.4780 (NCE: 3.4596, GP: 0.0184) | Acc: 0.953 | GenLR: 8.19e-04 EstLR: 4.04e-05 | 7306.7s
  | Step 65000/150000 | Gen: -0.2017 (MSE: 0.1362, Sep: -0.3379) | Est: 3.4837 (NCE: 3.4659, GP: 0.0178) | Acc: 0.947 | GenLR: 7.94e-04 EstLR: 3.85e-05 | 7421.0s
  | Step 66000/150000 | Gen: -0.2103 (MSE: 0.1276, Sep: -0.3379) | Est: 3.4870 (NCE: 3.4676, GP: 0.0194) | Acc: 0.957 | GenLR: 7.68e-04 EstLR: 3.66e-05 | 7535.1s
  | Step 67000/150000 | Gen: -0.2009 (MSE: 0.1370, Sep: -0.3380) | Est: 3.4817 (NCE: 3.4630, GP: 0.0187) | Acc: 0.957 | GenLR: 7.41e-04 EstLR: 3.48e-05 | 7649.2s
  | Step 68000/150000 | Gen: -0.2224 (MSE: 0.1156, Sep: -0.3380) | Est: 3.4803 (NCE: 3.4613, GP: 0.0190) | Acc: 0.959 | GenLR: 7.13e-04 EstLR: 3.31e-05 | 7763.2s
  | Step 69000/150000 | Gen: -0.2167 (MSE: 0.1213, Sep: -0.3380) | Est: 3.4804 (NCE: 3.4616, GP: 0.0188) | Acc: 0.949 | GenLR: 6.84e-04 EstLR: 3.15e-05 | 7877.3s
  | Step 70000/150000 | Gen: -0.2104 (MSE: 0.1276, Sep: -0.3380) | Est: 3.4731 (NCE: 3.4545, GP: 0.0186) | Acc: 0.963 | GenLR: 6.55e-04 EstLR: 2.99e-05 | 7991.4s
  | Step 71000/150000 | Gen: -0.2192 (MSE: 0.1188, Sep: -0.3379) | Est: 3.4800 (NCE: 3.4624, GP: 0.0177) | Acc: 0.947 | GenLR: 6.25e-04 EstLR: 2.85e-05 | 8105.7s
  | Step 72000/150000 | Gen: -0.2225 (MSE: 0.1155, Sep: -0.3380) | Est: 3.4730 (NCE: 3.4546, GP: 0.0183) | Acc: 0.973 | GenLR: 5.94e-04 EstLR: 2.71e-05 | 8219.8s
  | Step 73000/150000 | Gen: -0.2185 (MSE: 0.1195, Sep: -0.3380) | Est: 3.4824 (NCE: 3.4631, GP: 0.0193) | Acc: 0.957 | GenLR: 5.63e-04 EstLR: 2.58e-05 | 8333.8s
  | Step 74000/150000 | Gen: -0.2316 (MSE: 0.1065, Sep: -0.3382) | Est: 3.4763 (NCE: 3.4575, GP: 0.0188) | Acc: 0.965 | GenLR: 5.32e-04 EstLR: 2.45e-05 | 8447.9s
  | Step 75000/150000 | Gen: -0.2323 (MSE: 0.1058, Sep: -0.3382) | Est: 3.4781 (NCE: 3.4596, GP: 0.0185) | Acc: 0.969 | GenLR: 5.01e-04 EstLR: 2.33e-05 | 8562.0s
  | Step 76000/150000 | Gen: -0.2215 (MSE: 0.1166, Sep: -0.3381) | Est: 3.4707 (NCE: 3.4516, GP: 0.0191) | Acc: 0.984 | GenLR: 4.69e-04 EstLR: 2.22e-05 | 8676.3s
  | Step 77000/150000 | Gen: -0.2315 (MSE: 0.1067, Sep: -0.3382) | Est: 3.4813 (NCE: 3.4628, GP: 0.0185) | Acc: 0.955 | GenLR: 4.38e-04 EstLR: 2.11e-05 | 8790.4s
  | Step 78000/150000 | Gen: -0.2330 (MSE: 0.1052, Sep: -0.3382) | Est: 3.4748 (NCE: 3.4549, GP: 0.0199) | Acc: 0.967 | GenLR: 4.07e-04 EstLR: 2.00e-05 | 8904.4s
  | Step 79000/150000 | Gen: -0.2390 (MSE: 0.0992, Sep: -0.3382) | Est: 3.4797 (NCE: 3.4616, GP: 0.0181) | Acc: 0.967 | GenLR: 3.76e-04 EstLR: 1.91e-05 | 9018.5s
  | Step 80000/150000 | Gen: -0.2373 (MSE: 0.1010, Sep: -0.3383) | Est: 3.4782 (NCE: 3.4592, GP: 0.0190) | Acc: 0.973 | GenLR: 3.46e-04 EstLR: 1.81e-05 | 9132.6s
  | Step 81000/150000 | Gen: -0.2398 (MSE: 0.0984, Sep: -0.3381) | Est: 3.4785 (NCE: 3.4597, GP: 0.0188) | Acc: 0.961 | GenLR: 3.17e-04 EstLR: 1.72e-05 | 9246.7s
  | Step 82000/150000 | Gen: -0.2470 (MSE: 0.0913, Sep: -0.3383) | Est: 3.4789 (NCE: 3.4599, GP: 0.0190) | Acc: 0.957 | GenLR: 2.88e-04 EstLR: 1.64e-05 | 9361.0s
  | Step 83000/150000 | Gen: -0.2419 (MSE: 0.0963, Sep: -0.3383) | Est: 3.4736 (NCE: 3.4544, GP: 0.0192) | Acc: 0.965 | GenLR: 2.60e-04 EstLR: 1.56e-05 | 9475.1s
  | Step 84000/150000 | Gen: -0.2465 (MSE: 0.0918, Sep: -0.3382) | Est: 3.4861 (NCE: 3.4670, GP: 0.0190) | Acc: 0.961 | GenLR: 2.33e-04 EstLR: 1.48e-05 | 9589.2s
  | Step 85000/150000 | Gen: -0.2541 (MSE: 0.0841, Sep: -0.3382) | Est: 3.4817 (NCE: 3.4623, GP: 0.0193) | Acc: 0.947 | GenLR: 2.07e-04 EstLR: 1.41e-05 | 9703.2s
  | Step 86000/150000 | Gen: -0.2466 (MSE: 0.0915, Sep: -0.3382) | Est: 3.4691 (NCE: 3.4504, GP: 0.0187) | Acc: 0.967 | GenLR: 1.82e-04 EstLR: 1.34e-05 | 9817.3s
  | Step 87000/150000 | Gen: -0.2520 (MSE: 0.0863, Sep: -0.3383) | Est: 3.4781 (NCE: 3.4588, GP: 0.0193) | Acc: 0.955 | GenLR: 1.59e-04 EstLR: 1.28e-05 | 9931.4s
  | Step 88000/150000 | Gen: -0.2533 (MSE: 0.0849, Sep: -0.3383) | Est: 3.4783 (NCE: 3.4595, GP: 0.0188) | Acc: 0.955 | GenLR: 1.36e-04 EstLR: 1.21e-05 | 10045.7s
  | Step 89000/150000 | Gen: -0.2556 (MSE: 0.0827, Sep: -0.3383) | Est: 3.4733 (NCE: 3.4547, GP: 0.0186) | Acc: 0.963 | GenLR: 1.16e-04 EstLR: 1.15e-05 | 10159.8s
  | Step 90000/150000 | Gen: -0.2523 (MSE: 0.0861, Sep: -0.3384) | Est: 3.4739 (NCE: 3.4551, GP: 0.0188) | Acc: 0.963 | GenLR: 9.64e-05 EstLR: 1.10e-05 | 10273.8s
  | Step 91000/150000 | Gen: -0.2547 (MSE: 0.0837, Sep: -0.3384) | Est: 3.4736 (NCE: 3.4550, GP: 0.0187) | Acc: 0.967 | GenLR: 7.88e-05 EstLR: 1.04e-05 | 10387.9s
  | Step 92000/150000 | Gen: -0.2526 (MSE: 0.0857, Sep: -0.3383) | Est: 3.4770 (NCE: 3.4588, GP: 0.0182) | Acc: 0.975 | GenLR: 6.28e-05 EstLR: 9.94e-06 | 10502.0s
  | Step 93000/150000 | Gen: -0.2504 (MSE: 0.0880, Sep: -0.3383) | Est: 3.4796 (NCE: 3.4612, GP: 0.0184) | Acc: 0.941 | GenLR: 4.85e-05 EstLR: 9.45e-06 | 10616.1s
  | Step 94000/150000 | Gen: -0.2553 (MSE: 0.0830, Sep: -0.3383) | Est: 3.4734 (NCE: 3.4547, GP: 0.0188) | Acc: 0.961 | GenLR: 3.61e-05 EstLR: 8.99e-06 | 10730.3s
  | Step 95000/150000 | Gen: -0.2563 (MSE: 0.0821, Sep: -0.3384) | Est: 3.4851 (NCE: 3.4663, GP: 0.0189) | Acc: 0.943 | GenLR: 2.54e-05 EstLR: 8.55e-06 | 10844.4s
  | Step 96000/150000 | Gen: -0.2565 (MSE: 0.0818, Sep: -0.3383) | Est: 3.4726 (NCE: 3.4547, GP: 0.0179) | Acc: 0.953 | GenLR: 1.67e-05 EstLR: 8.13e-06 | 10958.4s
  | Step 97000/150000 | Gen: -0.2557 (MSE: 0.0828, Sep: -0.3384) | Est: 3.4807 (NCE: 3.4616, GP: 0.0191) | Acc: 0.965 | GenLR: 9.85e-06 EstLR: 7.73e-06 | 11072.5s
  | Step 98000/150000 | Gen: -0.2591 (MSE: 0.0793, Sep: -0.3384) | Est: 3.4805 (NCE: 3.4621, GP: 0.0184) | Acc: 0.953 | GenLR: 4.94e-06 EstLR: 7.36e-06 | 11186.5s
  | Step 99000/150000 | Gen: -0.2590 (MSE: 0.0794, Sep: -0.3384) | Est: 3.4760 (NCE: 3.4573, GP: 0.0186) | Acc: 0.959 | GenLR: 1.99e-06 EstLR: 7.00e-06 | 11300.6s
  | Step 100000/150000 | Gen: -0.2527 (MSE: 0.0857, Sep: -0.3385) | Est: 3.4763 (NCE: 3.4576, GP: 0.0187) | Acc: 0.963 | GenLR: 1.00e-03 EstLR: 6.65e-06 | 11414.9s
  | Step 101000/150000 | Gen: -0.2041 (MSE: 0.1343, Sep: -0.3384) | Est: 3.4732 (NCE: 3.4546, GP: 0.0186) | Acc: 0.961 | GenLR: 9.99e-04 EstLR: 6.33e-06 | 11529.0s
  | Step 102000/150000 | Gen: -0.2168 (MSE: 0.1216, Sep: -0.3384) | Est: 3.4744 (NCE: 3.4558, GP: 0.0186) | Acc: 0.975 | GenLR: 9.96e-04 EstLR: 6.02e-06 | 11643.1s
  | Step 103000/150000 | Gen: -0.2337 (MSE: 0.1045, Sep: -0.3382) | Est: 3.4805 (NCE: 3.4623, GP: 0.0183) | Acc: 0.963 | GenLR: 9.91e-04 EstLR: 5.72e-06 | 11757.1s
  | Step 104000/150000 | Gen: -0.2080 (MSE: 0.1304, Sep: -0.3384) | Est: 3.4779 (NCE: 3.4590, GP: 0.0189) | Acc: 0.963 | GenLR: 9.84e-04 EstLR: 5.45e-06 | 11871.2s
  | Step 105000/150000 | Gen: -0.2202 (MSE: 0.1179, Sep: -0.3381) | Est: 3.4819 (NCE: 3.4635, GP: 0.0184) | Acc: 0.953 | GenLR: 9.76e-04 EstLR: 5.18e-06 | 11985.5s
  | Step 106000/150000 | Gen: -0.2262 (MSE: 0.1122, Sep: -0.3383) | Est: 3.4807 (NCE: 3.4616, GP: 0.0192) | Acc: 0.967 | GenLR: 9.65e-04 EstLR: 4.93e-06 | 12099.6s
  | Step 107000/150000 | Gen: -0.2222 (MSE: 0.1160, Sep: -0.3382) | Est: 3.4810 (NCE: 3.4619, GP: 0.0191) | Acc: 0.975 | GenLR: 9.52e-04 EstLR: 4.68e-06 | 12213.6s
  | Step 108000/150000 | Gen: -0.2242 (MSE: 0.1141, Sep: -0.3384) | Est: 3.4815 (NCE: 3.4628, GP: 0.0187) | Acc: 0.965 | GenLR: 9.38e-04 EstLR: 4.46e-06 | 12327.7s
  | Step 109000/150000 | Gen: -0.2273 (MSE: 0.1110, Sep: -0.3383) | Est: 3.4843 (NCE: 3.4654, GP: 0.0188) | Acc: 0.959 | GenLR: 9.22e-04 EstLR: 4.24e-06 | 12441.8s
  | Step 110000/150000 | Gen: -0.2299 (MSE: 0.1085, Sep: -0.3383) | Est: 3.4854 (NCE: 3.4667, GP: 0.0187) | Acc: 0.947 | GenLR: 9.05e-04 EstLR: 4.03e-06 | 12555.8s
  | Step 111000/150000 | Gen: -0.2327 (MSE: 0.1056, Sep: -0.3383) | Est: 3.4744 (NCE: 3.4564, GP: 0.0181) | Acc: 0.951 | GenLR: 8.85e-04 EstLR: 3.83e-06 | 12670.1s
  | Step 112000/150000 | Gen: -0.2294 (MSE: 0.1089, Sep: -0.3383) | Est: 3.4847 (NCE: 3.4654, GP: 0.0193) | Acc: 0.947 | GenLR: 8.65e-04 EstLR: 3.65e-06 | 12784.2s
  | Step 113000/150000 | Gen: -0.2237 (MSE: 0.1146, Sep: -0.3383) | Est: 3.4767 (NCE: 3.4578, GP: 0.0189) | Acc: 0.971 | GenLR: 8.42e-04 EstLR: 3.47e-06 | 12898.3s
  | Step 114000/150000 | Gen: -0.2292 (MSE: 0.1091, Sep: -0.3383) | Est: 3.4794 (NCE: 3.4603, GP: 0.0191) | Acc: 0.963 | GenLR: 8.19e-04 EstLR: 3.30e-06 | 13012.3s
  | Step 115000/150000 | Gen: -0.2302 (MSE: 0.1083, Sep: -0.3384) | Est: 3.4811 (NCE: 3.4627, GP: 0.0184) | Acc: 0.949 | GenLR: 7.94e-04 EstLR: 3.14e-06 | 13126.3s
  | Step 116000/150000 | Gen: -0.2305 (MSE: 0.1078, Sep: -0.3383) | Est: 3.4772 (NCE: 3.4583, GP: 0.0188) | Acc: 0.959 | GenLR: 7.68e-04 EstLR: 2.98e-06 | 13240.4s
  | Step 117000/150000 | Gen: -0.2360 (MSE: 0.1023, Sep: -0.3383) | Est: 3.4838 (NCE: 3.4652, GP: 0.0186) | Acc: 0.947 | GenLR: 7.41e-04 EstLR: 2.84e-06 | 13354.6s
  | Step 118000/150000 | Gen: -0.2454 (MSE: 0.0930, Sep: -0.3384) | Est: 3.4799 (NCE: 3.4606, GP: 0.0193) | Acc: 0.967 | GenLR: 7.13e-04 EstLR: 2.70e-06 | 13468.6s
  | Step 119000/150000 | Gen: -0.2427 (MSE: 0.0956, Sep: -0.3384) | Est: 3.4794 (NCE: 3.4609, GP: 0.0185) | Acc: 0.945 | GenLR: 6.84e-04 EstLR: 2.57e-06 | 13582.6s
  | Step 120000/150000 | Gen: -0.2446 (MSE: 0.0938, Sep: -0.3384) | Est: 3.4828 (NCE: 3.4644, GP: 0.0183) | Acc: 0.959 | GenLR: 6.55e-04 EstLR: 2.44e-06 | 13696.6s
  | Step 121000/150000 | Gen: -0.2458 (MSE: 0.0926, Sep: -0.3384) | Est: 3.4854 (NCE: 3.4660, GP: 0.0194) | Acc: 0.961 | GenLR: 6.25e-04 EstLR: 2.32e-06 | 13810.7s
  | Step 122000/150000 | Gen: -0.2522 (MSE: 0.0863, Sep: -0.3384) | Est: 3.4825 (NCE: 3.4624, GP: 0.0200) | Acc: 0.967 | GenLR: 5.94e-04 EstLR: 2.21e-06 | 13924.7s
  | Step 123000/150000 | Gen: -0.2491 (MSE: 0.0893, Sep: -0.3385) | Est: 3.4726 (NCE: 3.4528, GP: 0.0198) | Acc: 0.982 | GenLR: 5.63e-04 EstLR: 2.10e-06 | 14038.9s
  | Step 124000/150000 | Gen: -0.2519 (MSE: 0.0865, Sep: -0.3384) | Est: 3.4809 (NCE: 3.4621, GP: 0.0188) | Acc: 0.961 | GenLR: 5.32e-04 EstLR: 2.00e-06 | 14152.9s
  | Step 125000/150000 | Gen: -0.2528 (MSE: 0.0857, Sep: -0.3386) | Est: 3.4819 (NCE: 3.4634, GP: 0.0185) | Acc: 0.963 | GenLR: 5.01e-04 EstLR: 1.90e-06 | 14266.9s
  | Step 126000/150000 | Gen: -0.2589 (MSE: 0.0796, Sep: -0.3385) | Est: 3.4775 (NCE: 3.4593, GP: 0.0181) | Acc: 0.955 | GenLR: 4.69e-04 EstLR: 1.81e-06 | 14381.0s
  | Step 127000/150000 | Gen: -0.2606 (MSE: 0.0779, Sep: -0.3385) | Est: 3.4806 (NCE: 3.4616, GP: 0.0190) | Acc: 0.951 | GenLR: 4.38e-04 EstLR: 1.72e-06 | 14495.0s
  | Step 128000/150000 | Gen: -0.2639 (MSE: 0.0747, Sep: -0.3386) | Est: 3.4922 (NCE: 3.4727, GP: 0.0195) | Acc: 0.953 | GenLR: 4.07e-04 EstLR: 1.64e-06 | 14609.0s
  | Step 129000/150000 | Gen: -0.2651 (MSE: 0.0735, Sep: -0.3386) | Est: 3.4728 (NCE: 3.4539, GP: 0.0190) | Acc: 0.979 | GenLR: 3.76e-04 EstLR: 1.56e-06 | 14723.2s
  | Step 130000/150000 | Gen: -0.2658 (MSE: 0.0727, Sep: -0.3385) | Est: 3.4792 (NCE: 3.4602, GP: 0.0190) | Acc: 0.971 | GenLR: 3.46e-04 EstLR: 1.48e-06 | 14837.2s
  | Step 131000/150000 | Gen: -0.2694 (MSE: 0.0692, Sep: -0.3385) | Est: 3.4853 (NCE: 3.4665, GP: 0.0187) | Acc: 0.955 | GenLR: 3.17e-04 EstLR: 1.41e-06 | 14951.2s
  | Step 132000/150000 | Gen: -0.2684 (MSE: 0.0702, Sep: -0.3386) | Est: 3.4733 (NCE: 3.4545, GP: 0.0187) | Acc: 0.971 | GenLR: 2.88e-04 EstLR: 1.34e-06 | 15065.2s
  | Step 133000/150000 | Gen: -0.2682 (MSE: 0.0704, Sep: -0.3386) | Est: 3.4769 (NCE: 3.4580, GP: 0.0189) | Acc: 0.951 | GenLR: 2.60e-04 EstLR: 1.27e-06 | 15179.2s
  | Step 134000/150000 | Gen: -0.2750 (MSE: 0.0636, Sep: -0.3386) | Est: 3.4896 (NCE: 3.4710, GP: 0.0186) | Acc: 0.947 | GenLR: 2.33e-04 EstLR: 1.21e-06 | 15293.4s
  | Step 135000/150000 | Gen: -0.2686 (MSE: 0.0700, Sep: -0.3387) | Est: 3.4802 (NCE: 3.4604, GP: 0.0198) | Acc: 0.971 | GenLR: 2.07e-04 EstLR: 1.15e-06 | 15407.4s
  | Step 136000/150000 | Gen: -0.2706 (MSE: 0.0680, Sep: -0.3387) | Est: 3.4834 (NCE: 3.4645, GP: 0.0189) | Acc: 0.961 | GenLR: 1.82e-04 EstLR: 1.09e-06 | 15521.4s
  | Step 137000/150000 | Gen: -0.2688 (MSE: 0.0699, Sep: -0.3387) | Est: 3.4810 (NCE: 3.4630, GP: 0.0180) | Acc: 0.938 | GenLR: 1.59e-04 EstLR: 1.04e-06 | 15635.4s
  | Step 138000/150000 | Gen: -0.2724 (MSE: 0.0663, Sep: -0.3386) | Est: 3.4755 (NCE: 3.4565, GP: 0.0190) | Acc: 0.963 | GenLR: 1.36e-04 EstLR: 9.90e-07 | 15749.3s
  | Step 139000/150000 | Gen: -0.2729 (MSE: 0.0658, Sep: -0.3387) | Est: 3.4829 (NCE: 3.4642, GP: 0.0186) | Acc: 0.949 | GenLR: 1.16e-04 EstLR: 9.42e-07 | 15863.3s
  | Step 140000/150000 | Gen: -0.2763 (MSE: 0.0623, Sep: -0.3386) | Est: 3.4811 (NCE: 3.4621, GP: 0.0190) | Acc: 0.965 | GenLR: 9.64e-05 EstLR: 8.96e-07 | 15977.6s
  | Step 141000/150000 | Gen: -0.2770 (MSE: 0.0618, Sep: -0.3388) | Est: 3.4844 (NCE: 3.4658, GP: 0.0187) | Acc: 0.957 | GenLR: 7.88e-05 EstLR: 8.52e-07 | 16091.6s
  | Step 142000/150000 | Gen: -0.2766 (MSE: 0.0620, Sep: -0.3387) | Est: 3.4771 (NCE: 3.4579, GP: 0.0192) | Acc: 0.961 | GenLR: 6.28e-05 EstLR: 8.11e-07 | 16205.6s
  | Step 143000/150000 | Gen: -0.2790 (MSE: 0.0597, Sep: -0.3387) | Est: 3.4774 (NCE: 3.4584, GP: 0.0190) | Acc: 0.959 | GenLR: 4.85e-05 EstLR: 7.71e-07 | 16319.6s
  | Step 144000/150000 | Gen: -0.2767 (MSE: 0.0620, Sep: -0.3387) | Est: 3.4789 (NCE: 3.4611, GP: 0.0178) | Acc: 0.961 | GenLR: 3.61e-05 EstLR: 7.33e-07 | 16433.6s
  | Step 145000/150000 | Gen: -0.2811 (MSE: 0.0576, Sep: -0.3387) | Est: 3.4798 (NCE: 3.4623, GP: 0.0175) | Acc: 0.949 | GenLR: 2.54e-05 EstLR: 6.97e-07 | 16547.6s
  | Step 146000/150000 | Gen: -0.2803 (MSE: 0.0584, Sep: -0.3386) | Est: 3.4787 (NCE: 3.4595, GP: 0.0192) | Acc: 0.971 | GenLR: 1.67e-05 EstLR: 6.63e-07 | 16661.8s
  | Step 147000/150000 | Gen: -0.2822 (MSE: 0.0564, Sep: -0.3387) | Est: 3.4794 (NCE: 3.4615, GP: 0.0179) | Acc: 0.949 | GenLR: 9.85e-06 EstLR: 6.31e-07 | 16775.8s
  | Step 148000/150000 | Gen: -0.2746 (MSE: 0.0641, Sep: -0.3387) | Est: 3.4705 (NCE: 3.4518, GP: 0.0186) | Acc: 0.967 | GenLR: 4.94e-06 EstLR: 6.00e-07 | 16889.8s
  | Step 149000/150000 | Gen: -0.2827 (MSE: 0.0560, Sep: -0.3387) | Est: 3.4775 (NCE: 3.4587, GP: 0.0189) | Acc: 0.957 | GenLR: 1.99e-06 EstLR: 5.71e-07 | 17003.8s
  | Step 150000/150000 | Gen: -0.2814 (MSE: 0.0573, Sep: -0.3387) | Est: 3.4807 (NCE: 3.4622, GP: 0.0184) | Acc: 0.938 | GenLR: 1.00e-03 EstLR: 5.43e-07 | 17117.8s
  | 
  | Training completed in 17117.8s (285.30 min)
  | Models saved to /home1/halbertb/Q3CIBC/checkpoints/hpsearch/trial_017/

  Training completed in 17144s
  Evaluating...

  Result: success_rate=0.00%, avg_reward=0.000
