==========================================
SLURM_JOB_ID = 8210318
SLURM_JOB_NODELIST = d13-03
TMPDIR = /tmp/SLURM_8210318
==========================================
Detected tunable params in ibc_with_cpsv2_training.py:
  - control_points  (search space: [20, 30, 50, 75, 100])
  - learning_rate  (search space: [0.0001, 0.0003, 0.0005, 0.001, 0.002, 0.005])
  - batch_size  (search space: [128, 256, 512])
  - counter_examples  (search space: [8, 16, 32, 64])
  - separation_weight  (search space: [0.01, 0.05, 0.1, 0.2])
  - mse_weight  (search space: [1.0, 3.0, 5.0, 10.0])
  - training_steps  (search space: [50000, 100000, 200000])
  - separation_loss  (search space: ['separation', 'entropy'])
  - entropy_bandwidth  (search space: [0.05, 0.1, 0.2])
  - num_hidden_layers  (search space: [2, 4, 8])
  - num_neurons  (search space: [128, 256, 512])
  - estimator_learning_rate  (search space: [0.0001, 0.0003, 0.0005, 0.001])
  - scheduler_type  (search space: ['cosine', 'cosine_warm_restarts'])
  - cosine_t0  (search space: [25000, 50000, 100000])
  - cosine_t_max  (search space: [100000, 150000, 200000])

Baseline (current config):
  control_points = 30
  learning_rate = 0.001
  batch_size = 512
  counter_examples = 32
  separation_weight = 0.1
  mse_weight = 20
  training_steps = 150000
  separation_loss = entropy
  entropy_bandwidth = 0.1
  num_hidden_layers = 4
  num_neurons = 512
  estimator_learning_rate = 0.001
  scheduler_type = cosine_warm_restarts
  cosine_t0 = 50000


================================================================================
TRIAL 2 — ibc_with_cpsv2_training.py
================================================================================
Parameters:
{
  "control_points": 20,
  "learning_rate": 0.001,
  "batch_size": 512,
  "counter_examples": 64,
  "separation_weight": 0.1,
  "mse_weight": 5,
  "training_steps": 150000,
  "separation_loss": "entropy",
  "entropy_bandwidth": 0.1,
  "num_hidden_layers": 2,
  "num_neurons": 256,
  "estimator_learning_rate": 0.001,
  "scheduler_type": "cosine_warm_restarts",
  "cosine_t0": 50000,
  "target_update_interval": 200
}

  Training (150000 steps)...
  | Using device: cuda
  | Active environment: particle
  | Training steps: 150000
  | Batch size: 512
  | Generator LR: 0.001 (scheduler: cosine_warm_restarts)
  | Estimator LR: 0.001 (exponential decay: rate=0.995, every 100 steps)
  | Estimator architecture: MLP [256, 256]
  | Langevin counter-examples: 64 (100 iters)
  | Gradient penalty margin: 1.0
  | Target estimator sync: every 1000 steps
  | Frame stack: 2
  | Loading particle dataset...
  | 2026-04-20 01:12:47.828242: I tensorflow/core/platform/cpu_feature_guard.cc:210] This TensorFlow binary is optimized to use available CPU instructions in performance-critical operations.
  | To enable the following instructions: AVX2 AVX512F FMA, in other operations, rebuild TensorFlow with the appropriate compiler flags.
  | WARNING: All log messages before absl::InitializeLog() is called are written to STDERR
  | I0000 00:00:1776672777.757085 2034725 gpu_device.cc:2020] Created device /job:localhost/replica:0/task:0/device:GPU:0 with 31134 MB memory:  -> device: 0, name: Tesla V100-PCIE-32GB, pci bus id: 0000:d8:00.0, compute capability: 7.0
  | 2026-04-20 01:12:58.156088: I tensorflow/core/kernels/data/tf_record_dataset_op.cc:390] TFRecordDataset `buffer_size` is unspecified, default to 262144
  | 2026-04-20 01:12:59.246870: I tensorflow/core/framework/local_rendezvous.cc:407] Local rendezvous is aborting with status: OUT_OF_RANGE: End of sequence
  | 2026-04-20 01:13:00.337814: I tensorflow/core/framework/local_rendezvous.cc:407] Local rendezvous is aborting with status: OUT_OF_RANGE: End of sequence
  | 2026-04-20 01:13:02.518570: I tensorflow/core/framework/local_rendezvous.cc:407] Local rendezvous is aborting with status: OUT_OF_RANGE: End of sequence
  | 2026-04-20 01:13:06.769225: I tensorflow/core/framework/local_rendezvous.cc:407] Local rendezvous is aborting with status: OUT_OF_RANGE: End of sequence
  | Dataset size: 102000
  | Particle dataset episodes: 2000 | Avg samples/episode: 51.00
  | Act range: [0.000, 1.000]
  | Step 1000/150000 | Gen: 3.8686 (GenNCE: 4.1267, MSE: 0.0401, Sep: -0.2983) | Est: 3.9158 (NCE: 3.8953, GP: 0.0205) | Acc: 0.035 | GenLR: 9.99e-04 EstLR: 9.51e-04 | 222.7s
  | Step 2000/150000 | Gen: 3.8180 (GenNCE: 4.0727, MSE: 0.0419, Sep: -0.2966) | Est: 3.9462 (NCE: 3.9293, GP: 0.0169) | Acc: 0.244 | GenLR: 9.96e-04 EstLR: 9.05e-04 | 444.1s
  | Step 3000/150000 | Gen: 3.8343 (GenNCE: 4.0925, MSE: 0.0385, Sep: -0.2967) | Est: 3.9732 (NCE: 3.9556, GP: 0.0175) | Acc: 0.145 | GenLR: 9.91e-04 EstLR: 8.60e-04 | 665.1s
  | Step 4000/150000 | Gen: 3.8323 (GenNCE: 4.0918, MSE: 0.0368, Sep: -0.2963) | Est: 3.9707 (NCE: 3.9519, GP: 0.0188) | Acc: 0.283 | GenLR: 9.84e-04 EstLR: 8.18e-04 | 884.5s
  | Step 5000/150000 | Gen: 3.8357 (GenNCE: 4.0955, MSE: 0.0365, Sep: -0.2963) | Est: 3.9434 (NCE: 3.9222, GP: 0.0212) | Acc: 0.363 | GenLR: 9.76e-04 EstLR: 7.78e-04 | 1103.6s
  | Step 6000/150000 | Gen: 3.8412 (GenNCE: 4.1003, MSE: 0.0373, Sep: -0.2964) | Est: 3.9699 (NCE: 3.9497, GP: 0.0202) | Acc: 0.350 | GenLR: 9.65e-04 EstLR: 7.40e-04 | 1322.6s
  | Step 7000/150000 | Gen: 3.8181 (GenNCE: 4.0803, MSE: 0.0340, Sep: -0.2962) | Est: 3.9291 (NCE: 3.9092, GP: 0.0199) | Acc: 0.613 | GenLR: 9.52e-04 EstLR: 7.04e-04 | 1541.9s
  | Step 8000/150000 | Gen: 3.8040 (GenNCE: 4.0658, MSE: 0.0345, Sep: -0.2963) | Est: 3.9291 (NCE: 3.9091, GP: 0.0199) | Acc: 0.408 | GenLR: 9.38e-04 EstLR: 6.70e-04 | 1760.8s
  | Step 9000/150000 | Gen: 3.8153 (GenNCE: 4.0774, MSE: 0.0339, Sep: -0.2960) | Est: 3.9285 (NCE: 3.9097, GP: 0.0188) | Acc: 0.756 | GenLR: 9.22e-04 EstLR: 6.37e-04 | 1979.8s
  | Step 10000/150000 | Gen: 3.7998 (GenNCE: 4.0644, MSE: 0.0317, Sep: -0.2963) | Est: 3.9395 (NCE: 3.9177, GP: 0.0218) | Acc: 0.404 | GenLR: 9.05e-04 EstLR: 6.06e-04 | 2198.6s
  | Step 11000/150000 | Gen: 3.8261 (GenNCE: 4.0884, MSE: 0.0336, Sep: -0.2959) | Est: 3.9248 (NCE: 3.9037, GP: 0.0210) | Acc: 0.758 | GenLR: 8.85e-04 EstLR: 5.76e-04 | 2417.6s
  | Step 12000/150000 | Gen: 3.8166 (GenNCE: 4.0806, MSE: 0.0317, Sep: -0.2957) | Est: 3.9200 (NCE: 3.8992, GP: 0.0207) | Acc: 0.807 | GenLR: 8.65e-04 EstLR: 5.48e-04 | 2636.7s
  | Step 13000/150000 | Gen: 3.8244 (GenNCE: 4.0895, MSE: 0.0308, Sep: -0.2958) | Est: 3.9349 (NCE: 3.9148, GP: 0.0201) | Acc: 0.814 | GenLR: 8.42e-04 EstLR: 5.21e-04 | 2855.9s
  | Step 14000/150000 | Gen: 3.8196 (GenNCE: 4.0856, MSE: 0.0298, Sep: -0.2957) | Est: 3.9245 (NCE: 3.9040, GP: 0.0205) | Acc: 0.758 | GenLR: 8.19e-04 EstLR: 4.96e-04 | 3074.7s
  | Step 15000/150000 | Gen: 3.8279 (GenNCE: 4.0916, MSE: 0.0319, Sep: -0.2957) | Est: 3.9268 (NCE: 3.9071, GP: 0.0197) | Acc: 0.617 | GenLR: 7.94e-04 EstLR: 4.71e-04 | 3293.3s
  | Step 16000/150000 | Gen: 3.8176 (GenNCE: 4.0844, MSE: 0.0287, Sep: -0.2956) | Est: 3.9211 (NCE: 3.8997, GP: 0.0215) | Acc: 0.801 | GenLR: 7.68e-04 EstLR: 4.48e-04 | 3512.2s
  | Step 17000/150000 | Gen: 3.8198 (GenNCE: 4.0858, MSE: 0.0292, Sep: -0.2952) | Est: 3.9290 (NCE: 3.9101, GP: 0.0189) | Acc: 0.686 | GenLR: 7.41e-04 EstLR: 4.27e-04 | 3731.0s
  | Step 18000/150000 | Gen: 3.7918 (GenNCE: 4.0598, MSE: 0.0271, Sep: -0.2950) | Est: 3.9344 (NCE: 3.9147, GP: 0.0196) | Acc: 0.652 | GenLR: 7.13e-04 EstLR: 4.06e-04 | 3949.8s
  | Step 19000/150000 | Gen: 3.8193 (GenNCE: 4.0875, MSE: 0.0267, Sep: -0.2949) | Est: 3.9243 (NCE: 3.9051, GP: 0.0192) | Acc: 0.758 | GenLR: 6.84e-04 EstLR: 3.86e-04 | 4168.1s
  | Step 20000/150000 | Gen: 3.8279 (GenNCE: 4.0946, MSE: 0.0282, Sep: -0.2948) | Est: 3.9338 (NCE: 3.9132, GP: 0.0206) | Acc: 0.723 | GenLR: 6.55e-04 EstLR: 3.67e-04 | 4386.6s
  | Step 21000/150000 | Gen: 3.8387 (GenNCE: 4.1069, MSE: 0.0267, Sep: -0.2948) | Est: 3.9442 (NCE: 3.9250, GP: 0.0192) | Acc: 0.814 | GenLR: 6.25e-04 EstLR: 3.49e-04 | 4604.9s
  | Step 22000/150000 | Gen: 3.8163 (GenNCE: 4.0868, MSE: 0.0242, Sep: -0.2947) | Est: 3.9420 (NCE: 3.9230, GP: 0.0190) | Acc: 0.877 | GenLR: 5.94e-04 EstLR: 3.32e-04 | 4823.4s
  | Step 23000/150000 | Gen: 3.8214 (GenNCE: 4.0912, MSE: 0.0250, Sep: -0.2948) | Est: 3.9277 (NCE: 3.9086, GP: 0.0190) | Acc: 0.943 | GenLR: 5.63e-04 EstLR: 3.16e-04 | 5041.9s
  | Step 24000/150000 | Gen: 3.8329 (GenNCE: 4.1040, MSE: 0.0237, Sep: -0.2947) | Est: 3.9511 (NCE: 3.9309, GP: 0.0202) | Acc: 0.885 | GenLR: 5.32e-04 EstLR: 3.00e-04 | 5260.6s
  | Step 25000/150000 | Gen: 3.8296 (GenNCE: 4.0998, MSE: 0.0245, Sep: -0.2947) | Est: 3.9340 (NCE: 3.9146, GP: 0.0194) | Acc: 0.953 | GenLR: 5.01e-04 EstLR: 2.86e-04 | 5479.1s
  | Step 26000/150000 | Gen: 3.8228 (GenNCE: 4.0948, MSE: 0.0228, Sep: -0.2947) | Est: 3.9424 (NCE: 3.9234, GP: 0.0190) | Acc: 0.943 | GenLR: 4.69e-04 EstLR: 2.72e-04 | 5697.5s
  | Step 27000/150000 | Gen: 3.8277 (GenNCE: 4.0993, MSE: 0.0231, Sep: -0.2947) | Est: 3.9395 (NCE: 3.9212, GP: 0.0183) | Acc: 0.943 | GenLR: 4.38e-04 EstLR: 2.58e-04 | 5916.0s
  | Step 28000/150000 | Gen: 3.8339 (GenNCE: 4.1051, MSE: 0.0235, Sep: -0.2947) | Est: 3.9448 (NCE: 3.9254, GP: 0.0194) | Acc: 0.938 | GenLR: 4.07e-04 EstLR: 2.46e-04 | 6134.4s
  | Step 29000/150000 | Gen: 3.8187 (GenNCE: 4.0912, MSE: 0.0223, Sep: -0.2948) | Est: 3.9427 (NCE: 3.9247, GP: 0.0180) | Acc: 0.922 | GenLR: 3.76e-04 EstLR: 2.34e-04 | 6353.1s
  | Step 30000/150000 | Gen: 3.8269 (GenNCE: 4.0996, MSE: 0.0219, Sep: -0.2946) | Est: 3.9449 (NCE: 3.9260, GP: 0.0189) | Acc: 0.924 | GenLR: 3.46e-04 EstLR: 2.22e-04 | 6571.5s
  | Step 31000/150000 | Gen: 3.8168 (GenNCE: 4.0906, MSE: 0.0208, Sep: -0.2946) | Est: 3.9447 (NCE: 3.9260, GP: 0.0186) | Acc: 0.934 | GenLR: 3.17e-04 EstLR: 2.11e-04 | 6790.0s
  | Step 32000/150000 | Gen: 3.8248 (GenNCE: 4.0981, MSE: 0.0213, Sep: -0.2947) | Est: 3.9530 (NCE: 3.9348, GP: 0.0182) | Acc: 0.949 | GenLR: 2.88e-04 EstLR: 2.01e-04 | 7008.4s
  | Step 33000/150000 | Gen: 3.8140 (GenNCE: 4.0882, MSE: 0.0206, Sep: -0.2947) | Est: 3.9352 (NCE: 3.9173, GP: 0.0179) | Acc: 0.938 | GenLR: 2.60e-04 EstLR: 1.91e-04 | 7226.8s
  | Step 34000/150000 | Gen: 3.8185 (GenNCE: 4.0921, MSE: 0.0212, Sep: -0.2947) | Est: 3.9378 (NCE: 3.9190, GP: 0.0187) | Acc: 0.934 | GenLR: 2.33e-04 EstLR: 1.82e-04 | 7445.2s
  | Step 35000/150000 | Gen: 3.8212 (GenNCE: 4.0948, MSE: 0.0211, Sep: -0.2947) | Est: 3.9367 (NCE: 3.9182, GP: 0.0185) | Acc: 0.941 | GenLR: 2.07e-04 EstLR: 1.73e-04 | 7663.8s
  | Step 36000/150000 | Gen: 3.8199 (GenNCE: 4.0930, MSE: 0.0215, Sep: -0.2946) | Est: 3.9408 (NCE: 3.9228, GP: 0.0180) | Acc: 0.941 | GenLR: 1.82e-04 EstLR: 1.65e-04 | 7882.2s
  | Step 37000/150000 | Gen: 3.8213 (GenNCE: 4.0952, MSE: 0.0207, Sep: -0.2946) | Est: 3.9408 (NCE: 3.9230, GP: 0.0178) | Acc: 0.949 | GenLR: 1.59e-04 EstLR: 1.57e-04 | 8100.7s
  | Step 38000/150000 | Gen: 3.8189 (GenNCE: 4.0933, MSE: 0.0203, Sep: -0.2947) | Est: 3.9410 (NCE: 3.9227, GP: 0.0183) | Acc: 0.963 | GenLR: 1.36e-04 EstLR: 1.49e-04 | 8319.1s
  | Step 39000/150000 | Gen: 3.8270 (GenNCE: 4.1015, MSE: 0.0202, Sep: -0.2947) | Est: 3.9442 (NCE: 3.9256, GP: 0.0186) | Acc: 0.969 | GenLR: 1.16e-04 EstLR: 1.42e-04 | 8537.4s
  | Step 40000/150000 | Gen: 3.8238 (GenNCE: 4.0991, MSE: 0.0194, Sep: -0.2947) | Est: 3.9450 (NCE: 3.9264, GP: 0.0186) | Acc: 0.951 | GenLR: 9.64e-05 EstLR: 1.35e-04 | 8755.8s
  | Step 41000/150000 | Gen: 3.8292 (GenNCE: 4.1035, MSE: 0.0203, Sep: -0.2946) | Est: 3.9455 (NCE: 3.9272, GP: 0.0183) | Acc: 0.973 | GenLR: 7.88e-05 EstLR: 1.28e-04 | 8974.4s
  | Step 42000/150000 | Gen: 3.8260 (GenNCE: 4.1003, MSE: 0.0203, Sep: -0.2946) | Est: 3.9404 (NCE: 3.9221, GP: 0.0183) | Acc: 0.957 | GenLR: 6.28e-05 EstLR: 1.22e-04 | 9192.9s
  | Step 43000/150000 | Gen: 3.8274 (GenNCE: 4.1023, MSE: 0.0197, Sep: -0.2946) | Est: 3.9440 (NCE: 3.9259, GP: 0.0181) | Acc: 0.963 | GenLR: 4.85e-05 EstLR: 1.16e-04 | 9411.2s
  | Step 44000/150000 | Gen: 3.8233 (GenNCE: 4.0977, MSE: 0.0202, Sep: -0.2947) | Est: 3.9456 (NCE: 3.9281, GP: 0.0175) | Acc: 0.945 | GenLR: 3.61e-05 EstLR: 1.10e-04 | 9629.6s
  | Step 45000/150000 | Gen: 3.8243 (GenNCE: 4.0990, MSE: 0.0200, Sep: -0.2946) | Est: 3.9438 (NCE: 3.9253, GP: 0.0185) | Acc: 0.953 | GenLR: 2.54e-05 EstLR: 1.05e-04 | 9848.0s
  | Step 46000/150000 | Gen: 3.8183 (GenNCE: 4.0939, MSE: 0.0190, Sep: -0.2947) | Est: 3.9451 (NCE: 3.9275, GP: 0.0177) | Acc: 0.949 | GenLR: 1.67e-05 EstLR: 9.97e-05 | 10066.7s
  | Step 47000/150000 | Gen: 3.8261 (GenNCE: 4.1007, MSE: 0.0200, Sep: -0.2946) | Est: 3.9422 (NCE: 3.9244, GP: 0.0178) | Acc: 0.973 | GenLR: 9.85e-06 EstLR: 9.48e-05 | 10285.0s
  | Step 48000/150000 | Gen: 3.8235 (GenNCE: 4.0988, MSE: 0.0193, Sep: -0.2946) | Est: 3.9439 (NCE: 3.9257, GP: 0.0182) | Acc: 0.971 | GenLR: 4.94e-06 EstLR: 9.02e-05 | 10503.3s
  | Step 49000/150000 | Gen: 3.8375 (GenNCE: 4.1112, MSE: 0.0209, Sep: -0.2946) | Est: 3.9481 (NCE: 3.9300, GP: 0.0181) | Acc: 0.961 | GenLR: 1.99e-06 EstLR: 8.58e-05 | 10721.7s
  | Step 50000/150000 | Gen: 3.8256 (GenNCE: 4.1005, MSE: 0.0198, Sep: -0.2947) | Est: 3.9416 (NCE: 3.9238, GP: 0.0178) | Acc: 0.957 | GenLR: 1.00e-03 EstLR: 8.16e-05 | 10940.2s
  | Step 51000/150000 | Gen: 3.8707 (GenNCE: 4.1442, MSE: 0.0260, Sep: -0.2996) | Est: 3.9461 (NCE: 3.9288, GP: 0.0173) | Acc: 0.961 | GenLR: 9.99e-04 EstLR: 7.76e-05 | 11158.7s
  | Step 52000/150000 | Gen: 3.9097 (GenNCE: 4.1742, MSE: 0.0350, Sep: -0.2996) | Est: 3.9444 (NCE: 3.9267, GP: 0.0178) | Acc: 0.957 | GenLR: 9.96e-04 EstLR: 7.38e-05 | 11377.3s
  | Step 53000/150000 | Gen: 3.8779 (GenNCE: 4.1511, MSE: 0.0264, Sep: -0.2996) | Est: 3.9461 (NCE: 3.9278, GP: 0.0182) | Acc: 0.963 | GenLR: 9.91e-04 EstLR: 7.02e-05 | 11595.8s
  | Step 54000/150000 | Gen: 3.8929 (GenNCE: 4.1633, MSE: 0.0292, Sep: -0.2996) | Est: 3.9457 (NCE: 3.9279, GP: 0.0178) | Acc: 0.967 | GenLR: 9.84e-04 EstLR: 6.68e-05 | 11814.1s
  | Step 55000/150000 | Gen: 3.8683 (GenNCE: 4.1426, MSE: 0.0252, Sep: -0.2996) | Est: 3.9476 (NCE: 3.9298, GP: 0.0178) | Acc: 0.967 | GenLR: 9.76e-04 EstLR: 6.35e-05 | 12032.5s
  | Step 56000/150000 | Gen: 3.8636 (GenNCE: 4.1393, MSE: 0.0238, Sep: -0.2996) | Est: 3.9545 (NCE: 3.9364, GP: 0.0181) | Acc: 0.967 | GenLR: 9.65e-04 EstLR: 6.04e-05 | 12250.9s
  | Step 57000/150000 | Gen: 3.8867 (GenNCE: 4.1581, MSE: 0.0282, Sep: -0.2996) | Est: 3.9506 (NCE: 3.9321, GP: 0.0185) | Acc: 0.959 | GenLR: 9.52e-04 EstLR: 5.74e-05 | 12469.4s
  | Step 58000/150000 | Gen: 3.8612 (GenNCE: 4.1376, MSE: 0.0232, Sep: -0.2996) | Est: 3.9478 (NCE: 3.9300, GP: 0.0178) | Acc: 0.977 | GenLR: 9.38e-04 EstLR: 5.46e-05 | 12688.0s
  | Step 59000/150000 | Gen: 3.8487 (GenNCE: 4.1259, MSE: 0.0224, Sep: -0.2996) | Est: 3.9439 (NCE: 3.9263, GP: 0.0176) | Acc: 0.969 | GenLR: 9.22e-04 EstLR: 5.20e-05 | 12906.4s
  | Step 60000/150000 | Gen: 3.8514 (GenNCE: 4.1280, MSE: 0.0230, Sep: -0.2996) | Est: 3.9430 (NCE: 3.9255, GP: 0.0175) | Acc: 0.957 | GenLR: 9.05e-04 EstLR: 4.94e-05 | 13124.8s
  | Step 61000/150000 | Gen: 3.8640 (GenNCE: 4.1389, MSE: 0.0246, Sep: -0.2996) | Est: 3.9396 (NCE: 3.9216, GP: 0.0180) | Acc: 0.980 | GenLR: 8.85e-04 EstLR: 4.70e-05 | 13343.2s
  | Step 62000/150000 | Gen: 3.8656 (GenNCE: 4.1404, MSE: 0.0247, Sep: -0.2996) | Est: 3.9437 (NCE: 3.9259, GP: 0.0178) | Acc: 0.975 | GenLR: 8.65e-04 EstLR: 4.47e-05 | 13561.6s
  | Step 63000/150000 | Gen: 3.8536 (GenNCE: 4.1305, MSE: 0.0227, Sep: -0.2996) | Est: 3.9478 (NCE: 3.9303, GP: 0.0176) | Acc: 0.957 | GenLR: 8.42e-04 EstLR: 4.25e-05 | 13780.1s
  | Step 64000/150000 | Gen: 3.8663 (GenNCE: 4.1422, MSE: 0.0237, Sep: -0.2996) | Est: 3.9480 (NCE: 3.9307, GP: 0.0173) | Acc: 0.963 | GenLR: 8.19e-04 EstLR: 4.04e-05 | 13998.6s
  | Step 65000/150000 | Gen: 3.8457 (GenNCE: 4.1235, MSE: 0.0218, Sep: -0.2996) | Est: 3.9463 (NCE: 3.9291, GP: 0.0171) | Acc: 0.959 | GenLR: 7.94e-04 EstLR: 3.85e-05 | 14216.9s
  | Step 66000/150000 | Gen: 3.8402 (GenNCE: 4.1195, MSE: 0.0203, Sep: -0.2996) | Est: 3.9446 (NCE: 3.9271, GP: 0.0175) | Acc: 0.969 | GenLR: 7.68e-04 EstLR: 3.66e-05 | 14435.3s
  | Step 67000/150000 | Gen: 3.8365 (GenNCE: 4.1155, MSE: 0.0206, Sep: -0.2996) | Est: 3.9383 (NCE: 3.9213, GP: 0.0170) | Acc: 0.953 | GenLR: 7.41e-04 EstLR: 3.48e-05 | 14653.6s
  | Step 68000/150000 | Gen: 3.8440 (GenNCE: 4.1226, MSE: 0.0210, Sep: -0.2996) | Est: 3.9481 (NCE: 3.9304, GP: 0.0177) | Acc: 0.965 | GenLR: 7.13e-04 EstLR: 3.31e-05 | 14872.2s
  | Step 69000/150000 | Gen: 3.8355 (GenNCE: 4.1141, MSE: 0.0210, Sep: -0.2996) | Est: 3.9406 (NCE: 3.9223, GP: 0.0183) | Acc: 0.961 | GenLR: 6.84e-04 EstLR: 3.15e-05 | 15090.6s
  | Step 70000/150000 | Gen: 3.8317 (GenNCE: 4.1126, MSE: 0.0187, Sep: -0.2996) | Est: 3.9509 (NCE: 3.9332, GP: 0.0177) | Acc: 0.963 | GenLR: 6.55e-04 EstLR: 2.99e-05 | 15309.1s
  | Step 71000/150000 | Gen: 3.8200 (GenNCE: 4.1024, MSE: 0.0171, Sep: -0.2996) | Est: 3.9519 (NCE: 3.9348, GP: 0.0171) | Acc: 0.949 | GenLR: 6.25e-04 EstLR: 2.85e-05 | 15527.6s
  | Step 72000/150000 | Gen: 3.8188 (GenNCE: 4.1019, MSE: 0.0165, Sep: -0.2996) | Est: 3.9537 (NCE: 3.9360, GP: 0.0177) | Acc: 0.961 | GenLR: 5.94e-04 EstLR: 2.71e-05 | 15745.9s
  | Step 73000/150000 | Gen: 3.8058 (GenNCE: 4.0908, MSE: 0.0146, Sep: -0.2996) | Est: 3.9522 (NCE: 3.9350, GP: 0.0172) | Acc: 0.947 | GenLR: 5.63e-04 EstLR: 2.58e-05 | 15964.3s
  | Step 74000/150000 | Gen: 3.8098 (GenNCE: 4.0937, MSE: 0.0157, Sep: -0.2996) | Est: 3.9479 (NCE: 3.9301, GP: 0.0178) | Acc: 0.951 | GenLR: 5.32e-04 EstLR: 2.45e-05 | 16182.5s
  | Step 75000/150000 | Gen: 3.8038 (GenNCE: 4.0890, MSE: 0.0144, Sep: -0.2996) | Est: 3.9448 (NCE: 3.9271, GP: 0.0178) | Acc: 0.973 | GenLR: 5.01e-04 EstLR: 2.33e-05 | 16401.2s
  | Step 76000/150000 | Gen: 3.8018 (GenNCE: 4.0863, MSE: 0.0151, Sep: -0.2996) | Est: 3.9407 (NCE: 3.9229, GP: 0.0179) | Acc: 0.975 | GenLR: 4.69e-04 EstLR: 2.22e-05 | 16619.6s
  | Step 77000/150000 | Gen: 3.8024 (GenNCE: 4.0870, MSE: 0.0150, Sep: -0.2996) | Est: 3.9444 (NCE: 3.9269, GP: 0.0175) | Acc: 0.959 | GenLR: 4.38e-04 EstLR: 2.11e-05 | 16838.0s
  | Step 78000/150000 | Gen: 3.8016 (GenNCE: 4.0865, MSE: 0.0147, Sep: -0.2996) | Est: 3.9456 (NCE: 3.9285, GP: 0.0170) | Acc: 0.959 | GenLR: 4.07e-04 EstLR: 2.00e-05 | 17056.3s
  | Step 79000/150000 | Gen: 3.7998 (GenNCE: 4.0856, MSE: 0.0137, Sep: -0.2996) | Est: 3.9479 (NCE: 3.9302, GP: 0.0177) | Acc: 0.977 | GenLR: 3.76e-04 EstLR: 1.91e-05 | 17274.7s
  | Step 80000/150000 | Gen: 3.7910 (GenNCE: 4.0767, MSE: 0.0139, Sep: -0.2996) | Est: 3.9423 (NCE: 3.9250, GP: 0.0173) | Acc: 0.953 | GenLR: 3.46e-04 EstLR: 1.81e-05 | 17493.2s
  | Step 81000/150000 | Gen: 3.7928 (GenNCE: 4.0794, MSE: 0.0130, Sep: -0.2996) | Est: 3.9483 (NCE: 3.9306, GP: 0.0178) | Acc: 0.977 | GenLR: 3.17e-04 EstLR: 1.72e-05 | 17711.7s
  | Step 82000/150000 | Gen: 3.7878 (GenNCE: 4.0739, MSE: 0.0135, Sep: -0.2996) | Est: 3.9421 (NCE: 3.9247, GP: 0.0174) | Acc: 0.955 | GenLR: 2.88e-04 EstLR: 1.64e-05 | 17930.1s
  | Step 83000/150000 | Gen: 3.7822 (GenNCE: 4.0695, MSE: 0.0122, Sep: -0.2996) | Est: 3.9463 (NCE: 3.9291, GP: 0.0173) | Acc: 0.947 | GenLR: 2.60e-04 EstLR: 1.56e-05 | 18148.5s
  | Step 84000/150000 | Gen: 3.7795 (GenNCE: 4.0672, MSE: 0.0119, Sep: -0.2996) | Est: 3.9523 (NCE: 3.9347, GP: 0.0176) | Acc: 0.945 | GenLR: 2.33e-04 EstLR: 1.48e-05 | 18367.0s
  | Step 85000/150000 | Gen: 3.7817 (GenNCE: 4.0695, MSE: 0.0118, Sep: -0.2996) | Est: 3.9465 (NCE: 3.9288, GP: 0.0177) | Acc: 0.969 | GenLR: 2.07e-04 EstLR: 1.41e-05 | 18585.4s
  | Step 86000/150000 | Gen: 3.7749 (GenNCE: 4.0634, MSE: 0.0111, Sep: -0.2996) | Est: 3.9471 (NCE: 3.9296, GP: 0.0175) | Acc: 0.961 | GenLR: 1.82e-04 EstLR: 1.34e-05 | 18804.1s
  | Step 87000/150000 | Gen: 3.7776 (GenNCE: 4.0658, MSE: 0.0114, Sep: -0.2996) | Est: 3.9481 (NCE: 3.9301, GP: 0.0180) | Acc: 0.971 | GenLR: 1.59e-04 EstLR: 1.28e-05 | 19022.5s
  | Step 88000/150000 | Gen: 3.7715 (GenNCE: 4.0597, MSE: 0.0113, Sep: -0.2996) | Est: 3.9426 (NCE: 3.9253, GP: 0.0173) | Acc: 0.965 | GenLR: 1.36e-04 EstLR: 1.21e-05 | 19240.8s
  | Step 89000/150000 | Gen: 3.7731 (GenNCE: 4.0614, MSE: 0.0112, Sep: -0.2996) | Est: 3.9442 (NCE: 3.9267, GP: 0.0174) | Acc: 0.969 | GenLR: 1.16e-04 EstLR: 1.15e-05 | 19459.3s
  | Step 90000/150000 | Gen: 3.7672 (GenNCE: 4.0556, MSE: 0.0111, Sep: -0.2996) | Est: 3.9470 (NCE: 3.9291, GP: 0.0179) | Acc: 0.959 | GenLR: 9.64e-05 EstLR: 1.10e-05 | 19677.6s
  | Step 91000/150000 | Gen: 3.7614 (GenNCE: 4.0501, MSE: 0.0109, Sep: -0.2996) | Est: 3.9395 (NCE: 3.9221, GP: 0.0174) | Acc: 0.957 | GenLR: 7.88e-05 EstLR: 1.04e-05 | 19895.9s
  | Step 92000/150000 | Gen: 3.7601 (GenNCE: 4.0495, MSE: 0.0101, Sep: -0.2996) | Est: 3.9421 (NCE: 3.9245, GP: 0.0175) | Acc: 0.971 | GenLR: 6.28e-05 EstLR: 9.94e-06 | 20114.7s
  | Step 93000/150000 | Gen: 3.7732 (GenNCE: 4.0617, MSE: 0.0110, Sep: -0.2996) | Est: 3.9474 (NCE: 3.9301, GP: 0.0172) | Acc: 0.961 | GenLR: 4.85e-05 EstLR: 9.45e-06 | 20333.0s
  | Step 94000/150000 | Gen: 3.7646 (GenNCE: 4.0532, MSE: 0.0110, Sep: -0.2996) | Est: 3.9425 (NCE: 3.9248, GP: 0.0177) | Acc: 0.965 | GenLR: 3.61e-05 EstLR: 8.99e-06 | 20551.5s
  | Step 95000/150000 | Gen: 3.7693 (GenNCE: 4.0579, MSE: 0.0110, Sep: -0.2996) | Est: 3.9469 (NCE: 3.9293, GP: 0.0176) | Acc: 0.959 | GenLR: 2.54e-05 EstLR: 8.55e-06 | 20769.9s
  | Step 96000/150000 | Gen: 3.7610 (GenNCE: 4.0500, MSE: 0.0106, Sep: -0.2996) | Est: 3.9420 (NCE: 3.9244, GP: 0.0176) | Acc: 0.969 | GenLR: 1.67e-05 EstLR: 8.13e-06 | 20988.2s
  | Step 97000/150000 | Gen: 3.7650 (GenNCE: 4.0534, MSE: 0.0112, Sep: -0.2996) | Est: 3.9452 (NCE: 3.9275, GP: 0.0177) | Acc: 0.955 | GenLR: 9.85e-06 EstLR: 7.73e-06 | 21206.8s
  | Step 98000/150000 | Gen: 3.7658 (GenNCE: 4.0544, MSE: 0.0109, Sep: -0.2996) | Est: 3.9435 (NCE: 3.9263, GP: 0.0172) | Acc: 0.961 | GenLR: 4.94e-06 EstLR: 7.36e-06 | 21425.2s
  | Step 99000/150000 | Gen: 3.7615 (GenNCE: 4.0505, MSE: 0.0106, Sep: -0.2996) | Est: 3.9437 (NCE: 3.9264, GP: 0.0174) | Acc: 0.963 | GenLR: 1.99e-06 EstLR: 7.00e-06 | 21643.5s
  | Step 100000/150000 | Gen: 3.7695 (GenNCE: 4.0580, MSE: 0.0111, Sep: -0.2996) | Est: 3.9439 (NCE: 3.9262, GP: 0.0178) | Acc: 0.973 | GenLR: 1.00e-03 EstLR: 6.65e-06 | 21862.0s
  | Step 101000/150000 | Gen: 3.8338 (GenNCE: 4.1149, MSE: 0.0185, Sep: -0.2996) | Est: 3.9431 (NCE: 3.9253, GP: 0.0178) | Acc: 0.967 | GenLR: 9.99e-04 EstLR: 6.33e-06 | 22080.4s
  | Step 102000/150000 | Gen: 3.8529 (GenNCE: 4.1322, MSE: 0.0203, Sep: -0.2996) | Est: 3.9523 (NCE: 3.9343, GP: 0.0180) | Acc: 0.961 | GenLR: 9.96e-04 EstLR: 6.02e-06 | 22298.8s
  | Step 103000/150000 | Gen: 3.8011 (GenNCE: 4.0856, MSE: 0.0151, Sep: -0.2996) | Est: 3.9374 (NCE: 3.9194, GP: 0.0181) | Acc: 0.953 | GenLR: 9.91e-04 EstLR: 5.72e-06 | 22517.4s
  | Step 104000/150000 | Gen: 3.8139 (GenNCE: 4.0979, MSE: 0.0155, Sep: -0.2996) | Est: 3.9484 (NCE: 3.9305, GP: 0.0179) | Acc: 0.955 | GenLR: 9.84e-04 EstLR: 5.45e-06 | 22735.8s
  | Step 105000/150000 | Gen: 3.8213 (GenNCE: 4.1051, MSE: 0.0158, Sep: -0.2996) | Est: 3.9473 (NCE: 3.9297, GP: 0.0176) | Acc: 0.963 | GenLR: 9.76e-04 EstLR: 5.18e-06 | 22954.1s
  | Step 106000/150000 | Gen: 3.8057 (GenNCE: 4.0902, MSE: 0.0150, Sep: -0.2996) | Est: 3.9417 (NCE: 3.9242, GP: 0.0174) | Acc: 0.959 | GenLR: 9.65e-04 EstLR: 4.93e-06 | 23172.6s
  | Step 107000/150000 | Gen: 3.8059 (GenNCE: 4.0903, MSE: 0.0151, Sep: -0.2996) | Est: 3.9404 (NCE: 3.9226, GP: 0.0178) | Acc: 0.975 | GenLR: 9.52e-04 EstLR: 4.68e-06 | 23390.9s
  | Step 108000/150000 | Gen: 3.8292 (GenNCE: 4.1125, MSE: 0.0163, Sep: -0.2996) | Est: 3.9480 (NCE: 3.9304, GP: 0.0176) | Acc: 0.969 | GenLR: 9.38e-04 EstLR: 4.46e-06 | 23609.7s
  | Step 109000/150000 | Gen: 3.8076 (GenNCE: 4.0928, MSE: 0.0144, Sep: -0.2996) | Est: 3.9494 (NCE: 3.9317, GP: 0.0177) | Acc: 0.959 | GenLR: 9.22e-04 EstLR: 4.24e-06 | 23828.1s
  | Step 110000/150000 | Gen: 3.7978 (GenNCE: 4.0835, MSE: 0.0139, Sep: -0.2996) | Est: 3.9410 (NCE: 3.9231, GP: 0.0178) | Acc: 0.965 | GenLR: 9.05e-04 EstLR: 4.03e-06 | 24046.5s
  | Step 111000/150000 | Gen: 3.8032 (GenNCE: 4.0892, MSE: 0.0136, Sep: -0.2996) | Est: 3.9468 (NCE: 3.9291, GP: 0.0177) | Acc: 0.980 | GenLR: 8.85e-04 EstLR: 3.83e-06 | 24264.8s
  | Step 112000/150000 | Gen: 3.8282 (GenNCE: 4.1097, MSE: 0.0181, Sep: -0.2996) | Est: 3.9477 (NCE: 3.9303, GP: 0.0174) | Acc: 0.961 | GenLR: 8.65e-04 EstLR: 3.65e-06 | 24483.3s
  | Step 113000/150000 | Gen: 3.7939 (GenNCE: 4.0803, MSE: 0.0131, Sep: -0.2996) | Est: 3.9452 (NCE: 3.9274, GP: 0.0178) | Acc: 0.949 | GenLR: 8.42e-04 EstLR: 3.47e-06 | 24701.7s
  | Step 114000/150000 | Gen: 3.7895 (GenNCE: 4.0771, MSE: 0.0120, Sep: -0.2996) | Est: 3.9524 (NCE: 3.9342, GP: 0.0182) | Acc: 0.971 | GenLR: 8.19e-04 EstLR: 3.30e-06 | 24920.4s
  | Step 115000/150000 | Gen: 3.8130 (GenNCE: 4.0981, MSE: 0.0144, Sep: -0.2996) | Est: 3.9477 (NCE: 3.9299, GP: 0.0177) | Acc: 0.955 | GenLR: 7.94e-04 EstLR: 3.14e-06 | 25139.0s
  | Step 116000/150000 | Gen: 3.7906 (GenNCE: 4.0769, MSE: 0.0133, Sep: -0.2996) | Est: 3.9412 (NCE: 3.9236, GP: 0.0176) | Acc: 0.959 | GenLR: 7.68e-04 EstLR: 2.98e-06 | 25357.6s
  | Step 117000/150000 | Gen: 3.7877 (GenNCE: 4.0745, MSE: 0.0127, Sep: -0.2996) | Est: 3.9411 (NCE: 3.9233, GP: 0.0178) | Acc: 0.957 | GenLR: 7.41e-04 EstLR: 2.84e-06 | 25576.2s
  | Step 118000/150000 | Gen: 3.7705 (GenNCE: 4.0597, MSE: 0.0103, Sep: -0.2996) | Est: 3.9440 (NCE: 3.9259, GP: 0.0181) | Acc: 0.967 | GenLR: 7.13e-04 EstLR: 2.70e-06 | 25794.9s
  | Step 119000/150000 | Gen: 3.7756 (GenNCE: 4.0642, MSE: 0.0109, Sep: -0.2996) | Est: 3.9438 (NCE: 3.9263, GP: 0.0174) | Acc: 0.957 | GenLR: 6.84e-04 EstLR: 2.57e-06 | 26013.5s
  | Step 120000/150000 | Gen: 3.7820 (GenNCE: 4.0703, MSE: 0.0114, Sep: -0.2996) | Est: 3.9524 (NCE: 3.9347, GP: 0.0177) | Acc: 0.957 | GenLR: 6.55e-04 EstLR: 2.44e-06 | 26232.1s
  | Step 121000/150000 | Gen: 3.7577 (GenNCE: 4.0482, MSE: 0.0090, Sep: -0.2996) | Est: 3.9387 (NCE: 3.9209, GP: 0.0178) | Acc: 0.979 | GenLR: 6.25e-04 EstLR: 2.32e-06 | 26450.6s
  | Step 122000/150000 | Gen: 3.7686 (GenNCE: 4.0585, MSE: 0.0097, Sep: -0.2996) | Est: 3.9442 (NCE: 3.9266, GP: 0.0176) | Acc: 0.957 | GenLR: 5.94e-04 EstLR: 2.21e-06 | 26669.1s
  | Step 123000/150000 | Gen: 3.7571 (GenNCE: 4.0480, MSE: 0.0087, Sep: -0.2996) | Est: 3.9411 (NCE: 3.9235, GP: 0.0176) | Acc: 0.959 | GenLR: 5.63e-04 EstLR: 2.10e-06 | 26887.5s
  | Step 124000/150000 | Gen: 3.7540 (GenNCE: 4.0455, MSE: 0.0080, Sep: -0.2996) | Est: 3.9399 (NCE: 3.9224, GP: 0.0175) | Acc: 0.975 | GenLR: 5.32e-04 EstLR: 2.00e-06 | 27106.0s
  | Step 125000/150000 | Gen: 3.7523 (GenNCE: 4.0438, MSE: 0.0081, Sep: -0.2996) | Est: 3.9436 (NCE: 3.9260, GP: 0.0177) | Acc: 0.963 | GenLR: 5.01e-04 EstLR: 1.90e-06 | 27324.6s
  | Step 126000/150000 | Gen: 3.7627 (GenNCE: 4.0527, MSE: 0.0096, Sep: -0.2996) | Est: 3.9421 (NCE: 3.9243, GP: 0.0178) | Acc: 0.963 | GenLR: 4.69e-04 EstLR: 1.81e-06 | 27543.0s
  | Step 127000/150000 | Gen: 3.7464 (GenNCE: 4.0387, MSE: 0.0073, Sep: -0.2996) | Est: 3.9410 (NCE: 3.9230, GP: 0.0180) | Acc: 0.969 | GenLR: 4.38e-04 EstLR: 1.72e-06 | 27761.4s
  | Step 128000/150000 | Gen: 3.7408 (GenNCE: 4.0337, MSE: 0.0067, Sep: -0.2996) | Est: 3.9488 (NCE: 3.9312, GP: 0.0176) | Acc: 0.953 | GenLR: 4.07e-04 EstLR: 1.64e-06 | 27979.9s
  | Step 129000/150000 | Gen: 3.7289 (GenNCE: 4.0218, MSE: 0.0067, Sep: -0.2996) | Est: 3.9446 (NCE: 3.9266, GP: 0.0180) | Acc: 0.949 | GenLR: 3.76e-04 EstLR: 1.56e-06 | 28198.2s
  | Step 130000/150000 | Gen: 3.7355 (GenNCE: 4.0284, MSE: 0.0067, Sep: -0.2996) | Est: 3.9413 (NCE: 3.9235, GP: 0.0178) | Acc: 0.957 | GenLR: 3.46e-04 EstLR: 1.48e-06 | 28416.8s
  | Step 131000/150000 | Gen: 3.7401 (GenNCE: 4.0331, MSE: 0.0066, Sep: -0.2996) | Est: 3.9434 (NCE: 3.9260, GP: 0.0174) | Acc: 0.982 | GenLR: 3.17e-04 EstLR: 1.41e-06 | 28635.4s
  | Step 132000/150000 | Gen: 3.7310 (GenNCE: 4.0245, MSE: 0.0060, Sep: -0.2996) | Est: 3.9454 (NCE: 3.9276, GP: 0.0178) | Acc: 0.969 | GenLR: 2.88e-04 EstLR: 1.34e-06 | 28853.8s
  | Step 133000/150000 | Gen: 3.7412 (GenNCE: 4.0341, MSE: 0.0067, Sep: -0.2996) | Est: 3.9439 (NCE: 3.9263, GP: 0.0176) | Acc: 0.971 | GenLR: 2.60e-04 EstLR: 1.27e-06 | 29072.0s
  | Step 134000/150000 | Gen: 3.7325 (GenNCE: 4.0259, MSE: 0.0063, Sep: -0.2996) | Est: 3.9486 (NCE: 3.9307, GP: 0.0179) | Acc: 0.961 | GenLR: 2.33e-04 EstLR: 1.21e-06 | 29290.5s
  | Step 135000/150000 | Gen: 3.7215 (GenNCE: 4.0157, MSE: 0.0054, Sep: -0.2996) | Est: 3.9433 (NCE: 3.9253, GP: 0.0180) | Acc: 0.955 | GenLR: 2.07e-04 EstLR: 1.15e-06 | 29508.8s
  | Step 136000/150000 | Gen: 3.7186 (GenNCE: 4.0131, MSE: 0.0051, Sep: -0.2996) | Est: 3.9436 (NCE: 3.9259, GP: 0.0177) | Acc: 0.961 | GenLR: 1.82e-04 EstLR: 1.09e-06 | 29727.2s
  | Step 137000/150000 | Gen: 3.7218 (GenNCE: 4.0162, MSE: 0.0052, Sep: -0.2996) | Est: 3.9450 (NCE: 3.9274, GP: 0.0177) | Acc: 0.959 | GenLR: 1.59e-04 EstLR: 1.04e-06 | 29945.8s
  | Step 138000/150000 | Gen: 3.7235 (GenNCE: 4.0177, MSE: 0.0054, Sep: -0.2996) | Est: 3.9444 (NCE: 3.9269, GP: 0.0175) | Acc: 0.961 | GenLR: 1.36e-04 EstLR: 9.90e-07 | 30164.2s
  | Step 139000/150000 | Gen: 3.7186 (GenNCE: 4.0131, MSE: 0.0051, Sep: -0.2996) | Est: 3.9466 (NCE: 3.9290, GP: 0.0176) | Acc: 0.953 | GenLR: 1.16e-04 EstLR: 9.42e-07 | 30382.6s
  | Step 140000/150000 | Gen: 3.7160 (GenNCE: 4.0107, MSE: 0.0048, Sep: -0.2996) | Est: 3.9411 (NCE: 3.9237, GP: 0.0174) | Acc: 0.957 | GenLR: 9.64e-05 EstLR: 8.96e-07 | 30600.8s
  | Step 141000/150000 | Gen: 3.7177 (GenNCE: 4.0123, MSE: 0.0050, Sep: -0.2996) | Est: 3.9443 (NCE: 3.9265, GP: 0.0179) | Acc: 0.961 | GenLR: 7.88e-05 EstLR: 8.52e-07 | 30819.3s
  | Step 142000/150000 | Gen: 3.7140 (GenNCE: 4.0088, MSE: 0.0048, Sep: -0.2996) | Est: 3.9478 (NCE: 3.9303, GP: 0.0175) | Acc: 0.945 | GenLR: 6.28e-05 EstLR: 8.11e-07 | 31037.8s
  | Step 143000/150000 | Gen: 3.7117 (GenNCE: 4.0068, MSE: 0.0045, Sep: -0.2996) | Est: 3.9404 (NCE: 3.9229, GP: 0.0175) | Acc: 0.965 | GenLR: 4.85e-05 EstLR: 7.71e-07 | 31256.2s
  | Step 144000/150000 | Gen: 3.7127 (GenNCE: 4.0077, MSE: 0.0045, Sep: -0.2996) | Est: 3.9431 (NCE: 3.9254, GP: 0.0177) | Acc: 0.977 | GenLR: 3.61e-05 EstLR: 7.33e-07 | 31474.5s
  | Step 145000/150000 | Gen: 3.7091 (GenNCE: 4.0041, MSE: 0.0046, Sep: -0.2996) | Est: 3.9408 (NCE: 3.9226, GP: 0.0182) | Acc: 0.975 | GenLR: 2.54e-05 EstLR: 6.97e-07 | 31693.0s
  | Step 146000/150000 | Gen: 3.7143 (GenNCE: 4.0094, MSE: 0.0045, Sep: -0.2996) | Est: 3.9442 (NCE: 3.9265, GP: 0.0177) | Acc: 0.971 | GenLR: 1.67e-05 EstLR: 6.63e-07 | 31911.5s
  | Step 147000/150000 | Gen: 3.7221 (GenNCE: 4.0171, MSE: 0.0047, Sep: -0.2996) | Est: 3.9501 (NCE: 3.9324, GP: 0.0177) | Acc: 0.963 | GenLR: 9.85e-06 EstLR: 6.31e-07 | 32129.9s
  | Step 148000/150000 | Gen: 3.7113 (GenNCE: 4.0063, MSE: 0.0046, Sep: -0.2996) | Est: 3.9463 (NCE: 3.9288, GP: 0.0176) | Acc: 0.951 | GenLR: 4.94e-06 EstLR: 6.00e-07 | 32348.4s
  | Step 149000/150000 | Gen: 3.7047 (GenNCE: 3.9996, MSE: 0.0047, Sep: -0.2996) | Est: 3.9381 (NCE: 3.9198, GP: 0.0183) | Acc: 0.953 | GenLR: 1.99e-06 EstLR: 5.71e-07 | 32566.9s
  | Step 150000/150000 | Gen: 3.7106 (GenNCE: 4.0055, MSE: 0.0047, Sep: -0.2996) | Est: 3.9409 (NCE: 3.9229, GP: 0.0181) | Acc: 0.965 | GenLR: 1.00e-03 EstLR: 5.43e-07 | 32785.3s
  | 
  | Training completed in 32785.3s (546.42 min)
  | Models saved to /home1/halbertb/Q3CIBC/checkpoints/hpsearch/trial_002/

  Training completed in 32821s
  Evaluating...

  Result: success_rate=66.00%, avg_reward=0.660
