==========================================
SLURM_JOB_ID = 7938953
SLURM_JOB_NODELIST = e21-01
TMPDIR = /tmp/SLURM_7938953
==========================================
Detected tunable params in combinedv2_cpascounter_training.py:
  - control_points  (search space: [20, 30, 50, 75, 100])
  - learning_rate  (search space: [0.0001, 0.0003, 0.0005, 0.001, 0.002, 0.005])
  - batch_size  (search space: [128, 256, 512])
  - counter_examples  (search space: [8, 16, 32, 64])
  - top_k_control_points  (search space: [10, 20, 50, 70])
  - separation_weight  (search space: [0.01, 0.05, 0.1, 0.2])
  - mse_weight  (search space: [1.0, 3.0, 5.0, 10.0])
  - info_nce_weight  (search space: [0.5, 1.0, 2.0])
  - generator_infonce_weight  (search space: [0.01, 0.05, 0.1, 0.2])
  - training_steps  (search space: [50000, 100000, 200000])
  - separation_loss  (search space: ['separation', 'entropy'])
  - entropy_bandwidth  (search space: [0.05, 0.1, 0.2])
  - num_hidden_layers  (search space: [2, 4, 8])
  - num_neurons  (search space: [128, 256, 512])
  - estimator_learning_rate  (search space: [0.0001, 0.0003, 0.0005, 0.001])
  - scheduler_type  (search space: ['cosine', 'cosine_warm_restarts'])
  - cosine_t0  (search space: [25000, 50000, 100000])
  - infonce_logit_clamp  (search space: [10.0, 20.0, 30.0, 50.0])
  - use_spectral_norm  (search space: [True, False])
  - cosine_t_max  (search space: [100000, 150000, 200000])

Baseline (current config):
  control_points = 20
  learning_rate = 0.001
  batch_size = 512
  counter_examples = 8
  top_k_control_points = 15
  separation_weight = 0.1
  mse_weight = 20.0
  info_nce_weight = 1.0
  generator_infonce_weight = 0.05
  training_steps = 100000
  separation_loss = entropy
  entropy_bandwidth = 0.1
  num_hidden_layers = 2
  num_neurons = 256


================================================================================
TRIAL 38 — combinedv2_cpascounter_training.py
================================================================================
Parameters:
{
  "control_points": 30,
  "learning_rate": 0.001,
  "batch_size": 512,
  "counter_examples": 0,
  "top_k_control_points": 30,
  "separation_weight": 0.1,
  "mse_weight": 20.0,
  "info_nce_weight": 1.0,
  "generator_infonce_weight": 0.05,
  "training_steps": 200000,
  "separation_loss": "entropy",
  "entropy_bandwidth": 0.1,
  "num_hidden_layers": 2,
  "num_neurons": 256,
  "infonce_logit_clamp": 20.0,
  "cosine_t_max": 400000
}

  Training (200000 steps)...
  | Using device: cuda
  | Active environment: particle
  | Training steps: 200000
  | Batch size: 512
  | Learning rate (generator): 0.001
  | Learning rate (estimator): 0.001
  | Scheduler: cosine
  | InfoNCE logit clamp: 20.0
  | Spectral norm (estimator): False
  | Top-k control points as counter examples: 30
  | Langevin counter examples (from counter_examples): 0
  | Frame stack: 2
  | Loading particle dataset...
  | 2026-04-13 23:01:24.057811: I tensorflow/core/platform/cpu_feature_guard.cc:210] This TensorFlow binary is optimized to use available CPU instructions in performance-critical operations.
  | To enable the following instructions: AVX2 FMA, in other operations, rebuild TensorFlow with the appropriate compiler flags.
  | WARNING: All log messages before absl::InitializeLog() is called are written to STDERR
  | I0000 00:00:1776146504.294596 4165855 gpu_device.cc:2020] Created device /job:localhost/replica:0/task:0/device:GPU:0 with 15513 MB memory:  -> device: 0, name: Tesla P100-PCIE-16GB, pci bus id: 0000:07:00.0, compute capability: 6.0
  | 2026-04-13 23:01:44.529345: I tensorflow/core/kernels/data/tf_record_dataset_op.cc:390] TFRecordDataset `buffer_size` is unspecified, default to 262144
  | 2026-04-13 23:01:47.318074: I tensorflow/core/framework/local_rendezvous.cc:407] Local rendezvous is aborting with status: OUT_OF_RANGE: End of sequence
  | 2026-04-13 23:01:50.633333: I tensorflow/core/framework/local_rendezvous.cc:407] Local rendezvous is aborting with status: OUT_OF_RANGE: End of sequence
  | 2026-04-13 23:01:57.298007: I tensorflow/core/framework/local_rendezvous.cc:407] Local rendezvous is aborting with status: OUT_OF_RANGE: End of sequence
  | 2026-04-13 23:02:08.958284: I tensorflow/core/framework/local_rendezvous.cc:407] Local rendezvous is aborting with status: OUT_OF_RANGE: End of sequence
  | Dataset size: 102000
  | Particle dataset episodes: 2000 | Avg samples/episode: 51.00
  | /home1/halbertb/Q3CIBC/.venv/lib64/python3.12/site-packages/torch/cuda/__init__.py:283: UserWarning: 
  |     Found GPU0 Tesla P100-PCIE-16GB which is of cuda capability 6.0.
  |     Minimum and Maximum cuda capability supported by this version of PyTorch is
  |     (7.0) - (12.0)
  |     
  |   warnings.warn(
  | /home1/halbertb/Q3CIBC/.venv/lib64/python3.12/site-packages/torch/cuda/__init__.py:304: UserWarning: 
  |     Please install PyTorch with a following CUDA
  |     configurations:  12.6 following instructions at
  |     https://pytorch.org/get-started/locally/
  |     
  |   warnings.warn(matched_cuda_warn.format(matched_arches))
  | /home1/halbertb/Q3CIBC/.venv/lib64/python3.12/site-packages/torch/cuda/__init__.py:326: UserWarning: 
  | Tesla P100-PCIE-16GB with CUDA capability sm_60 is not compatible with the current PyTorch installation.
  | The current PyTorch install supports CUDA capabilities sm_70 sm_75 sm_80 sm_86 sm_90 sm_100 sm_120.
  | If you want to use the Tesla P100-PCIE-16GB GPU with PyTorch, please check the instructions at https://pytorch.org/get-started/locally/
  | 
  |   warnings.warn(
  | Traceback (most recent call last):
  |   File "/home1/halbertb/Q3CIBC/combinedv2_cpascounter_training.py", line 444, in <module>
  |     main()
  |   File "/home1/halbertb/Q3CIBC/combinedv2_cpascounter_training.py", line 231, in main
  |     obs_normalizer = ObservationNormalizer(
  |                      ^^^^^^^^^^^^^^^^^^^^^^
  |   File "/home1/halbertb/Q3CIBC/utils/normalizations.py", line 142, in __init__
  |     self.obs_range = self.obs_max - self.obs_min
  |                      ~~~~~~~~~~~~~^~~~~~~~~~~~~~
  | torch.AcceleratorError: CUDA error: no kernel image is available for execution on the device
  | Search for `cudaErrorNoKernelImageForDevice' in https://docs.nvidia.com/cuda/cuda-runtime-api/group__CUDART__TYPES.html for more information.
  | CUDA kernel errors might be asynchronously reported at some other API call, so the stacktrace below might be incorrect.
  | For debugging consider passing CUDA_LAUNCH_BLOCKING=1
  | Compile with `TORCH_USE_CUDA_DSA` to enable device-side assertions.
  | 

  Training FAILED after 93s
