==========================================
SLURM_JOB_ID = 8183983
SLURM_JOB_NODELIST = d13-06
TMPDIR = /tmp/SLURM_8183983
==========================================
Detected tunable params in ibc_with_cpsv2_training.py:
  - control_points  (search space: [20, 30, 50, 75, 100])
  - learning_rate  (search space: [0.0001, 0.0003, 0.0005, 0.001, 0.002, 0.005])
  - batch_size  (search space: [128, 256, 512])
  - counter_examples  (search space: [8, 16, 32, 64])
  - separation_weight  (search space: [0.01, 0.05, 0.1, 0.2])
  - mse_weight  (search space: [1.0, 3.0, 5.0, 10.0])
  - training_steps  (search space: [50000, 100000, 200000])
  - separation_loss  (search space: ['separation', 'entropy'])
  - entropy_bandwidth  (search space: [0.05, 0.1, 0.2])
  - num_hidden_layers  (search space: [2, 4, 8])
  - num_neurons  (search space: [128, 256, 512])
  - estimator_learning_rate  (search space: [0.0001, 0.0003, 0.0005, 0.001])
  - scheduler_type  (search space: ['cosine', 'cosine_warm_restarts'])
  - cosine_t0  (search space: [25000, 50000, 100000])
  - cosine_t_max  (search space: [100000, 150000, 200000])

Baseline (current config):
  control_points = 30
  learning_rate = 0.001
  batch_size = 512
  counter_examples = 32
  separation_weight = 0.1
  mse_weight = 20.0
  training_steps = 5000
  separation_loss = entropy
  entropy_bandwidth = 0.1
  num_hidden_layers = 8
  num_neurons = 256
  estimator_learning_rate = 0.001
  scheduler_type = cosine_warm_restarts
  cosine_t0 = 50000


================================================================================
TRIAL 1 — ibc_with_cpsv2_training.py
================================================================================
Parameters:
{
  "control_points": 20,
  "learning_rate": 0.001,
  "batch_size": 512,
  "counter_examples": 64,
  "separation_weight": 0.1,
  "mse_weight": 5,
  "training_steps": 150000,
  "separation_loss": "entropy",
  "entropy_bandwidth": 0.1,
  "num_hidden_layers": 2,
  "num_neurons": 256,
  "estimator_learning_rate": 0.001,
  "scheduler_type": "cosine_warm_restarts",
  "cosine_t0": 50000,
  "target_update_interval": 1000
}

  Training (150000 steps)...
  | Using device: cuda
  | Active environment: particle
  | Training steps: 150000
  | Batch size: 512
  | Generator LR: 0.001 (scheduler: cosine_warm_restarts)
  | Estimator LR: 0.001 (exponential decay: rate=0.995, every 100 steps)
  | Estimator architecture: MLP [256, 256]
  | Langevin counter-examples: 64 (100 iters)
  | Gradient penalty margin: 1.0
  | Target estimator sync: every 1000 steps
  | Frame stack: 2
  | Loading particle dataset...
  | 2026-04-19 12:57:00.987004: I tensorflow/core/platform/cpu_feature_guard.cc:210] This TensorFlow binary is optimized to use available CPU instructions in performance-critical operations.
  | To enable the following instructions: AVX2 AVX512F FMA, in other operations, rebuild TensorFlow with the appropriate compiler flags.
  | WARNING: All log messages before absl::InitializeLog() is called are written to STDERR
  | I0000 00:00:1776628624.847073 3430927 gpu_device.cc:2020] Created device /job:localhost/replica:0/task:0/device:GPU:0 with 31134 MB memory:  -> device: 0, name: Tesla V100-PCIE-32GB, pci bus id: 0000:3b:00.0, compute capability: 7.0
  | 2026-04-19 12:57:05.194268: I tensorflow/core/kernels/data/tf_record_dataset_op.cc:390] TFRecordDataset `buffer_size` is unspecified, default to 262144
  | 2026-04-19 12:57:06.394822: I tensorflow/core/framework/local_rendezvous.cc:407] Local rendezvous is aborting with status: OUT_OF_RANGE: End of sequence
  | 2026-04-19 12:57:07.610165: I tensorflow/core/framework/local_rendezvous.cc:407] Local rendezvous is aborting with status: OUT_OF_RANGE: End of sequence
  | 2026-04-19 12:57:10.035113: I tensorflow/core/framework/local_rendezvous.cc:407] Local rendezvous is aborting with status: OUT_OF_RANGE: End of sequence
  | 2026-04-19 12:57:14.877357: I tensorflow/core/framework/local_rendezvous.cc:407] Local rendezvous is aborting with status: OUT_OF_RANGE: End of sequence
  | Dataset size: 102000
  | Particle dataset episodes: 2000 | Avg samples/episode: 51.00
  | Act range: [0.000, 1.000]
  | Step 1000/150000 | Gen: 3.8682 (GenNCE: 4.1208, MSE: 0.0441, Sep: -0.2968) | Est: 3.9318 (NCE: 3.9131, GP: 0.0187) | Acc: 0.039 | GenLR: 9.99e-04 EstLR: 9.51e-04 | 222.1s
  | Step 2000/150000 | Gen: 3.8249 (GenNCE: 4.0740, MSE: 0.0463, Sep: -0.2954) | Est: 3.9503 (NCE: 3.9295, GP: 0.0208) | Acc: 0.121 | GenLR: 9.96e-04 EstLR: 9.05e-04 | 444.6s
  | Step 3000/150000 | Gen: 3.8000 (GenNCE: 4.0561, MSE: 0.0388, Sep: -0.2948) | Est: 3.9578 (NCE: 3.9379, GP: 0.0199) | Acc: 0.170 | GenLR: 9.91e-04 EstLR: 8.60e-04 | 666.1s
  | Step 4000/150000 | Gen: 3.8287 (GenNCE: 4.0826, MSE: 0.0409, Sep: -0.2948) | Est: 3.9497 (NCE: 3.9303, GP: 0.0194) | Acc: 0.346 | GenLR: 9.84e-04 EstLR: 8.18e-04 | 887.6s
  | Step 5000/150000 | Gen: 3.8406 (GenNCE: 4.0989, MSE: 0.0385, Sep: -0.2969) | Est: 3.9439 (NCE: 3.9227, GP: 0.0212) | Acc: 0.525 | GenLR: 9.76e-04 EstLR: 7.78e-04 | 1109.7s
  | Step 6000/150000 | Gen: 3.8412 (GenNCE: 4.1013, MSE: 0.0353, Sep: -0.2954) | Est: 3.9656 (NCE: 3.9444, GP: 0.0211) | Acc: 0.508 | GenLR: 9.65e-04 EstLR: 7.40e-04 | 1331.9s
  | Step 7000/150000 | Gen: 3.8186 (GenNCE: 4.0789, MSE: 0.0348, Sep: -0.2951) | Est: 3.9631 (NCE: 3.9432, GP: 0.0200) | Acc: 0.492 | GenLR: 9.52e-04 EstLR: 7.04e-04 | 1554.1s
  | Step 8000/150000 | Gen: 3.8084 (GenNCE: 4.0707, MSE: 0.0328, Sep: -0.2950) | Est: 3.9531 (NCE: 3.9308, GP: 0.0222) | Acc: 0.492 | GenLR: 9.38e-04 EstLR: 6.70e-04 | 1776.2s
  | Step 9000/150000 | Gen: 3.7915 (GenNCE: 4.0538, MSE: 0.0325, Sep: -0.2948) | Est: 3.9262 (NCE: 3.9054, GP: 0.0207) | Acc: 0.553 | GenLR: 9.22e-04 EstLR: 6.37e-04 | 1997.8s
  | Step 10000/150000 | Gen: 3.7856 (GenNCE: 4.0524, MSE: 0.0280, Sep: -0.2948) | Est: 3.9370 (NCE: 3.9162, GP: 0.0208) | Acc: 0.584 | GenLR: 9.05e-04 EstLR: 6.06e-04 | 2219.7s
  | Step 11000/150000 | Gen: 3.8229 (GenNCE: 4.0874, MSE: 0.0303, Sep: -0.2948) | Est: 3.9278 (NCE: 3.9048, GP: 0.0230) | Acc: 0.789 | GenLR: 8.85e-04 EstLR: 5.76e-04 | 2441.8s
  | Step 12000/150000 | Gen: 3.8291 (GenNCE: 4.0927, MSE: 0.0313, Sep: -0.2949) | Est: 3.9283 (NCE: 3.9056, GP: 0.0227) | Acc: 0.566 | GenLR: 8.65e-04 EstLR: 5.48e-04 | 2662.9s
  | Step 13000/150000 | Gen: 3.8054 (GenNCE: 4.0717, MSE: 0.0285, Sep: -0.2948) | Est: 3.9327 (NCE: 3.9112, GP: 0.0215) | Acc: 0.566 | GenLR: 8.42e-04 EstLR: 5.21e-04 | 2884.2s
  | Step 14000/150000 | Gen: 3.8091 (GenNCE: 4.0752, MSE: 0.0287, Sep: -0.2948) | Est: 3.9444 (NCE: 3.9232, GP: 0.0212) | Acc: 0.586 | GenLR: 8.19e-04 EstLR: 4.96e-04 | 3106.0s
  | Step 15000/150000 | Gen: 3.7945 (GenNCE: 4.0622, MSE: 0.0273, Sep: -0.2949) | Est: 3.9173 (NCE: 3.8957, GP: 0.0216) | Acc: 0.855 | GenLR: 7.94e-04 EstLR: 4.71e-04 | 3327.1s
  | Step 16000/150000 | Gen: 3.8037 (GenNCE: 4.0725, MSE: 0.0262, Sep: -0.2950) | Est: 3.9423 (NCE: 3.9195, GP: 0.0228) | Acc: 0.609 | GenLR: 7.68e-04 EstLR: 4.48e-04 | 3547.7s
  | Step 17000/150000 | Gen: 3.8061 (GenNCE: 4.0730, MSE: 0.0280, Sep: -0.2949) | Est: 3.9305 (NCE: 3.9083, GP: 0.0222) | Acc: 0.695 | GenLR: 7.41e-04 EstLR: 4.27e-04 | 3768.8s
  | Step 18000/150000 | Gen: 3.8031 (GenNCE: 4.0716, MSE: 0.0264, Sep: -0.2950) | Est: 3.9307 (NCE: 3.9100, GP: 0.0207) | Acc: 0.713 | GenLR: 7.13e-04 EstLR: 4.06e-04 | 3990.3s
  | Step 19000/150000 | Gen: 3.8098 (GenNCE: 4.0788, MSE: 0.0258, Sep: -0.2948) | Est: 3.9398 (NCE: 3.9177, GP: 0.0221) | Acc: 0.738 | GenLR: 6.84e-04 EstLR: 3.86e-04 | 4211.2s
  | Step 20000/150000 | Gen: 3.8092 (GenNCE: 4.0789, MSE: 0.0252, Sep: -0.2949) | Est: 3.9386 (NCE: 3.9181, GP: 0.0205) | Acc: 0.686 | GenLR: 6.55e-04 EstLR: 3.67e-04 | 4432.5s
  | Step 21000/150000 | Gen: 3.8081 (GenNCE: 4.0780, MSE: 0.0249, Sep: -0.2949) | Est: 3.9410 (NCE: 3.9190, GP: 0.0220) | Acc: 0.824 | GenLR: 6.25e-04 EstLR: 3.49e-04 | 4653.0s
  | Step 22000/150000 | Gen: 3.8145 (GenNCE: 4.0853, MSE: 0.0240, Sep: -0.2949) | Est: 3.9349 (NCE: 3.9123, GP: 0.0225) | Acc: 0.756 | GenLR: 5.94e-04 EstLR: 3.32e-04 | 4873.3s
  | Step 23000/150000 | Gen: 3.8052 (GenNCE: 4.0762, MSE: 0.0239, Sep: -0.2950) | Est: 3.9339 (NCE: 3.9131, GP: 0.0208) | Acc: 0.869 | GenLR: 5.63e-04 EstLR: 3.16e-04 | 5095.0s
  | Step 24000/150000 | Gen: 3.8177 (GenNCE: 4.0885, MSE: 0.0241, Sep: -0.2949) | Est: 3.9459 (NCE: 3.9250, GP: 0.0210) | Acc: 0.750 | GenLR: 5.32e-04 EstLR: 3.00e-04 | 5316.8s
  | Step 25000/150000 | Gen: 3.8120 (GenNCE: 4.0827, MSE: 0.0243, Sep: -0.2949) | Est: 3.9335 (NCE: 3.9128, GP: 0.0207) | Acc: 0.910 | GenLR: 5.01e-04 EstLR: 2.86e-04 | 5537.3s
  | Step 26000/150000 | Gen: 3.8092 (GenNCE: 4.0809, MSE: 0.0231, Sep: -0.2948) | Est: 3.9385 (NCE: 3.9180, GP: 0.0205) | Acc: 0.883 | GenLR: 4.69e-04 EstLR: 2.72e-04 | 5757.7s
  | Step 27000/150000 | Gen: 3.8099 (GenNCE: 4.0821, MSE: 0.0227, Sep: -0.2949) | Est: 3.9306 (NCE: 3.9107, GP: 0.0200) | Acc: 0.916 | GenLR: 4.38e-04 EstLR: 2.58e-04 | 5979.4s
  | Step 28000/150000 | Gen: 3.8058 (GenNCE: 4.0790, MSE: 0.0217, Sep: -0.2949) | Est: 3.9332 (NCE: 3.9131, GP: 0.0201) | Acc: 0.881 | GenLR: 4.07e-04 EstLR: 2.46e-04 | 6200.0s
  | Step 29000/150000 | Gen: 3.8090 (GenNCE: 4.0819, MSE: 0.0220, Sep: -0.2949) | Est: 3.9365 (NCE: 3.9164, GP: 0.0201) | Acc: 0.943 | GenLR: 3.76e-04 EstLR: 2.34e-04 | 6420.7s
  | Step 30000/150000 | Gen: 3.8093 (GenNCE: 4.0820, MSE: 0.0222, Sep: -0.2948) | Est: 3.9305 (NCE: 3.9107, GP: 0.0198) | Acc: 0.941 | GenLR: 3.46e-04 EstLR: 2.22e-04 | 6642.1s
  | Step 31000/150000 | Gen: 3.8030 (GenNCE: 4.0767, MSE: 0.0212, Sep: -0.2949) | Est: 3.9317 (NCE: 3.9128, GP: 0.0189) | Acc: 0.871 | GenLR: 3.17e-04 EstLR: 2.11e-04 | 6864.0s
  | Step 32000/150000 | Gen: 3.8183 (GenNCE: 4.0906, MSE: 0.0226, Sep: -0.2949) | Est: 3.9412 (NCE: 3.9218, GP: 0.0194) | Acc: 0.916 | GenLR: 2.88e-04 EstLR: 2.01e-04 | 7085.3s
[2026-04-19T14:56:02.492] error: *** JOB 8183983 ON d13-06 CANCELLED AT 2026-04-19T14:56:02 DUE to SIGNAL Terminated ***
