==========================================
SLURM_JOB_ID = 7990318
SLURM_JOB_NODELIST = d14-09
TMPDIR = /tmp/SLURM_7990318
==========================================
Detected tunable params in combinedv2_cpascounter_training.py:
  - control_points  (search space: [20, 30, 50, 75, 100])
  - learning_rate  (search space: [0.0001, 0.0003, 0.0005, 0.001, 0.002, 0.005])
  - batch_size  (search space: [128, 256, 512])
  - counter_examples  (search space: [8, 16, 32, 64])
  - top_k_control_points  (search space: [10, 20, 50, 70])
  - separation_weight  (search space: [0.01, 0.05, 0.1, 0.2])
  - mse_weight  (search space: [1.0, 3.0, 5.0, 10.0])
  - info_nce_weight  (search space: [0.5, 1.0, 2.0])
  - generator_infonce_weight  (search space: [0.01, 0.05, 0.1, 0.2])
  - training_steps  (search space: [50000, 100000, 200000])
  - separation_loss  (search space: ['separation', 'entropy'])
  - entropy_bandwidth  (search space: [0.05, 0.1, 0.2])
  - num_hidden_layers  (search space: [2, 4, 8])
  - num_neurons  (search space: [128, 256, 512])
  - estimator_learning_rate  (search space: [0.0001, 0.0003, 0.0005, 0.001])
  - scheduler_type  (search space: ['cosine', 'cosine_warm_restarts'])
  - cosine_t0  (search space: [25000, 50000, 100000])
  - infonce_logit_clamp  (search space: [10.0, 20.0, 30.0, 50.0])
  - use_spectral_norm  (search space: [True, False])
  - cosine_t_max  (search space: [100000, 150000, 200000])

Baseline (current config):
  control_points = 30
  learning_rate = 0.001
  batch_size = 512
  counter_examples = 32
  top_k_control_points = 30
  separation_weight = 0.1
  mse_weight = 20.0
  info_nce_weight = 1.0
  generator_infonce_weight = 0.05
  training_steps = 300000
  separation_loss = entropy
  entropy_bandwidth = 0.1
  num_hidden_layers = 2
  num_neurons = 256
  infonce_logit_clamp = 20.0


================================================================================
TRIAL 43 — combinedv2_cpascounter_training.py
================================================================================
Parameters:
{
  "control_points": 30,
  "learning_rate": 0.001,
  "batch_size": 512,
  "counter_examples": 32,
  "top_k_control_points": 30,
  "separation_weight": 0.1,
  "mse_weight": 20.0,
  "info_nce_weight": 1.0,
  "generator_infonce_weight": 0.05,
  "training_steps": 300000,
  "separation_loss": "entropy",
  "entropy_bandwidth": 0.1,
  "num_hidden_layers": 2,
  "num_neurons": 256,
  "infonce_logit_clamp": 20.0
}

  Training (300000 steps)...
  | Using device: cuda
  | Active environment: particle
  | Training steps: 300000
  | Batch size: 512
  | Learning rate (generator): 0.001
  | Learning rate (estimator): 0.001
  | Scheduler: cosine
  | InfoNCE logit clamp: 20.0
  | Spectral norm (estimator): False
  | Top-k control points as counter examples: 30
  | Langevin counter examples (from counter_examples): 32
  | Frame stack: 2
  | Loading particle dataset...
  | 2026-04-15 16:49:53.183981: I tensorflow/core/platform/cpu_feature_guard.cc:210] This TensorFlow binary is optimized to use available CPU instructions in performance-critical operations.
  | To enable the following instructions: AVX2 AVX512F FMA, in other operations, rebuild TensorFlow with the appropriate compiler flags.
  | WARNING: All log messages before absl::InitializeLog() is called are written to STDERR
  | I0000 00:00:1776297019.071535 1574306 gpu_device.cc:2020] Created device /job:localhost/replica:0/task:0/device:GPU:0 with 31134 MB memory:  -> device: 0, name: Tesla V100-PCIE-32GB, pci bus id: 0000:3b:00.0, compute capability: 7.0
  | 2026-04-15 16:50:20.188544: I tensorflow/core/kernels/data/tf_record_dataset_op.cc:390] TFRecordDataset `buffer_size` is unspecified, default to 262144
  | 2026-04-15 16:50:23.032981: I tensorflow/core/framework/local_rendezvous.cc:407] Local rendezvous is aborting with status: OUT_OF_RANGE: End of sequence
  | 2026-04-15 16:50:26.174096: I tensorflow/core/framework/local_rendezvous.cc:407] Local rendezvous is aborting with status: OUT_OF_RANGE: End of sequence
  | 2026-04-15 16:50:32.785541: I tensorflow/core/framework/local_rendezvous.cc:407] Local rendezvous is aborting with status: OUT_OF_RANGE: End of sequence
  | 2026-04-15 16:50:45.864328: I tensorflow/core/framework/local_rendezvous.cc:407] Local rendezvous is aborting with status: OUT_OF_RANGE: End of sequence
  | Dataset size: 102000
  | Particle dataset episodes: 2000 | Avg samples/episode: 51.00
  | Step 1000/300000 | Total: 0.8074 (MSE: 0.1651, Sep: -0.3247, EST: 1.0179, GEN_INF_ONCE(-): 1.0179, Acc: 0.839) | LR: 1.00e-03 | 129.5s
  | Step 2000/300000 | Total: 0.3715 (MSE: 0.1515, Sep: -0.3292, EST: 0.5782, GEN_INF_ONCE(-): 0.5782, Acc: 0.902) | LR: 1.00e-03 | 255.3s
  | Step 3000/300000 | Total: 0.0921 (MSE: 0.1327, Sep: -0.3283, EST: 0.3028, GEN_INF_ONCE(-): 0.3028, Acc: 0.955) | LR: 1.00e-03 | 381.1s
  | Step 4000/300000 | Total: -0.0146 (MSE: 0.1448, Sep: -0.3291, EST: 0.1786, GEN_INF_ONCE(-): 0.1786, Acc: 0.991) | LR: 1.00e-03 | 506.8s
  | Step 5000/300000 | Total: -0.0510 (MSE: 0.1451, Sep: -0.3340, EST: 0.1452, GEN_INF_ONCE(-): 0.1452, Acc: 0.991) | LR: 9.99e-04 | 632.5s
  | Step 6000/300000 | Total: -0.0861 (MSE: 0.1292, Sep: -0.3337, EST: 0.1247, GEN_INF_ONCE(-): 0.1247, Acc: 0.973) | LR: 9.99e-04 | 757.6s
  | Step 7000/300000 | Total: -0.1212 (MSE: 0.1345, Sep: -0.3334, EST: 0.0817, GEN_INF_ONCE(-): 0.0817, Acc: 0.982) | LR: 9.99e-04 | 881.9s
  | Step 8000/300000 | Total: -0.1778 (MSE: 0.1195, Sep: -0.3333, EST: 0.0379, GEN_INF_ONCE(-): 0.0379, Acc: 0.991) | LR: 9.98e-04 | 1007.1s
  | Step 9000/300000 | Total: -0.1903 (MSE: 0.1144, Sep: -0.3331, EST: 0.0299, GEN_INF_ONCE(-): 0.0299, Acc: 1.000) | LR: 9.98e-04 | 1131.6s
  | Step 10000/300000 | Total: -0.1704 (MSE: 0.1166, Sep: -0.3331, EST: 0.0485, GEN_INF_ONCE(-): 0.0485, Acc: 0.982) | LR: 9.97e-04 | 1287.7s
  | Step 11000/300000 | Total: -0.2001 (MSE: 0.1028, Sep: -0.3332, EST: 0.0318, GEN_INF_ONCE(-): 0.0318, Acc: 1.000) | LR: 9.97e-04 | 1427.3s
  | Step 12000/300000 | Total: -0.1827 (MSE: 0.1058, Sep: -0.3333, EST: 0.0471, GEN_INF_ONCE(-): 0.0471, Acc: 0.982) | LR: 9.96e-04 | 1550.2s
  | Step 13000/300000 | Total: -0.0997 (MSE: 0.1120, Sep: -0.3333, EST: 0.1280, GEN_INF_ONCE(-): 0.1280, Acc: 0.964) | LR: 9.95e-04 | 1673.8s
  | Step 14000/300000 | Total: -0.1933 (MSE: 0.1073, Sep: -0.3335, EST: 0.0346, GEN_INF_ONCE(-): 0.0346, Acc: 0.991) | LR: 9.95e-04 | 1797.6s
  | Step 15000/300000 | Total: -0.1966 (MSE: 0.1097, Sep: -0.3337, EST: 0.0289, GEN_INF_ONCE(-): 0.0289, Acc: 1.000) | LR: 9.94e-04 | 1920.7s
  | Step 16000/300000 | Total: -0.1408 (MSE: 0.1105, Sep: -0.3336, EST: 0.0867, GEN_INF_ONCE(-): 0.0867, Acc: 0.973) | LR: 9.93e-04 | 2044.4s
  | Step 17000/300000 | Total: -0.2001 (MSE: 0.0993, Sep: -0.3338, EST: 0.0362, GEN_INF_ONCE(-): 0.0362, Acc: 0.991) | LR: 9.92e-04 | 2168.7s
  | Step 18000/300000 | Total: -0.1867 (MSE: 0.0990, Sep: -0.3339, EST: 0.0508, GEN_INF_ONCE(-): 0.0508, Acc: 0.982) | LR: 9.91e-04 | 2293.5s
  | Step 19000/300000 | Total: -0.1680 (MSE: 0.0999, Sep: -0.3339, EST: 0.0696, GEN_INF_ONCE(-): 0.0696, Acc: 0.973) | LR: 9.90e-04 | 2416.6s
  | Step 20000/300000 | Total: -0.1244 (MSE: 0.1053, Sep: -0.3341, EST: 0.1099, GEN_INF_ONCE(-): 0.1099, Acc: 0.955) | LR: 9.89e-04 | 2539.6s
  | Step 21000/300000 | Total: -0.1513 (MSE: 0.0925, Sep: -0.3345, EST: 0.0954, GEN_INF_ONCE(-): 0.0954, Acc: 0.938) | LR: 9.88e-04 | 2662.8s
  | Step 22000/300000 | Total: -0.1728 (MSE: 0.0884, Sep: -0.3342, EST: 0.0769, GEN_INF_ONCE(-): 0.0769, Acc: 0.964) | LR: 9.87e-04 | 2786.4s
  | Step 23000/300000 | Total: -0.2156 (MSE: 0.0814, Sep: -0.3342, EST: 0.0393, GEN_INF_ONCE(-): 0.0393, Acc: 0.991) | LR: 9.86e-04 | 2909.5s
  | Step 24000/300000 | Total: -0.2087 (MSE: 0.0957, Sep: -0.3343, EST: 0.0315, GEN_INF_ONCE(-): 0.0315, Acc: 0.991) | LR: 9.84e-04 | 3032.9s
  | Step 25000/300000 | Total: -0.1883 (MSE: 0.0793, Sep: -0.3344, EST: 0.0703, GEN_INF_ONCE(-): 0.0703, Acc: 0.964) | LR: 9.83e-04 | 3155.4s
  | Step 26000/300000 | Total: -0.1155 (MSE: 0.0994, Sep: -0.3343, EST: 0.1257, GEN_INF_ONCE(-): 0.1257, Acc: 0.938) | LR: 9.82e-04 | 3278.1s
  | Step 27000/300000 | Total: -0.2074 (MSE: 0.0794, Sep: -0.3345, EST: 0.0502, GEN_INF_ONCE(-): 0.0502, Acc: 0.991) | LR: 9.80e-04 | 3401.0s
  | Step 28000/300000 | Total: -0.0433 (MSE: 0.1035, Sep: -0.3346, EST: 0.1977, GEN_INF_ONCE(-): 0.1977, Acc: 0.929) | LR: 9.79e-04 | 3524.8s
  | Step 29000/300000 | Total: -0.1150 (MSE: 0.0819, Sep: -0.3346, EST: 0.1449, GEN_INF_ONCE(-): 0.1449, Acc: 0.964) | LR: 9.77e-04 | 3648.8s
  | Step 30000/300000 | Total: -0.1409 (MSE: 0.0933, Sep: -0.3345, EST: 0.1055, GEN_INF_ONCE(-): 0.1055, Acc: 0.955) | LR: 9.76e-04 | 3771.7s
  | Step 31000/300000 | Total: -0.1751 (MSE: 0.0804, Sep: -0.3347, EST: 0.0834, GEN_INF_ONCE(-): 0.0834, Acc: 0.964) | LR: 9.74e-04 | 3894.9s
  | Step 32000/300000 | Total: -0.1370 (MSE: 0.0902, Sep: -0.3348, EST: 0.1133, GEN_INF_ONCE(-): 0.1133, Acc: 0.946) | LR: 9.72e-04 | 4017.9s
  | Step 33000/300000 | Total: -0.1394 (MSE: 0.0914, Sep: -0.3350, EST: 0.1096, GEN_INF_ONCE(-): 0.1096, Acc: 0.946) | LR: 9.70e-04 | 4141.6s
  | Step 34000/300000 | Total: -0.1295 (MSE: 0.0845, Sep: -0.3348, EST: 0.1272, GEN_INF_ONCE(-): 0.1272, Acc: 0.946) | LR: 9.69e-04 | 4264.8s
  | Step 35000/300000 | Total: -0.0848 (MSE: 0.0878, Sep: -0.3350, EST: 0.1710, GEN_INF_ONCE(-): 0.1710, Acc: 0.929) | LR: 9.67e-04 | 4387.5s
  | Step 36000/300000 | Total: -0.0643 (MSE: 0.0762, Sep: -0.3348, EST: 0.2045, GEN_INF_ONCE(-): 0.2045, Acc: 0.911) | LR: 9.65e-04 | 4510.5s
  | Step 37000/300000 | Total: -0.0837 (MSE: 0.0829, Sep: -0.3349, EST: 0.1772, GEN_INF_ONCE(-): 0.1772, Acc: 0.920) | LR: 9.63e-04 | 4632.9s
  | Step 38000/300000 | Total: -0.0574 (MSE: 0.0750, Sep: -0.3348, EST: 0.2131, GEN_INF_ONCE(-): 0.2131, Acc: 0.902) | LR: 9.61e-04 | 4755.3s
  | Step 39000/300000 | Total: -0.1439 (MSE: 0.0766, Sep: -0.3351, EST: 0.1206, GEN_INF_ONCE(-): 0.1206, Acc: 0.955) | LR: 9.59e-04 | 4878.0s
  | Step 40000/300000 | Total: -0.2228 (MSE: 0.0687, Sep: -0.3351, EST: 0.0459, GEN_INF_ONCE(-): 0.0459, Acc: 0.991) | LR: 9.57e-04 | 5000.3s
  | Step 41000/300000 | Total: -0.1223 (MSE: 0.0720, Sep: -0.3350, EST: 0.1481, GEN_INF_ONCE(-): 0.1481, Acc: 0.964) | LR: 9.55e-04 | 5123.4s
  | Step 42000/300000 | Total: -0.1977 (MSE: 0.0686, Sep: -0.3349, EST: 0.0722, GEN_INF_ONCE(-): 0.0722, Acc: 0.991) | LR: 9.52e-04 | 5246.6s
  | Step 43000/300000 | Total: -0.2199 (MSE: 0.0692, Sep: -0.3349, EST: 0.0482, GEN_INF_ONCE(-): 0.0482, Acc: 0.991) | LR: 9.50e-04 | 5370.4s
  | Step 44000/300000 | Total: -0.2114 (MSE: 0.0837, Sep: -0.3351, EST: 0.0421, GEN_INF_ONCE(-): 0.0421, Acc: 1.000) | LR: 9.48e-04 | 5494.6s
  | Step 45000/300000 | Total: -0.2382 (MSE: 0.0717, Sep: -0.3354, EST: 0.0269, GEN_INF_ONCE(-): 0.0269, Acc: 1.000) | LR: 9.46e-04 | 5617.8s
  | Step 46000/300000 | Total: -0.1716 (MSE: 0.0654, Sep: -0.3352, EST: 0.1034, GEN_INF_ONCE(-): 0.1034, Acc: 0.938) | LR: 9.43e-04 | 5742.0s
  | Step 47000/300000 | Total: 0.0116 (MSE: 0.0761, Sep: -0.3351, EST: 0.2849, GEN_INF_ONCE(-): 0.2849, Acc: 0.902) | LR: 9.41e-04 | 5866.0s
  | Step 48000/300000 | Total: -0.1050 (MSE: 0.0855, Sep: -0.3355, EST: 0.1527, GEN_INF_ONCE(-): 0.1527, Acc: 0.938) | LR: 9.38e-04 | 5988.7s
  | Step 49000/300000 | Total: -0.0200 (MSE: 0.0751, Sep: -0.3353, EST: 0.2529, GEN_INF_ONCE(-): 0.2529, Acc: 0.902) | LR: 9.36e-04 | 6111.7s
  | Step 50000/300000 | Total: -0.1601 (MSE: 0.0681, Sep: -0.3353, EST: 0.1128, GEN_INF_ONCE(-): 0.1128, Acc: 0.964) | LR: 9.33e-04 | 6234.7s
  | Step 51000/300000 | Total: -0.1424 (MSE: 0.0598, Sep: -0.3353, EST: 0.1401, GEN_INF_ONCE(-): 0.1401, Acc: 0.955) | LR: 9.30e-04 | 6357.4s
  | Step 52000/300000 | Total: 0.1271 (MSE: 0.0749, Sep: -0.3353, EST: 0.4079, GEN_INF_ONCE(-): 0.4079, Acc: 0.848) | LR: 9.28e-04 | 6480.1s
  | Step 53000/300000 | Total: -0.1066 (MSE: 0.0609, Sep: -0.3355, EST: 0.1768, GEN_INF_ONCE(-): 0.1768, Acc: 0.929) | LR: 9.25e-04 | 6604.4s
  | Step 54000/300000 | Total: -0.2385 (MSE: 0.0616, Sep: -0.3352, EST: 0.0369, GEN_INF_ONCE(-): 0.0369, Acc: 0.991) | LR: 9.22e-04 | 6728.4s
  | Step 55000/300000 | Total: -0.0364 (MSE: 0.0816, Sep: -0.3355, EST: 0.2289, GEN_INF_ONCE(-): 0.2289, Acc: 0.902) | LR: 9.19e-04 | 6851.2s
  | Step 56000/300000 | Total: -0.0658 (MSE: 0.0683, Sep: -0.3355, EST: 0.2120, GEN_INF_ONCE(-): 0.2120, Acc: 0.902) | LR: 9.17e-04 | 6973.8s
  | Step 57000/300000 | Total: -0.2030 (MSE: 0.0627, Sep: -0.3356, EST: 0.0737, GEN_INF_ONCE(-): 0.0737, Acc: 0.991) | LR: 9.14e-04 | 7096.9s
  | Step 58000/300000 | Total: -0.0836 (MSE: 0.0770, Sep: -0.3355, EST: 0.1841, GEN_INF_ONCE(-): 0.1841, Acc: 0.902) | LR: 9.11e-04 | 7219.9s
  | Step 59000/300000 | Total: 0.0134 (MSE: 0.0645, Sep: -0.3356, EST: 0.2995, GEN_INF_ONCE(-): 0.2995, Acc: 0.866) | LR: 9.08e-04 | 7343.1s
  | Step 60000/300000 | Total: -0.1900 (MSE: 0.0637, Sep: -0.3355, EST: 0.0862, GEN_INF_ONCE(-): 0.0862, Acc: 0.973) | LR: 9.05e-04 | 7467.0s
  | Step 61000/300000 | Total: -0.1945 (MSE: 0.0590, Sep: -0.3353, EST: 0.0862, GEN_INF_ONCE(-): 0.0862, Acc: 0.991) | LR: 9.02e-04 | 7589.9s
  | Step 62000/300000 | Total: -0.0972 (MSE: 0.0681, Sep: -0.3355, EST: 0.1791, GEN_INF_ONCE(-): 0.1791, Acc: 0.946) | LR: 8.98e-04 | 7713.6s
  | Step 63000/300000 | Total: -0.1526 (MSE: 0.0643, Sep: -0.3356, EST: 0.1249, GEN_INF_ONCE(-): 0.1249, Acc: 0.946) | LR: 8.95e-04 | 7836.2s
  | Step 64000/300000 | Total: -0.2236 (MSE: 0.0675, Sep: -0.3356, EST: 0.0469, GEN_INF_ONCE(-): 0.0469, Acc: 0.991) | LR: 8.92e-04 | 7959.0s
  | Step 65000/300000 | Total: -0.0625 (MSE: 0.0534, Sep: -0.3353, EST: 0.2310, GEN_INF_ONCE(-): 0.2310, Acc: 0.902) | LR: 8.89e-04 | 8081.7s
  | Step 66000/300000 | Total: -0.1775 (MSE: 0.0689, Sep: -0.3356, EST: 0.0939, GEN_INF_ONCE(-): 0.0939, Acc: 0.982) | LR: 8.85e-04 | 8206.3s
  | Step 67000/300000 | Total: -0.0888 (MSE: 0.0601, Sep: -0.3357, EST: 0.1967, GEN_INF_ONCE(-): 0.1967, Acc: 0.929) | LR: 8.82e-04 | 8330.3s
  | Step 68000/300000 | Total: -0.1767 (MSE: 0.0640, Sep: -0.3357, EST: 0.1000, GEN_INF_ONCE(-): 0.1000, Acc: 0.964) | LR: 8.79e-04 | 8453.2s
  | Step 69000/300000 | Total: 0.0670 (MSE: 0.0673, Sep: -0.3358, EST: 0.3531, GEN_INF_ONCE(-): 0.3531, Acc: 0.830) | LR: 8.75e-04 | 8576.5s
  | Step 70000/300000 | Total: -0.0836 (MSE: 0.0507, Sep: -0.3356, EST: 0.2119, GEN_INF_ONCE(-): 0.2119, Acc: 0.929) | LR: 8.72e-04 | 8699.6s
  | Step 71000/300000 | Total: -0.0406 (MSE: 0.0538, Sep: -0.3357, EST: 0.2541, GEN_INF_ONCE(-): 0.2541, Acc: 0.875) | LR: 8.68e-04 | 8822.4s
  | Step 72000/300000 | Total: -0.1036 (MSE: 0.0627, Sep: -0.3359, EST: 0.1786, GEN_INF_ONCE(-): 0.1786, Acc: 0.911) | LR: 8.65e-04 | 8944.9s
  | Step 73000/300000 | Total: -0.1845 (MSE: 0.0648, Sep: -0.3355, EST: 0.0906, GEN_INF_ONCE(-): 0.0906, Acc: 0.964) | LR: 8.61e-04 | 9068.8s
  | Step 74000/300000 | Total: -0.1200 (MSE: 0.0628, Sep: -0.3357, EST: 0.1609, GEN_INF_ONCE(-): 0.1609, Acc: 0.938) | LR: 8.57e-04 | 9191.8s
  | Step 75000/300000 | Total: -0.0800 (MSE: 0.0540, Sep: -0.3358, EST: 0.2124, GEN_INF_ONCE(-): 0.2124, Acc: 0.929) | LR: 8.54e-04 | 9315.5s
  | Step 76000/300000 | Total: -0.2057 (MSE: 0.0491, Sep: -0.3356, EST: 0.0851, GEN_INF_ONCE(-): 0.0851, Acc: 0.955) | LR: 8.50e-04 | 9439.5s
  | Step 77000/300000 | Total: -0.0271 (MSE: 0.0709, Sep: -0.3356, EST: 0.2501, GEN_INF_ONCE(-): 0.2501, Acc: 0.893) | LR: 8.46e-04 | 9562.4s
  | Step 78000/300000 | Total: -0.1845 (MSE: 0.0564, Sep: -0.3356, EST: 0.0997, GEN_INF_ONCE(-): 0.0997, Acc: 0.964) | LR: 8.42e-04 | 9685.1s
  | Step 79000/300000 | Total: -0.1828 (MSE: 0.0920, Sep: -0.3360, EST: 0.0643, GEN_INF_ONCE(-): 0.0643, Acc: 0.982) | LR: 8.39e-04 | 9807.6s
  | Step 80000/300000 | Total: -0.2005 (MSE: 0.0511, Sep: -0.3358, EST: 0.0886, GEN_INF_ONCE(-): 0.0886, Acc: 0.973) | LR: 8.35e-04 | 9930.2s
  | Step 81000/300000 | Total: 0.0247 (MSE: 0.0556, Sep: -0.3358, EST: 0.3209, GEN_INF_ONCE(-): 0.3209, Acc: 0.920) | LR: 8.31e-04 | 10053.5s
  | Step 82000/300000 | Total: -0.2145 (MSE: 0.0432, Sep: -0.3357, EST: 0.0821, GEN_INF_ONCE(-): 0.0821, Acc: 0.982) | LR: 8.27e-04 | 10176.3s
  | Step 83000/300000 | Total: -0.2075 (MSE: 0.0572, Sep: -0.3357, EST: 0.0747, GEN_INF_ONCE(-): 0.0747, Acc: 0.955) | LR: 8.23e-04 | 10300.0s
  | Step 84000/300000 | Total: -0.0187 (MSE: 0.0485, Sep: -0.3358, EST: 0.2827, GEN_INF_ONCE(-): 0.2827, Acc: 0.857) | LR: 8.19e-04 | 10423.8s
  | Step 85000/300000 | Total: -0.1479 (MSE: 0.0507, Sep: -0.3355, EST: 0.1441, GEN_INF_ONCE(-): 0.1441, Acc: 0.938) | LR: 8.15e-04 | 10547.1s
  | Step 86000/300000 | Total: -0.1356 (MSE: 0.0654, Sep: -0.3361, EST: 0.1422, GEN_INF_ONCE(-): 0.1422, Acc: 0.938) | LR: 8.11e-04 | 10671.0s
  | Step 87000/300000 | Total: -0.2240 (MSE: 0.0519, Sep: -0.3358, EST: 0.0631, GEN_INF_ONCE(-): 0.0631, Acc: 0.982) | LR: 8.07e-04 | 10794.6s
  | Step 88000/300000 | Total: -0.1902 (MSE: 0.0474, Sep: -0.3360, EST: 0.1036, GEN_INF_ONCE(-): 0.1036, Acc: 0.955) | LR: 8.02e-04 | 10918.0s
  | Step 89000/300000 | Total: -0.1461 (MSE: 0.0454, Sep: -0.3358, EST: 0.1518, GEN_INF_ONCE(-): 0.1518, Acc: 0.920) | LR: 7.98e-04 | 11040.9s
  | Step 90000/300000 | Total: -0.1505 (MSE: 0.0623, Sep: -0.3358, EST: 0.1294, GEN_INF_ONCE(-): 0.1294, Acc: 0.964) | LR: 7.94e-04 | 11163.8s
  | Step 91000/300000 | Total: -0.1960 (MSE: 0.0480, Sep: -0.3358, EST: 0.0966, GEN_INF_ONCE(-): 0.0966, Acc: 0.955) | LR: 7.90e-04 | 11287.0s
  | Step 92000/300000 | Total: 0.0139 (MSE: 0.0559, Sep: -0.3359, EST: 0.3094, GEN_INF_ONCE(-): 0.3094, Acc: 0.821) | LR: 7.86e-04 | 11409.5s
  | Step 93000/300000 | Total: -0.2319 (MSE: 0.0522, Sep: -0.3359, EST: 0.0545, GEN_INF_ONCE(-): 0.0545, Acc: 0.982) | LR: 7.81e-04 | 11532.9s
  | Step 94000/300000 | Total: -0.0810 (MSE: 0.0563, Sep: -0.3361, EST: 0.2093, GEN_INF_ONCE(-): 0.2093, Acc: 0.929) | LR: 7.77e-04 | 11656.4s
  | Step 95000/300000 | Total: -0.2522 (MSE: 0.0566, Sep: -0.3358, EST: 0.0285, GEN_INF_ONCE(-): 0.0285, Acc: 1.000) | LR: 7.73e-04 | 11779.3s
  | Step 96000/300000 | Total: 0.2431 (MSE: 0.0500, Sep: -0.3357, EST: 0.5566, GEN_INF_ONCE(-): 0.5566, Acc: 0.750) | LR: 7.68e-04 | 11903.6s
  | Step 97000/300000 | Total: -0.1739 (MSE: 0.0580, Sep: -0.3358, EST: 0.1093, GEN_INF_ONCE(-): 0.1093, Acc: 0.973) | LR: 7.64e-04 | 12027.4s
  | Step 98000/300000 | Total: -0.1938 (MSE: 0.0565, Sep: -0.3358, EST: 0.0901, GEN_INF_ONCE(-): 0.0901, Acc: 0.973) | LR: 7.59e-04 | 12151.3s
  | Step 99000/300000 | Total: 0.0056 (MSE: 0.0492, Sep: -0.3358, EST: 0.3076, GEN_INF_ONCE(-): 0.3076, Acc: 0.857) | LR: 7.55e-04 | 12274.6s
  | Step 100000/300000 | Total: -0.1243 (MSE: 0.0528, Sep: -0.3360, EST: 0.1673, GEN_INF_ONCE(-): 0.1673, Acc: 0.946) | LR: 7.50e-04 | 12397.3s
  | Step 101000/300000 | Total: -0.0942 (MSE: 0.0452, Sep: -0.3358, EST: 0.2068, GEN_INF_ONCE(-): 0.2068, Acc: 0.911) | LR: 7.46e-04 | 12521.4s
  | Step 102000/300000 | Total: 0.0355 (MSE: 0.0501, Sep: -0.3359, EST: 0.3382, GEN_INF_ONCE(-): 0.3382, Acc: 0.839) | LR: 7.41e-04 | 12645.5s
  | Step 103000/300000 | Total: -0.1816 (MSE: 0.0512, Sep: -0.3359, EST: 0.1086, GEN_INF_ONCE(-): 0.1086, Acc: 0.955) | LR: 7.37e-04 | 12768.0s
  | Step 104000/300000 | Total: -0.2200 (MSE: 0.0414, Sep: -0.3360, EST: 0.0785, GEN_INF_ONCE(-): 0.0785, Acc: 0.982) | LR: 7.32e-04 | 12891.4s
  | Step 105000/300000 | Total: -0.1205 (MSE: 0.0451, Sep: -0.3361, EST: 0.1795, GEN_INF_ONCE(-): 0.1795, Acc: 0.902) | LR: 7.27e-04 | 13014.0s
  | Step 106000/300000 | Total: -0.1410 (MSE: 0.0482, Sep: -0.3361, EST: 0.1546, GEN_INF_ONCE(-): 0.1546, Acc: 0.964) | LR: 7.23e-04 | 13137.7s
  | Step 107000/300000 | Total: -0.1517 (MSE: 0.0503, Sep: -0.3359, EST: 0.1410, GEN_INF_ONCE(-): 0.1410, Acc: 0.929) | LR: 7.18e-04 | 13261.7s
  | Step 108000/300000 | Total: -0.1235 (MSE: 0.0482, Sep: -0.3361, EST: 0.1731, GEN_INF_ONCE(-): 0.1731, Acc: 0.929) | LR: 7.13e-04 | 13385.2s
  | Step 109000/300000 | Total: -0.1991 (MSE: 0.0487, Sep: -0.3358, EST: 0.0927, GEN_INF_ONCE(-): 0.0927, Acc: 0.973) | LR: 7.08e-04 | 13507.8s
  | Step 110000/300000 | Total: -0.1197 (MSE: 0.0520, Sep: -0.3363, EST: 0.1732, GEN_INF_ONCE(-): 0.1732, Acc: 0.920) | LR: 7.04e-04 | 13630.3s
  | Step 111000/300000 | Total: -0.2464 (MSE: 0.0452, Sep: -0.3362, EST: 0.0470, GEN_INF_ONCE(-): 0.0470, Acc: 0.991) | LR: 6.99e-04 | 13753.9s
  | Step 112000/300000 | Total: -0.1043 (MSE: 0.0417, Sep: -0.3360, EST: 0.1999, GEN_INF_ONCE(-): 0.1999, Acc: 0.911) | LR: 6.94e-04 | 13876.4s
  | Step 113000/300000 | Total: -0.2240 (MSE: 0.0444, Sep: -0.3362, EST: 0.0713, GEN_INF_ONCE(-): 0.0713, Acc: 0.991) | LR: 6.89e-04 | 13999.8s
  | Step 114000/300000 | Total: -0.1288 (MSE: 0.0387, Sep: -0.3358, EST: 0.1772, GEN_INF_ONCE(-): 0.1772, Acc: 0.920) | LR: 6.84e-04 | 14122.5s
  | Step 115000/300000 | Total: -0.1282 (MSE: 0.0450, Sep: -0.3360, EST: 0.1713, GEN_INF_ONCE(-): 0.1713, Acc: 0.911) | LR: 6.80e-04 | 14245.6s
  | Step 116000/300000 | Total: -0.1694 (MSE: 0.0469, Sep: -0.3362, EST: 0.1262, GEN_INF_ONCE(-): 0.1262, Acc: 0.982) | LR: 6.75e-04 | 14368.2s
  | Step 117000/300000 | Total: -0.2100 (MSE: 0.0470, Sep: -0.3359, EST: 0.0831, GEN_INF_ONCE(-): 0.0831, Acc: 0.964) | LR: 6.70e-04 | 14491.5s
  | Step 118000/300000 | Total: -0.1887 (MSE: 0.0388, Sep: -0.3364, EST: 0.1146, GEN_INF_ONCE(-): 0.1146, Acc: 0.964) | LR: 6.65e-04 | 14614.4s
  | Step 119000/300000 | Total: -0.1888 (MSE: 0.0454, Sep: -0.3361, EST: 0.1073, GEN_INF_ONCE(-): 0.1073, Acc: 0.946) | LR: 6.60e-04 | 14737.6s
  | Step 120000/300000 | Total: -0.1803 (MSE: 0.0470, Sep: -0.3360, EST: 0.1144, GEN_INF_ONCE(-): 0.1144, Acc: 0.964) | LR: 6.55e-04 | 14860.5s
  | Step 121000/300000 | Total: -0.2303 (MSE: 0.0393, Sep: -0.3361, EST: 0.0700, GEN_INF_ONCE(-): 0.0700, Acc: 0.973) | LR: 6.50e-04 | 14982.8s
  | Step 122000/300000 | Total: 0.4151 (MSE: 0.0525, Sep: -0.3361, EST: 0.7355, GEN_INF_ONCE(-): 0.7355, Acc: 0.705) | LR: 6.45e-04 | 15105.6s
  | Step 123000/300000 | Total: -0.1385 (MSE: 0.0411, Sep: -0.3364, EST: 0.1650, GEN_INF_ONCE(-): 0.1650, Acc: 0.929) | LR: 6.40e-04 | 15228.5s
  | Step 124000/300000 | Total: -0.1942 (MSE: 0.0381, Sep: -0.3359, EST: 0.1091, GEN_INF_ONCE(-): 0.1091, Acc: 0.955) | LR: 6.35e-04 | 15351.3s
  | Step 125000/300000 | Total: -0.2295 (MSE: 0.0459, Sep: -0.3361, EST: 0.0638, GEN_INF_ONCE(-): 0.0638, Acc: 0.973) | LR: 6.30e-04 | 15474.5s
  | Step 126000/300000 | Total: -0.2248 (MSE: 0.0397, Sep: -0.3359, EST: 0.0752, GEN_INF_ONCE(-): 0.0752, Acc: 0.982) | LR: 6.25e-04 | 15597.5s
  | Step 127000/300000 | Total: -0.2123 (MSE: 0.0358, Sep: -0.3360, EST: 0.0925, GEN_INF_ONCE(-): 0.0925, Acc: 0.955) | LR: 6.20e-04 | 15720.4s
  | Step 128000/300000 | Total: -0.2440 (MSE: 0.0383, Sep: -0.3363, EST: 0.0569, GEN_INF_ONCE(-): 0.0569, Acc: 0.991) | LR: 6.15e-04 | 15842.7s
  | Step 129000/300000 | Total: -0.0663 (MSE: 0.0430, Sep: -0.3361, EST: 0.2388, GEN_INF_ONCE(-): 0.2388, Acc: 0.893) | LR: 6.09e-04 | 15966.0s
  | Step 130000/300000 | Total: -0.1727 (MSE: 0.0435, Sep: -0.3360, EST: 0.1261, GEN_INF_ONCE(-): 0.1261, Acc: 0.938) | LR: 6.04e-04 | 16088.6s
  | Step 131000/300000 | Total: -0.2664 (MSE: 0.0412, Sep: -0.3361, EST: 0.0300, GEN_INF_ONCE(-): 0.0300, Acc: 1.000) | LR: 5.99e-04 | 16211.2s
  | Step 132000/300000 | Total: -0.2099 (MSE: 0.0459, Sep: -0.3361, EST: 0.0846, GEN_INF_ONCE(-): 0.0846, Acc: 0.964) | LR: 5.94e-04 | 16334.6s
  | Step 133000/300000 | Total: -0.2005 (MSE: 0.0437, Sep: -0.3361, EST: 0.0968, GEN_INF_ONCE(-): 0.0968, Acc: 0.973) | LR: 5.89e-04 | 16457.7s
  | Step 134000/300000 | Total: -0.0795 (MSE: 0.0425, Sep: -0.3361, EST: 0.2254, GEN_INF_ONCE(-): 0.2254, Acc: 0.911) | LR: 5.84e-04 | 16580.7s
  | Step 135000/300000 | Total: -0.2432 (MSE: 0.0436, Sep: -0.3362, EST: 0.0520, GEN_INF_ONCE(-): 0.0520, Acc: 0.982) | LR: 5.79e-04 | 16704.1s
  | Step 136000/300000 | Total: -0.2477 (MSE: 0.0342, Sep: -0.3361, EST: 0.0571, GEN_INF_ONCE(-): 0.0571, Acc: 0.991) | LR: 5.73e-04 | 16827.2s
  | Step 137000/300000 | Total: -0.1159 (MSE: 0.0435, Sep: -0.3363, EST: 0.1861, GEN_INF_ONCE(-): 0.1861, Acc: 0.911) | LR: 5.68e-04 | 16956.3s
  | Step 138000/300000 | Total: -0.2601 (MSE: 0.0388, Sep: -0.3363, EST: 0.0394, GEN_INF_ONCE(-): 0.0394, Acc: 1.000) | LR: 5.63e-04 | 17079.5s
  | Step 139000/300000 | Total: -0.1546 (MSE: 0.0395, Sep: -0.3363, EST: 0.1497, GEN_INF_ONCE(-): 0.1497, Acc: 0.973) | LR: 5.58e-04 | 17203.1s
  | Step 140000/300000 | Total: -0.2357 (MSE: 0.0378, Sep: -0.3362, EST: 0.0660, GEN_INF_ONCE(-): 0.0660, Acc: 1.000) | LR: 5.53e-04 | 17325.6s
  | Step 141000/300000 | Total: -0.2075 (MSE: 0.0425, Sep: -0.3361, EST: 0.0906, GEN_INF_ONCE(-): 0.0906, Acc: 0.955) | LR: 5.48e-04 | 17448.7s
  | Step 142000/300000 | Total: 0.4173 (MSE: 0.0646, Sep: -0.3363, EST: 0.7253, GEN_INF_ONCE(-): 0.7253, Acc: 0.705) | LR: 5.42e-04 | 17571.7s
  | Step 143000/300000 | Total: -0.2337 (MSE: 0.0405, Sep: -0.3364, EST: 0.0653, GEN_INF_ONCE(-): 0.0653, Acc: 1.000) | LR: 5.37e-04 | 17694.3s
  | Step 144000/300000 | Total: -0.2323 (MSE: 0.0416, Sep: -0.3362, EST: 0.0655, GEN_INF_ONCE(-): 0.0655, Acc: 0.982) | LR: 5.32e-04 | 17816.7s
  | Step 145000/300000 | Total: -0.2082 (MSE: 0.0373, Sep: -0.3362, EST: 0.0954, GEN_INF_ONCE(-): 0.0954, Acc: 0.982) | LR: 5.27e-04 | 17940.4s
  | Step 146000/300000 | Total: -0.2202 (MSE: 0.0338, Sep: -0.3363, EST: 0.0866, GEN_INF_ONCE(-): 0.0866, Acc: 0.991) | LR: 5.21e-04 | 18064.6s
  | Step 147000/300000 | Total: -0.2535 (MSE: 0.0374, Sep: -0.3362, EST: 0.0477, GEN_INF_ONCE(-): 0.0477, Acc: 0.991) | LR: 5.16e-04 | 18186.8s
  | Step 148000/300000 | Total: -0.1118 (MSE: 0.0376, Sep: -0.3364, EST: 0.1968, GEN_INF_ONCE(-): 0.1968, Acc: 0.920) | LR: 5.11e-04 | 18311.0s
  | Step 149000/300000 | Total: -0.2120 (MSE: 0.0311, Sep: -0.3363, EST: 0.0981, GEN_INF_ONCE(-): 0.0981, Acc: 0.991) | LR: 5.06e-04 | 18434.2s
  | Step 150000/300000 | Total: -0.1236 (MSE: 0.0390, Sep: -0.3363, EST: 0.1828, GEN_INF_ONCE(-): 0.1828, Acc: 0.946) | LR: 5.00e-04 | 18557.0s
  | Step 151000/300000 | Total: -0.1573 (MSE: 0.0396, Sep: -0.3363, EST: 0.1468, GEN_INF_ONCE(-): 0.1468, Acc: 0.929) | LR: 4.95e-04 | 18679.7s
  | Step 152000/300000 | Total: -0.1605 (MSE: 0.0410, Sep: -0.3364, EST: 0.1420, GEN_INF_ONCE(-): 0.1420, Acc: 0.938) | LR: 4.90e-04 | 18802.6s
  | Step 153000/300000 | Total: -0.0774 (MSE: 0.0454, Sep: -0.3361, EST: 0.2245, GEN_INF_ONCE(-): 0.2245, Acc: 0.893) | LR: 4.85e-04 | 18925.1s
  | Step 154000/300000 | Total: -0.2202 (MSE: 0.0348, Sep: -0.3364, EST: 0.0856, GEN_INF_ONCE(-): 0.0856, Acc: 0.964) | LR: 4.80e-04 | 19048.8s
  | Step 155000/300000 | Total: -0.2274 (MSE: 0.0322, Sep: -0.3362, EST: 0.0807, GEN_INF_ONCE(-): 0.0807, Acc: 0.973) | LR: 4.74e-04 | 19171.2s
  | Step 156000/300000 | Total: -0.2349 (MSE: 0.0292, Sep: -0.3362, EST: 0.0758, GEN_INF_ONCE(-): 0.0758, Acc: 0.991) | LR: 4.69e-04 | 19294.1s
  | Step 157000/300000 | Total: -0.1886 (MSE: 0.0339, Sep: -0.3362, EST: 0.1196, GEN_INF_ONCE(-): 0.1196, Acc: 0.955) | LR: 4.64e-04 | 19417.4s
  | Step 158000/300000 | Total: -0.1247 (MSE: 0.0354, Sep: -0.3362, EST: 0.1853, GEN_INF_ONCE(-): 0.1853, Acc: 0.911) | LR: 4.59e-04 | 19540.5s
  | Step 159000/300000 | Total: -0.2297 (MSE: 0.0366, Sep: -0.3361, EST: 0.0735, GEN_INF_ONCE(-): 0.0735, Acc: 0.964) | LR: 4.53e-04 | 19663.8s
  | Step 160000/300000 | Total: -0.2293 (MSE: 0.0354, Sep: -0.3362, EST: 0.0753, GEN_INF_ONCE(-): 0.0753, Acc: 0.973) | LR: 4.48e-04 | 19788.5s
  | Step 161000/300000 | Total: -0.2513 (MSE: 0.0362, Sep: -0.3365, EST: 0.0516, GEN_INF_ONCE(-): 0.0516, Acc: 0.991) | LR: 4.43e-04 | 19911.6s
  | Step 162000/300000 | Total: -0.1602 (MSE: 0.0386, Sep: -0.3364, EST: 0.1449, GEN_INF_ONCE(-): 0.1449, Acc: 0.946) | LR: 4.38e-04 | 20034.2s
  | Step 163000/300000 | Total: -0.2134 (MSE: 0.0416, Sep: -0.3364, EST: 0.0857, GEN_INF_ONCE(-): 0.0857, Acc: 0.982) | LR: 4.33e-04 | 20158.1s
  | Step 164000/300000 | Total: -0.1868 (MSE: 0.0358, Sep: -0.3364, EST: 0.1197, GEN_INF_ONCE(-): 0.1197, Acc: 0.929) | LR: 4.28e-04 | 20286.6s
  | Step 165000/300000 | Total: -0.2709 (MSE: 0.0369, Sep: -0.3363, EST: 0.0301, GEN_INF_ONCE(-): 0.0301, Acc: 1.000) | LR: 4.22e-04 | 20423.8s
  | Step 166000/300000 | Total: -0.2006 (MSE: 0.0324, Sep: -0.3364, EST: 0.1089, GEN_INF_ONCE(-): 0.1089, Acc: 0.938) | LR: 4.17e-04 | 20557.5s
  | Step 167000/300000 | Total: -0.2018 (MSE: 0.0368, Sep: -0.3364, EST: 0.1030, GEN_INF_ONCE(-): 0.1030, Acc: 0.964) | LR: 4.12e-04 | 20690.4s
  | Step 168000/300000 | Total: -0.2227 (MSE: 0.0326, Sep: -0.3366, EST: 0.0855, GEN_INF_ONCE(-): 0.0855, Acc: 0.973) | LR: 4.07e-04 | 20822.4s
  | Step 169000/300000 | Total: -0.2675 (MSE: 0.0322, Sep: -0.3364, EST: 0.0386, GEN_INF_ONCE(-): 0.0386, Acc: 1.000) | LR: 4.02e-04 | 20954.2s
  | Step 170000/300000 | Total: -0.1250 (MSE: 0.0314, Sep: -0.3364, EST: 0.1894, GEN_INF_ONCE(-): 0.1894, Acc: 0.902) | LR: 3.97e-04 | 21085.0s
  | Step 171000/300000 | Total: -0.0699 (MSE: 0.0330, Sep: -0.3362, EST: 0.2456, GEN_INF_ONCE(-): 0.2456, Acc: 0.848) | LR: 3.92e-04 | 21217.4s
  | Step 172000/300000 | Total: -0.2064 (MSE: 0.0284, Sep: -0.3361, EST: 0.1066, GEN_INF_ONCE(-): 0.1066, Acc: 0.964) | LR: 3.86e-04 | 21351.7s
  | Step 173000/300000 | Total: -0.2267 (MSE: 0.0400, Sep: -0.3363, EST: 0.0733, GEN_INF_ONCE(-): 0.0733, Acc: 0.964) | LR: 3.81e-04 | 21488.1s
  | Step 174000/300000 | Total: -0.2509 (MSE: 0.0328, Sep: -0.3363, EST: 0.0553, GEN_INF_ONCE(-): 0.0553, Acc: 1.000) | LR: 3.76e-04 | 21620.7s
  | Step 175000/300000 | Total: -0.2113 (MSE: 0.0292, Sep: -0.3360, EST: 0.1005, GEN_INF_ONCE(-): 0.1005, Acc: 0.991) | LR: 3.71e-04 | 21754.7s
  | Step 176000/300000 | Total: -0.2390 (MSE: 0.0320, Sep: -0.3364, EST: 0.0689, GEN_INF_ONCE(-): 0.0689, Acc: 0.982) | LR: 3.66e-04 | 21889.3s
  | Step 177000/300000 | Total: -0.2511 (MSE: 0.0404, Sep: -0.3366, EST: 0.0474, GEN_INF_ONCE(-): 0.0474, Acc: 0.982) | LR: 3.61e-04 | 22025.4s
  | Step 178000/300000 | Total: -0.2570 (MSE: 0.0279, Sep: -0.3365, EST: 0.0543, GEN_INF_ONCE(-): 0.0543, Acc: 0.982) | LR: 3.56e-04 | 22159.0s
  | Step 179000/300000 | Total: -0.2262 (MSE: 0.0304, Sep: -0.3364, EST: 0.0839, GEN_INF_ONCE(-): 0.0839, Acc: 0.964) | LR: 3.51e-04 | 22292.4s
  | Step 180000/300000 | Total: -0.2414 (MSE: 0.0325, Sep: -0.3364, EST: 0.0657, GEN_INF_ONCE(-): 0.0657, Acc: 0.973) | LR: 3.46e-04 | 22423.1s
  | Step 181000/300000 | Total: -0.2296 (MSE: 0.0319, Sep: -0.3366, EST: 0.0790, GEN_INF_ONCE(-): 0.0790, Acc: 0.973) | LR: 3.41e-04 | 22556.0s
  | Step 182000/300000 | Total: -0.2513 (MSE: 0.0284, Sep: -0.3363, EST: 0.0596, GEN_INF_ONCE(-): 0.0596, Acc: 0.991) | LR: 3.36e-04 | 22689.5s
  | Step 183000/300000 | Total: -0.2075 (MSE: 0.0277, Sep: -0.3364, EST: 0.1064, GEN_INF_ONCE(-): 0.1064, Acc: 0.955) | LR: 3.31e-04 | 22827.9s
  | Step 184000/300000 | Total: -0.2391 (MSE: 0.0296, Sep: -0.3363, EST: 0.0713, GEN_INF_ONCE(-): 0.0713, Acc: 0.982) | LR: 3.26e-04 | 22963.4s
  | Step 185000/300000 | Total: -0.2692 (MSE: 0.0286, Sep: -0.3364, EST: 0.0407, GEN_INF_ONCE(-): 0.0407, Acc: 0.991) | LR: 3.21e-04 | 23097.6s
  | Step 186000/300000 | Total: -0.2216 (MSE: 0.0323, Sep: -0.3364, EST: 0.0869, GEN_INF_ONCE(-): 0.0869, Acc: 0.973) | LR: 3.17e-04 | 23230.5s
  | Step 187000/300000 | Total: -0.2416 (MSE: 0.0330, Sep: -0.3368, EST: 0.0655, GEN_INF_ONCE(-): 0.0655, Acc: 0.973) | LR: 3.12e-04 | 23367.0s
  | Step 188000/300000 | Total: -0.2405 (MSE: 0.0335, Sep: -0.3364, EST: 0.0656, GEN_INF_ONCE(-): 0.0656, Acc: 0.982) | LR: 3.07e-04 | 23499.6s
  | Step 189000/300000 | Total: -0.0401 (MSE: 0.0296, Sep: -0.3363, EST: 0.2805, GEN_INF_ONCE(-): 0.2805, Acc: 0.866) | LR: 3.02e-04 | 23634.0s
  | Step 190000/300000 | Total: -0.1674 (MSE: 0.0297, Sep: -0.3365, EST: 0.1468, GEN_INF_ONCE(-): 0.1468, Acc: 0.964) | LR: 2.97e-04 | 23768.5s
  | Step 191000/300000 | Total: -0.1272 (MSE: 0.0296, Sep: -0.3365, EST: 0.1892, GEN_INF_ONCE(-): 0.1892, Acc: 0.929) | LR: 2.93e-04 | 23901.1s
  | Step 192000/300000 | Total: -0.2755 (MSE: 0.0269, Sep: -0.3365, EST: 0.0359, GEN_INF_ONCE(-): 0.0359, Acc: 1.000) | LR: 2.88e-04 | 24035.3s
  | Step 193000/300000 | Total: -0.2714 (MSE: 0.0261, Sep: -0.3364, EST: 0.0410, GEN_INF_ONCE(-): 0.0410, Acc: 1.000) | LR: 2.83e-04 | 24170.4s
  | Step 194000/300000 | Total: -0.1482 (MSE: 0.0270, Sep: -0.3366, EST: 0.1699, GEN_INF_ONCE(-): 0.1699, Acc: 0.911) | LR: 2.78e-04 | 24306.4s
  | Step 195000/300000 | Total: -0.1487 (MSE: 0.0300, Sep: -0.3365, EST: 0.1661, GEN_INF_ONCE(-): 0.1661, Acc: 0.920) | LR: 2.74e-04 | 24437.7s
  | Step 196000/300000 | Total: -0.2568 (MSE: 0.0317, Sep: -0.3364, EST: 0.0504, GEN_INF_ONCE(-): 0.0504, Acc: 0.991) | LR: 2.69e-04 | 24571.3s
  | Step 197000/300000 | Total: -0.2618 (MSE: 0.0283, Sep: -0.3363, EST: 0.0487, GEN_INF_ONCE(-): 0.0487, Acc: 0.991) | LR: 2.64e-04 | 24705.0s
  | Step 198000/300000 | Total: -0.2718 (MSE: 0.0294, Sep: -0.3363, EST: 0.0369, GEN_INF_ONCE(-): 0.0369, Acc: 0.991) | LR: 2.60e-04 | 24836.3s
  | Step 199000/300000 | Total: -0.2329 (MSE: 0.0257, Sep: -0.3366, EST: 0.0820, GEN_INF_ONCE(-): 0.0820, Acc: 0.964) | LR: 2.55e-04 | 24967.5s
  | Step 200000/300000 | Total: -0.2570 (MSE: 0.0293, Sep: -0.3365, EST: 0.0529, GEN_INF_ONCE(-): 0.0529, Acc: 0.982) | LR: 2.51e-04 | 25103.8s
  | Step 201000/300000 | Total: -0.2608 (MSE: 0.0271, Sep: -0.3365, EST: 0.0512, GEN_INF_ONCE(-): 0.0512, Acc: 0.982) | LR: 2.46e-04 | 25239.9s
  | Step 202000/300000 | Total: -0.2099 (MSE: 0.0256, Sep: -0.3367, EST: 0.1065, GEN_INF_ONCE(-): 0.1065, Acc: 0.946) | LR: 2.42e-04 | 25373.5s
  | Step 203000/300000 | Total: -0.2519 (MSE: 0.0266, Sep: -0.3366, EST: 0.0611, GEN_INF_ONCE(-): 0.0611, Acc: 0.991) | LR: 2.37e-04 | 25506.2s
  | Step 204000/300000 | Total: -0.2318 (MSE: 0.0279, Sep: -0.3363, EST: 0.0806, GEN_INF_ONCE(-): 0.0806, Acc: 0.982) | LR: 2.33e-04 | 25641.6s
  | Step 205000/300000 | Total: -0.2104 (MSE: 0.0292, Sep: -0.3366, EST: 0.1022, GEN_INF_ONCE(-): 0.1022, Acc: 0.946) | LR: 2.28e-04 | 25777.0s
  | Step 206000/300000 | Total: -0.2514 (MSE: 0.0268, Sep: -0.3366, EST: 0.0616, GEN_INF_ONCE(-): 0.0616, Acc: 0.973) | LR: 2.24e-04 | 25910.7s
  | Step 207000/300000 | Total: -0.2361 (MSE: 0.0278, Sep: -0.3367, EST: 0.0766, GEN_INF_ONCE(-): 0.0766, Acc: 0.973) | LR: 2.20e-04 | 26042.8s
  | Step 208000/300000 | Total: -0.2062 (MSE: 0.0270, Sep: -0.3363, EST: 0.1085, GEN_INF_ONCE(-): 0.1085, Acc: 0.946) | LR: 2.15e-04 | 26173.6s
  | Step 209000/300000 | Total: -0.2645 (MSE: 0.0268, Sep: -0.3364, EST: 0.0476, GEN_INF_ONCE(-): 0.0476, Acc: 0.982) | LR: 2.11e-04 | 26307.1s
  | Step 210000/300000 | Total: -0.2437 (MSE: 0.0302, Sep: -0.3367, EST: 0.0660, GEN_INF_ONCE(-): 0.0660, Acc: 0.973) | LR: 2.07e-04 | 26437.8s
  | Step 211000/300000 | Total: -0.2621 (MSE: 0.0257, Sep: -0.3365, EST: 0.0513, GEN_INF_ONCE(-): 0.0513, Acc: 0.982) | LR: 2.03e-04 | 26571.0s
  | Step 212000/300000 | Total: -0.2525 (MSE: 0.0266, Sep: -0.3364, EST: 0.0604, GEN_INF_ONCE(-): 0.0604, Acc: 0.973) | LR: 1.99e-04 | 26706.5s
  | Step 213000/300000 | Total: -0.2808 (MSE: 0.0242, Sep: -0.3364, EST: 0.0331, GEN_INF_ONCE(-): 0.0331, Acc: 0.991) | LR: 1.94e-04 | 26838.7s
  | Step 214000/300000 | Total: -0.2133 (MSE: 0.0300, Sep: -0.3365, EST: 0.0981, GEN_INF_ONCE(-): 0.0981, Acc: 0.973) | LR: 1.90e-04 | 26971.8s
  | Step 215000/300000 | Total: -0.2632 (MSE: 0.0263, Sep: -0.3366, EST: 0.0495, GEN_INF_ONCE(-): 0.0495, Acc: 0.991) | LR: 1.86e-04 | 27105.7s
  | Step 216000/300000 | Total: -0.2782 (MSE: 0.0266, Sep: -0.3366, EST: 0.0335, GEN_INF_ONCE(-): 0.0335, Acc: 1.000) | LR: 1.82e-04 | 27240.2s
  | Step 217000/300000 | Total: -0.2854 (MSE: 0.0276, Sep: -0.3363, EST: 0.0246, GEN_INF_ONCE(-): 0.0246, Acc: 1.000) | LR: 1.78e-04 | 27376.7s
  | Step 218000/300000 | Total: -0.1849 (MSE: 0.0226, Sep: -0.3364, EST: 0.1357, GEN_INF_ONCE(-): 0.1357, Acc: 0.938) | LR: 1.74e-04 | 27508.8s
  | Step 219000/300000 | Total: -0.2686 (MSE: 0.0277, Sep: -0.3367, EST: 0.0425, GEN_INF_ONCE(-): 0.0425, Acc: 0.982) | LR: 1.70e-04 | 27641.5s
  | Step 220000/300000 | Total: -0.2524 (MSE: 0.0255, Sep: -0.3366, EST: 0.0618, GEN_INF_ONCE(-): 0.0618, Acc: 0.973) | LR: 1.66e-04 | 27779.0s
  | Step 221000/300000 | Total: -0.2047 (MSE: 0.0249, Sep: -0.3365, EST: 0.1125, GEN_INF_ONCE(-): 0.1125, Acc: 0.964) | LR: 1.62e-04 | 27910.0s
  | Step 222000/300000 | Total: -0.0842 (MSE: 0.0312, Sep: -0.3368, EST: 0.2330, GEN_INF_ONCE(-): 0.2330, Acc: 0.884) | LR: 1.59e-04 | 28041.7s
  | Step 223000/300000 | Total: -0.2672 (MSE: 0.0299, Sep: -0.3367, EST: 0.0418, GEN_INF_ONCE(-): 0.0418, Acc: 0.991) | LR: 1.55e-04 | 28175.1s
  | Step 224000/300000 | Total: -0.2623 (MSE: 0.0240, Sep: -0.3365, EST: 0.0528, GEN_INF_ONCE(-): 0.0528, Acc: 0.991) | LR: 1.51e-04 | 28308.2s
  | Step 225000/300000 | Total: -0.2454 (MSE: 0.0279, Sep: -0.3365, EST: 0.0665, GEN_INF_ONCE(-): 0.0665, Acc: 0.982) | LR: 1.47e-04 | 28440.1s
  | Step 226000/300000 | Total: -0.2717 (MSE: 0.0242, Sep: -0.3366, EST: 0.0428, GEN_INF_ONCE(-): 0.0428, Acc: 1.000) | LR: 1.44e-04 | 28574.5s
  | Step 227000/300000 | Total: -0.2610 (MSE: 0.0239, Sep: -0.3365, EST: 0.0543, GEN_INF_ONCE(-): 0.0543, Acc: 0.982) | LR: 1.40e-04 | 28706.5s
  | Step 228000/300000 | Total: -0.2389 (MSE: 0.0260, Sep: -0.3366, EST: 0.0755, GEN_INF_ONCE(-): 0.0755, Acc: 0.982) | LR: 1.36e-04 | 28837.8s
  | Step 229000/300000 | Total: -0.2559 (MSE: 0.0238, Sep: -0.3364, EST: 0.0597, GEN_INF_ONCE(-): 0.0597, Acc: 0.991) | LR: 1.33e-04 | 28971.8s
  | Step 230000/300000 | Total: -0.2657 (MSE: 0.0242, Sep: -0.3367, EST: 0.0492, GEN_INF_ONCE(-): 0.0492, Acc: 0.982) | LR: 1.29e-04 | 29109.8s
  | Step 231000/300000 | Total: -0.1771 (MSE: 0.0248, Sep: -0.3364, EST: 0.1416, GEN_INF_ONCE(-): 0.1416, Acc: 0.938) | LR: 1.26e-04 | 29244.2s
  | Step 232000/300000 | Total: -0.2747 (MSE: 0.0239, Sep: -0.3368, EST: 0.0402, GEN_INF_ONCE(-): 0.0402, Acc: 1.000) | LR: 1.22e-04 | 29378.7s
  | Step 233000/300000 | Total: -0.2894 (MSE: 0.0247, Sep: -0.3366, EST: 0.0237, GEN_INF_ONCE(-): 0.0237, Acc: 1.000) | LR: 1.19e-04 | 29513.0s
  | Step 234000/300000 | Total: -0.2962 (MSE: 0.0220, Sep: -0.3366, EST: 0.0193, GEN_INF_ONCE(-): 0.0193, Acc: 1.000) | LR: 1.16e-04 | 29645.6s
  | Step 235000/300000 | Total: -0.2284 (MSE: 0.0197, Sep: -0.3365, EST: 0.0931, GEN_INF_ONCE(-): 0.0931, Acc: 0.964) | LR: 1.12e-04 | 29771.3s
  | Step 236000/300000 | Total: -0.2708 (MSE: 0.0229, Sep: -0.3369, EST: 0.0455, GEN_INF_ONCE(-): 0.0455, Acc: 0.991) | LR: 1.09e-04 | 29895.1s
  | Step 237000/300000 | Total: -0.2937 (MSE: 0.0207, Sep: -0.3367, EST: 0.0234, GEN_INF_ONCE(-): 0.0234, Acc: 1.000) | LR: 1.06e-04 | 30020.2s
  | Step 238000/300000 | Total: -0.2799 (MSE: 0.0220, Sep: -0.3368, EST: 0.0367, GEN_INF_ONCE(-): 0.0367, Acc: 1.000) | LR: 1.03e-04 | 30152.1s
  | Step 239000/300000 | Total: -0.2846 (MSE: 0.0217, Sep: -0.3365, EST: 0.0319, GEN_INF_ONCE(-): 0.0319, Acc: 1.000) | LR: 9.95e-05 | 30285.1s
  | Step 240000/300000 | Total: -0.2816 (MSE: 0.0224, Sep: -0.3366, EST: 0.0344, GEN_INF_ONCE(-): 0.0344, Acc: 0.991) | LR: 9.64e-05 | 30417.6s
  | Step 241000/300000 | Total: -0.2792 (MSE: 0.0218, Sep: -0.3365, EST: 0.0373, GEN_INF_ONCE(-): 0.0373, Acc: 0.991) | LR: 9.33e-05 | 30549.4s
  | Step 242000/300000 | Total: -0.2894 (MSE: 0.0263, Sep: -0.3368, EST: 0.0222, GEN_INF_ONCE(-): 0.0222, Acc: 1.000) | LR: 9.03e-05 | 30681.7s
  | Step 243000/300000 | Total: -0.2672 (MSE: 0.0227, Sep: -0.3367, EST: 0.0494, GEN_INF_ONCE(-): 0.0494, Acc: 0.982) | LR: 8.74e-05 | 30814.7s
  | Step 244000/300000 | Total: -0.2748 (MSE: 0.0217, Sep: -0.3367, EST: 0.0422, GEN_INF_ONCE(-): 0.0422, Acc: 0.991) | LR: 8.45e-05 | 30946.8s
  | Step 245000/300000 | Total: -0.2600 (MSE: 0.0235, Sep: -0.3368, EST: 0.0561, GEN_INF_ONCE(-): 0.0561, Acc: 0.991) | LR: 8.16e-05 | 31080.3s
  | Step 246000/300000 | Total: -0.2595 (MSE: 0.0212, Sep: -0.3368, EST: 0.0591, GEN_INF_ONCE(-): 0.0591, Acc: 0.982) | LR: 7.88e-05 | 31214.7s
  | Step 247000/300000 | Total: -0.2845 (MSE: 0.0217, Sep: -0.3365, EST: 0.0319, GEN_INF_ONCE(-): 0.0319, Acc: 0.991) | LR: 7.60e-05 | 31346.8s
  | Step 248000/300000 | Total: -0.2826 (MSE: 0.0255, Sep: -0.3368, EST: 0.0301, GEN_INF_ONCE(-): 0.0301, Acc: 1.000) | LR: 7.32e-05 | 31483.3s
  | Step 249000/300000 | Total: -0.2915 (MSE: 0.0252, Sep: -0.3369, EST: 0.0212, GEN_INF_ONCE(-): 0.0212, Acc: 1.000) | LR: 7.06e-05 | 31616.9s
  | Step 250000/300000 | Total: -0.2841 (MSE: 0.0229, Sep: -0.3367, EST: 0.0313, GEN_INF_ONCE(-): 0.0313, Acc: 0.991) | LR: 6.79e-05 | 31751.1s
  | Step 251000/300000 | Total: -0.2915 (MSE: 0.0202, Sep: -0.3365, EST: 0.0260, GEN_INF_ONCE(-): 0.0260, Acc: 1.000) | LR: 6.53e-05 | 31885.5s
  | Step 252000/300000 | Total: -0.2691 (MSE: 0.0190, Sep: -0.3366, EST: 0.0510, GEN_INF_ONCE(-): 0.0510, Acc: 0.982) | LR: 6.28e-05 | 32019.5s
  | Step 253000/300000 | Total: -0.2961 (MSE: 0.0203, Sep: -0.3364, EST: 0.0209, GEN_INF_ONCE(-): 0.0209, Acc: 1.000) | LR: 6.03e-05 | 32152.6s
  | Step 254000/300000 | Total: -0.2582 (MSE: 0.0180, Sep: -0.3363, EST: 0.0633, GEN_INF_ONCE(-): 0.0633, Acc: 0.973) | LR: 5.78e-05 | 32284.4s
  | Step 255000/300000 | Total: -0.2638 (MSE: 0.0213, Sep: -0.3368, EST: 0.0544, GEN_INF_ONCE(-): 0.0544, Acc: 1.000) | LR: 5.54e-05 | 32418.0s
  | Step 256000/300000 | Total: -0.2382 (MSE: 0.0219, Sep: -0.3365, EST: 0.0805, GEN_INF_ONCE(-): 0.0805, Acc: 0.982) | LR: 5.31e-05 | 32551.1s
  | Step 257000/300000 | Total: -0.2579 (MSE: 0.0213, Sep: -0.3366, EST: 0.0603, GEN_INF_ONCE(-): 0.0603, Acc: 0.982) | LR: 5.08e-05 | 32683.1s
  | Step 258000/300000 | Total: -0.2706 (MSE: 0.0203, Sep: -0.3366, EST: 0.0480, GEN_INF_ONCE(-): 0.0480, Acc: 1.000) | LR: 4.85e-05 | 32814.6s
  | Step 259000/300000 | Total: -0.2786 (MSE: 0.0197, Sep: -0.3368, EST: 0.0405, GEN_INF_ONCE(-): 0.0405, Acc: 1.000) | LR: 4.63e-05 | 32948.6s
  | Step 260000/300000 | Total: -0.2750 (MSE: 0.0189, Sep: -0.3367, EST: 0.0450, GEN_INF_ONCE(-): 0.0450, Acc: 1.000) | LR: 4.42e-05 | 33084.3s
  | Step 261000/300000 | Total: -0.2851 (MSE: 0.0197, Sep: -0.3366, EST: 0.0334, GEN_INF_ONCE(-): 0.0334, Acc: 1.000) | LR: 4.21e-05 | 33218.3s
  | Step 262000/300000 | Total: -0.2879 (MSE: 0.0199, Sep: -0.3368, EST: 0.0306, GEN_INF_ONCE(-): 0.0306, Acc: 1.000) | LR: 4.00e-05 | 33350.7s
  | Step 263000/300000 | Total: -0.2819 (MSE: 0.0204, Sep: -0.3368, EST: 0.0363, GEN_INF_ONCE(-): 0.0363, Acc: 1.000) | LR: 3.80e-05 | 33481.0s
  | Step 264000/300000 | Total: -0.2896 (MSE: 0.0195, Sep: -0.3365, EST: 0.0289, GEN_INF_ONCE(-): 0.0289, Acc: 1.000) | LR: 3.61e-05 | 33617.4s
  | Step 265000/300000 | Total: -0.2721 (MSE: 0.0214, Sep: -0.3365, EST: 0.0452, GEN_INF_ONCE(-): 0.0452, Acc: 0.991) | LR: 3.42e-05 | 33752.4s
  | Step 266000/300000 | Total: -0.2724 (MSE: 0.0222, Sep: -0.3368, EST: 0.0444, GEN_INF_ONCE(-): 0.0444, Acc: 1.000) | LR: 3.23e-05 | 33885.3s
  | Step 267000/300000 | Total: -0.2863 (MSE: 0.0208, Sep: -0.3368, EST: 0.0313, GEN_INF_ONCE(-): 0.0313, Acc: 1.000) | LR: 3.05e-05 | 34015.2s
  | Step 268000/300000 | Total: -0.2765 (MSE: 0.0205, Sep: -0.3368, EST: 0.0420, GEN_INF_ONCE(-): 0.0420, Acc: 1.000) | LR: 2.88e-05 | 34145.2s
  | Step 269000/300000 | Total: -0.2761 (MSE: 0.0191, Sep: -0.3365, EST: 0.0434, GEN_INF_ONCE(-): 0.0434, Acc: 1.000) | LR: 2.71e-05 | 34274.3s
  | Step 270000/300000 | Total: -0.2626 (MSE: 0.0230, Sep: -0.3369, EST: 0.0540, GEN_INF_ONCE(-): 0.0540, Acc: 1.000) | LR: 2.54e-05 | 34408.5s
  | Step 271000/300000 | Total: -0.2663 (MSE: 0.0207, Sep: -0.3368, EST: 0.0523, GEN_INF_ONCE(-): 0.0523, Acc: 1.000) | LR: 2.39e-05 | 34544.2s
  | Step 272000/300000 | Total: -0.2306 (MSE: 0.0189, Sep: -0.3365, EST: 0.0916, GEN_INF_ONCE(-): 0.0916, Acc: 0.991) | LR: 2.23e-05 | 34677.6s
  | Step 273000/300000 | Total: -0.2480 (MSE: 0.0228, Sep: -0.3367, EST: 0.0694, GEN_INF_ONCE(-): 0.0694, Acc: 0.973) | LR: 2.08e-05 | 34811.3s
  | Step 274000/300000 | Total: -0.2653 (MSE: 0.0220, Sep: -0.3367, EST: 0.0519, GEN_INF_ONCE(-): 0.0519, Acc: 1.000) | LR: 1.94e-05 | 34944.3s
  | Step 275000/300000 | Total: -0.2849 (MSE: 0.0207, Sep: -0.3367, EST: 0.0327, GEN_INF_ONCE(-): 0.0327, Acc: 0.991) | LR: 1.80e-05 | 35077.4s
  | Step 276000/300000 | Total: -0.2797 (MSE: 0.0233, Sep: -0.3366, EST: 0.0354, GEN_INF_ONCE(-): 0.0354, Acc: 0.991) | LR: 1.67e-05 | 35210.0s
  | Step 277000/300000 | Total: -0.2629 (MSE: 0.0204, Sep: -0.3365, EST: 0.0560, GEN_INF_ONCE(-): 0.0560, Acc: 0.991) | LR: 1.54e-05 | 35341.9s
  | Step 278000/300000 | Total: -0.2739 (MSE: 0.0233, Sep: -0.3368, EST: 0.0417, GEN_INF_ONCE(-): 0.0417, Acc: 1.000) | LR: 1.42e-05 | 35477.2s
  | Step 279000/300000 | Total: -0.2786 (MSE: 0.0207, Sep: -0.3367, EST: 0.0394, GEN_INF_ONCE(-): 0.0394, Acc: 1.000) | LR: 1.30e-05 | 35609.0s
  | Step 280000/300000 | Total: -0.2712 (MSE: 0.0207, Sep: -0.3366, EST: 0.0470, GEN_INF_ONCE(-): 0.0470, Acc: 1.000) | LR: 1.19e-05 | 35740.7s
  | Step 281000/300000 | Total: -0.2669 (MSE: 0.0193, Sep: -0.3366, EST: 0.0531, GEN_INF_ONCE(-): 0.0531, Acc: 0.991) | LR: 1.09e-05 | 35872.2s
  | Step 282000/300000 | Total: -0.2695 (MSE: 0.0227, Sep: -0.3370, EST: 0.0471, GEN_INF_ONCE(-): 0.0471, Acc: 0.982) | LR: 9.85e-06 | 36003.0s
  | Step 283000/300000 | Total: -0.2636 (MSE: 0.0214, Sep: -0.3366, EST: 0.0543, GEN_INF_ONCE(-): 0.0543, Acc: 1.000) | LR: 8.89e-06 | 36136.5s
  | Step 284000/300000 | Total: -0.2650 (MSE: 0.0215, Sep: -0.3366, EST: 0.0528, GEN_INF_ONCE(-): 0.0528, Acc: 1.000) | LR: 7.99e-06 | 36271.9s
  | Step 285000/300000 | Total: -0.2555 (MSE: 0.0210, Sep: -0.3365, EST: 0.0632, GEN_INF_ONCE(-): 0.0632, Acc: 0.982) | LR: 7.15e-06 | 36404.7s
  | Step 286000/300000 | Total: -0.2533 (MSE: 0.0193, Sep: -0.3366, EST: 0.0674, GEN_INF_ONCE(-): 0.0674, Acc: 1.000) | LR: 6.36e-06 | 36537.3s
  | Step 287000/300000 | Total: -0.2474 (MSE: 0.0182, Sep: -0.3367, EST: 0.0748, GEN_INF_ONCE(-): 0.0748, Acc: 0.982) | LR: 5.62e-06 | 36668.1s
  | Step 288000/300000 | Total: -0.2565 (MSE: 0.0216, Sep: -0.3365, EST: 0.0615, GEN_INF_ONCE(-): 0.0615, Acc: 0.982) | LR: 4.94e-06 | 36801.2s
  | Step 289000/300000 | Total: -0.2759 (MSE: 0.0182, Sep: -0.3366, EST: 0.0448, GEN_INF_ONCE(-): 0.0448, Acc: 1.000) | LR: 4.31e-06 | 36934.8s
  | Step 290000/300000 | Total: -0.2607 (MSE: 0.0227, Sep: -0.3368, EST: 0.0561, GEN_INF_ONCE(-): 0.0561, Acc: 1.000) | LR: 3.74e-06 | 37069.2s
  | Step 291000/300000 | Total: -0.2724 (MSE: 0.0207, Sep: -0.3367, EST: 0.0460, GEN_INF_ONCE(-): 0.0460, Acc: 1.000) | LR: 3.22e-06 | 37202.3s
  | Step 292000/300000 | Total: -0.2697 (MSE: 0.0221, Sep: -0.3366, EST: 0.0471, GEN_INF_ONCE(-): 0.0471, Acc: 1.000) | LR: 2.75e-06 | 37336.1s
  | Step 293000/300000 | Total: -0.2467 (MSE: 0.0185, Sep: -0.3369, EST: 0.0755, GEN_INF_ONCE(-): 0.0755, Acc: 0.982) | LR: 2.34e-06 | 37470.1s
  | Step 294000/300000 | Total: -0.2505 (MSE: 0.0228, Sep: -0.3367, EST: 0.0666, GEN_INF_ONCE(-): 0.0666, Acc: 0.991) | LR: 1.99e-06 | 37600.8s
  | Step 295000/300000 | Total: -0.2410 (MSE: 0.0215, Sep: -0.3365, EST: 0.0779, GEN_INF_ONCE(-): 0.0779, Acc: 0.991) | LR: 1.68e-06 | 37735.7s
  | Step 296000/300000 | Total: -0.2529 (MSE: 0.0205, Sep: -0.3366, EST: 0.0665, GEN_INF_ONCE(-): 0.0665, Acc: 0.991) | LR: 1.44e-06 | 37871.7s
  | Step 297000/300000 | Total: -0.2711 (MSE: 0.0229, Sep: -0.3368, EST: 0.0451, GEN_INF_ONCE(-): 0.0451, Acc: 0.991) | LR: 1.25e-06 | 38007.2s
  | Step 298000/300000 | Total: -0.2561 (MSE: 0.0206, Sep: -0.3370, EST: 0.0635, GEN_INF_ONCE(-): 0.0635, Acc: 0.991) | LR: 1.11e-06 | 38139.7s
  | Step 299000/300000 | Total: -0.2613 (MSE: 0.0213, Sep: -0.3368, EST: 0.0570, GEN_INF_ONCE(-): 0.0570, Acc: 1.000) | LR: 1.03e-06 | 38272.1s
  | Step 300000/300000 | Total: -0.2500 (MSE: 0.0188, Sep: -0.3367, EST: 0.0715, GEN_INF_ONCE(-): 0.0715, Acc: 1.000) | LR: 1.00e-06 | 38404.4s
  | 
  | Training completed in 38404.4s (640.07 min)
  | Models saved to /home1/halbertb/Q3CIBC/checkpoints/hpsearch/trial_043/

  Training completed in 38510s
  Evaluating...

  Result: success_rate=0.00%, avg_reward=0.000
srun: Job step aborted: Waiting up to 32 seconds for job step to finish.
[2026-04-16T04:48:41.046] error: *** STEP 7990318.0 ON d14-09 CANCELLED AT 2026-04-16T04:48:41 DUE TO TIME LIMIT ***
[2026-04-16T04:48:41.047] error: *** JOB 7990318 ON d14-09 CANCELLED AT 2026-04-16T04:48:41 DUE TO TIME LIMIT ***
