==========================================
SLURM_JOB_ID = 8183020
SLURM_JOB_NODELIST = d13-06
TMPDIR = /tmp/SLURM_8183020
==========================================
Detected tunable params in ibc_with_cps_training.py:
  - control_points  (search space: [20, 30, 50, 75, 100])
  - learning_rate  (search space: [0.0001, 0.0003, 0.0005, 0.001, 0.002, 0.005])
  - batch_size  (search space: [128, 256, 512])
  - counter_examples  (search space: [8, 16, 32, 64])
  - separation_weight  (search space: [0.01, 0.05, 0.1, 0.2])
  - mse_weight  (search space: [1.0, 3.0, 5.0, 10.0])
  - training_steps  (search space: [50000, 100000, 200000])
  - separation_loss  (search space: ['separation', 'entropy'])
  - entropy_bandwidth  (search space: [0.05, 0.1, 0.2])
  - num_hidden_layers  (search space: [2, 4, 8])
  - num_neurons  (search space: [128, 256, 512])
  - estimator_learning_rate  (search space: [0.0001, 0.0003, 0.0005, 0.001])
  - scheduler_type  (search space: ['cosine', 'cosine_warm_restarts'])
  - cosine_t0  (search space: [25000, 50000, 100000])
  - cosine_t_max  (search space: [100000, 150000, 200000])

Baseline (current config):
  control_points = 30
  learning_rate = 0.001
  batch_size = 512
  counter_examples = 32
  separation_weight = 0.1
  mse_weight = 20.0
  training_steps = 5000
  separation_loss = entropy
  entropy_bandwidth = 0.1
  num_hidden_layers = 8
  num_neurons = 256
  estimator_learning_rate = 0.001
  scheduler_type = cosine_warm_restarts
  cosine_t0 = 50000


================================================================================
TRIAL 12 — ibc_with_cps_training.py
================================================================================
Parameters:
{
  "control_points": 30,
  "learning_rate": 0.001,
  "batch_size": 512,
  "counter_examples": 32,
  "separation_weight": 0.1,
  "mse_weight": 20,
  "training_steps": 150000,
  "separation_loss": "entropy",
  "entropy_bandwidth": 0.1,
  "num_hidden_layers": 4,
  "num_neurons": 512,
  "estimator_learning_rate": 0.001,
  "scheduler_type": "cosine_warm_restarts",
  "cosine_t0": 50000
}

  Training (150000 steps)...
  | Using device: cuda
  | Active environment: particle
  | Training steps: 150000
  | Batch size: 512
  | Generator LR: 0.001 (scheduler: cosine_warm_restarts)
  | Estimator LR: 0.001 (exponential decay: rate=0.995, every 100 steps)
  | Estimator architecture: MLP [512, 512, 512, 512]
  | Langevin counter-examples: 32 (100 iters)
  | Gradient penalty margin: 1.0
  | Frame stack: 2
  | Loading particle dataset...
  | 2026-04-19 12:56:10.156391: I tensorflow/core/platform/cpu_feature_guard.cc:210] This TensorFlow binary is optimized to use available CPU instructions in performance-critical operations.
  | To enable the following instructions: AVX2 AVX512F FMA, in other operations, rebuild TensorFlow with the appropriate compiler flags.
  | WARNING: All log messages before absl::InitializeLog() is called are written to STDERR
  | I0000 00:00:1776628579.425728 3430631 gpu_device.cc:2020] Created device /job:localhost/replica:0/task:0/device:GPU:0 with 31134 MB memory:  -> device: 0, name: Tesla V100-PCIE-32GB, pci bus id: 0000:3b:00.0, compute capability: 7.0
  | 2026-04-19 12:56:19.806517: I tensorflow/core/kernels/data/tf_record_dataset_op.cc:390] TFRecordDataset `buffer_size` is unspecified, default to 262144
  | 2026-04-19 12:56:21.020485: I tensorflow/core/framework/local_rendezvous.cc:407] Local rendezvous is aborting with status: OUT_OF_RANGE: End of sequence
  | 2026-04-19 12:56:22.254224: I tensorflow/core/framework/local_rendezvous.cc:407] Local rendezvous is aborting with status: OUT_OF_RANGE: End of sequence
  | 2026-04-19 12:56:24.719851: I tensorflow/core/framework/local_rendezvous.cc:407] Local rendezvous is aborting with status: OUT_OF_RANGE: End of sequence
  | 2026-04-19 12:56:29.648261: I tensorflow/core/framework/local_rendezvous.cc:407] Local rendezvous is aborting with status: OUT_OF_RANGE: End of sequence
  | Dataset size: 102000
  | Particle dataset episodes: 2000 | Avg samples/episode: 51.00
  | Act range: [0.000, 1.000]
  | Traceback (most recent call last):
  |   File "/home1/halbertb/Q3CIBC/ibc_with_cps_training.py", line 507, in <module>
  |     main()
  |   File "/home1/halbertb/Q3CIBC/ibc_with_cps_training.py", line 418, in main
  |     loss_estimator.backward()
  |   File "/home1/halbertb/Q3CIBC/.venv/lib64/python3.12/site-packages/torch/_tensor.py", line 625, in backward
  |     torch.autograd.backward(
  |   File "/home1/halbertb/Q3CIBC/.venv/lib64/python3.12/site-packages/torch/autograd/__init__.py", line 354, in backward
  |     _engine_run_backward(
  |   File "/home1/halbertb/Q3CIBC/.venv/lib64/python3.12/site-packages/torch/autograd/graph.py", line 841, in _engine_run_backward
  |     return Variable._execution_engine.run_backward(  # Calls into the C++ engine to run the backward pass
  |            ^^^^^^^^^^^^^^^^^^^^^^^^^^^^^^^^^^^^^^^^^^^^^^^^^^^^^^^^^^^^^^^^^^^^^^^^^^^^^^^^^^^^^^^^^^^^^^
  | torch.OutOfMemoryError: CUDA out of memory. Tried to allocate 64.00 MiB. GPU 0 has a total capacity of 31.73 GiB of which 46.25 MiB is free. Including non-PyTorch memory, this process has 31.68 GiB memory in use. Of the allocated memory 906.78 MiB is allocated by PyTorch, and 19.22 MiB is reserved by PyTorch but unallocated. If reserved but unallocated memory is large try setting PYTORCH_CUDA_ALLOC_CONF=expandable_segments:True to avoid fragmentation.  See documentation for Memory Management  (https://pytorch.org/docs/stable/notes/cuda.html#environment-variables)

  Training FAILED after 41s
