==========================================
SLURM_JOB_ID = 8218532
SLURM_JOB_NODELIST = b04-10
TMPDIR = /tmp/SLURM_8218532
==========================================
Detected tunable params in ibc_with_cps_training.py:
  - control_points  (search space: [20, 30, 50, 75, 100])
  - learning_rate  (search space: [0.0001, 0.0003, 0.0005, 0.001, 0.002, 0.005])
  - batch_size  (search space: [128, 256, 512])
  - counter_examples  (search space: [8, 16, 32, 64])
  - separation_weight  (search space: [0.01, 0.05, 0.1, 0.2])
  - mse_weight  (search space: [1.0, 3.0, 5.0, 10.0])
  - training_steps  (search space: [50000, 100000, 200000])
  - separation_loss  (search space: ['separation', 'entropy'])
  - entropy_bandwidth  (search space: [0.05, 0.1, 0.2])
  - num_hidden_layers  (search space: [2, 4, 8])
  - num_neurons  (search space: [128, 256, 512])
  - estimator_learning_rate  (search space: [0.0001, 0.0003, 0.0005, 0.001])
  - scheduler_type  (search space: ['cosine', 'cosine_warm_restarts'])
  - cosine_t0  (search space: [25000, 50000, 100000])
  - cosine_t_max  (search space: [100000, 150000, 200000])

Baseline (current config):
  control_points = 30
  learning_rate = 0.001
  batch_size = 512
  counter_examples = 32
  separation_weight = 0.1
  mse_weight = 20
  training_steps = 150000
  separation_loss = entropy
  entropy_bandwidth = 0.1
  num_hidden_layers = 4
  num_neurons = 512
  estimator_learning_rate = 0.001
  scheduler_type = cosine_warm_restarts
  cosine_t0 = 50000


================================================================================
TRIAL 15 — ibc_with_cps_training.py
================================================================================
Parameters:
{
  "control_points": 20,
  "learning_rate": 0.001,
  "batch_size": 512,
  "counter_examples": 64,
  "separation_weight": 0.1,
  "mse_weight": 20,
  "training_steps": 150000,
  "separation_loss": "entropy",
  "entropy_bandwidth": 0.1,
  "num_hidden_layers": 2,
  "num_neurons": 256,
  "estimator_learning_rate": 0.001,
  "scheduler_type": "cosine_warm_restarts",
  "cosine_t0": 50000
}

  Training (150000 steps)...
  | Using device: cuda
  | Active environment: particle
  | Training steps: 150000
  | Batch size: 512
  | Generator LR: 0.001 (scheduler: cosine_warm_restarts)
  | Estimator LR: 0.001 (exponential decay: rate=0.995, every 100 steps)
  | Estimator architecture: MLP [256, 256]
  | Langevin counter-examples: 64 (100 iters)
  | Gradient penalty margin: 1.0
  | Frame stack: 2
  | Loading particle dataset...
  | 2026-04-20 17:30:12.527250: I tensorflow/core/platform/cpu_feature_guard.cc:210] This TensorFlow binary is optimized to use available CPU instructions in performance-critical operations.
  | To enable the following instructions: AVX2 FMA, in other operations, rebuild TensorFlow with the appropriate compiler flags.
  | WARNING: All log messages before absl::InitializeLog() is called are written to STDERR
  | I0000 00:00:1776731422.290467 2710027 gpu_device.cc:2020] Created device /job:localhost/replica:0/task:0/device:GPU:0 with 43683 MB memory:  -> device: 0, name: NVIDIA A40, pci bus id: 0000:81:00.0, compute capability: 8.6
  | 2026-04-20 17:30:22.500184: I tensorflow/core/kernels/data/tf_record_dataset_op.cc:390] TFRecordDataset `buffer_size` is unspecified, default to 262144
  | 2026-04-20 17:30:23.664241: I tensorflow/core/framework/local_rendezvous.cc:407] Local rendezvous is aborting with status: OUT_OF_RANGE: End of sequence
  | 2026-04-20 17:30:24.905119: I tensorflow/core/framework/local_rendezvous.cc:407] Local rendezvous is aborting with status: OUT_OF_RANGE: End of sequence
  | 2026-04-20 17:30:27.175625: I tensorflow/core/framework/local_rendezvous.cc:407] Local rendezvous is aborting with status: OUT_OF_RANGE: End of sequence
  | 2026-04-20 17:30:31.516119: I tensorflow/core/framework/local_rendezvous.cc:407] Local rendezvous is aborting with status: OUT_OF_RANGE: End of sequence
  | Dataset size: 102000
  | Particle dataset episodes: 2000 | Avg samples/episode: 51.00
  | Act range: [0.000, 1.000]
  | Step 1000/150000 | Gen: -0.1188 (MSE: 0.1748, Sep: -0.2936) | Est: 4.0025 (NCE: 3.9822, GP: 0.0203) | Acc: 0.066 | GenLR: 9.99e-04 EstLR: 9.51e-04 | 210.7s
  | Step 2000/150000 | Gen: -0.1321 (MSE: 0.1640, Sep: -0.2961) | Est: 4.0353 (NCE: 4.0177, GP: 0.0177) | Acc: 0.057 | GenLR: 9.96e-04 EstLR: 9.05e-04 | 417.6s
  | Step 3000/150000 | Gen: -0.1460 (MSE: 0.1497, Sep: -0.2957) | Est: 4.0572 (NCE: 4.0424, GP: 0.0148) | Acc: 0.123 | GenLR: 9.91e-04 EstLR: 8.60e-04 | 624.6s
  | Step 4000/150000 | Gen: -0.1492 (MSE: 0.1461, Sep: -0.2954) | Est: 4.0798 (NCE: 4.0640, GP: 0.0157) | Acc: 0.240 | GenLR: 9.84e-04 EstLR: 8.18e-04 | 831.5s
  | Step 5000/150000 | Gen: -0.1597 (MSE: 0.1359, Sep: -0.2956) | Est: 4.0709 (NCE: 4.0554, GP: 0.0154) | Acc: 0.154 | GenLR: 9.76e-04 EstLR: 7.78e-04 | 1038.4s
  | Step 6000/150000 | Gen: -0.1617 (MSE: 0.1339, Sep: -0.2956) | Est: 4.0605 (NCE: 4.0407, GP: 0.0198) | Acc: 0.596 | GenLR: 9.65e-04 EstLR: 7.40e-04 | 1245.3s
  | Step 7000/150000 | Gen: -0.1662 (MSE: 0.1293, Sep: -0.2955) | Est: 4.0698 (NCE: 4.0533, GP: 0.0165) | Acc: 0.525 | GenLR: 9.52e-04 EstLR: 7.04e-04 | 1452.4s
  | Step 8000/150000 | Gen: -0.1628 (MSE: 0.1328, Sep: -0.2955) | Est: 4.0442 (NCE: 4.0270, GP: 0.0173) | Acc: 0.363 | GenLR: 9.38e-04 EstLR: 6.70e-04 | 1659.2s
  | Step 9000/150000 | Gen: -0.1691 (MSE: 0.1265, Sep: -0.2956) | Est: 4.0600 (NCE: 4.0420, GP: 0.0180) | Acc: 0.334 | GenLR: 9.22e-04 EstLR: 6.37e-04 | 1866.1s
  | Step 10000/150000 | Gen: -0.1727 (MSE: 0.1227, Sep: -0.2954) | Est: 4.0521 (NCE: 4.0333, GP: 0.0188) | Acc: 0.695 | GenLR: 9.05e-04 EstLR: 6.06e-04 | 2072.9s
  | Step 11000/150000 | Gen: -0.1614 (MSE: 0.1341, Sep: -0.2955) | Est: 4.0503 (NCE: 4.0317, GP: 0.0186) | Acc: 0.484 | GenLR: 8.85e-04 EstLR: 5.76e-04 | 2279.7s
  | Step 12000/150000 | Gen: -0.1711 (MSE: 0.1246, Sep: -0.2956) | Est: 4.0406 (NCE: 4.0210, GP: 0.0197) | Acc: 0.566 | GenLR: 8.65e-04 EstLR: 5.48e-04 | 2486.4s
  | Step 13000/150000 | Gen: -0.1845 (MSE: 0.1107, Sep: -0.2953) | Est: 4.0470 (NCE: 4.0280, GP: 0.0190) | Acc: 0.750 | GenLR: 8.42e-04 EstLR: 5.21e-04 | 2693.4s
  | Step 14000/150000 | Gen: -0.1787 (MSE: 0.1164, Sep: -0.2950) | Est: 4.0454 (NCE: 4.0278, GP: 0.0176) | Acc: 0.805 | GenLR: 8.19e-04 EstLR: 4.96e-04 | 2900.1s
  | Step 15000/150000 | Gen: -0.1902 (MSE: 0.1046, Sep: -0.2948) | Est: 4.0421 (NCE: 4.0238, GP: 0.0183) | Acc: 0.816 | GenLR: 7.94e-04 EstLR: 4.71e-04 | 3106.8s
  | Step 16000/150000 | Gen: -0.1845 (MSE: 0.1103, Sep: -0.2949) | Est: 4.0341 (NCE: 4.0169, GP: 0.0171) | Acc: 0.891 | GenLR: 7.68e-04 EstLR: 4.48e-04 | 3313.5s
  | Step 17000/150000 | Gen: -0.1871 (MSE: 0.1076, Sep: -0.2946) | Est: 4.0439 (NCE: 4.0264, GP: 0.0174) | Acc: 0.730 | GenLR: 7.41e-04 EstLR: 4.27e-04 | 3520.2s
  | Step 18000/150000 | Gen: -0.1862 (MSE: 0.1085, Sep: -0.2947) | Est: 4.0296 (NCE: 4.0122, GP: 0.0174) | Acc: 0.738 | GenLR: 7.13e-04 EstLR: 4.06e-04 | 3726.9s
  | Step 19000/150000 | Gen: -0.1916 (MSE: 0.1030, Sep: -0.2946) | Est: 4.0407 (NCE: 4.0222, GP: 0.0185) | Acc: 0.699 | GenLR: 6.84e-04 EstLR: 3.86e-04 | 3933.8s
  | Step 20000/150000 | Gen: -0.1960 (MSE: 0.0986, Sep: -0.2947) | Est: 4.0275 (NCE: 4.0098, GP: 0.0177) | Acc: 0.939 | GenLR: 6.55e-04 EstLR: 3.67e-04 | 4140.5s
  | Step 21000/150000 | Gen: -0.1932 (MSE: 0.1016, Sep: -0.2947) | Est: 4.0221 (NCE: 4.0047, GP: 0.0174) | Acc: 0.930 | GenLR: 6.25e-04 EstLR: 3.49e-04 | 4347.2s
  | Step 22000/150000 | Gen: -0.1997 (MSE: 0.0951, Sep: -0.2948) | Est: 4.0344 (NCE: 4.0164, GP: 0.0181) | Acc: 0.826 | GenLR: 5.94e-04 EstLR: 3.32e-04 | 4553.8s
  | Step 23000/150000 | Gen: -0.1973 (MSE: 0.0975, Sep: -0.2948) | Est: 4.0292 (NCE: 4.0122, GP: 0.0170) | Acc: 0.842 | GenLR: 5.63e-04 EstLR: 3.16e-04 | 4760.5s
  | Step 24000/150000 | Gen: -0.2029 (MSE: 0.0920, Sep: -0.2949) | Est: 4.0319 (NCE: 4.0150, GP: 0.0169) | Acc: 0.906 | GenLR: 5.32e-04 EstLR: 3.00e-04 | 4967.3s
  | Step 25000/150000 | Gen: -0.1959 (MSE: 0.0989, Sep: -0.2948) | Est: 4.0346 (NCE: 4.0192, GP: 0.0154) | Acc: 0.771 | GenLR: 5.01e-04 EstLR: 2.86e-04 | 5174.0s
  | Step 26000/150000 | Gen: -0.2034 (MSE: 0.0914, Sep: -0.2948) | Est: 4.0449 (NCE: 4.0284, GP: 0.0165) | Acc: 0.895 | GenLR: 4.69e-04 EstLR: 2.72e-04 | 5380.6s
  | Step 27000/150000 | Gen: -0.2041 (MSE: 0.0908, Sep: -0.2949) | Est: 4.0307 (NCE: 4.0142, GP: 0.0165) | Acc: 0.963 | GenLR: 4.38e-04 EstLR: 2.58e-04 | 5587.3s
  | Step 28000/150000 | Gen: -0.2051 (MSE: 0.0898, Sep: -0.2949) | Est: 4.0366 (NCE: 4.0214, GP: 0.0152) | Acc: 0.797 | GenLR: 4.07e-04 EstLR: 2.46e-04 | 5793.9s
  | Step 29000/150000 | Gen: -0.2070 (MSE: 0.0879, Sep: -0.2949) | Est: 4.0306 (NCE: 4.0150, GP: 0.0156) | Acc: 0.844 | GenLR: 3.76e-04 EstLR: 2.34e-04 | 6000.6s
  | Step 30000/150000 | Gen: -0.2078 (MSE: 0.0872, Sep: -0.2950) | Est: 4.0361 (NCE: 4.0200, GP: 0.0161) | Acc: 0.922 | GenLR: 3.46e-04 EstLR: 2.22e-04 | 6207.4s
  | Step 31000/150000 | Gen: -0.2099 (MSE: 0.0852, Sep: -0.2951) | Est: 4.0386 (NCE: 4.0222, GP: 0.0164) | Acc: 0.877 | GenLR: 3.17e-04 EstLR: 2.11e-04 | 6414.1s
  | Step 32000/150000 | Gen: -0.2099 (MSE: 0.0851, Sep: -0.2950) | Est: 4.0403 (NCE: 4.0240, GP: 0.0163) | Acc: 0.887 | GenLR: 2.88e-04 EstLR: 2.01e-04 | 6620.7s
  | Step 33000/150000 | Gen: -0.2083 (MSE: 0.0867, Sep: -0.2950) | Est: 4.0326 (NCE: 4.0169, GP: 0.0157) | Acc: 0.814 | GenLR: 2.60e-04 EstLR: 1.91e-04 | 6827.3s
  | Step 34000/150000 | Gen: -0.2117 (MSE: 0.0834, Sep: -0.2950) | Est: 4.0357 (NCE: 4.0200, GP: 0.0157) | Acc: 0.936 | GenLR: 2.33e-04 EstLR: 1.82e-04 | 7034.0s
  | Step 35000/150000 | Gen: -0.2165 (MSE: 0.0785, Sep: -0.2951) | Est: 4.0303 (NCE: 4.0154, GP: 0.0149) | Acc: 0.926 | GenLR: 2.07e-04 EstLR: 1.73e-04 | 7240.6s
  | Step 36000/150000 | Gen: -0.2166 (MSE: 0.0785, Sep: -0.2951) | Est: 4.0318 (NCE: 4.0165, GP: 0.0153) | Acc: 0.938 | GenLR: 1.82e-04 EstLR: 1.65e-04 | 7447.5s
  | Step 37000/150000 | Gen: -0.2160 (MSE: 0.0790, Sep: -0.2950) | Est: 4.0378 (NCE: 4.0222, GP: 0.0156) | Acc: 0.922 | GenLR: 1.59e-04 EstLR: 1.57e-04 | 7654.2s
  | Step 38000/150000 | Gen: -0.2190 (MSE: 0.0760, Sep: -0.2950) | Est: 4.0379 (NCE: 4.0226, GP: 0.0153) | Acc: 0.926 | GenLR: 1.36e-04 EstLR: 1.49e-04 | 7860.8s
  | Step 39000/150000 | Gen: -0.2153 (MSE: 0.0797, Sep: -0.2950) | Est: 4.0477 (NCE: 4.0320, GP: 0.0156) | Acc: 0.932 | GenLR: 1.16e-04 EstLR: 1.42e-04 | 8067.5s
  | Step 40000/150000 | Gen: -0.2180 (MSE: 0.0770, Sep: -0.2951) | Est: 4.0385 (NCE: 4.0237, GP: 0.0148) | Acc: 0.965 | GenLR: 9.64e-05 EstLR: 1.35e-04 | 8274.1s
  | Step 41000/150000 | Gen: -0.2179 (MSE: 0.0772, Sep: -0.2951) | Est: 4.0347 (NCE: 4.0197, GP: 0.0151) | Acc: 0.936 | GenLR: 7.88e-05 EstLR: 1.28e-04 | 8480.8s
  | Step 42000/150000 | Gen: -0.2188 (MSE: 0.0763, Sep: -0.2951) | Est: 4.0316 (NCE: 4.0170, GP: 0.0146) | Acc: 0.941 | GenLR: 6.28e-05 EstLR: 1.22e-04 | 8687.7s
  | Step 43000/150000 | Gen: -0.2183 (MSE: 0.0768, Sep: -0.2951) | Est: 4.0352 (NCE: 4.0200, GP: 0.0152) | Acc: 0.939 | GenLR: 4.85e-05 EstLR: 1.16e-04 | 8894.3s
  | Step 44000/150000 | Gen: -0.2204 (MSE: 0.0747, Sep: -0.2951) | Est: 4.0337 (NCE: 4.0189, GP: 0.0148) | Acc: 0.951 | GenLR: 3.61e-05 EstLR: 1.10e-04 | 9100.9s
  | Step 45000/150000 | Gen: -0.2204 (MSE: 0.0747, Sep: -0.2951) | Est: 4.0408 (NCE: 4.0247, GP: 0.0162) | Acc: 0.969 | GenLR: 2.54e-05 EstLR: 1.05e-04 | 9307.5s
  | Step 46000/150000 | Gen: -0.2202 (MSE: 0.0750, Sep: -0.2952) | Est: 4.0360 (NCE: 4.0203, GP: 0.0156) | Acc: 0.963 | GenLR: 1.67e-05 EstLR: 9.97e-05 | 9514.2s
  | Step 47000/150000 | Gen: -0.2198 (MSE: 0.0754, Sep: -0.2951) | Est: 4.0341 (NCE: 4.0187, GP: 0.0153) | Acc: 0.938 | GenLR: 9.85e-06 EstLR: 9.48e-05 | 9721.1s
  | Step 48000/150000 | Gen: -0.2217 (MSE: 0.0734, Sep: -0.2951) | Est: 4.0382 (NCE: 4.0231, GP: 0.0151) | Acc: 0.957 | GenLR: 4.94e-06 EstLR: 9.02e-05 | 9927.7s
  | Step 49000/150000 | Gen: -0.2206 (MSE: 0.0745, Sep: -0.2950) | Est: 4.0355 (NCE: 4.0201, GP: 0.0154) | Acc: 0.959 | GenLR: 1.99e-06 EstLR: 8.58e-05 | 10134.3s
  | Step 50000/150000 | Gen: -0.2201 (MSE: 0.0749, Sep: -0.2951) | Est: 4.0316 (NCE: 4.0169, GP: 0.0146) | Acc: 0.977 | GenLR: 1.00e-03 EstLR: 8.16e-05 | 10341.0s
  | Step 51000/150000 | Gen: -0.1909 (MSE: 0.1087, Sep: -0.2996) | Est: 4.0309 (NCE: 4.0163, GP: 0.0146) | Acc: 0.953 | GenLR: 9.99e-04 EstLR: 7.76e-05 | 10547.6s
  | Step 52000/150000 | Gen: -0.1900 (MSE: 0.1095, Sep: -0.2996) | Est: 4.0311 (NCE: 4.0168, GP: 0.0143) | Acc: 0.961 | GenLR: 9.96e-04 EstLR: 7.38e-05 | 10754.2s
  | Step 53000/150000 | Gen: -0.1930 (MSE: 0.1065, Sep: -0.2996) | Est: 4.0378 (NCE: 4.0233, GP: 0.0145) | Acc: 0.947 | GenLR: 9.91e-04 EstLR: 7.02e-05 | 10961.1s
  | Step 54000/150000 | Gen: -0.1919 (MSE: 0.1077, Sep: -0.2996) | Est: 4.0300 (NCE: 4.0155, GP: 0.0145) | Acc: 0.947 | GenLR: 9.84e-04 EstLR: 6.68e-05 | 11167.7s
  | Step 55000/150000 | Gen: -0.2092 (MSE: 0.0904, Sep: -0.2996) | Est: 4.0338 (NCE: 4.0192, GP: 0.0146) | Acc: 0.971 | GenLR: 9.76e-04 EstLR: 6.35e-05 | 11374.3s
  | Step 56000/150000 | Gen: -0.2037 (MSE: 0.0959, Sep: -0.2996) | Est: 4.0298 (NCE: 4.0150, GP: 0.0147) | Acc: 0.955 | GenLR: 9.65e-04 EstLR: 6.04e-05 | 11581.0s
  | Step 57000/150000 | Gen: -0.1889 (MSE: 0.1107, Sep: -0.2996) | Est: 4.0271 (NCE: 4.0126, GP: 0.0145) | Acc: 0.957 | GenLR: 9.52e-04 EstLR: 5.74e-05 | 11787.6s
  | Step 58000/150000 | Gen: -0.2013 (MSE: 0.0982, Sep: -0.2996) | Est: 4.0261 (NCE: 4.0116, GP: 0.0145) | Acc: 0.943 | GenLR: 9.38e-04 EstLR: 5.46e-05 | 11994.2s
  | Step 59000/150000 | Gen: -0.1961 (MSE: 0.1035, Sep: -0.2996) | Est: 4.0271 (NCE: 4.0127, GP: 0.0144) | Acc: 0.957 | GenLR: 9.22e-04 EstLR: 5.20e-05 | 12201.1s
  | Step 60000/150000 | Gen: -0.2069 (MSE: 0.0927, Sep: -0.2996) | Est: 4.0344 (NCE: 4.0196, GP: 0.0148) | Acc: 0.963 | GenLR: 9.05e-04 EstLR: 4.94e-05 | 12407.7s
  | Step 61000/150000 | Gen: -0.2155 (MSE: 0.0841, Sep: -0.2996) | Est: 4.0300 (NCE: 4.0154, GP: 0.0145) | Acc: 0.973 | GenLR: 8.85e-04 EstLR: 4.70e-05 | 12614.4s
  | Step 62000/150000 | Gen: -0.2206 (MSE: 0.0790, Sep: -0.2996) | Est: 4.0325 (NCE: 4.0180, GP: 0.0146) | Acc: 0.961 | GenLR: 8.65e-04 EstLR: 4.47e-05 | 12821.0s
  | Step 63000/150000 | Gen: -0.2217 (MSE: 0.0778, Sep: -0.2996) | Est: 4.0360 (NCE: 4.0224, GP: 0.0136) | Acc: 0.963 | GenLR: 8.42e-04 EstLR: 4.25e-05 | 13027.6s
  | Step 64000/150000 | Gen: -0.2230 (MSE: 0.0766, Sep: -0.2996) | Est: 4.0296 (NCE: 4.0153, GP: 0.0143) | Acc: 0.967 | GenLR: 8.19e-04 EstLR: 4.04e-05 | 13234.2s
  | Step 65000/150000 | Gen: -0.2198 (MSE: 0.0798, Sep: -0.2996) | Est: 4.0290 (NCE: 4.0143, GP: 0.0146) | Acc: 0.965 | GenLR: 7.94e-04 EstLR: 3.85e-05 | 13441.1s
  | Step 66000/150000 | Gen: -0.2293 (MSE: 0.0703, Sep: -0.2996) | Est: 4.0317 (NCE: 4.0170, GP: 0.0146) | Acc: 0.963 | GenLR: 7.68e-04 EstLR: 3.66e-05 | 13647.7s
  | Step 67000/150000 | Gen: -0.2212 (MSE: 0.0784, Sep: -0.2996) | Est: 4.0330 (NCE: 4.0188, GP: 0.0142) | Acc: 0.963 | GenLR: 7.41e-04 EstLR: 3.48e-05 | 13854.4s
  | Step 68000/150000 | Gen: -0.2173 (MSE: 0.0823, Sep: -0.2996) | Est: 4.0305 (NCE: 4.0161, GP: 0.0144) | Acc: 0.959 | GenLR: 7.13e-04 EstLR: 3.31e-05 | 14061.0s
  | Step 69000/150000 | Gen: -0.2114 (MSE: 0.0882, Sep: -0.2996) | Est: 4.0368 (NCE: 4.0229, GP: 0.0139) | Acc: 0.955 | GenLR: 6.84e-04 EstLR: 3.15e-05 | 14267.6s
  | Step 70000/150000 | Gen: -0.2330 (MSE: 0.0665, Sep: -0.2996) | Est: 4.0286 (NCE: 4.0135, GP: 0.0151) | Acc: 0.965 | GenLR: 6.55e-04 EstLR: 2.99e-05 | 14474.2s
  | Step 71000/150000 | Gen: -0.2316 (MSE: 0.0680, Sep: -0.2996) | Est: 4.0392 (NCE: 4.0250, GP: 0.0142) | Acc: 0.938 | GenLR: 6.25e-04 EstLR: 2.85e-05 | 14681.1s
  | Step 72000/150000 | Gen: -0.2381 (MSE: 0.0614, Sep: -0.2996) | Est: 4.0305 (NCE: 4.0159, GP: 0.0145) | Acc: 0.959 | GenLR: 5.94e-04 EstLR: 2.71e-05 | 14887.7s
  | Step 73000/150000 | Gen: -0.2448 (MSE: 0.0548, Sep: -0.2996) | Est: 4.0269 (NCE: 4.0130, GP: 0.0139) | Acc: 0.957 | GenLR: 5.63e-04 EstLR: 2.58e-05 | 15094.4s
  | Step 74000/150000 | Gen: -0.2417 (MSE: 0.0579, Sep: -0.2996) | Est: 4.0290 (NCE: 4.0145, GP: 0.0145) | Acc: 0.955 | GenLR: 5.32e-04 EstLR: 2.45e-05 | 15301.0s
  | Step 75000/150000 | Gen: -0.2442 (MSE: 0.0553, Sep: -0.2996) | Est: 4.0309 (NCE: 4.0164, GP: 0.0146) | Acc: 0.957 | GenLR: 5.01e-04 EstLR: 2.33e-05 | 15507.7s
  | Step 76000/150000 | Gen: -0.2502 (MSE: 0.0493, Sep: -0.2996) | Est: 4.0318 (NCE: 4.0176, GP: 0.0142) | Acc: 0.961 | GenLR: 4.69e-04 EstLR: 2.22e-05 | 15714.5s
  | Step 77000/150000 | Gen: -0.2521 (MSE: 0.0475, Sep: -0.2996) | Est: 4.0331 (NCE: 4.0186, GP: 0.0145) | Acc: 0.953 | GenLR: 4.38e-04 EstLR: 2.11e-05 | 15921.1s
  | Step 78000/150000 | Gen: -0.2520 (MSE: 0.0476, Sep: -0.2996) | Est: 4.0306 (NCE: 4.0174, GP: 0.0132) | Acc: 0.963 | GenLR: 4.07e-04 EstLR: 2.00e-05 | 16127.8s
  | Step 79000/150000 | Gen: -0.2585 (MSE: 0.0411, Sep: -0.2996) | Est: 4.0296 (NCE: 4.0148, GP: 0.0148) | Acc: 0.971 | GenLR: 3.76e-04 EstLR: 1.91e-05 | 16334.4s
  | Step 80000/150000 | Gen: -0.2544 (MSE: 0.0452, Sep: -0.2996) | Est: 4.0325 (NCE: 4.0185, GP: 0.0140) | Acc: 0.949 | GenLR: 3.46e-04 EstLR: 1.81e-05 | 16541.0s
  | Step 81000/150000 | Gen: -0.2590 (MSE: 0.0405, Sep: -0.2996) | Est: 4.0282 (NCE: 4.0141, GP: 0.0141) | Acc: 0.965 | GenLR: 3.17e-04 EstLR: 1.72e-05 | 16747.6s
  | Step 82000/150000 | Gen: -0.2588 (MSE: 0.0408, Sep: -0.2996) | Est: 4.0300 (NCE: 4.0155, GP: 0.0144) | Acc: 0.963 | GenLR: 2.88e-04 EstLR: 1.64e-05 | 16954.5s
  | Step 83000/150000 | Gen: -0.2571 (MSE: 0.0424, Sep: -0.2996) | Est: 4.0265 (NCE: 4.0120, GP: 0.0145) | Acc: 0.973 | GenLR: 2.60e-04 EstLR: 1.56e-05 | 17161.1s
  | Step 84000/150000 | Gen: -0.2618 (MSE: 0.0377, Sep: -0.2996) | Est: 4.0307 (NCE: 4.0162, GP: 0.0144) | Acc: 0.953 | GenLR: 2.33e-04 EstLR: 1.48e-05 | 17367.8s
  | Step 85000/150000 | Gen: -0.2638 (MSE: 0.0358, Sep: -0.2996) | Est: 4.0267 (NCE: 4.0124, GP: 0.0142) | Acc: 0.953 | GenLR: 2.07e-04 EstLR: 1.41e-05 | 17574.4s
  | Step 86000/150000 | Gen: -0.2661 (MSE: 0.0335, Sep: -0.2996) | Est: 4.0322 (NCE: 4.0183, GP: 0.0140) | Acc: 0.949 | GenLR: 1.82e-04 EstLR: 1.34e-05 | 17781.1s
  | Step 87000/150000 | Gen: -0.2645 (MSE: 0.0351, Sep: -0.2996) | Est: 4.0324 (NCE: 4.0182, GP: 0.0142) | Acc: 0.951 | GenLR: 1.59e-04 EstLR: 1.28e-05 | 17987.7s
  | Step 88000/150000 | Gen: -0.2660 (MSE: 0.0335, Sep: -0.2996) | Est: 4.0319 (NCE: 4.0182, GP: 0.0137) | Acc: 0.967 | GenLR: 1.36e-04 EstLR: 1.21e-05 | 18194.6s
  | Step 89000/150000 | Gen: -0.2683 (MSE: 0.0312, Sep: -0.2996) | Est: 4.0310 (NCE: 4.0172, GP: 0.0138) | Acc: 0.930 | GenLR: 1.16e-04 EstLR: 1.15e-05 | 18401.2s
  | Step 90000/150000 | Gen: -0.2683 (MSE: 0.0313, Sep: -0.2996) | Est: 4.0335 (NCE: 4.0195, GP: 0.0140) | Acc: 0.955 | GenLR: 9.64e-05 EstLR: 1.10e-05 | 18607.9s
  | Step 91000/150000 | Gen: -0.2679 (MSE: 0.0317, Sep: -0.2996) | Est: 4.0275 (NCE: 4.0131, GP: 0.0144) | Acc: 0.957 | GenLR: 7.88e-05 EstLR: 1.04e-05 | 18814.5s
  | Step 92000/150000 | Gen: -0.2685 (MSE: 0.0310, Sep: -0.2996) | Est: 4.0318 (NCE: 4.0172, GP: 0.0146) | Acc: 0.965 | GenLR: 6.28e-05 EstLR: 9.94e-06 | 19021.2s
  | Step 93000/150000 | Gen: -0.2714 (MSE: 0.0282, Sep: -0.2996) | Est: 4.0292 (NCE: 4.0147, GP: 0.0145) | Acc: 0.957 | GenLR: 4.85e-05 EstLR: 9.45e-06 | 19227.8s
  | Step 94000/150000 | Gen: -0.2691 (MSE: 0.0305, Sep: -0.2996) | Est: 4.0310 (NCE: 4.0169, GP: 0.0141) | Acc: 0.951 | GenLR: 3.61e-05 EstLR: 8.99e-06 | 19434.7s
  | Step 95000/150000 | Gen: -0.2713 (MSE: 0.0283, Sep: -0.2996) | Est: 4.0278 (NCE: 4.0134, GP: 0.0144) | Acc: 0.943 | GenLR: 2.54e-05 EstLR: 8.55e-06 | 19641.3s
  | Step 96000/150000 | Gen: -0.2711 (MSE: 0.0284, Sep: -0.2996) | Est: 4.0293 (NCE: 4.0156, GP: 0.0138) | Acc: 0.967 | GenLR: 1.67e-05 EstLR: 8.13e-06 | 19848.0s
  | Step 97000/150000 | Gen: -0.2724 (MSE: 0.0272, Sep: -0.2996) | Est: 4.0340 (NCE: 4.0197, GP: 0.0143) | Acc: 0.953 | GenLR: 9.85e-06 EstLR: 7.73e-06 | 20054.6s
  | Step 98000/150000 | Gen: -0.2739 (MSE: 0.0257, Sep: -0.2996) | Est: 4.0265 (NCE: 4.0119, GP: 0.0147) | Acc: 0.977 | GenLR: 4.94e-06 EstLR: 7.36e-06 | 20261.2s
  | Step 99000/150000 | Gen: -0.2721 (MSE: 0.0275, Sep: -0.2996) | Est: 4.0289 (NCE: 4.0146, GP: 0.0143) | Acc: 0.951 | GenLR: 1.99e-06 EstLR: 7.00e-06 | 20467.8s
  | Step 100000/150000 | Gen: -0.2722 (MSE: 0.0273, Sep: -0.2996) | Est: 4.0322 (NCE: 4.0181, GP: 0.0141) | Acc: 0.949 | GenLR: 1.00e-03 EstLR: 6.65e-06 | 20674.7s
  | Step 101000/150000 | Gen: -0.2320 (MSE: 0.0675, Sep: -0.2996) | Est: 4.0367 (NCE: 4.0222, GP: 0.0145) | Acc: 0.955 | GenLR: 9.99e-04 EstLR: 6.33e-06 | 20881.4s
  | Step 102000/150000 | Gen: -0.2194 (MSE: 0.0802, Sep: -0.2996) | Est: 4.0250 (NCE: 4.0110, GP: 0.0140) | Acc: 0.973 | GenLR: 9.96e-04 EstLR: 6.02e-06 | 21088.0s
  | Step 103000/150000 | Gen: -0.2371 (MSE: 0.0625, Sep: -0.2996) | Est: 4.0343 (NCE: 4.0203, GP: 0.0140) | Acc: 0.945 | GenLR: 9.91e-04 EstLR: 5.72e-06 | 21294.6s
  | Step 104000/150000 | Gen: -0.2379 (MSE: 0.0617, Sep: -0.2996) | Est: 4.0317 (NCE: 4.0171, GP: 0.0146) | Acc: 0.951 | GenLR: 9.84e-04 EstLR: 5.45e-06 | 21501.2s
  | Step 105000/150000 | Gen: -0.2543 (MSE: 0.0453, Sep: -0.2996) | Est: 4.0321 (NCE: 4.0182, GP: 0.0139) | Acc: 0.953 | GenLR: 9.76e-04 EstLR: 5.18e-06 | 21708.0s
  | Step 106000/150000 | Gen: -0.2602 (MSE: 0.0394, Sep: -0.2996) | Est: 4.0333 (NCE: 4.0190, GP: 0.0144) | Acc: 0.953 | GenLR: 9.65e-04 EstLR: 4.93e-06 | 21914.6s
  | Step 107000/150000 | Gen: -0.2648 (MSE: 0.0348, Sep: -0.2996) | Est: 4.0327 (NCE: 4.0189, GP: 0.0138) | Acc: 0.963 | GenLR: 9.52e-04 EstLR: 4.68e-06 | 22121.2s
  | Step 108000/150000 | Gen: -0.2578 (MSE: 0.0417, Sep: -0.2996) | Est: 4.0336 (NCE: 4.0195, GP: 0.0141) | Acc: 0.963 | GenLR: 9.38e-04 EstLR: 4.46e-06 | 22327.8s
  | Step 109000/150000 | Gen: -0.2482 (MSE: 0.0514, Sep: -0.2996) | Est: 4.0309 (NCE: 4.0168, GP: 0.0141) | Acc: 0.959 | GenLR: 9.22e-04 EstLR: 4.24e-06 | 22534.4s
  | Step 110000/150000 | Gen: -0.2722 (MSE: 0.0274, Sep: -0.2996) | Est: 4.0301 (NCE: 4.0162, GP: 0.0139) | Acc: 0.955 | GenLR: 9.05e-04 EstLR: 4.03e-06 | 22741.0s
  | Step 111000/150000 | Gen: -0.2744 (MSE: 0.0252, Sep: -0.2996) | Est: 4.0371 (NCE: 4.0230, GP: 0.0141) | Acc: 0.959 | GenLR: 8.85e-04 EstLR: 3.83e-06 | 22947.8s
  | Step 112000/150000 | Gen: -0.2702 (MSE: 0.0294, Sep: -0.2996) | Est: 4.0365 (NCE: 4.0229, GP: 0.0136) | Acc: 0.957 | GenLR: 8.65e-04 EstLR: 3.65e-06 | 23154.4s
  | Step 113000/150000 | Gen: -0.2784 (MSE: 0.0211, Sep: -0.2996) | Est: 4.0344 (NCE: 4.0205, GP: 0.0139) | Acc: 0.973 | GenLR: 8.42e-04 EstLR: 3.47e-06 | 23361.0s
  | Step 114000/150000 | Gen: -0.2760 (MSE: 0.0235, Sep: -0.2996) | Est: 4.0366 (NCE: 4.0227, GP: 0.0139) | Acc: 0.967 | GenLR: 8.19e-04 EstLR: 3.30e-06 | 23567.6s
  | Step 115000/150000 | Gen: -0.2188 (MSE: 0.0808, Sep: -0.2996) | Est: 4.0255 (NCE: 4.0119, GP: 0.0136) | Acc: 0.969 | GenLR: 7.94e-04 EstLR: 3.14e-06 | 23774.2s
  | Step 116000/150000 | Gen: -0.2811 (MSE: 0.0185, Sep: -0.2996) | Est: 4.0365 (NCE: 4.0220, GP: 0.0145) | Acc: 0.951 | GenLR: 7.68e-04 EstLR: 2.98e-06 | 23980.8s
  | Step 117000/150000 | Gen: -0.2813 (MSE: 0.0183, Sep: -0.2996) | Est: 4.0385 (NCE: 4.0245, GP: 0.0141) | Acc: 0.963 | GenLR: 7.41e-04 EstLR: 2.84e-06 | 24187.5s
  | Step 118000/150000 | Gen: -0.2220 (MSE: 0.0775, Sep: -0.2996) | Est: 4.0264 (NCE: 4.0119, GP: 0.0145) | Acc: 0.959 | GenLR: 7.13e-04 EstLR: 2.70e-06 | 24394.1s
  | Step 119000/150000 | Gen: -0.2834 (MSE: 0.0162, Sep: -0.2996) | Est: 4.0286 (NCE: 4.0149, GP: 0.0137) | Acc: 0.947 | GenLR: 6.84e-04 EstLR: 2.57e-06 | 24600.7s
  | Step 120000/150000 | Gen: -0.2822 (MSE: 0.0174, Sep: -0.2996) | Est: 4.0247 (NCE: 4.0108, GP: 0.0139) | Acc: 0.959 | GenLR: 6.55e-04 EstLR: 2.44e-06 | 24807.3s
  | Step 121000/150000 | Gen: -0.2818 (MSE: 0.0178, Sep: -0.2996) | Est: 4.0362 (NCE: 4.0224, GP: 0.0139) | Acc: 0.955 | GenLR: 6.25e-04 EstLR: 2.32e-06 | 25013.9s
  | Step 122000/150000 | Gen: -0.2844 (MSE: 0.0151, Sep: -0.2996) | Est: 4.0360 (NCE: 4.0221, GP: 0.0139) | Acc: 0.961 | GenLR: 5.94e-04 EstLR: 2.21e-06 | 25220.5s
  | Step 123000/150000 | Gen: -0.2844 (MSE: 0.0151, Sep: -0.2996) | Est: 4.0347 (NCE: 4.0208, GP: 0.0139) | Acc: 0.957 | GenLR: 5.63e-04 EstLR: 2.10e-06 | 25427.3s
  | Step 124000/150000 | Gen: -0.2876 (MSE: 0.0119, Sep: -0.2996) | Est: 4.0353 (NCE: 4.0214, GP: 0.0139) | Acc: 0.945 | GenLR: 5.32e-04 EstLR: 2.00e-06 | 25633.9s
  | Step 125000/150000 | Gen: -0.2887 (MSE: 0.0108, Sep: -0.2996) | Est: 4.0384 (NCE: 4.0245, GP: 0.0139) | Acc: 0.947 | GenLR: 5.01e-04 EstLR: 1.90e-06 | 25840.5s
  | Step 126000/150000 | Gen: -0.2891 (MSE: 0.0104, Sep: -0.2996) | Est: 4.0325 (NCE: 4.0191, GP: 0.0134) | Acc: 0.955 | GenLR: 4.69e-04 EstLR: 1.81e-06 | 26047.1s
  | Step 127000/150000 | Gen: -0.2859 (MSE: 0.0137, Sep: -0.2996) | Est: 4.0351 (NCE: 4.0208, GP: 0.0143) | Acc: 0.963 | GenLR: 4.38e-04 EstLR: 1.72e-06 | 26253.7s
  | Step 128000/150000 | Gen: -0.2896 (MSE: 0.0100, Sep: -0.2996) | Est: 4.0336 (NCE: 4.0195, GP: 0.0141) | Acc: 0.967 | GenLR: 4.07e-04 EstLR: 1.64e-06 | 26460.2s
  | Step 129000/150000 | Gen: -0.2888 (MSE: 0.0108, Sep: -0.2996) | Est: 4.0334 (NCE: 4.0201, GP: 0.0133) | Acc: 0.961 | GenLR: 3.76e-04 EstLR: 1.56e-06 | 26667.0s
  | Step 130000/150000 | Gen: -0.2899 (MSE: 0.0097, Sep: -0.2996) | Est: 4.0297 (NCE: 4.0157, GP: 0.0140) | Acc: 0.973 | GenLR: 3.46e-04 EstLR: 1.48e-06 | 26873.6s
  | Step 131000/150000 | Gen: -0.2892 (MSE: 0.0103, Sep: -0.2996) | Est: 4.0335 (NCE: 4.0192, GP: 0.0143) | Acc: 0.967 | GenLR: 3.17e-04 EstLR: 1.41e-06 | 27080.2s
  | Step 132000/150000 | Gen: -0.2914 (MSE: 0.0081, Sep: -0.2996) | Est: 4.0341 (NCE: 4.0201, GP: 0.0140) | Acc: 0.965 | GenLR: 2.88e-04 EstLR: 1.34e-06 | 27286.8s
  | Step 133000/150000 | Gen: -0.2912 (MSE: 0.0084, Sep: -0.2996) | Est: 4.0296 (NCE: 4.0147, GP: 0.0150) | Acc: 0.975 | GenLR: 2.60e-04 EstLR: 1.27e-06 | 27493.3s
  | Step 134000/150000 | Gen: -0.2921 (MSE: 0.0075, Sep: -0.2996) | Est: 4.0317 (NCE: 4.0176, GP: 0.0141) | Acc: 0.965 | GenLR: 2.33e-04 EstLR: 1.21e-06 | 27700.1s
  | Step 135000/150000 | Gen: -0.2917 (MSE: 0.0079, Sep: -0.2996) | Est: 4.0362 (NCE: 4.0219, GP: 0.0143) | Acc: 0.973 | GenLR: 2.07e-04 EstLR: 1.15e-06 | 27906.7s
  | Step 136000/150000 | Gen: -0.2923 (MSE: 0.0073, Sep: -0.2996) | Est: 4.0318 (NCE: 4.0184, GP: 0.0134) | Acc: 0.955 | GenLR: 1.82e-04 EstLR: 1.09e-06 | 28113.3s
  | Step 137000/150000 | Gen: -0.2924 (MSE: 0.0072, Sep: -0.2996) | Est: 4.0294 (NCE: 4.0159, GP: 0.0136) | Acc: 0.947 | GenLR: 1.59e-04 EstLR: 1.04e-06 | 28319.9s
  | Step 138000/150000 | Gen: -0.2929 (MSE: 0.0067, Sep: -0.2996) | Est: 4.0357 (NCE: 4.0220, GP: 0.0137) | Acc: 0.945 | GenLR: 1.36e-04 EstLR: 9.90e-07 | 28526.5s
  | Step 139000/150000 | Gen: -0.2923 (MSE: 0.0073, Sep: -0.2996) | Est: 4.0314 (NCE: 4.0172, GP: 0.0142) | Acc: 0.953 | GenLR: 1.16e-04 EstLR: 9.42e-07 | 28733.1s
  | Step 140000/150000 | Gen: -0.2930 (MSE: 0.0065, Sep: -0.2996) | Est: 4.0384 (NCE: 4.0244, GP: 0.0140) | Acc: 0.945 | GenLR: 9.64e-05 EstLR: 8.96e-07 | 28939.9s
  | Step 141000/150000 | Gen: -0.2937 (MSE: 0.0059, Sep: -0.2996) | Est: 4.0393 (NCE: 4.0262, GP: 0.0131) | Acc: 0.945 | GenLR: 7.88e-05 EstLR: 8.52e-07 | 29146.5s
  | Step 142000/150000 | Gen: -0.2932 (MSE: 0.0064, Sep: -0.2996) | Est: 4.0304 (NCE: 4.0168, GP: 0.0136) | Acc: 0.957 | GenLR: 6.28e-05 EstLR: 8.11e-07 | 29353.1s
  | Step 143000/150000 | Gen: -0.2934 (MSE: 0.0061, Sep: -0.2996) | Est: 4.0341 (NCE: 4.0206, GP: 0.0135) | Acc: 0.967 | GenLR: 4.85e-05 EstLR: 7.71e-07 | 29559.7s
  | Step 144000/150000 | Gen: -0.2930 (MSE: 0.0065, Sep: -0.2996) | Est: 4.0353 (NCE: 4.0217, GP: 0.0136) | Acc: 0.965 | GenLR: 3.61e-05 EstLR: 7.33e-07 | 29766.3s
  | Step 145000/150000 | Gen: -0.2930 (MSE: 0.0065, Sep: -0.2996) | Est: 4.0373 (NCE: 4.0234, GP: 0.0139) | Acc: 0.953 | GenLR: 2.54e-05 EstLR: 6.97e-07 | 29972.9s
  | Step 146000/150000 | Gen: -0.2936 (MSE: 0.0060, Sep: -0.2996) | Est: 4.0375 (NCE: 4.0239, GP: 0.0136) | Acc: 0.967 | GenLR: 1.67e-05 EstLR: 6.63e-07 | 30179.6s
  | Step 147000/150000 | Gen: -0.2937 (MSE: 0.0059, Sep: -0.2996) | Est: 4.0393 (NCE: 4.0257, GP: 0.0135) | Acc: 0.961 | GenLR: 9.85e-06 EstLR: 6.31e-07 | 30386.3s
  | Step 148000/150000 | Gen: -0.2931 (MSE: 0.0065, Sep: -0.2996) | Est: 4.0357 (NCE: 4.0221, GP: 0.0136) | Acc: 0.949 | GenLR: 4.94e-06 EstLR: 6.00e-07 | 30593.0s
  | Step 149000/150000 | Gen: -0.2936 (MSE: 0.0060, Sep: -0.2996) | Est: 4.0366 (NCE: 4.0224, GP: 0.0142) | Acc: 0.957 | GenLR: 1.99e-06 EstLR: 5.71e-07 | 30799.6s
  | Step 150000/150000 | Gen: -0.2939 (MSE: 0.0057, Sep: -0.2996) | Est: 4.0312 (NCE: 4.0167, GP: 0.0144) | Acc: 0.955 | GenLR: 1.00e-03 EstLR: 5.43e-07 | 31006.3s
  | 
  | Training completed in 31006.3s (516.77 min)
  | Models saved to /home1/halbertb/Q3CIBC/checkpoints/hpsearch/trial_015/

  Training completed in 31051s
  Evaluating...

  Result: success_rate=86.00%, avg_reward=0.880
