==========================================
SLURM_JOB_ID = 8158548
SLURM_JOB_NODELIST = d13-10
TMPDIR = /tmp/SLURM_8158548
==========================================
Detected tunable params in combinedv2_cpascounter_training.py:
  - control_points  (search space: [20, 30, 50, 75, 100])
  - learning_rate  (search space: [0.0001, 0.0003, 0.0005, 0.001, 0.002, 0.005])
  - batch_size  (search space: [128, 256, 512])
  - counter_examples  (search space: [8, 16, 32, 64])
  - top_k_control_points  (search space: [10, 20, 50, 70])
  - separation_weight  (search space: [0.01, 0.05, 0.1, 0.2])
  - mse_weight  (search space: [1.0, 3.0, 5.0, 10.0])
  - info_nce_weight  (search space: [0.5, 1.0, 2.0])
  - generator_infonce_weight  (search space: [0.01, 0.05, 0.1, 0.2])
  - training_steps  (search space: [50000, 100000, 200000])
  - separation_loss  (search space: ['separation', 'entropy'])
  - entropy_bandwidth  (search space: [0.05, 0.1, 0.2])
  - num_hidden_layers  (search space: [2, 4, 8])
  - num_neurons  (search space: [128, 256, 512])
  - estimator_learning_rate  (search space: [0.0001, 0.0003, 0.0005, 0.001])
  - scheduler_type  (search space: ['cosine', 'cosine_warm_restarts'])
  - cosine_t0  (search space: [25000, 50000, 100000])
  - infonce_logit_clamp  (search space: [10.0, 20.0, 30.0, 50.0])
  - use_spectral_norm  (search space: [True, False])
  - cosine_t_max  (search space: [100000, 150000, 200000])

Baseline (current config):
  control_points = 50
  learning_rate = 0.001
  batch_size = 256
  counter_examples = 0
  top_k_control_points = 30
  separation_weight = 0.05
  mse_weight = 50.0
  info_nce_weight = 1.0
  generator_infonce_weight = 0.05
  training_steps = 150000
  separation_loss = separation
  entropy_bandwidth = 0.1
  num_hidden_layers = 2
  num_neurons = 256
  scheduler_type = cosine
  infonce_logit_clamp = 20.0


================================================================================
TRIAL 51 — combinedv2_cpascounter_training.py
================================================================================
Parameters:
{
  "control_points": 30,
  "learning_rate": 0.001,
  "batch_size": 512,
  "counter_examples": 0,
  "top_k_control_points": 30,
  "separation_weight": 0.1,
  "mse_weight": 20.0,
  "info_nce_weight": 1.0,
  "generator_infonce_weight": 0.05,
  "training_steps": 200000,
  "separation_loss": "entropy",
  "entropy_bandwidth": 0.1,
  "num_hidden_layers": 4,
  "num_neurons": 256,
  "scheduler_type": "cosine",
  "infonce_logit_clamp": 20.0
}

  Training (200000 steps)...
  | Using device: cuda
  | Active environment: particle
  | Training steps: 200000
  | Batch size: 512
  | Learning rate (generator): 0.001
  | Learning rate (estimator): 0.001
  | Scheduler: cosine
  | InfoNCE logit clamp: 20.0
  | Spectral norm (estimator): False
  | Top-k control points as counter examples: 30
  | Langevin counter examples (from counter_examples): 0
  | Frame stack: 2
  | Loading particle dataset...
  | 2026-04-18 11:29:50.130913: I tensorflow/core/platform/cpu_feature_guard.cc:210] This TensorFlow binary is optimized to use available CPU instructions in performance-critical operations.
  | To enable the following instructions: AVX2 AVX512F FMA, in other operations, rebuild TensorFlow with the appropriate compiler flags.
  | WARNING: All log messages before absl::InitializeLog() is called are written to STDERR
  | I0000 00:00:1776536997.806263 2398998 gpu_device.cc:2020] Created device /job:localhost/replica:0/task:0/device:GPU:0 with 31134 MB memory:  -> device: 0, name: Tesla V100-PCIE-32GB, pci bus id: 0000:d8:00.0, compute capability: 7.0
  | 2026-04-18 11:29:58.107323: I tensorflow/core/kernels/data/tf_record_dataset_op.cc:390] TFRecordDataset `buffer_size` is unspecified, default to 262144
  | 2026-04-18 11:29:59.270299: I tensorflow/core/framework/local_rendezvous.cc:407] Local rendezvous is aborting with status: OUT_OF_RANGE: End of sequence
  | 2026-04-18 11:30:00.434442: I tensorflow/core/framework/local_rendezvous.cc:407] Local rendezvous is aborting with status: OUT_OF_RANGE: End of sequence
  | 2026-04-18 11:30:02.730953: I tensorflow/core/framework/local_rendezvous.cc:407] Local rendezvous is aborting with status: OUT_OF_RANGE: End of sequence
  | 2026-04-18 11:30:07.330577: I tensorflow/core/framework/local_rendezvous.cc:407] Local rendezvous is aborting with status: OUT_OF_RANGE: End of sequence
  | Dataset size: 102000
  | Particle dataset episodes: 2000 | Avg samples/episode: 51.00
  | Step 1000/200000 | Total: 1.2987 (MSE: 0.9219, Sep: -0.3226, EST: 0.7363, GEN_INF_ONCE(-): 0.7363, Acc: 0.768) | LR: 1.00e-03 | 16.8s
  | Step 2000/200000 | Total: 0.4041 (MSE: 0.6309, Sep: -0.3218, EST: 0.1000, GEN_INF_ONCE(-): 0.1000, Acc: 0.964) | LR: 1.00e-03 | 32.0s
  | Step 3000/200000 | Total: 0.4022 (MSE: 0.3929, Sep: -0.3164, EST: 0.3428, GEN_INF_ONCE(-): 0.3428, Acc: 0.938) | LR: 9.99e-04 | 47.1s
  | Step 4000/200000 | Total: 0.0751 (MSE: 0.2572, Sep: -0.3118, EST: 0.1366, GEN_INF_ONCE(-): 0.1366, Acc: 0.964) | LR: 9.99e-04 | 62.3s
  | Step 5000/200000 | Total: 0.0446 (MSE: 0.1663, Sep: -0.3159, EST: 0.2045, GEN_INF_ONCE(-): 0.2045, Acc: 0.902) | LR: 9.98e-04 | 77.4s
  | Step 6000/200000 | Total: 0.2555 (MSE: 0.1556, Sep: -0.3141, EST: 0.4357, GEN_INF_ONCE(-): 0.4357, Acc: 0.830) | LR: 9.98e-04 | 92.6s
  | Step 7000/200000 | Total: 0.0707 (MSE: 0.1465, Sep: -0.3159, EST: 0.2527, GEN_INF_ONCE(-): 0.2527, Acc: 0.920) | LR: 9.97e-04 | 108.1s
  | Step 8000/200000 | Total: 0.0299 (MSE: 0.1390, Sep: -0.3159, EST: 0.2177, GEN_INF_ONCE(-): 0.2177, Acc: 0.920) | LR: 9.96e-04 | 123.3s
  | Step 9000/200000 | Total: 0.2036 (MSE: 0.1843, Sep: -0.3221, EST: 0.3594, GEN_INF_ONCE(-): 0.3594, Acc: 0.884) | LR: 9.95e-04 | 138.4s
  | Step 10000/200000 | Total: 0.5204 (MSE: 0.1208, Sep: -0.3256, EST: 0.7633, GEN_INF_ONCE(-): 0.7633, Acc: 0.705) | LR: 9.94e-04 | 153.6s
  | Step 11000/200000 | Total: 0.7674 (MSE: 0.1077, Sep: -0.3286, EST: 1.0403, GEN_INF_ONCE(-): 1.0403, Acc: 0.679) | LR: 9.93e-04 | 168.7s
  | Step 12000/200000 | Total: 0.0260 (MSE: 0.1112, Sep: -0.3293, EST: 0.2569, GEN_INF_ONCE(-): 0.2569, Acc: 0.902) | LR: 9.91e-04 | 183.9s
  | Step 13000/200000 | Total: 0.4471 (MSE: 0.0968, Sep: -0.3310, EST: 0.7173, GEN_INF_ONCE(-): 0.7173, Acc: 0.705) | LR: 9.90e-04 | 199.3s
  | Step 14000/200000 | Total: 2.9966 (MSE: 0.0713, Sep: -0.3370, EST: 3.4340, GEN_INF_ONCE(-): 3.4340, Acc: 0.009) | LR: 9.88e-04 | 214.5s
  | Step 15000/200000 | Total: 2.9859 (MSE: 0.0602, Sep: -0.3366, EST: 3.4340, GEN_INF_ONCE(-): 3.4340, Acc: 0.009) | LR: 9.86e-04 | 229.6s
  | Step 16000/200000 | Total: 2.9822 (MSE: 0.0561, Sep: -0.3362, EST: 3.4340, GEN_INF_ONCE(-): 3.4340, Acc: 0.018) | LR: 9.84e-04 | 244.7s
  | Step 17000/200000 | Total: 2.9721 (MSE: 0.0481, Sep: -0.3383, EST: 3.4340, GEN_INF_ONCE(-): 3.4340, Acc: 0.036) | LR: 9.82e-04 | 259.8s
  | Step 18000/200000 | Total: 2.9906 (MSE: 0.0668, Sep: -0.3384, EST: 3.4340, GEN_INF_ONCE(-): 3.4340, Acc: 0.036) | LR: 9.80e-04 | 275.0s
  | Step 19000/200000 | Total: 2.9796 (MSE: 0.0555, Sep: -0.3382, EST: 3.4340, GEN_INF_ONCE(-): 3.4340, Acc: 0.027) | LR: 9.78e-04 | 290.4s
  | Step 20000/200000 | Total: 2.9626 (MSE: 0.0382, Sep: -0.3379, EST: 3.4340, GEN_INF_ONCE(-): 3.4340, Acc: 0.054) | LR: 9.76e-04 | 305.5s
  | Step 21000/200000 | Total: 3.0028 (MSE: 0.0786, Sep: -0.3381, EST: 3.4340, GEN_INF_ONCE(-): 3.4340, Acc: 0.062) | LR: 9.73e-04 | 320.6s
  | Step 22000/200000 | Total: 2.9617 (MSE: 0.0394, Sep: -0.3400, EST: 3.4340, GEN_INF_ONCE(-): 3.4340, Acc: 0.027) | LR: 9.70e-04 | 335.8s
  | Step 23000/200000 | Total: 2.9598 (MSE: 0.0376, Sep: -0.3401, EST: 3.4340, GEN_INF_ONCE(-): 3.4340, Acc: 0.036) | LR: 9.68e-04 | 350.9s
  | Step 24000/200000 | Total: 2.9620 (MSE: 0.0398, Sep: -0.3401, EST: 3.4340, GEN_INF_ONCE(-): 3.4340, Acc: 0.009) | LR: 9.65e-04 | 366.0s
  | Step 25000/200000 | Total: 2.9718 (MSE: 0.0496, Sep: -0.3401, EST: 3.4340, GEN_INF_ONCE(-): 3.4340, Acc: 0.152) | LR: 9.62e-04 | 381.4s
  | Step 26000/200000 | Total: 2.9765 (MSE: 0.0544, Sep: -0.3401, EST: 3.4340, GEN_INF_ONCE(-): 3.4340, Acc: 0.071) | LR: 9.59e-04 | 396.6s
  | Step 27000/200000 | Total: 2.9801 (MSE: 0.0579, Sep: -0.3401, EST: 3.4340, GEN_INF_ONCE(-): 3.4340, Acc: 0.027) | LR: 9.56e-04 | 411.7s
  | Step 28000/200000 | Total: 2.9573 (MSE: 0.0351, Sep: -0.3401, EST: 3.4340, GEN_INF_ONCE(-): 3.4340, Acc: 0.045) | LR: 9.52e-04 | 426.9s
  | Step 29000/200000 | Total: 2.9454 (MSE: 0.0233, Sep: -0.3401, EST: 3.4340, GEN_INF_ONCE(-): 3.4340, Acc: 0.027) | LR: 9.49e-04 | 442.1s
  | Step 30000/200000 | Total: 2.9418 (MSE: 0.0197, Sep: -0.3401, EST: 3.4340, GEN_INF_ONCE(-): 3.4340, Acc: 0.027) | LR: 9.46e-04 | 457.2s
  | Step 31000/200000 | Total: 2.9514 (MSE: 0.0293, Sep: -0.3401, EST: 3.4340, GEN_INF_ONCE(-): 3.4340, Acc: 0.036) | LR: 9.42e-04 | 472.8s
  | Step 32000/200000 | Total: 2.9692 (MSE: 0.0471, Sep: -0.3401, EST: 3.4340, GEN_INF_ONCE(-): 3.4340, Acc: 0.027) | LR: 9.38e-04 | 487.9s
  | Step 33000/200000 | Total: 2.9609 (MSE: 0.0387, Sep: -0.3401, EST: 3.4340, GEN_INF_ONCE(-): 3.4340, Acc: 0.027) | LR: 9.34e-04 | 503.1s
  | Step 34000/200000 | Total: 2.9476 (MSE: 0.0255, Sep: -0.3401, EST: 3.4340, GEN_INF_ONCE(-): 3.4340, Acc: 0.054) | LR: 9.30e-04 | 518.2s
  | Step 35000/200000 | Total: 2.9425 (MSE: 0.0203, Sep: -0.3401, EST: 3.4340, GEN_INF_ONCE(-): 3.4340, Acc: 0.080) | LR: 9.26e-04 | 533.4s
  | Step 36000/200000 | Total: 2.9409 (MSE: 0.0187, Sep: -0.3401, EST: 3.4340, GEN_INF_ONCE(-): 3.4340, Acc: 0.018) | LR: 9.22e-04 | 548.6s
  | Step 37000/200000 | Total: 2.9449 (MSE: 0.0227, Sep: -0.3401, EST: 3.4340, GEN_INF_ONCE(-): 3.4340, Acc: 0.009) | LR: 9.18e-04 | 564.0s
  | Step 38000/200000 | Total: 2.9489 (MSE: 0.0267, Sep: -0.3401, EST: 3.4340, GEN_INF_ONCE(-): 3.4340, Acc: 0.071) | LR: 9.14e-04 | 579.2s
  | Step 39000/200000 | Total: 2.9419 (MSE: 0.0198, Sep: -0.3401, EST: 3.4340, GEN_INF_ONCE(-): 3.4340, Acc: 0.018) | LR: 9.09e-04 | 594.3s
  | Step 40000/200000 | Total: 2.9684 (MSE: 0.0462, Sep: -0.3401, EST: 3.4340, GEN_INF_ONCE(-): 3.4340, Acc: 0.036) | LR: 9.05e-04 | 609.5s
  | Step 41000/200000 | Total: 2.9424 (MSE: 0.0203, Sep: -0.3401, EST: 3.4340, GEN_INF_ONCE(-): 3.4340, Acc: 0.036) | LR: 9.00e-04 | 624.6s
  | Step 42000/200000 | Total: 2.9367 (MSE: 0.0145, Sep: -0.3401, EST: 3.4340, GEN_INF_ONCE(-): 3.4340, Acc: 0.009) | LR: 8.95e-04 | 639.7s
  | Step 43000/200000 | Total: 2.9360 (MSE: 0.0139, Sep: -0.3401, EST: 3.4340, GEN_INF_ONCE(-): 3.4340, Acc: 0.054) | LR: 8.90e-04 | 655.1s
  | Step 44000/200000 | Total: 2.9347 (MSE: 0.0126, Sep: -0.3401, EST: 3.4340, GEN_INF_ONCE(-): 3.4340, Acc: 0.027) | LR: 8.85e-04 | 670.3s
  | Step 45000/200000 | Total: 2.9738 (MSE: 0.0516, Sep: -0.3401, EST: 3.4340, GEN_INF_ONCE(-): 3.4340, Acc: 0.018) | LR: 8.80e-04 | 685.4s
  | Step 46000/200000 | Total: 2.9394 (MSE: 0.0172, Sep: -0.3401, EST: 3.4340, GEN_INF_ONCE(-): 3.4340, Acc: 0.000) | LR: 8.75e-04 | 700.6s
  | Step 47000/200000 | Total: 2.9410 (MSE: 0.0188, Sep: -0.3401, EST: 3.4340, GEN_INF_ONCE(-): 3.4340, Acc: 0.036) | LR: 8.70e-04 | 715.7s
  | Step 48000/200000 | Total: 2.9425 (MSE: 0.0203, Sep: -0.3401, EST: 3.4340, GEN_INF_ONCE(-): 3.4340, Acc: 0.018) | LR: 8.65e-04 | 730.8s
  | Step 49000/200000 | Total: 2.9363 (MSE: 0.0141, Sep: -0.3401, EST: 3.4340, GEN_INF_ONCE(-): 3.4340, Acc: 0.027) | LR: 8.59e-04 | 746.2s
  | Step 50000/200000 | Total: 2.9312 (MSE: 0.0091, Sep: -0.3401, EST: 3.4340, GEN_INF_ONCE(-): 3.4340, Acc: 0.045) | LR: 8.54e-04 | 761.3s
  | Step 51000/200000 | Total: 2.9407 (MSE: 0.0186, Sep: -0.3401, EST: 3.4340, GEN_INF_ONCE(-): 3.4340, Acc: 0.009) | LR: 8.48e-04 | 776.5s
  | Step 52000/200000 | Total: 2.9401 (MSE: 0.0180, Sep: -0.3401, EST: 3.4340, GEN_INF_ONCE(-): 3.4340, Acc: 0.036) | LR: 8.42e-04 | 791.6s
  | Step 53000/200000 | Total: 2.9502 (MSE: 0.0280, Sep: -0.3401, EST: 3.4340, GEN_INF_ONCE(-): 3.4340, Acc: 0.018) | LR: 8.37e-04 | 806.7s
  | Step 54000/200000 | Total: 2.9425 (MSE: 0.0204, Sep: -0.3401, EST: 3.4340, GEN_INF_ONCE(-): 3.4340, Acc: 0.036) | LR: 8.31e-04 | 821.9s
  | Step 55000/200000 | Total: 2.9341 (MSE: 0.0120, Sep: -0.3401, EST: 3.4340, GEN_INF_ONCE(-): 3.4340, Acc: 0.018) | LR: 8.25e-04 | 837.4s
  | Step 56000/200000 | Total: 2.9377 (MSE: 0.0155, Sep: -0.3401, EST: 3.4340, GEN_INF_ONCE(-): 3.4340, Acc: 0.018) | LR: 8.19e-04 | 852.6s
  | Step 57000/200000 | Total: 2.9329 (MSE: 0.0107, Sep: -0.3401, EST: 3.4340, GEN_INF_ONCE(-): 3.4340, Acc: 0.018) | LR: 8.13e-04 | 867.8s
  | Step 58000/200000 | Total: 2.9307 (MSE: 0.0085, Sep: -0.3401, EST: 3.4340, GEN_INF_ONCE(-): 3.4340, Acc: 0.027) | LR: 8.07e-04 | 882.9s
  | Step 59000/200000 | Total: 2.9379 (MSE: 0.0157, Sep: -0.3401, EST: 3.4340, GEN_INF_ONCE(-): 3.4340, Acc: 0.018) | LR: 8.00e-04 | 898.1s
  | Step 60000/200000 | Total: 2.9374 (MSE: 0.0152, Sep: -0.3401, EST: 3.4340, GEN_INF_ONCE(-): 3.4340, Acc: 0.036) | LR: 7.94e-04 | 913.3s
  | Step 61000/200000 | Total: 2.9311 (MSE: 0.0090, Sep: -0.3401, EST: 3.4340, GEN_INF_ONCE(-): 3.4340, Acc: 0.036) | LR: 7.88e-04 | 928.7s
  | Step 62000/200000 | Total: 2.9291 (MSE: 0.0069, Sep: -0.3401, EST: 3.4340, GEN_INF_ONCE(-): 3.4340, Acc: 0.089) | LR: 7.81e-04 | 943.9s
  | Step 63000/200000 | Total: 2.9301 (MSE: 0.0079, Sep: -0.3401, EST: 3.4340, GEN_INF_ONCE(-): 3.4340, Acc: 0.027) | LR: 7.75e-04 | 959.0s
  | Step 64000/200000 | Total: 2.9363 (MSE: 0.0141, Sep: -0.3401, EST: 3.4340, GEN_INF_ONCE(-): 3.4340, Acc: 0.045) | LR: 7.68e-04 | 974.1s
  | Step 65000/200000 | Total: 2.9358 (MSE: 0.0136, Sep: -0.3401, EST: 3.4340, GEN_INF_ONCE(-): 3.4340, Acc: 0.045) | LR: 7.61e-04 | 989.2s
  | Step 66000/200000 | Total: 2.9308 (MSE: 0.0086, Sep: -0.3401, EST: 3.4340, GEN_INF_ONCE(-): 3.4340, Acc: 0.045) | LR: 7.55e-04 | 1004.4s
  | Step 67000/200000 | Total: 2.9333 (MSE: 0.0111, Sep: -0.3401, EST: 3.4340, GEN_INF_ONCE(-): 3.4340, Acc: 0.009) | LR: 7.48e-04 | 1019.8s
  | Step 68000/200000 | Total: 2.9352 (MSE: 0.0130, Sep: -0.3401, EST: 3.4340, GEN_INF_ONCE(-): 3.4340, Acc: 0.062) | LR: 7.41e-04 | 1034.9s
  | Step 69000/200000 | Total: 2.9299 (MSE: 0.0077, Sep: -0.3401, EST: 3.4340, GEN_INF_ONCE(-): 3.4340, Acc: 0.000) | LR: 7.34e-04 | 1050.1s
  | Step 70000/200000 | Total: 2.9285 (MSE: 0.0064, Sep: -0.3401, EST: 3.4340, GEN_INF_ONCE(-): 3.4340, Acc: 0.018) | LR: 7.27e-04 | 1065.2s
  | Step 71000/200000 | Total: 2.9331 (MSE: 0.0109, Sep: -0.3401, EST: 3.4340, GEN_INF_ONCE(-): 3.4340, Acc: 0.027) | LR: 7.20e-04 | 1080.3s
  | Step 72000/200000 | Total: 2.9349 (MSE: 0.0127, Sep: -0.3401, EST: 3.4340, GEN_INF_ONCE(-): 3.4340, Acc: 0.018) | LR: 7.13e-04 | 1095.5s
  | Step 73000/200000 | Total: 2.9318 (MSE: 0.0096, Sep: -0.3401, EST: 3.4340, GEN_INF_ONCE(-): 3.4340, Acc: 0.045) | LR: 7.06e-04 | 1110.9s
  | Step 74000/200000 | Total: 2.9311 (MSE: 0.0089, Sep: -0.3401, EST: 3.4340, GEN_INF_ONCE(-): 3.4340, Acc: 0.027) | LR: 6.99e-04 | 1126.0s
  | Step 75000/200000 | Total: 2.9281 (MSE: 0.0059, Sep: -0.3401, EST: 3.4340, GEN_INF_ONCE(-): 3.4340, Acc: 0.036) | LR: 6.92e-04 | 1141.1s
  | Step 76000/200000 | Total: 2.9299 (MSE: 0.0077, Sep: -0.3401, EST: 3.4340, GEN_INF_ONCE(-): 3.4340, Acc: 0.027) | LR: 6.84e-04 | 1156.3s
  | Step 77000/200000 | Total: 2.9293 (MSE: 0.0072, Sep: -0.3401, EST: 3.4340, GEN_INF_ONCE(-): 3.4340, Acc: 0.018) | LR: 6.77e-04 | 1171.4s
  | Step 78000/200000 | Total: 2.9309 (MSE: 0.0087, Sep: -0.3401, EST: 3.4340, GEN_INF_ONCE(-): 3.4340, Acc: 0.009) | LR: 6.70e-04 | 1186.6s
  | Step 79000/200000 | Total: 2.9284 (MSE: 0.0062, Sep: -0.3401, EST: 3.4340, GEN_INF_ONCE(-): 3.4340, Acc: 0.009) | LR: 6.62e-04 | 1202.1s
  | Step 80000/200000 | Total: 2.9305 (MSE: 0.0083, Sep: -0.3401, EST: 3.4340, GEN_INF_ONCE(-): 3.4340, Acc: 0.000) | LR: 6.55e-04 | 1217.2s
  | Step 81000/200000 | Total: 2.9275 (MSE: 0.0053, Sep: -0.3401, EST: 3.4340, GEN_INF_ONCE(-): 3.4340, Acc: 0.009) | LR: 6.47e-04 | 1232.4s
  | Step 82000/200000 | Total: 2.9310 (MSE: 0.0088, Sep: -0.3401, EST: 3.4340, GEN_INF_ONCE(-): 3.4340, Acc: 0.018) | LR: 6.40e-04 | 1247.6s
  | Step 83000/200000 | Total: 2.9300 (MSE: 0.0078, Sep: -0.3401, EST: 3.4340, GEN_INF_ONCE(-): 3.4340, Acc: 0.027) | LR: 6.32e-04 | 1262.8s
  | Step 84000/200000 | Total: 2.9296 (MSE: 0.0075, Sep: -0.3401, EST: 3.4340, GEN_INF_ONCE(-): 3.4340, Acc: 0.054) | LR: 6.25e-04 | 1278.0s
  | Step 85000/200000 | Total: 2.9299 (MSE: 0.0077, Sep: -0.3401, EST: 3.4340, GEN_INF_ONCE(-): 3.4340, Acc: 0.036) | LR: 6.17e-04 | 1293.5s
  | Step 86000/200000 | Total: 2.9264 (MSE: 0.0042, Sep: -0.3401, EST: 3.4340, GEN_INF_ONCE(-): 3.4340, Acc: 0.000) | LR: 6.09e-04 | 1308.7s
  | Step 87000/200000 | Total: 2.9285 (MSE: 0.0063, Sep: -0.3401, EST: 3.4340, GEN_INF_ONCE(-): 3.4340, Acc: 0.045) | LR: 6.02e-04 | 1323.9s
  | Step 88000/200000 | Total: 2.9253 (MSE: 0.0032, Sep: -0.3401, EST: 3.4340, GEN_INF_ONCE(-): 3.4340, Acc: 0.009) | LR: 5.94e-04 | 1339.0s
  | Step 89000/200000 | Total: 2.9267 (MSE: 0.0045, Sep: -0.3401, EST: 3.4340, GEN_INF_ONCE(-): 3.4340, Acc: 0.054) | LR: 5.86e-04 | 1354.2s
  | Step 90000/200000 | Total: 2.9247 (MSE: 0.0026, Sep: -0.3401, EST: 3.4340, GEN_INF_ONCE(-): 3.4340, Acc: 0.027) | LR: 5.79e-04 | 1369.3s
  | Step 91000/200000 | Total: 2.9250 (MSE: 0.0028, Sep: -0.3401, EST: 3.4340, GEN_INF_ONCE(-): 3.4340, Acc: 0.018) | LR: 5.71e-04 | 1384.8s
  | Step 92000/200000 | Total: 2.9257 (MSE: 0.0036, Sep: -0.3401, EST: 3.4340, GEN_INF_ONCE(-): 3.4340, Acc: 0.018) | LR: 5.63e-04 | 1400.0s
  | Step 93000/200000 | Total: 2.9248 (MSE: 0.0026, Sep: -0.3401, EST: 3.4340, GEN_INF_ONCE(-): 3.4340, Acc: 0.027) | LR: 5.55e-04 | 1415.1s
  | Step 94000/200000 | Total: 2.9277 (MSE: 0.0056, Sep: -0.3401, EST: 3.4340, GEN_INF_ONCE(-): 3.4340, Acc: 0.036) | LR: 5.48e-04 | 1430.2s
  | Step 95000/200000 | Total: 2.9248 (MSE: 0.0027, Sep: -0.3401, EST: 3.4340, GEN_INF_ONCE(-): 3.4340, Acc: 0.036) | LR: 5.40e-04 | 1445.4s
  | Step 96000/200000 | Total: 2.9342 (MSE: 0.0121, Sep: -0.3401, EST: 3.4340, GEN_INF_ONCE(-): 3.4340, Acc: 0.009) | LR: 5.32e-04 | 1460.5s
  | Step 97000/200000 | Total: 2.9262 (MSE: 0.0041, Sep: -0.3401, EST: 3.4340, GEN_INF_ONCE(-): 3.4340, Acc: 0.027) | LR: 5.24e-04 | 1475.9s
  | Step 98000/200000 | Total: 2.9238 (MSE: 0.0016, Sep: -0.3401, EST: 3.4340, GEN_INF_ONCE(-): 3.4340, Acc: 0.045) | LR: 5.16e-04 | 1491.1s
  | Step 99000/200000 | Total: 2.9246 (MSE: 0.0024, Sep: -0.3401, EST: 3.4340, GEN_INF_ONCE(-): 3.4340, Acc: 0.027) | LR: 5.08e-04 | 1506.2s
  | Step 100000/200000 | Total: 2.9241 (MSE: 0.0019, Sep: -0.3401, EST: 3.4340, GEN_INF_ONCE(-): 3.4340, Acc: 0.009) | LR: 5.00e-04 | 1521.3s
  | Step 101000/200000 | Total: 2.9248 (MSE: 0.0026, Sep: -0.3401, EST: 3.4340, GEN_INF_ONCE(-): 3.4340, Acc: 0.027) | LR: 4.93e-04 | 1536.5s
  | Step 102000/200000 | Total: 2.9241 (MSE: 0.0019, Sep: -0.3401, EST: 3.4340, GEN_INF_ONCE(-): 3.4340, Acc: 0.027) | LR: 4.85e-04 | 1551.6s
  | Step 103000/200000 | Total: 2.9301 (MSE: 0.0079, Sep: -0.3401, EST: 3.4340, GEN_INF_ONCE(-): 3.4340, Acc: 0.000) | LR: 4.77e-04 | 1567.1s
  | Step 104000/200000 | Total: 2.9254 (MSE: 0.0032, Sep: -0.3401, EST: 3.4340, GEN_INF_ONCE(-): 3.4340, Acc: 0.009) | LR: 4.69e-04 | 1582.2s
  | Step 105000/200000 | Total: 2.9237 (MSE: 0.0015, Sep: -0.3401, EST: 3.4340, GEN_INF_ONCE(-): 3.4340, Acc: 0.018) | LR: 4.61e-04 | 1597.4s
  | Step 106000/200000 | Total: 2.9241 (MSE: 0.0019, Sep: -0.3401, EST: 3.4340, GEN_INF_ONCE(-): 3.4340, Acc: 0.036) | LR: 4.53e-04 | 1612.6s
  | Step 107000/200000 | Total: 2.9247 (MSE: 0.0025, Sep: -0.3401, EST: 3.4340, GEN_INF_ONCE(-): 3.4340, Acc: 0.000) | LR: 4.46e-04 | 1627.8s
  | Step 108000/200000 | Total: 2.9239 (MSE: 0.0017, Sep: -0.3401, EST: 3.4340, GEN_INF_ONCE(-): 3.4340, Acc: 0.000) | LR: 4.38e-04 | 1642.9s
  | Step 109000/200000 | Total: 2.9238 (MSE: 0.0016, Sep: -0.3401, EST: 3.4340, GEN_INF_ONCE(-): 3.4340, Acc: 0.000) | LR: 4.30e-04 | 1658.4s
  | Step 110000/200000 | Total: 2.9244 (MSE: 0.0022, Sep: -0.3401, EST: 3.4340, GEN_INF_ONCE(-): 3.4340, Acc: 0.000) | LR: 4.22e-04 | 1673.6s
  | Step 111000/200000 | Total: 2.9316 (MSE: 0.0094, Sep: -0.3401, EST: 3.4340, GEN_INF_ONCE(-): 3.4340, Acc: 0.000) | LR: 4.15e-04 | 1688.8s
  | Step 112000/200000 | Total: 2.9231 (MSE: 0.0009, Sep: -0.3401, EST: 3.4340, GEN_INF_ONCE(-): 3.4340, Acc: 0.000) | LR: 4.07e-04 | 1704.0s
  | Step 113000/200000 | Total: 2.9236 (MSE: 0.0014, Sep: -0.3401, EST: 3.4340, GEN_INF_ONCE(-): 3.4340, Acc: 0.000) | LR: 3.99e-04 | 1719.2s
  | Step 114000/200000 | Total: 2.9234 (MSE: 0.0012, Sep: -0.3401, EST: 3.4340, GEN_INF_ONCE(-): 3.4340, Acc: 0.000) | LR: 3.92e-04 | 1734.4s
  | Step 115000/200000 | Total: 2.9235 (MSE: 0.0013, Sep: -0.3401, EST: 3.4340, GEN_INF_ONCE(-): 3.4340, Acc: 0.000) | LR: 3.84e-04 | 1749.8s
  | Step 116000/200000 | Total: 2.9229 (MSE: 0.0008, Sep: -0.3401, EST: 3.4340, GEN_INF_ONCE(-): 3.4340, Acc: 0.000) | LR: 3.76e-04 | 1765.0s
  | Step 117000/200000 | Total: 2.9237 (MSE: 0.0016, Sep: -0.3401, EST: 3.4340, GEN_INF_ONCE(-): 3.4340, Acc: 0.000) | LR: 3.69e-04 | 1780.2s
  | Step 118000/200000 | Total: 2.9236 (MSE: 0.0014, Sep: -0.3401, EST: 3.4340, GEN_INF_ONCE(-): 3.4340, Acc: 0.000) | LR: 3.61e-04 | 1795.3s
  | Step 119000/200000 | Total: 2.9232 (MSE: 0.0010, Sep: -0.3401, EST: 3.4340, GEN_INF_ONCE(-): 3.4340, Acc: 0.000) | LR: 3.54e-04 | 1810.4s
  | Step 120000/200000 | Total: 2.9230 (MSE: 0.0009, Sep: -0.3401, EST: 3.4340, GEN_INF_ONCE(-): 3.4340, Acc: 0.000) | LR: 3.46e-04 | 1825.6s
  | Step 121000/200000 | Total: 2.9229 (MSE: 0.0007, Sep: -0.3401, EST: 3.4340, GEN_INF_ONCE(-): 3.4340, Acc: 0.000) | LR: 3.39e-04 | 1841.0s
  | Step 122000/200000 | Total: 2.9230 (MSE: 0.0008, Sep: -0.3401, EST: 3.4340, GEN_INF_ONCE(-): 3.4340, Acc: 0.000) | LR: 3.31e-04 | 1856.1s
  | Step 123000/200000 | Total: 2.9236 (MSE: 0.0014, Sep: -0.3401, EST: 3.4340, GEN_INF_ONCE(-): 3.4340, Acc: 0.000) | LR: 3.24e-04 | 1871.2s
  | Step 124000/200000 | Total: 2.9230 (MSE: 0.0009, Sep: -0.3401, EST: 3.4340, GEN_INF_ONCE(-): 3.4340, Acc: 0.000) | LR: 3.17e-04 | 1886.4s
  | Step 125000/200000 | Total: 2.9231 (MSE: 0.0009, Sep: -0.3401, EST: 3.4340, GEN_INF_ONCE(-): 3.4340, Acc: 0.000) | LR: 3.09e-04 | 1901.5s
  | Step 126000/200000 | Total: 2.9229 (MSE: 0.0007, Sep: -0.3401, EST: 3.4340, GEN_INF_ONCE(-): 3.4340, Acc: 0.000) | LR: 3.02e-04 | 1916.7s
  | Step 127000/200000 | Total: 2.9229 (MSE: 0.0007, Sep: -0.3401, EST: 3.4340, GEN_INF_ONCE(-): 3.4340, Acc: 0.000) | LR: 2.95e-04 | 1932.1s
  | Step 128000/200000 | Total: 2.9228 (MSE: 0.0007, Sep: -0.3401, EST: 3.4340, GEN_INF_ONCE(-): 3.4340, Acc: 0.000) | LR: 2.88e-04 | 1947.2s
  | Step 129000/200000 | Total: 2.9230 (MSE: 0.0009, Sep: -0.3401, EST: 3.4340, GEN_INF_ONCE(-): 3.4340, Acc: 0.000) | LR: 2.81e-04 | 1962.3s
  | Step 130000/200000 | Total: 2.9233 (MSE: 0.0011, Sep: -0.3401, EST: 3.4340, GEN_INF_ONCE(-): 3.4340, Acc: 0.000) | LR: 2.74e-04 | 1977.5s
  | Step 131000/200000 | Total: 2.9232 (MSE: 0.0010, Sep: -0.3401, EST: 3.4340, GEN_INF_ONCE(-): 3.4340, Acc: 0.000) | LR: 2.67e-04 | 1992.6s
  | Step 132000/200000 | Total: 2.9228 (MSE: 0.0006, Sep: -0.3401, EST: 3.4340, GEN_INF_ONCE(-): 3.4340, Acc: 0.000) | LR: 2.60e-04 | 2007.8s
  | Step 133000/200000 | Total: 2.9230 (MSE: 0.0008, Sep: -0.3401, EST: 3.4340, GEN_INF_ONCE(-): 3.4340, Acc: 0.000) | LR: 2.53e-04 | 2023.3s
  | Step 134000/200000 | Total: 2.9228 (MSE: 0.0007, Sep: -0.3401, EST: 3.4340, GEN_INF_ONCE(-): 3.4340, Acc: 0.000) | LR: 2.46e-04 | 2038.4s
  | Step 135000/200000 | Total: 2.9229 (MSE: 0.0008, Sep: -0.3401, EST: 3.4340, GEN_INF_ONCE(-): 3.4340, Acc: 0.000) | LR: 2.40e-04 | 2053.7s
  | Step 136000/200000 | Total: 2.9227 (MSE: 0.0006, Sep: -0.3401, EST: 3.4340, GEN_INF_ONCE(-): 3.4340, Acc: 0.000) | LR: 2.33e-04 | 2068.9s
  | Step 137000/200000 | Total: 2.9226 (MSE: 0.0005, Sep: -0.3401, EST: 3.4340, GEN_INF_ONCE(-): 3.4340, Acc: 0.000) | LR: 2.26e-04 | 2084.0s
  | Step 138000/200000 | Total: 2.9227 (MSE: 0.0005, Sep: -0.3401, EST: 3.4340, GEN_INF_ONCE(-): 3.4340, Acc: 0.000) | LR: 2.20e-04 | 2099.2s
  | Step 139000/200000 | Total: 2.9226 (MSE: 0.0005, Sep: -0.3401, EST: 3.4340, GEN_INF_ONCE(-): 3.4340, Acc: 0.000) | LR: 2.13e-04 | 2114.6s
  | Step 140000/200000 | Total: 2.9232 (MSE: 0.0010, Sep: -0.3401, EST: 3.4340, GEN_INF_ONCE(-): 3.4340, Acc: 0.000) | LR: 2.07e-04 | 2129.8s
  | Step 141000/200000 | Total: 2.9226 (MSE: 0.0004, Sep: -0.3401, EST: 3.4340, GEN_INF_ONCE(-): 3.4340, Acc: 0.000) | LR: 2.01e-04 | 2145.0s
  | Step 142000/200000 | Total: 2.9229 (MSE: 0.0007, Sep: -0.3401, EST: 3.4340, GEN_INF_ONCE(-): 3.4340, Acc: 0.000) | LR: 1.94e-04 | 2160.1s
  | Step 143000/200000 | Total: 2.9227 (MSE: 0.0005, Sep: -0.3401, EST: 3.4340, GEN_INF_ONCE(-): 3.4340, Acc: 0.000) | LR: 1.88e-04 | 2175.3s
  | Step 144000/200000 | Total: 2.9227 (MSE: 0.0005, Sep: -0.3401, EST: 3.4340, GEN_INF_ONCE(-): 3.4340, Acc: 0.000) | LR: 1.82e-04 | 2190.4s
  | Step 145000/200000 | Total: 2.9228 (MSE: 0.0006, Sep: -0.3401, EST: 3.4340, GEN_INF_ONCE(-): 3.4340, Acc: 0.000) | LR: 1.76e-04 | 2205.8s
  | Step 146000/200000 | Total: 2.9227 (MSE: 0.0005, Sep: -0.3401, EST: 3.4340, GEN_INF_ONCE(-): 3.4340, Acc: 0.000) | LR: 1.70e-04 | 2221.0s
  | Step 147000/200000 | Total: 2.9225 (MSE: 0.0004, Sep: -0.3401, EST: 3.4340, GEN_INF_ONCE(-): 3.4340, Acc: 0.000) | LR: 1.64e-04 | 2236.1s
  | Step 148000/200000 | Total: 2.9227 (MSE: 0.0006, Sep: -0.3401, EST: 3.4340, GEN_INF_ONCE(-): 3.4340, Acc: 0.000) | LR: 1.59e-04 | 2251.2s
  | Step 149000/200000 | Total: 2.9225 (MSE: 0.0004, Sep: -0.3401, EST: 3.4340, GEN_INF_ONCE(-): 3.4340, Acc: 0.000) | LR: 1.53e-04 | 2266.4s
  | Step 150000/200000 | Total: 2.9226 (MSE: 0.0005, Sep: -0.3401, EST: 3.4340, GEN_INF_ONCE(-): 3.4340, Acc: 0.000) | LR: 1.47e-04 | 2281.5s
  | Step 151000/200000 | Total: 2.9228 (MSE: 0.0006, Sep: -0.3401, EST: 3.4340, GEN_INF_ONCE(-): 3.4340, Acc: 0.000) | LR: 1.42e-04 | 2296.9s
  | Step 152000/200000 | Total: 2.9225 (MSE: 0.0004, Sep: -0.3401, EST: 3.4340, GEN_INF_ONCE(-): 3.4340, Acc: 0.000) | LR: 1.36e-04 | 2312.1s
  | Step 153000/200000 | Total: 2.9226 (MSE: 0.0004, Sep: -0.3401, EST: 3.4340, GEN_INF_ONCE(-): 3.4340, Acc: 0.000) | LR: 1.31e-04 | 2327.2s
  | Step 154000/200000 | Total: 2.9226 (MSE: 0.0004, Sep: -0.3401, EST: 3.4340, GEN_INF_ONCE(-): 3.4340, Acc: 0.000) | LR: 1.26e-04 | 2342.3s
  | Step 155000/200000 | Total: 2.9226 (MSE: 0.0005, Sep: -0.3401, EST: 3.4340, GEN_INF_ONCE(-): 3.4340, Acc: 0.000) | LR: 1.21e-04 | 2357.5s
  | Step 156000/200000 | Total: 2.9225 (MSE: 0.0003, Sep: -0.3401, EST: 3.4340, GEN_INF_ONCE(-): 3.4340, Acc: 0.000) | LR: 1.16e-04 | 2372.6s
  | Step 157000/200000 | Total: 2.9224 (MSE: 0.0003, Sep: -0.3401, EST: 3.4340, GEN_INF_ONCE(-): 3.4340, Acc: 0.000) | LR: 1.11e-04 | 2388.1s
  | Step 158000/200000 | Total: 2.9226 (MSE: 0.0004, Sep: -0.3401, EST: 3.4340, GEN_INF_ONCE(-): 3.4340, Acc: 0.000) | LR: 1.06e-04 | 2403.3s
  | Step 159000/200000 | Total: 2.9225 (MSE: 0.0003, Sep: -0.3401, EST: 3.4340, GEN_INF_ONCE(-): 3.4340, Acc: 0.000) | LR: 1.01e-04 | 2418.5s
  | Step 160000/200000 | Total: 2.9225 (MSE: 0.0003, Sep: -0.3401, EST: 3.4340, GEN_INF_ONCE(-): 3.4340, Acc: 0.000) | LR: 9.64e-05 | 2433.6s
  | Step 161000/200000 | Total: 2.9225 (MSE: 0.0003, Sep: -0.3401, EST: 3.4340, GEN_INF_ONCE(-): 3.4340, Acc: 0.000) | LR: 9.18e-05 | 2448.8s
  | Step 162000/200000 | Total: 2.9224 (MSE: 0.0003, Sep: -0.3401, EST: 3.4340, GEN_INF_ONCE(-): 3.4340, Acc: 0.000) | LR: 8.74e-05 | 2464.0s
  | Step 163000/200000 | Total: 2.9225 (MSE: 0.0003, Sep: -0.3401, EST: 3.4340, GEN_INF_ONCE(-): 3.4340, Acc: 0.000) | LR: 8.30e-05 | 2479.5s
  | Step 164000/200000 | Total: 2.9225 (MSE: 0.0003, Sep: -0.3401, EST: 3.4340, GEN_INF_ONCE(-): 3.4340, Acc: 0.000) | LR: 7.88e-05 | 2494.6s
  | Step 165000/200000 | Total: 2.9224 (MSE: 0.0003, Sep: -0.3401, EST: 3.4340, GEN_INF_ONCE(-): 3.4340, Acc: 0.000) | LR: 7.46e-05 | 2509.7s
  | Step 166000/200000 | Total: 2.9224 (MSE: 0.0003, Sep: -0.3401, EST: 3.4340, GEN_INF_ONCE(-): 3.4340, Acc: 0.000) | LR: 7.06e-05 | 2524.9s
  | Step 167000/200000 | Total: 2.9225 (MSE: 0.0003, Sep: -0.3401, EST: 3.4340, GEN_INF_ONCE(-): 3.4340, Acc: 0.000) | LR: 6.66e-05 | 2540.0s
  | Step 168000/200000 | Total: 2.9225 (MSE: 0.0003, Sep: -0.3401, EST: 3.4340, GEN_INF_ONCE(-): 3.4340, Acc: 0.000) | LR: 6.28e-05 | 2555.2s
  | Step 169000/200000 | Total: 2.9224 (MSE: 0.0002, Sep: -0.3401, EST: 3.4340, GEN_INF_ONCE(-): 3.4340, Acc: 0.000) | LR: 5.91e-05 | 2570.6s
  | Step 170000/200000 | Total: 2.9224 (MSE: 0.0003, Sep: -0.3401, EST: 3.4340, GEN_INF_ONCE(-): 3.4340, Acc: 0.000) | LR: 5.54e-05 | 2585.8s
  | Step 171000/200000 | Total: 2.9224 (MSE: 0.0002, Sep: -0.3401, EST: 3.4340, GEN_INF_ONCE(-): 3.4340, Acc: 0.000) | LR: 5.19e-05 | 2600.9s
  | Step 172000/200000 | Total: 2.9224 (MSE: 0.0002, Sep: -0.3401, EST: 3.4340, GEN_INF_ONCE(-): 3.4340, Acc: 0.000) | LR: 4.85e-05 | 2616.0s
  | Step 173000/200000 | Total: 2.9224 (MSE: 0.0002, Sep: -0.3401, EST: 3.4340, GEN_INF_ONCE(-): 3.4340, Acc: 0.000) | LR: 4.53e-05 | 2631.2s
  | Step 174000/200000 | Total: 2.9224 (MSE: 0.0002, Sep: -0.3401, EST: 3.4340, GEN_INF_ONCE(-): 3.4340, Acc: 0.000) | LR: 4.21e-05 | 2646.3s
  | Step 175000/200000 | Total: 2.9224 (MSE: 0.0002, Sep: -0.3401, EST: 3.4340, GEN_INF_ONCE(-): 3.4340, Acc: 0.000) | LR: 3.90e-05 | 2661.7s
  | Step 176000/200000 | Total: 2.9223 (MSE: 0.0002, Sep: -0.3401, EST: 3.4340, GEN_INF_ONCE(-): 3.4340, Acc: 0.000) | LR: 3.61e-05 | 2676.9s
  | Step 177000/200000 | Total: 2.9224 (MSE: 0.0003, Sep: -0.3401, EST: 3.4340, GEN_INF_ONCE(-): 3.4340, Acc: 0.000) | LR: 3.32e-05 | 2692.0s
  | Step 178000/200000 | Total: 2.9225 (MSE: 0.0003, Sep: -0.3401, EST: 3.4340, GEN_INF_ONCE(-): 3.4340, Acc: 0.000) | LR: 3.05e-05 | 2707.2s
  | Step 179000/200000 | Total: 2.9224 (MSE: 0.0002, Sep: -0.3401, EST: 3.4340, GEN_INF_ONCE(-): 3.4340, Acc: 0.000) | LR: 2.79e-05 | 2722.3s
  | Step 180000/200000 | Total: 2.9223 (MSE: 0.0001, Sep: -0.3401, EST: 3.4340, GEN_INF_ONCE(-): 3.4340, Acc: 0.000) | LR: 2.54e-05 | 2737.5s
  | Step 181000/200000 | Total: 2.9224 (MSE: 0.0002, Sep: -0.3401, EST: 3.4340, GEN_INF_ONCE(-): 3.4340, Acc: 0.000) | LR: 2.31e-05 | 2752.9s
  | Step 182000/200000 | Total: 2.9225 (MSE: 0.0003, Sep: -0.3401, EST: 3.4340, GEN_INF_ONCE(-): 3.4340, Acc: 0.000) | LR: 2.08e-05 | 2768.1s
  | Step 183000/200000 | Total: 2.9224 (MSE: 0.0002, Sep: -0.3401, EST: 3.4340, GEN_INF_ONCE(-): 3.4340, Acc: 0.000) | LR: 1.87e-05 | 2783.2s
  | Step 184000/200000 | Total: 2.9223 (MSE: 0.0002, Sep: -0.3401, EST: 3.4340, GEN_INF_ONCE(-): 3.4340, Acc: 0.000) | LR: 1.67e-05 | 2798.4s
  | Step 185000/200000 | Total: 2.9224 (MSE: 0.0003, Sep: -0.3401, EST: 3.4340, GEN_INF_ONCE(-): 3.4340, Acc: 0.000) | LR: 1.48e-05 | 2813.6s
  | Step 186000/200000 | Total: 2.9223 (MSE: 0.0002, Sep: -0.3401, EST: 3.4340, GEN_INF_ONCE(-): 3.4340, Acc: 0.000) | LR: 1.30e-05 | 2828.8s
  | Step 187000/200000 | Total: 2.9224 (MSE: 0.0002, Sep: -0.3401, EST: 3.4340, GEN_INF_ONCE(-): 3.4340, Acc: 0.000) | LR: 1.14e-05 | 2844.3s
  | Step 188000/200000 | Total: 2.9225 (MSE: 0.0003, Sep: -0.3401, EST: 3.4340, GEN_INF_ONCE(-): 3.4340, Acc: 0.000) | LR: 9.85e-06 | 2859.4s
  | Step 189000/200000 | Total: 2.9223 (MSE: 0.0002, Sep: -0.3401, EST: 3.4340, GEN_INF_ONCE(-): 3.4340, Acc: 0.000) | LR: 8.44e-06 | 2874.6s
  | Step 190000/200000 | Total: 2.9223 (MSE: 0.0001, Sep: -0.3401, EST: 3.4340, GEN_INF_ONCE(-): 3.4340, Acc: 0.000) | LR: 7.15e-06 | 2889.8s
  | Step 191000/200000 | Total: 2.9223 (MSE: 0.0001, Sep: -0.3401, EST: 3.4340, GEN_INF_ONCE(-): 3.4340, Acc: 0.000) | LR: 5.98e-06 | 2904.9s
  | Step 192000/200000 | Total: 2.9224 (MSE: 0.0002, Sep: -0.3401, EST: 3.4340, GEN_INF_ONCE(-): 3.4340, Acc: 0.000) | LR: 4.94e-06 | 2920.1s
  | Step 193000/200000 | Total: 2.9223 (MSE: 0.0002, Sep: -0.3401, EST: 3.4340, GEN_INF_ONCE(-): 3.4340, Acc: 0.000) | LR: 4.02e-06 | 2935.5s
  | Step 194000/200000 | Total: 2.9223 (MSE: 0.0002, Sep: -0.3401, EST: 3.4340, GEN_INF_ONCE(-): 3.4340, Acc: 0.000) | LR: 3.22e-06 | 2950.6s
  | Step 195000/200000 | Total: 2.9224 (MSE: 0.0002, Sep: -0.3401, EST: 3.4340, GEN_INF_ONCE(-): 3.4340, Acc: 0.000) | LR: 2.54e-06 | 2965.8s
  | Step 196000/200000 | Total: 2.9224 (MSE: 0.0002, Sep: -0.3401, EST: 3.4340, GEN_INF_ONCE(-): 3.4340, Acc: 0.000) | LR: 1.99e-06 | 2981.0s
  | Step 197000/200000 | Total: 2.9223 (MSE: 0.0001, Sep: -0.3401, EST: 3.4340, GEN_INF_ONCE(-): 3.4340, Acc: 0.000) | LR: 1.55e-06 | 2996.1s
  | Step 198000/200000 | Total: 2.9224 (MSE: 0.0002, Sep: -0.3401, EST: 3.4340, GEN_INF_ONCE(-): 3.4340, Acc: 0.000) | LR: 1.25e-06 | 3011.3s
  | Step 199000/200000 | Total: 2.9223 (MSE: 0.0001, Sep: -0.3401, EST: 3.4340, GEN_INF_ONCE(-): 3.4340, Acc: 0.000) | LR: 1.06e-06 | 3026.7s
  | Step 200000/200000 | Total: 2.9223 (MSE: 0.0002, Sep: -0.3401, EST: 3.4340, GEN_INF_ONCE(-): 3.4340, Acc: 0.000) | LR: 1.00e-06 | 3041.9s
  | 
  | Training completed in 3041.9s (50.70 min)
  | Models saved to /home1/halbertb/Q3CIBC/checkpoints/hpsearch/trial_051/

  Training completed in 3076s
  Evaluating...

  Result: success_rate=0.00%, avg_reward=0.000
