==========================================
SLURM_JOB_ID = 7975819
SLURM_JOB_NODELIST = b17-15
TMPDIR = /tmp/SLURM_7975819
==========================================
Detected tunable params in combinedv2_cpascounter_training.py:
  - control_points  (search space: [20, 30, 50, 75, 100])
  - learning_rate  (search space: [0.0001, 0.0003, 0.0005, 0.001, 0.002, 0.005])
  - batch_size  (search space: [128, 256, 512])
  - counter_examples  (search space: [8, 16, 32, 64])
  - top_k_control_points  (search space: [10, 20, 50, 70])
  - separation_weight  (search space: [0.01, 0.05, 0.1, 0.2])
  - mse_weight  (search space: [1.0, 3.0, 5.0, 10.0])
  - info_nce_weight  (search space: [0.5, 1.0, 2.0])
  - generator_infonce_weight  (search space: [0.01, 0.05, 0.1, 0.2])
  - training_steps  (search space: [50000, 100000, 200000])
  - separation_loss  (search space: ['separation', 'entropy'])
  - entropy_bandwidth  (search space: [0.05, 0.1, 0.2])
  - num_hidden_layers  (search space: [2, 4, 8])
  - num_neurons  (search space: [128, 256, 512])
  - estimator_learning_rate  (search space: [0.0001, 0.0003, 0.0005, 0.001])
  - scheduler_type  (search space: ['cosine', 'cosine_warm_restarts'])
  - cosine_t0  (search space: [25000, 50000, 100000])
  - infonce_logit_clamp  (search space: [10.0, 20.0, 30.0, 50.0])
  - use_spectral_norm  (search space: [True, False])
  - cosine_t_max  (search space: [100000, 150000, 200000])

Baseline (current config):
  control_points = 20
  learning_rate = 0.001
  batch_size = 512
  counter_examples = 8
  top_k_control_points = 15
  separation_weight = 0.1
  mse_weight = 20.0
  info_nce_weight = 1.0
  generator_infonce_weight = 0.05
  training_steps = 100000
  separation_loss = entropy
  entropy_bandwidth = 0.1
  num_hidden_layers = 2
  num_neurons = 256


================================================================================
TRIAL 42 — combinedv2_cpascounter_training.py
================================================================================
Parameters:
{
  "control_points": 30,
  "learning_rate": 0.001,
  "batch_size": 512,
  "counter_examples": 16,
  "top_k_control_points": 30,
  "separation_weight": 0.1,
  "mse_weight": 20.0,
  "info_nce_weight": 1.0,
  "generator_infonce_weight": 0.05,
  "training_steps": 200000,
  "separation_loss": "entropy",
  "entropy_bandwidth": 0.1,
  "num_hidden_layers": 2,
  "num_neurons": 256,
  "infonce_logit_clamp": 20.0
}

  Training (200000 steps)...
  | Using device: cuda
  | Active environment: particle
  | Training steps: 200000
  | Batch size: 512
  | Learning rate (generator): 0.001
  | Learning rate (estimator): 0.001
  | Scheduler: cosine
  | InfoNCE logit clamp: 20.0
  | Spectral norm (estimator): False
  | Top-k control points as counter examples: 30
  | Langevin counter examples (from counter_examples): 16
  | Frame stack: 2
  | Loading particle dataset...
  | 2026-04-15 13:18:18.336958: I tensorflow/core/util/port.cc:153] oneDNN custom operations are on. You may see slightly different numerical results due to floating-point round-off errors from different computation orders. To turn them off, set the environment variable `TF_ENABLE_ONEDNN_OPTS=0`.
  | 2026-04-15 13:18:20.607935: I tensorflow/core/platform/cpu_feature_guard.cc:210] This TensorFlow binary is optimized to use available CPU instructions in performance-critical operations.
  | To enable the following instructions: AVX2 AVX512F AVX512_VNNI AVX512_BF16 FMA, in other operations, rebuild TensorFlow with the appropriate compiler flags.
  | WARNING: All log messages before absl::InitializeLog() is called are written to STDERR
  | I0000 00:00:1776284307.822515 3874901 gpu_device.cc:2020] Created device /job:localhost/replica:0/task:0/device:GPU:0 with 43489 MB memory:  -> device: 0, name: NVIDIA L40S, pci bus id: 0000:01:00.0, compute capability: 8.9
  | 2026-04-15 13:18:28.036859: I tensorflow/core/kernels/data/tf_record_dataset_op.cc:390] TFRecordDataset `buffer_size` is unspecified, default to 262144
  | 2026-04-15 13:18:28.948074: I tensorflow/core/framework/local_rendezvous.cc:407] Local rendezvous is aborting with status: OUT_OF_RANGE: End of sequence
  | 2026-04-15 13:18:29.850182: I tensorflow/core/framework/local_rendezvous.cc:407] Local rendezvous is aborting with status: OUT_OF_RANGE: End of sequence
  | 2026-04-15 13:18:31.645353: I tensorflow/core/framework/local_rendezvous.cc:407] Local rendezvous is aborting with status: OUT_OF_RANGE: End of sequence
  | 2026-04-15 13:18:35.254937: I tensorflow/core/framework/local_rendezvous.cc:407] Local rendezvous is aborting with status: OUT_OF_RANGE: End of sequence
  | Dataset size: 102000
  | Particle dataset episodes: 2000 | Avg samples/episode: 51.00
  | Step 1000/200000 | Total: 0.9720 (MSE: 0.1693, Sep: -0.3282, EST: 1.1905, GEN_INF_ONCE(-): 1.1905, Acc: 0.830) | LR: 1.00e-03 | 48.0s
  | Step 2000/200000 | Total: 0.5728 (MSE: 0.1400, Sep: -0.3321, EST: 0.8051, GEN_INF_ONCE(-): 0.8051, Acc: 0.866) | LR: 1.00e-03 | 94.8s
  | Step 3000/200000 | Total: 0.1007 (MSE: 0.1636, Sep: -0.3373, EST: 0.2888, GEN_INF_ONCE(-): 0.2888, Acc: 0.929) | LR: 9.99e-04 | 141.5s
  | Step 4000/200000 | Total: 0.0953 (MSE: 0.1655, Sep: -0.3379, EST: 0.2818, GEN_INF_ONCE(-): 0.2818, Acc: 0.955) | LR: 9.99e-04 | 188.3s
  | Step 5000/200000 | Total: -0.0440 (MSE: 0.1398, Sep: -0.3381, EST: 0.1624, GEN_INF_ONCE(-): 0.1624, Acc: 0.964) | LR: 9.98e-04 | 235.1s
  | Step 6000/200000 | Total: -0.0850 (MSE: 0.1430, Sep: -0.3382, EST: 0.1161, GEN_INF_ONCE(-): 0.1161, Acc: 0.973) | LR: 9.98e-04 | 282.0s
  | Step 7000/200000 | Total: -0.1243 (MSE: 0.1398, Sep: -0.3385, EST: 0.0783, GEN_INF_ONCE(-): 0.0783, Acc: 0.982) | LR: 9.97e-04 | 329.0s
  | Step 8000/200000 | Total: -0.1627 (MSE: 0.1294, Sep: -0.3388, EST: 0.0492, GEN_INF_ONCE(-): 0.0492, Acc: 1.000) | LR: 9.96e-04 | 375.8s
  | Step 9000/200000 | Total: -0.0864 (MSE: 0.1379, Sep: -0.3387, EST: 0.1204, GEN_INF_ONCE(-): 0.1204, Acc: 0.973) | LR: 9.95e-04 | 422.6s
  | Step 10000/200000 | Total: -0.1612 (MSE: 0.1299, Sep: -0.3385, EST: 0.0499, GEN_INF_ONCE(-): 0.0499, Acc: 0.982) | LR: 9.94e-04 | 469.4s
  | Step 11000/200000 | Total: -0.1671 (MSE: 0.1113, Sep: -0.3387, EST: 0.0636, GEN_INF_ONCE(-): 0.0636, Acc: 0.991) | LR: 9.93e-04 | 516.2s
  | Step 12000/200000 | Total: -0.1485 (MSE: 0.1351, Sep: -0.3388, EST: 0.0582, GEN_INF_ONCE(-): 0.0582, Acc: 0.982) | LR: 9.91e-04 | 563.0s
  | Step 13000/200000 | Total: -0.1057 (MSE: 0.1242, Sep: -0.3384, EST: 0.1142, GEN_INF_ONCE(-): 0.1142, Acc: 0.973) | LR: 9.90e-04 | 610.0s
  | Step 14000/200000 | Total: -0.1955 (MSE: 0.1122, Sep: -0.3383, EST: 0.0322, GEN_INF_ONCE(-): 0.0322, Acc: 1.000) | LR: 9.88e-04 | 656.8s
  | Step 15000/200000 | Total: -0.1818 (MSE: 0.1231, Sep: -0.3383, EST: 0.0351, GEN_INF_ONCE(-): 0.0351, Acc: 1.000) | LR: 9.86e-04 | 703.5s
  | Step 16000/200000 | Total: -0.2025 (MSE: 0.1002, Sep: -0.3386, EST: 0.0378, GEN_INF_ONCE(-): 0.0378, Acc: 1.000) | LR: 9.84e-04 | 750.3s
  | Step 17000/200000 | Total: -0.1518 (MSE: 0.1119, Sep: -0.3387, EST: 0.0789, GEN_INF_ONCE(-): 0.0789, Acc: 0.973) | LR: 9.82e-04 | 797.1s
  | Step 18000/200000 | Total: -0.1978 (MSE: 0.1177, Sep: -0.3387, EST: 0.0244, GEN_INF_ONCE(-): 0.0244, Acc: 1.000) | LR: 9.80e-04 | 843.9s
  | Step 19000/200000 | Total: -0.1444 (MSE: 0.1038, Sep: -0.3383, EST: 0.0949, GEN_INF_ONCE(-): 0.0949, Acc: 0.955) | LR: 9.78e-04 | 890.8s
  | Step 20000/200000 | Total: -0.1709 (MSE: 0.1073, Sep: -0.3386, EST: 0.0635, GEN_INF_ONCE(-): 0.0635, Acc: 0.982) | LR: 9.76e-04 | 937.6s
  | Step 21000/200000 | Total: -0.1387 (MSE: 0.0981, Sep: -0.3388, EST: 0.1073, GEN_INF_ONCE(-): 0.1073, Acc: 0.955) | LR: 9.73e-04 | 984.4s
  | Step 22000/200000 | Total: -0.1858 (MSE: 0.1020, Sep: -0.3384, EST: 0.0532, GEN_INF_ONCE(-): 0.0532, Acc: 0.982) | LR: 9.70e-04 | 1031.1s
  | Step 23000/200000 | Total: -0.1880 (MSE: 0.1047, Sep: -0.3384, EST: 0.0481, GEN_INF_ONCE(-): 0.0481, Acc: 0.982) | LR: 9.68e-04 | 1077.9s
  | Step 24000/200000 | Total: -0.1922 (MSE: 0.0875, Sep: -0.3385, EST: 0.0618, GEN_INF_ONCE(-): 0.0618, Acc: 0.973) | LR: 9.65e-04 | 1124.6s
  | Step 25000/200000 | Total: -0.1011 (MSE: 0.0956, Sep: -0.3386, EST: 0.1494, GEN_INF_ONCE(-): 0.1494, Acc: 0.920) | LR: 9.62e-04 | 1171.6s
  | Step 26000/200000 | Total: -0.1476 (MSE: 0.0916, Sep: -0.3386, EST: 0.1047, GEN_INF_ONCE(-): 0.1047, Acc: 0.964) | LR: 9.59e-04 | 1218.4s
  | Step 27000/200000 | Total: 0.0080 (MSE: 0.0963, Sep: -0.3385, EST: 0.2634, GEN_INF_ONCE(-): 0.2634, Acc: 0.884) | LR: 9.56e-04 | 1265.2s
  | Step 28000/200000 | Total: -0.2250 (MSE: 0.0920, Sep: -0.3388, EST: 0.0229, GEN_INF_ONCE(-): 0.0229, Acc: 0.991) | LR: 9.52e-04 | 1312.0s
  | Step 29000/200000 | Total: -0.2265 (MSE: 0.0952, Sep: -0.3389, EST: 0.0181, GEN_INF_ONCE(-): 0.0181, Acc: 1.000) | LR: 9.49e-04 | 1358.9s
  | Step 30000/200000 | Total: -0.1988 (MSE: 0.0948, Sep: -0.3381, EST: 0.0469, GEN_INF_ONCE(-): 0.0469, Acc: 0.991) | LR: 9.46e-04 | 1405.9s
  | Step 31000/200000 | Total: -0.2233 (MSE: 0.0816, Sep: -0.3388, EST: 0.0357, GEN_INF_ONCE(-): 0.0357, Acc: 0.991) | LR: 9.42e-04 | 1452.7s
  | Step 32000/200000 | Total: -0.2086 (MSE: 0.0937, Sep: -0.3386, EST: 0.0382, GEN_INF_ONCE(-): 0.0382, Acc: 0.982) | LR: 9.38e-04 | 1499.5s
  | Step 33000/200000 | Total: -0.2036 (MSE: 0.0980, Sep: -0.3385, EST: 0.0389, GEN_INF_ONCE(-): 0.0389, Acc: 0.991) | LR: 9.34e-04 | 1546.3s
  | Step 34000/200000 | Total: -0.2163 (MSE: 0.0772, Sep: -0.3388, EST: 0.0477, GEN_INF_ONCE(-): 0.0477, Acc: 0.982) | LR: 9.30e-04 | 1593.0s
  | Step 35000/200000 | Total: -0.1397 (MSE: 0.0861, Sep: -0.3385, EST: 0.1186, GEN_INF_ONCE(-): 0.1186, Acc: 0.964) | LR: 9.26e-04 | 1639.8s
  | Step 36000/200000 | Total: -0.2142 (MSE: 0.0979, Sep: -0.3387, EST: 0.0280, GEN_INF_ONCE(-): 0.0280, Acc: 1.000) | LR: 9.22e-04 | 1686.8s
  | Step 37000/200000 | Total: -0.2274 (MSE: 0.0865, Sep: -0.3386, EST: 0.0260, GEN_INF_ONCE(-): 0.0260, Acc: 1.000) | LR: 9.18e-04 | 1734.0s
  | Step 38000/200000 | Total: 0.0098 (MSE: 0.0789, Sep: -0.3384, EST: 0.2835, GEN_INF_ONCE(-): 0.2835, Acc: 0.875) | LR: 9.14e-04 | 1781.2s
  | Step 39000/200000 | Total: -0.2032 (MSE: 0.0808, Sep: -0.3387, EST: 0.0576, GEN_INF_ONCE(-): 0.0576, Acc: 0.982) | LR: 9.09e-04 | 1828.4s
  | Step 40000/200000 | Total: -0.1597 (MSE: 0.0770, Sep: -0.3386, EST: 0.1074, GEN_INF_ONCE(-): 0.1074, Acc: 0.955) | LR: 9.05e-04 | 1875.6s
  | Step 41000/200000 | Total: -0.1972 (MSE: 0.0734, Sep: -0.3394, EST: 0.0724, GEN_INF_ONCE(-): 0.0724, Acc: 0.982) | LR: 9.00e-04 | 1922.9s
  | Step 42000/200000 | Total: -0.1838 (MSE: 0.0825, Sep: -0.3391, EST: 0.0768, GEN_INF_ONCE(-): 0.0768, Acc: 0.973) | LR: 8.95e-04 | 1970.1s
  | Step 43000/200000 | Total: -0.1984 (MSE: 0.0780, Sep: -0.3391, EST: 0.0661, GEN_INF_ONCE(-): 0.0661, Acc: 0.973) | LR: 8.90e-04 | 2016.9s
  | Step 44000/200000 | Total: -0.1717 (MSE: 0.0722, Sep: -0.3392, EST: 0.1004, GEN_INF_ONCE(-): 0.1004, Acc: 0.946) | LR: 8.85e-04 | 2063.7s
  | Step 45000/200000 | Total: -0.2307 (MSE: 0.0750, Sep: -0.3393, EST: 0.0354, GEN_INF_ONCE(-): 0.0354, Acc: 0.991) | LR: 8.80e-04 | 2110.5s
  | Step 46000/200000 | Total: -0.1993 (MSE: 0.0808, Sep: -0.3394, EST: 0.0624, GEN_INF_ONCE(-): 0.0624, Acc: 0.982) | LR: 8.75e-04 | 2157.3s
  | Step 47000/200000 | Total: -0.2230 (MSE: 0.0687, Sep: -0.3391, EST: 0.0499, GEN_INF_ONCE(-): 0.0499, Acc: 0.991) | LR: 8.70e-04 | 2204.1s
  | Step 48000/200000 | Total: -0.2437 (MSE: 0.0749, Sep: -0.3392, EST: 0.0217, GEN_INF_ONCE(-): 0.0217, Acc: 1.000) | LR: 8.65e-04 | 2251.1s
  | Step 49000/200000 | Total: -0.2344 (MSE: 0.0777, Sep: -0.3393, EST: 0.0286, GEN_INF_ONCE(-): 0.0286, Acc: 1.000) | LR: 8.59e-04 | 2297.9s
  | Step 50000/200000 | Total: -0.2208 (MSE: 0.0763, Sep: -0.3392, EST: 0.0444, GEN_INF_ONCE(-): 0.0444, Acc: 0.991) | LR: 8.54e-04 | 2344.7s
  | Step 51000/200000 | Total: -0.1937 (MSE: 0.0751, Sep: -0.3394, EST: 0.0743, GEN_INF_ONCE(-): 0.0743, Acc: 0.973) | LR: 8.48e-04 | 2391.5s
  | Step 52000/200000 | Total: -0.1991 (MSE: 0.0835, Sep: -0.3394, EST: 0.0598, GEN_INF_ONCE(-): 0.0598, Acc: 0.973) | LR: 8.42e-04 | 2438.2s
  | Step 53000/200000 | Total: -0.1675 (MSE: 0.0560, Sep: -0.3393, EST: 0.1218, GEN_INF_ONCE(-): 0.1218, Acc: 0.964) | LR: 8.37e-04 | 2485.3s
  | Step 54000/200000 | Total: -0.0674 (MSE: 0.0652, Sep: -0.3394, EST: 0.2177, GEN_INF_ONCE(-): 0.2177, Acc: 0.911) | LR: 8.31e-04 | 2532.7s
  | Step 55000/200000 | Total: -0.0303 (MSE: 0.0574, Sep: -0.3392, EST: 0.2649, GEN_INF_ONCE(-): 0.2649, Acc: 0.902) | LR: 8.25e-04 | 2579.6s
  | Step 56000/200000 | Total: -0.0963 (MSE: 0.0684, Sep: -0.3391, EST: 0.1836, GEN_INF_ONCE(-): 0.1836, Acc: 0.911) | LR: 8.19e-04 | 2626.4s
  | Step 57000/200000 | Total: -0.1701 (MSE: 0.0498, Sep: -0.3392, EST: 0.1256, GEN_INF_ONCE(-): 0.1256, Acc: 0.955) | LR: 8.13e-04 | 2673.1s
  | Step 58000/200000 | Total: -0.2563 (MSE: 0.0539, Sep: -0.3392, EST: 0.0305, GEN_INF_ONCE(-): 0.0305, Acc: 0.991) | LR: 8.07e-04 | 2719.8s
  | Step 59000/200000 | Total: -0.2469 (MSE: 0.0763, Sep: -0.3393, EST: 0.0170, GEN_INF_ONCE(-): 0.0170, Acc: 1.000) | LR: 8.00e-04 | 2766.6s
  | Step 60000/200000 | Total: -0.2342 (MSE: 0.0528, Sep: -0.3394, EST: 0.0551, GEN_INF_ONCE(-): 0.0551, Acc: 1.000) | LR: 7.94e-04 | 2813.6s
  | Step 61000/200000 | Total: 0.1095 (MSE: 0.0565, Sep: -0.3392, EST: 0.4128, GEN_INF_ONCE(-): 0.4128, Acc: 0.795) | LR: 7.88e-04 | 2860.8s
  | Step 62000/200000 | Total: -0.2236 (MSE: 0.0578, Sep: -0.3393, EST: 0.0609, GEN_INF_ONCE(-): 0.0609, Acc: 0.973) | LR: 7.81e-04 | 2908.0s
  | Step 63000/200000 | Total: -0.1486 (MSE: 0.0556, Sep: -0.3392, EST: 0.1421, GEN_INF_ONCE(-): 0.1421, Acc: 0.982) | LR: 7.75e-04 | 2954.3s
  | Step 64000/200000 | Total: -0.2035 (MSE: 0.0415, Sep: -0.3393, EST: 0.0993, GEN_INF_ONCE(-): 0.0993, Acc: 0.973) | LR: 7.68e-04 | 3001.5s
  | Step 65000/200000 | Total: -0.2091 (MSE: 0.0539, Sep: -0.3393, EST: 0.0803, GEN_INF_ONCE(-): 0.0803, Acc: 0.955) | LR: 7.61e-04 | 3048.7s
  | Step 66000/200000 | Total: -0.2584 (MSE: 0.0520, Sep: -0.3393, EST: 0.0304, GEN_INF_ONCE(-): 0.0304, Acc: 1.000) | LR: 7.55e-04 | 3096.1s
  | Step 67000/200000 | Total: -0.1810 (MSE: 0.0786, Sep: -0.3393, EST: 0.0839, GEN_INF_ONCE(-): 0.0839, Acc: 0.982) | LR: 7.48e-04 | 3143.3s
  | Step 68000/200000 | Total: -0.0879 (MSE: 0.0502, Sep: -0.3393, EST: 0.2118, GEN_INF_ONCE(-): 0.2118, Acc: 0.938) | LR: 7.41e-04 | 3190.3s
  | Step 69000/200000 | Total: -0.2182 (MSE: 0.0526, Sep: -0.3392, EST: 0.0720, GEN_INF_ONCE(-): 0.0720, Acc: 1.000) | LR: 7.34e-04 | 3237.5s
  | Step 70000/200000 | Total: 0.0321 (MSE: 0.0649, Sep: -0.3392, EST: 0.3225, GEN_INF_ONCE(-): 0.3225, Acc: 0.857) | LR: 7.27e-04 | 3284.5s
  | Step 71000/200000 | Total: -0.1824 (MSE: 0.0434, Sep: -0.3393, EST: 0.1195, GEN_INF_ONCE(-): 0.1195, Acc: 0.964) | LR: 7.20e-04 | 3331.4s
  | Step 72000/200000 | Total: -0.1446 (MSE: 0.0368, Sep: -0.3391, EST: 0.1661, GEN_INF_ONCE(-): 0.1661, Acc: 0.902) | LR: 7.13e-04 | 3378.7s
  | Step 73000/200000 | Total: -0.1569 (MSE: 0.0691, Sep: -0.3390, EST: 0.1189, GEN_INF_ONCE(-): 0.1189, Acc: 0.973) | LR: 7.06e-04 | 3425.9s
  | Step 74000/200000 | Total: -0.0330 (MSE: 0.0598, Sep: -0.3393, EST: 0.2595, GEN_INF_ONCE(-): 0.2595, Acc: 0.857) | LR: 6.99e-04 | 3473.2s
  | Step 75000/200000 | Total: -0.0584 (MSE: 0.0606, Sep: -0.3395, EST: 0.2322, GEN_INF_ONCE(-): 0.2322, Acc: 0.875) | LR: 6.92e-04 | 3520.3s
  | Step 76000/200000 | Total: -0.1100 (MSE: 0.0428, Sep: -0.3392, EST: 0.1962, GEN_INF_ONCE(-): 0.1962, Acc: 0.911) | LR: 6.84e-04 | 3567.5s
  | Step 77000/200000 | Total: -0.0719 (MSE: 0.0373, Sep: -0.3393, EST: 0.2423, GEN_INF_ONCE(-): 0.2423, Acc: 0.911) | LR: 6.77e-04 | 3614.8s
  | Step 78000/200000 | Total: 0.6358 (MSE: 0.0475, Sep: -0.3393, EST: 0.9763, GEN_INF_ONCE(-): 0.9763, Acc: 0.545) | LR: 6.70e-04 | 3662.0s
  | Step 79000/200000 | Total: -0.1658 (MSE: 0.0405, Sep: -0.3392, EST: 0.1399, GEN_INF_ONCE(-): 0.1399, Acc: 0.946) | LR: 6.62e-04 | 3709.3s
  | Step 80000/200000 | Total: -0.1738 (MSE: 0.0357, Sep: -0.3390, EST: 0.1363, GEN_INF_ONCE(-): 0.1363, Acc: 0.973) | LR: 6.55e-04 | 3756.5s
  | Step 81000/200000 | Total: 0.0829 (MSE: 0.0370, Sep: -0.3392, EST: 0.4052, GEN_INF_ONCE(-): 0.4052, Acc: 0.795) | LR: 6.47e-04 | 3803.7s
  | Step 82000/200000 | Total: 0.1226 (MSE: 0.0346, Sep: -0.3401, EST: 0.4506, GEN_INF_ONCE(-): 0.4506, Acc: 0.839) | LR: 6.40e-04 | 3850.9s
  | Step 83000/200000 | Total: -0.1643 (MSE: 0.0310, Sep: -0.3401, EST: 0.1524, GEN_INF_ONCE(-): 0.1524, Acc: 0.964) | LR: 6.32e-04 | 3897.8s
  | Step 84000/200000 | Total: 0.1802 (MSE: 0.0302, Sep: -0.3401, EST: 0.5159, GEN_INF_ONCE(-): 0.5159, Acc: 0.750) | LR: 6.25e-04 | 3944.9s
  | Step 85000/200000 | Total: -0.2403 (MSE: 0.0510, Sep: -0.3401, EST: 0.0515, GEN_INF_ONCE(-): 0.0515, Acc: 0.991) | LR: 6.17e-04 | 3991.7s
  | Step 86000/200000 | Total: -0.1727 (MSE: 0.0473, Sep: -0.3401, EST: 0.1264, GEN_INF_ONCE(-): 0.1264, Acc: 0.964) | LR: 6.09e-04 | 4038.5s
  | Step 87000/200000 | Total: -0.0605 (MSE: 0.0292, Sep: -0.3401, EST: 0.2637, GEN_INF_ONCE(-): 0.2637, Acc: 0.893) | LR: 6.02e-04 | 4085.4s
  | Step 88000/200000 | Total: -0.2226 (MSE: 0.0297, Sep: -0.3401, EST: 0.0924, GEN_INF_ONCE(-): 0.0924, Acc: 0.955) | LR: 5.94e-04 | 4132.2s
  | Step 89000/200000 | Total: -0.2032 (MSE: 0.0250, Sep: -0.3401, EST: 0.1178, GEN_INF_ONCE(-): 0.1178, Acc: 0.946) | LR: 5.86e-04 | 4179.2s
  | Step 90000/200000 | Total: -0.1078 (MSE: 0.0280, Sep: -0.3401, EST: 0.2151, GEN_INF_ONCE(-): 0.2151, Acc: 0.911) | LR: 5.79e-04 | 4226.1s
  | Step 91000/200000 | Total: -0.1145 (MSE: 0.0259, Sep: -0.3401, EST: 0.2102, GEN_INF_ONCE(-): 0.2102, Acc: 0.902) | LR: 5.71e-04 | 4272.9s
  | Step 92000/200000 | Total: 0.2111 (MSE: 0.0335, Sep: -0.3401, EST: 0.5450, GEN_INF_ONCE(-): 0.5450, Acc: 0.705) | LR: 5.63e-04 | 4319.8s
  | Step 93000/200000 | Total: -0.1526 (MSE: 0.0300, Sep: -0.3401, EST: 0.1658, GEN_INF_ONCE(-): 0.1658, Acc: 0.946) | LR: 5.55e-04 | 4366.6s
  | Step 94000/200000 | Total: -0.0311 (MSE: 0.0410, Sep: -0.3401, EST: 0.2822, GEN_INF_ONCE(-): 0.2822, Acc: 0.857) | LR: 5.48e-04 | 4413.3s
  | Step 95000/200000 | Total: -0.1488 (MSE: 0.0219, Sep: -0.3401, EST: 0.1783, GEN_INF_ONCE(-): 0.1783, Acc: 0.929) | LR: 5.40e-04 | 4460.4s
  | Step 96000/200000 | Total: -0.0337 (MSE: 0.0381, Sep: -0.3401, EST: 0.2825, GEN_INF_ONCE(-): 0.2825, Acc: 0.866) | LR: 5.32e-04 | 4507.3s
  | Step 97000/200000 | Total: -0.0913 (MSE: 0.0222, Sep: -0.3401, EST: 0.2385, GEN_INF_ONCE(-): 0.2385, Acc: 0.893) | LR: 5.24e-04 | 4554.2s
  | Step 98000/200000 | Total: 0.6081 (MSE: 0.0414, Sep: -0.3401, EST: 0.9546, GEN_INF_ONCE(-): 0.9546, Acc: 0.536) | LR: 5.16e-04 | 4601.2s
  | Step 99000/200000 | Total: -0.1684 (MSE: 0.0294, Sep: -0.3401, EST: 0.1498, GEN_INF_ONCE(-): 0.1498, Acc: 0.946) | LR: 5.08e-04 | 4648.3s
  | Step 100000/200000 | Total: -0.1892 (MSE: 0.0278, Sep: -0.3401, EST: 0.1296, GEN_INF_ONCE(-): 0.1296, Acc: 0.964) | LR: 5.00e-04 | 4695.3s
  | Step 101000/200000 | Total: -0.2539 (MSE: 0.0258, Sep: -0.3401, EST: 0.0635, GEN_INF_ONCE(-): 0.0635, Acc: 1.000) | LR: 4.93e-04 | 4742.5s
  | Step 102000/200000 | Total: 0.0309 (MSE: 0.0369, Sep: -0.3401, EST: 0.3517, GEN_INF_ONCE(-): 0.3517, Acc: 0.821) | LR: 4.85e-04 | 4789.5s
  | Step 103000/200000 | Total: 0.2776 (MSE: 0.0300, Sep: -0.3401, EST: 0.6186, GEN_INF_ONCE(-): 0.6186, Acc: 0.661) | LR: 4.77e-04 | 4836.5s
  | Step 104000/200000 | Total: 0.0298 (MSE: 0.0305, Sep: -0.3401, EST: 0.3572, GEN_INF_ONCE(-): 0.3572, Acc: 0.786) | LR: 4.69e-04 | 4883.6s
  | Step 105000/200000 | Total: -0.1781 (MSE: 0.0218, Sep: -0.3401, EST: 0.1476, GEN_INF_ONCE(-): 0.1476, Acc: 0.973) | LR: 4.61e-04 | 4930.4s
  | Step 106000/200000 | Total: 0.0471 (MSE: 0.0303, Sep: -0.3401, EST: 0.3757, GEN_INF_ONCE(-): 0.3757, Acc: 0.759) | LR: 4.53e-04 | 4977.3s
  | Step 107000/200000 | Total: -0.1017 (MSE: 0.0226, Sep: -0.3401, EST: 0.2272, GEN_INF_ONCE(-): 0.2272, Acc: 0.938) | LR: 4.46e-04 | 5024.4s
  | Step 108000/200000 | Total: -0.0183 (MSE: 0.0267, Sep: -0.3401, EST: 0.3106, GEN_INF_ONCE(-): 0.3106, Acc: 0.830) | LR: 4.38e-04 | 5071.5s
  | Step 109000/200000 | Total: -0.1794 (MSE: 0.0203, Sep: -0.3401, EST: 0.1478, GEN_INF_ONCE(-): 0.1478, Acc: 0.955) | LR: 4.30e-04 | 5118.5s
  | Step 110000/200000 | Total: -0.2183 (MSE: 0.0225, Sep: -0.3401, EST: 0.1045, GEN_INF_ONCE(-): 0.1045, Acc: 0.964) | LR: 4.22e-04 | 5165.6s
  | Step 111000/200000 | Total: -0.1601 (MSE: 0.0179, Sep: -0.3401, EST: 0.1707, GEN_INF_ONCE(-): 0.1707, Acc: 0.955) | LR: 4.15e-04 | 5212.8s
  | Step 112000/200000 | Total: -0.0145 (MSE: 0.0183, Sep: -0.3401, EST: 0.3235, GEN_INF_ONCE(-): 0.3235, Acc: 0.866) | LR: 4.07e-04 | 5259.9s
  | Step 113000/200000 | Total: -0.1189 (MSE: 0.0275, Sep: -0.3401, EST: 0.2039, GEN_INF_ONCE(-): 0.2039, Acc: 0.920) | LR: 3.99e-04 | 5307.2s
  | Step 114000/200000 | Total: -0.1990 (MSE: 0.0265, Sep: -0.3401, EST: 0.1207, GEN_INF_ONCE(-): 0.1207, Acc: 0.955) | LR: 3.92e-04 | 5354.3s
  | Step 115000/200000 | Total: -0.2253 (MSE: 0.0329, Sep: -0.3401, EST: 0.0863, GEN_INF_ONCE(-): 0.0863, Acc: 1.000) | LR: 3.84e-04 | 5401.4s
  | Step 116000/200000 | Total: -0.0881 (MSE: 0.0201, Sep: -0.3401, EST: 0.2441, GEN_INF_ONCE(-): 0.2441, Acc: 0.929) | LR: 3.76e-04 | 5448.5s
  | Step 117000/200000 | Total: -0.0037 (MSE: 0.0334, Sep: -0.3401, EST: 0.3189, GEN_INF_ONCE(-): 0.3189, Acc: 0.884) | LR: 3.69e-04 | 5495.7s
  | Step 118000/200000 | Total: 0.1165 (MSE: 0.0291, Sep: -0.3401, EST: 0.4501, GEN_INF_ONCE(-): 0.4501, Acc: 0.732) | LR: 3.61e-04 | 5542.8s
  | Step 119000/200000 | Total: 0.1007 (MSE: 0.0189, Sep: -0.3401, EST: 0.4441, GEN_INF_ONCE(-): 0.4441, Acc: 0.759) | LR: 3.54e-04 | 5590.1s
  | Step 120000/200000 | Total: -0.1765 (MSE: 0.0184, Sep: -0.3401, EST: 0.1529, GEN_INF_ONCE(-): 0.1529, Acc: 0.964) | LR: 3.46e-04 | 5637.0s
  | Step 121000/200000 | Total: 0.0923 (MSE: 0.0218, Sep: -0.3401, EST: 0.4322, GEN_INF_ONCE(-): 0.4322, Acc: 0.714) | LR: 3.39e-04 | 5683.8s
  | Step 122000/200000 | Total: 0.0511 (MSE: 0.0272, Sep: -0.3401, EST: 0.3831, GEN_INF_ONCE(-): 0.3831, Acc: 0.804) | LR: 3.31e-04 | 5730.6s
  | Step 123000/200000 | Total: -0.1547 (MSE: 0.0273, Sep: -0.3401, EST: 0.1664, GEN_INF_ONCE(-): 0.1664, Acc: 0.955) | LR: 3.24e-04 | 5777.4s
  | Step 124000/200000 | Total: -0.2759 (MSE: 0.0239, Sep: -0.3401, EST: 0.0425, GEN_INF_ONCE(-): 0.0425, Acc: 1.000) | LR: 3.17e-04 | 5824.3s
  | Step 125000/200000 | Total: 0.0202 (MSE: 0.0257, Sep: -0.3401, EST: 0.3522, GEN_INF_ONCE(-): 0.3522, Acc: 0.830) | LR: 3.09e-04 | 5871.1s
  | Step 126000/200000 | Total: -0.0948 (MSE: 0.0237, Sep: -0.3401, EST: 0.2333, GEN_INF_ONCE(-): 0.2333, Acc: 0.902) | LR: 3.02e-04 | 5917.8s
  | Step 127000/200000 | Total: 0.1311 (MSE: 0.0175, Sep: -0.3401, EST: 0.4776, GEN_INF_ONCE(-): 0.4776, Acc: 0.705) | LR: 2.95e-04 | 5964.5s
  | Step 128000/200000 | Total: -0.0326 (MSE: 0.0194, Sep: -0.3401, EST: 0.3033, GEN_INF_ONCE(-): 0.3033, Acc: 0.866) | LR: 2.88e-04 | 6011.3s
  | Step 129000/200000 | Total: -0.0675 (MSE: 0.0166, Sep: -0.3401, EST: 0.2694, GEN_INF_ONCE(-): 0.2694, Acc: 0.902) | LR: 2.81e-04 | 6058.2s
  | Step 130000/200000 | Total: -0.2671 (MSE: 0.0348, Sep: -0.3401, EST: 0.0402, GEN_INF_ONCE(-): 0.0402, Acc: 0.982) | LR: 2.74e-04 | 6105.7s
  | Step 131000/200000 | Total: -0.1086 (MSE: 0.0190, Sep: -0.3401, EST: 0.2236, GEN_INF_ONCE(-): 0.2236, Acc: 0.955) | LR: 2.67e-04 | 6152.4s
  | Step 132000/200000 | Total: 0.2558 (MSE: 0.0303, Sep: -0.3401, EST: 0.5953, GEN_INF_ONCE(-): 0.5953, Acc: 0.759) | LR: 2.60e-04 | 6199.2s
  | Step 133000/200000 | Total: -0.0722 (MSE: 0.0183, Sep: -0.3401, EST: 0.2627, GEN_INF_ONCE(-): 0.2627, Acc: 0.875) | LR: 2.53e-04 | 6245.9s
  | Step 134000/200000 | Total: 0.1087 (MSE: 0.0224, Sep: -0.3401, EST: 0.4488, GEN_INF_ONCE(-): 0.4488, Acc: 0.688) | LR: 2.46e-04 | 6292.7s
  | Step 135000/200000 | Total: -0.0602 (MSE: 0.0154, Sep: -0.3401, EST: 0.2784, GEN_INF_ONCE(-): 0.2784, Acc: 0.884) | LR: 2.40e-04 | 6339.4s
  | Step 136000/200000 | Total: -0.2159 (MSE: 0.0186, Sep: -0.3401, EST: 0.1111, GEN_INF_ONCE(-): 0.1111, Acc: 0.991) | LR: 2.33e-04 | 6386.3s
  | Step 137000/200000 | Total: -0.0705 (MSE: 0.0226, Sep: -0.3401, EST: 0.2600, GEN_INF_ONCE(-): 0.2600, Acc: 0.884) | LR: 2.26e-04 | 6433.0s
  | Step 138000/200000 | Total: 0.1016 (MSE: 0.0163, Sep: -0.3401, EST: 0.4478, GEN_INF_ONCE(-): 0.4478, Acc: 0.759) | LR: 2.20e-04 | 6479.7s
  | Step 139000/200000 | Total: -0.1614 (MSE: 0.0220, Sep: -0.3401, EST: 0.1650, GEN_INF_ONCE(-): 0.1650, Acc: 0.920) | LR: 2.13e-04 | 6526.4s
  | Step 140000/200000 | Total: -0.0073 (MSE: 0.0165, Sep: -0.3401, EST: 0.3330, GEN_INF_ONCE(-): 0.3330, Acc: 0.875) | LR: 2.07e-04 | 6573.1s
  | Step 141000/200000 | Total: -0.1382 (MSE: 0.0186, Sep: -0.3401, EST: 0.1929, GEN_INF_ONCE(-): 0.1929, Acc: 0.920) | LR: 2.01e-04 | 6619.9s
  | Step 142000/200000 | Total: -0.0655 (MSE: 0.0147, Sep: -0.3401, EST: 0.2736, GEN_INF_ONCE(-): 0.2736, Acc: 0.964) | LR: 1.94e-04 | 6667.0s
  | Step 143000/200000 | Total: -0.0691 (MSE: 0.0143, Sep: -0.3401, EST: 0.2702, GEN_INF_ONCE(-): 0.2702, Acc: 0.875) | LR: 1.88e-04 | 6713.9s
  | Step 144000/200000 | Total: -0.2227 (MSE: 0.0207, Sep: -0.3401, EST: 0.1019, GEN_INF_ONCE(-): 0.1019, Acc: 0.982) | LR: 1.82e-04 | 6760.9s
  | Step 145000/200000 | Total: -0.1785 (MSE: 0.0129, Sep: -0.3401, EST: 0.1565, GEN_INF_ONCE(-): 0.1565, Acc: 0.973) | LR: 1.76e-04 | 6807.9s
  | Step 146000/200000 | Total: 0.0585 (MSE: 0.0216, Sep: -0.3401, EST: 0.3968, GEN_INF_ONCE(-): 0.3968, Acc: 0.813) | LR: 1.70e-04 | 6854.9s
  | Step 147000/200000 | Total: -0.1507 (MSE: 0.0189, Sep: -0.3401, EST: 0.1796, GEN_INF_ONCE(-): 0.1796, Acc: 0.938) | LR: 1.64e-04 | 6901.9s
  | Step 148000/200000 | Total: -0.0769 (MSE: 0.0158, Sep: -0.3401, EST: 0.2604, GEN_INF_ONCE(-): 0.2604, Acc: 0.911) | LR: 1.59e-04 | 6949.1s
  | Step 149000/200000 | Total: -0.0391 (MSE: 0.0196, Sep: -0.3401, EST: 0.2963, GEN_INF_ONCE(-): 0.2963, Acc: 0.866) | LR: 1.53e-04 | 6996.0s
  | Step 150000/200000 | Total: -0.0238 (MSE: 0.0151, Sep: -0.3401, EST: 0.3171, GEN_INF_ONCE(-): 0.3171, Acc: 0.875) | LR: 1.47e-04 | 7043.0s
  | Step 151000/200000 | Total: 0.1885 (MSE: 0.0145, Sep: -0.3401, EST: 0.5412, GEN_INF_ONCE(-): 0.5412, Acc: 0.732) | LR: 1.42e-04 | 7090.0s
  | Step 152000/200000 | Total: -0.2531 (MSE: 0.0252, Sep: -0.3401, EST: 0.0651, GEN_INF_ONCE(-): 0.0651, Acc: 0.982) | LR: 1.36e-04 | 7136.8s
  | Step 153000/200000 | Total: -0.1136 (MSE: 0.0139, Sep: -0.3401, EST: 0.2238, GEN_INF_ONCE(-): 0.2238, Acc: 0.920) | LR: 1.31e-04 | 7183.5s
  | Step 154000/200000 | Total: -0.1950 (MSE: 0.0198, Sep: -0.3401, EST: 0.1320, GEN_INF_ONCE(-): 0.1320, Acc: 0.973) | LR: 1.26e-04 | 7230.6s
  | Step 155000/200000 | Total: -0.2022 (MSE: 0.0159, Sep: -0.3401, EST: 0.1284, GEN_INF_ONCE(-): 0.1284, Acc: 1.000) | LR: 1.21e-04 | 7277.4s
  | Step 156000/200000 | Total: -0.1861 (MSE: 0.0167, Sep: -0.3401, EST: 0.1445, GEN_INF_ONCE(-): 0.1445, Acc: 0.973) | LR: 1.16e-04 | 7324.4s
  | Step 157000/200000 | Total: 0.0158 (MSE: 0.0163, Sep: -0.3401, EST: 0.3575, GEN_INF_ONCE(-): 0.3575, Acc: 0.777) | LR: 1.11e-04 | 7371.3s
  | Step 158000/200000 | Total: -0.0132 (MSE: 0.0133, Sep: -0.3401, EST: 0.3301, GEN_INF_ONCE(-): 0.3301, Acc: 0.866) | LR: 1.06e-04 | 7418.3s
  | Step 159000/200000 | Total: -0.1913 (MSE: 0.0163, Sep: -0.3401, EST: 0.1395, GEN_INF_ONCE(-): 0.1395, Acc: 0.973) | LR: 1.01e-04 | 7465.3s
  | Step 160000/200000 | Total: -0.1666 (MSE: 0.0120, Sep: -0.3401, EST: 0.1700, GEN_INF_ONCE(-): 0.1700, Acc: 0.991) | LR: 9.64e-05 | 7512.5s
  | Step 161000/200000 | Total: -0.2038 (MSE: 0.0142, Sep: -0.3401, EST: 0.1286, GEN_INF_ONCE(-): 0.1286, Acc: 0.964) | LR: 9.18e-05 | 7559.5s
  | Step 162000/200000 | Total: -0.1830 (MSE: 0.0151, Sep: -0.3401, EST: 0.1494, GEN_INF_ONCE(-): 0.1494, Acc: 0.982) | LR: 8.74e-05 | 7606.5s
  | Step 163000/200000 | Total: 0.1466 (MSE: 0.0146, Sep: -0.3401, EST: 0.4970, GEN_INF_ONCE(-): 0.4970, Acc: 0.741) | LR: 8.30e-05 | 7653.4s
  | Step 164000/200000 | Total: 0.0636 (MSE: 0.0142, Sep: -0.3401, EST: 0.4100, GEN_INF_ONCE(-): 0.4100, Acc: 0.768) | LR: 7.88e-05 | 7700.3s
  | Step 165000/200000 | Total: -0.1486 (MSE: 0.0110, Sep: -0.3401, EST: 0.1901, GEN_INF_ONCE(-): 0.1901, Acc: 0.982) | LR: 7.46e-05 | 7747.4s
  | Step 166000/200000 | Total: -0.1969 (MSE: 0.0161, Sep: -0.3401, EST: 0.1338, GEN_INF_ONCE(-): 0.1338, Acc: 0.991) | LR: 7.06e-05 | 7794.3s
  | Step 167000/200000 | Total: -0.1771 (MSE: 0.0121, Sep: -0.3401, EST: 0.1588, GEN_INF_ONCE(-): 0.1588, Acc: 0.973) | LR: 6.66e-05 | 7841.1s
  | Step 168000/200000 | Total: -0.0871 (MSE: 0.0133, Sep: -0.3401, EST: 0.2523, GEN_INF_ONCE(-): 0.2523, Acc: 0.938) | LR: 6.28e-05 | 7887.7s
  | Step 169000/200000 | Total: -0.1408 (MSE: 0.0094, Sep: -0.3401, EST: 0.2000, GEN_INF_ONCE(-): 0.2000, Acc: 0.973) | LR: 5.91e-05 | 7934.5s
  | Step 170000/200000 | Total: -0.0228 (MSE: 0.0126, Sep: -0.3401, EST: 0.3207, GEN_INF_ONCE(-): 0.3207, Acc: 0.857) | LR: 5.54e-05 | 7981.1s
  | Step 171000/200000 | Total: -0.1345 (MSE: 0.0102, Sep: -0.3401, EST: 0.2057, GEN_INF_ONCE(-): 0.2057, Acc: 0.991) | LR: 5.19e-05 | 8028.2s
  | Step 172000/200000 | Total: -0.1913 (MSE: 0.0130, Sep: -0.3401, EST: 0.1430, GEN_INF_ONCE(-): 0.1430, Acc: 0.973) | LR: 4.85e-05 | 8074.9s
  | Step 173000/200000 | Total: -0.0550 (MSE: 0.0122, Sep: -0.3401, EST: 0.2873, GEN_INF_ONCE(-): 0.2873, Acc: 0.884) | LR: 4.53e-05 | 8121.6s
  | Step 174000/200000 | Total: -0.1350 (MSE: 0.0115, Sep: -0.3401, EST: 0.2038, GEN_INF_ONCE(-): 0.2038, Acc: 0.973) | LR: 4.21e-05 | 8168.3s
  | Step 175000/200000 | Total: -0.1607 (MSE: 0.0115, Sep: -0.3401, EST: 0.1767, GEN_INF_ONCE(-): 0.1767, Acc: 0.973) | LR: 3.90e-05 | 8215.0s
  | Step 176000/200000 | Total: -0.0899 (MSE: 0.0122, Sep: -0.3401, EST: 0.2506, GEN_INF_ONCE(-): 0.2506, Acc: 0.911) | LR: 3.61e-05 | 8261.7s
  | Step 177000/200000 | Total: -0.1569 (MSE: 0.0098, Sep: -0.3401, EST: 0.1826, GEN_INF_ONCE(-): 0.1826, Acc: 0.991) | LR: 3.32e-05 | 8308.6s
  | Step 178000/200000 | Total: -0.0910 (MSE: 0.0108, Sep: -0.3401, EST: 0.2508, GEN_INF_ONCE(-): 0.2508, Acc: 0.902) | LR: 3.05e-05 | 8355.3s
  | Step 179000/200000 | Total: -0.1496 (MSE: 0.0123, Sep: -0.3401, EST: 0.1876, GEN_INF_ONCE(-): 0.1876, Acc: 0.982) | LR: 2.79e-05 | 8401.9s
  | Step 180000/200000 | Total: -0.1155 (MSE: 0.0093, Sep: -0.3401, EST: 0.2266, GEN_INF_ONCE(-): 0.2266, Acc: 0.973) | LR: 2.54e-05 | 8448.6s
  | Step 181000/200000 | Total: -0.1917 (MSE: 0.0126, Sep: -0.3401, EST: 0.1430, GEN_INF_ONCE(-): 0.1430, Acc: 1.000) | LR: 2.31e-05 | 8495.3s
  | Step 182000/200000 | Total: -0.1507 (MSE: 0.0117, Sep: -0.3401, EST: 0.1871, GEN_INF_ONCE(-): 0.1871, Acc: 0.982) | LR: 2.08e-05 | 8542.2s
  | Step 183000/200000 | Total: -0.1179 (MSE: 0.0109, Sep: -0.3401, EST: 0.2224, GEN_INF_ONCE(-): 0.2224, Acc: 0.955) | LR: 1.87e-05 | 8589.1s
  | Step 184000/200000 | Total: -0.1396 (MSE: 0.0097, Sep: -0.3401, EST: 0.2008, GEN_INF_ONCE(-): 0.2008, Acc: 0.982) | LR: 1.67e-05 | 8635.9s
  | Step 185000/200000 | Total: -0.1424 (MSE: 0.0106, Sep: -0.3401, EST: 0.1970, GEN_INF_ONCE(-): 0.1970, Acc: 0.991) | LR: 1.48e-05 | 8682.6s
  | Step 186000/200000 | Total: -0.1615 (MSE: 0.0125, Sep: -0.3401, EST: 0.1749, GEN_INF_ONCE(-): 0.1749, Acc: 0.991) | LR: 1.30e-05 | 8729.5s
  | Step 187000/200000 | Total: -0.1100 (MSE: 0.0106, Sep: -0.3401, EST: 0.2311, GEN_INF_ONCE(-): 0.2311, Acc: 0.973) | LR: 1.14e-05 | 8776.6s
  | Step 188000/200000 | Total: -0.1279 (MSE: 0.0091, Sep: -0.3401, EST: 0.2138, GEN_INF_ONCE(-): 0.2138, Acc: 0.973) | LR: 9.85e-06 | 8823.7s
  | Step 189000/200000 | Total: -0.1353 (MSE: 0.0109, Sep: -0.3401, EST: 0.2042, GEN_INF_ONCE(-): 0.2042, Acc: 1.000) | LR: 8.44e-06 | 8870.6s
  | Step 190000/200000 | Total: -0.1847 (MSE: 0.0114, Sep: -0.3401, EST: 0.1515, GEN_INF_ONCE(-): 0.1515, Acc: 1.000) | LR: 7.15e-06 | 8917.4s
  | Step 191000/200000 | Total: -0.1055 (MSE: 0.0110, Sep: -0.3401, EST: 0.2354, GEN_INF_ONCE(-): 0.2354, Acc: 0.982) | LR: 5.98e-06 | 8964.1s
  | Step 192000/200000 | Total: -0.1166 (MSE: 0.0106, Sep: -0.3401, EST: 0.2240, GEN_INF_ONCE(-): 0.2240, Acc: 0.973) | LR: 4.94e-06 | 9010.8s
  | Step 193000/200000 | Total: -0.1365 (MSE: 0.0114, Sep: -0.3401, EST: 0.2023, GEN_INF_ONCE(-): 0.2023, Acc: 0.982) | LR: 4.02e-06 | 9057.5s
  | Step 194000/200000 | Total: -0.1424 (MSE: 0.0120, Sep: -0.3401, EST: 0.1955, GEN_INF_ONCE(-): 0.1955, Acc: 0.973) | LR: 3.22e-06 | 9104.3s
  | Step 195000/200000 | Total: -0.1340 (MSE: 0.0121, Sep: -0.3401, EST: 0.2043, GEN_INF_ONCE(-): 0.2043, Acc: 0.991) | LR: 2.54e-06 | 9151.1s
  | Step 196000/200000 | Total: -0.1159 (MSE: 0.0108, Sep: -0.3401, EST: 0.2246, GEN_INF_ONCE(-): 0.2246, Acc: 0.973) | LR: 1.99e-06 | 9197.8s
  | Step 197000/200000 | Total: -0.1122 (MSE: 0.0117, Sep: -0.3401, EST: 0.2277, GEN_INF_ONCE(-): 0.2277, Acc: 0.946) | LR: 1.55e-06 | 9244.8s
  | Step 198000/200000 | Total: -0.1014 (MSE: 0.0095, Sep: -0.3401, EST: 0.2413, GEN_INF_ONCE(-): 0.2413, Acc: 0.982) | LR: 1.25e-06 | 9291.8s
  | Step 199000/200000 | Total: -0.1645 (MSE: 0.0115, Sep: -0.3401, EST: 0.1728, GEN_INF_ONCE(-): 0.1728, Acc: 0.973) | LR: 1.06e-06 | 9338.8s
  | Step 200000/200000 | Total: -0.1344 (MSE: 0.0121, Sep: -0.3401, EST: 0.2038, GEN_INF_ONCE(-): 0.2038, Acc: 0.955) | LR: 1.00e-06 | 9386.0s
  | 
  | Training completed in 9386.0s (156.43 min)
  | Models saved to /home1/halbertb/Q3CIBC/checkpoints/hpsearch/trial_042/

  Training completed in 9416s
  Evaluating...

  Result: success_rate=48.00%, avg_reward=0.520
srun: Job step aborted: Waiting up to 32 seconds for job step to finish.
[2026-04-15T16:04:36.915] error: *** STEP 7975819.0 ON b17-15 CANCELLED AT 2026-04-15T16:04:36 DUE to SIGNAL Terminated ***
[2026-04-15T16:04:36.915] error: *** JOB 7975819 ON b17-15 CANCELLED AT 2026-04-15T16:04:36 DUE to SIGNAL Terminated ***
