==========================================
SLURM_JOB_ID = 8112467
SLURM_JOB_NODELIST = a03-06
TMPDIR = /tmp/SLURM_8112467
==========================================
Detected tunable params in combinedv2_cpascounter_training.py:
  - control_points  (search space: [20, 30, 50, 75, 100])
  - learning_rate  (search space: [0.0001, 0.0003, 0.0005, 0.001, 0.002, 0.005])
  - batch_size  (search space: [128, 256, 512])
  - counter_examples  (search space: [8, 16, 32, 64])
  - top_k_control_points  (search space: [10, 20, 50, 70])
  - separation_weight  (search space: [0.01, 0.05, 0.1, 0.2])
  - mse_weight  (search space: [1.0, 3.0, 5.0, 10.0])
  - info_nce_weight  (search space: [0.5, 1.0, 2.0])
  - generator_infonce_weight  (search space: [0.01, 0.05, 0.1, 0.2])
  - training_steps  (search space: [50000, 100000, 200000])
  - separation_loss  (search space: ['separation', 'entropy'])
  - entropy_bandwidth  (search space: [0.05, 0.1, 0.2])
  - num_hidden_layers  (search space: [2, 4, 8])
  - num_neurons  (search space: [128, 256, 512])
  - estimator_learning_rate  (search space: [0.0001, 0.0003, 0.0005, 0.001])
  - scheduler_type  (search space: ['cosine', 'cosine_warm_restarts'])
  - cosine_t0  (search space: [25000, 50000, 100000])
  - infonce_logit_clamp  (search space: [10.0, 20.0, 30.0, 50.0])
  - use_spectral_norm  (search space: [True, False])
  - cosine_t_max  (search space: [100000, 150000, 200000])

Baseline (current config):
  control_points = 30
  learning_rate = 0.001
  batch_size = 512
  counter_examples = 32
  top_k_control_points = 30
  separation_weight = 0.1
  mse_weight = 20.0
  info_nce_weight = 2.0
  generator_infonce_weight = 0.05
  training_steps = 200000
  separation_loss = entropy
  entropy_bandwidth = 0.1
  num_hidden_layers = 2
  num_neurons = 256
  infonce_logit_clamp = 20.0


================================================================================
TRIAL 46 — combinedv2_cpascounter_training.py
================================================================================
Parameters:
{
  "control_points": 30,
  "learning_rate": 0.001,
  "batch_size": 512,
  "counter_examples": 32,
  "top_k_control_points": 30,
  "separation_weight": 0.1,
  "mse_weight": 20.0,
  "info_nce_weight": 1.0,
  "generator_infonce_weight": 0.01,
  "training_steps": 200000,
  "separation_loss": "entropy",
  "entropy_bandwidth": 0.1,
  "num_hidden_layers": 2,
  "num_neurons": 256,
  "infonce_logit_clamp": 20.0
}

  Training (200000 steps)...
  | Using device: cuda
  | Active environment: particle
  | Training steps: 200000
  | Batch size: 512
  | Learning rate (generator): 0.001
  | Learning rate (estimator): 0.001
  | Scheduler: cosine
  | InfoNCE logit clamp: 20.0
  | Spectral norm (estimator): False
  | Top-k control points as counter examples: 30
  | Langevin counter examples (from counter_examples): 32
  | Frame stack: 2
  | Loading particle dataset...
  | 2026-04-16 21:40:07.744873: I tensorflow/core/platform/cpu_feature_guard.cc:210] This TensorFlow binary is optimized to use available CPU instructions in performance-critical operations.
  | To enable the following instructions: AVX2 FMA, in other operations, rebuild TensorFlow with the appropriate compiler flags.
  | WARNING: All log messages before absl::InitializeLog() is called are written to STDERR
  | I0000 00:00:1776400811.565424 2070592 gpu_device.cc:2020] Created device /job:localhost/replica:0/task:0/device:GPU:0 with 43683 MB memory:  -> device: 0, name: NVIDIA A40, pci bus id: 0000:25:00.0, compute capability: 8.6
  | 2026-04-16 21:40:11.838724: I tensorflow/core/kernels/data/tf_record_dataset_op.cc:390] TFRecordDataset `buffer_size` is unspecified, default to 262144
  | 2026-04-16 21:40:12.994679: I tensorflow/core/framework/local_rendezvous.cc:407] Local rendezvous is aborting with status: OUT_OF_RANGE: End of sequence
  | 2026-04-16 21:40:14.134947: I tensorflow/core/framework/local_rendezvous.cc:407] Local rendezvous is aborting with status: OUT_OF_RANGE: End of sequence
  | 2026-04-16 21:40:16.475170: I tensorflow/core/framework/local_rendezvous.cc:407] Local rendezvous is aborting with status: OUT_OF_RANGE: End of sequence
  | 2026-04-16 21:40:21.034558: I tensorflow/core/framework/local_rendezvous.cc:407] Local rendezvous is aborting with status: OUT_OF_RANGE: End of sequence
  | Dataset size: 102000
  | Particle dataset episodes: 2000 | Avg samples/episode: 51.00
  | Step 1000/200000 | Total: 0.9076 (MSE: 0.1773, Sep: -0.3318, EST: 1.0728, GEN_INF_ONCE(-): 1.0728, Acc: 0.786) | LR: 1.00e-03 | 116.3s
  | Step 2000/200000 | Total: 0.3930 (MSE: 0.1357, Sep: -0.3315, EST: 0.5947, GEN_INF_ONCE(-): 0.5947, Acc: 0.893) | LR: 1.00e-03 | 231.9s
  | Step 3000/200000 | Total: 0.1471 (MSE: 0.1410, Sep: -0.3333, EST: 0.3428, GEN_INF_ONCE(-): 0.3428, Acc: 0.946) | LR: 9.99e-04 | 347.0s
  | Step 4000/200000 | Total: 0.0064 (MSE: 0.1262, Sep: -0.3329, EST: 0.2152, GEN_INF_ONCE(-): 0.2152, Acc: 0.982) | LR: 9.99e-04 | 462.0s
  | Step 5000/200000 | Total: 0.0049 (MSE: 0.1212, Sep: -0.3364, EST: 0.2224, GEN_INF_ONCE(-): 0.2224, Acc: 0.973) | LR: 9.98e-04 | 577.0s
  | Step 6000/200000 | Total: -0.0399 (MSE: 0.1235, Sep: -0.3387, EST: 0.1770, GEN_INF_ONCE(-): 0.1770, Acc: 0.955) | LR: 9.98e-04 | 692.1s
  | Step 7000/200000 | Total: -0.1129 (MSE: 0.1255, Sep: -0.3387, EST: 0.1013, GEN_INF_ONCE(-): 0.1013, Acc: 0.982) | LR: 9.97e-04 | 807.5s
  | Step 8000/200000 | Total: -0.1431 (MSE: 0.1289, Sep: -0.3389, EST: 0.0675, GEN_INF_ONCE(-): 0.0675, Acc: 0.991) | LR: 9.96e-04 | 922.4s
  | Step 9000/200000 | Total: -0.1421 (MSE: 0.1328, Sep: -0.3387, EST: 0.0645, GEN_INF_ONCE(-): 0.0645, Acc: 0.982) | LR: 9.95e-04 | 1037.4s
  | Step 10000/200000 | Total: -0.1481 (MSE: 0.1237, Sep: -0.3389, EST: 0.0677, GEN_INF_ONCE(-): 0.0677, Acc: 0.991) | LR: 9.94e-04 | 1152.3s
  | Step 11000/200000 | Total: -0.1524 (MSE: 0.1043, Sep: -0.3389, EST: 0.0831, GEN_INF_ONCE(-): 0.0831, Acc: 0.964) | LR: 9.93e-04 | 1267.3s
  | Step 12000/200000 | Total: -0.1597 (MSE: 0.1143, Sep: -0.3389, EST: 0.0655, GEN_INF_ONCE(-): 0.0655, Acc: 0.982) | LR: 9.91e-04 | 1382.2s
  | Step 13000/200000 | Total: -0.1039 (MSE: 0.1075, Sep: -0.3391, EST: 0.1290, GEN_INF_ONCE(-): 0.1290, Acc: 0.955) | LR: 9.90e-04 | 1497.4s
  | Step 14000/200000 | Total: -0.1914 (MSE: 0.1127, Sep: -0.3389, EST: 0.0351, GEN_INF_ONCE(-): 0.0351, Acc: 0.991) | LR: 9.88e-04 | 1612.3s
  | Step 15000/200000 | Total: -0.1024 (MSE: 0.1056, Sep: -0.3392, EST: 0.1325, GEN_INF_ONCE(-): 0.1325, Acc: 0.946) | LR: 9.86e-04 | 1727.2s
  | Step 16000/200000 | Total: -0.1938 (MSE: 0.1088, Sep: -0.3395, EST: 0.0373, GEN_INF_ONCE(-): 0.0373, Acc: 0.991) | LR: 9.84e-04 | 1842.1s
  | Step 17000/200000 | Total: -0.1395 (MSE: 0.1036, Sep: -0.3394, EST: 0.0972, GEN_INF_ONCE(-): 0.0972, Acc: 0.955) | LR: 9.82e-04 | 1957.0s
  | Step 18000/200000 | Total: -0.1576 (MSE: 0.0890, Sep: -0.3395, EST: 0.0938, GEN_INF_ONCE(-): 0.0938, Acc: 0.973) | LR: 9.80e-04 | 2071.9s
  | Step 19000/200000 | Total: -0.1838 (MSE: 0.1010, Sep: -0.3394, EST: 0.0552, GEN_INF_ONCE(-): 0.0552, Acc: 0.982) | LR: 9.78e-04 | 2187.0s
  | Step 20000/200000 | Total: -0.2038 (MSE: 0.1047, Sep: -0.3395, EST: 0.0313, GEN_INF_ONCE(-): 0.0313, Acc: 1.000) | LR: 9.76e-04 | 2301.9s
  | Step 21000/200000 | Total: -0.1652 (MSE: 0.1025, Sep: -0.3397, EST: 0.0727, GEN_INF_ONCE(-): 0.0727, Acc: 0.973) | LR: 9.73e-04 | 2416.8s
  | Step 22000/200000 | Total: -0.2205 (MSE: 0.0864, Sep: -0.3393, EST: 0.0327, GEN_INF_ONCE(-): 0.0327, Acc: 1.000) | LR: 9.70e-04 | 2531.7s
  | Step 23000/200000 | Total: 0.0695 (MSE: 0.0862, Sep: -0.3396, EST: 0.3262, GEN_INF_ONCE(-): 0.3262, Acc: 0.857) | LR: 9.68e-04 | 2646.6s
  | Step 24000/200000 | Total: -0.2166 (MSE: 0.0802, Sep: -0.3395, EST: 0.0431, GEN_INF_ONCE(-): 0.0431, Acc: 0.982) | LR: 9.65e-04 | 2761.5s
  | Step 25000/200000 | Total: -0.1923 (MSE: 0.0940, Sep: -0.3394, EST: 0.0537, GEN_INF_ONCE(-): 0.0537, Acc: 0.982) | LR: 9.62e-04 | 2876.6s
  | Step 26000/200000 | Total: -0.2325 (MSE: 0.0843, Sep: -0.3395, EST: 0.0229, GEN_INF_ONCE(-): 0.0229, Acc: 1.000) | LR: 9.59e-04 | 2991.6s
  | Step 27000/200000 | Total: -0.2011 (MSE: 0.0852, Sep: -0.3396, EST: 0.0538, GEN_INF_ONCE(-): 0.0538, Acc: 0.991) | LR: 9.56e-04 | 3106.5s
  | Step 28000/200000 | Total: -0.2089 (MSE: 0.0860, Sep: -0.3396, EST: 0.0452, GEN_INF_ONCE(-): 0.0452, Acc: 0.973) | LR: 9.52e-04 | 3221.4s
  | Step 29000/200000 | Total: -0.1644 (MSE: 0.0791, Sep: -0.3396, EST: 0.0971, GEN_INF_ONCE(-): 0.0971, Acc: 0.955) | LR: 9.49e-04 | 3336.3s
  | Step 30000/200000 | Total: -0.1805 (MSE: 0.0801, Sep: -0.3397, EST: 0.0798, GEN_INF_ONCE(-): 0.0798, Acc: 0.973) | LR: 9.46e-04 | 3451.4s
  | Step 31000/200000 | Total: -0.0761 (MSE: 0.0719, Sep: -0.3397, EST: 0.1936, GEN_INF_ONCE(-): 0.1936, Acc: 0.929) | LR: 9.42e-04 | 3566.3s
  | Step 32000/200000 | Total: -0.2417 (MSE: 0.0730, Sep: -0.3396, EST: 0.0252, GEN_INF_ONCE(-): 0.0252, Acc: 0.991) | LR: 9.38e-04 | 3681.2s
  | Step 33000/200000 | Total: -0.2194 (MSE: 0.0765, Sep: -0.3394, EST: 0.0440, GEN_INF_ONCE(-): 0.0440, Acc: 0.991) | LR: 9.34e-04 | 3796.1s
  | Step 34000/200000 | Total: -0.1705 (MSE: 0.0809, Sep: -0.3396, EST: 0.0891, GEN_INF_ONCE(-): 0.0891, Acc: 0.973) | LR: 9.30e-04 | 3911.0s
  | Step 35000/200000 | Total: -0.1294 (MSE: 0.0839, Sep: -0.3396, EST: 0.1277, GEN_INF_ONCE(-): 0.1277, Acc: 0.964) | LR: 9.26e-04 | 4025.9s
  | Step 36000/200000 | Total: -0.0482 (MSE: 0.0621, Sep: -0.3397, EST: 0.2317, GEN_INF_ONCE(-): 0.2317, Acc: 0.902) | LR: 9.22e-04 | 4141.0s
  | Step 37000/200000 | Total: -0.0147 (MSE: 0.0737, Sep: -0.3396, EST: 0.2537, GEN_INF_ONCE(-): 0.2537, Acc: 0.929) | LR: 9.18e-04 | 4255.9s
  | Step 38000/200000 | Total: -0.2158 (MSE: 0.0694, Sep: -0.3396, EST: 0.0549, GEN_INF_ONCE(-): 0.0549, Acc: 0.982) | LR: 9.14e-04 | 4370.8s
  | Step 39000/200000 | Total: 0.1933 (MSE: 0.0755, Sep: -0.3397, EST: 0.4622, GEN_INF_ONCE(-): 0.4622, Acc: 0.795) | LR: 9.09e-04 | 4485.7s
  | Step 40000/200000 | Total: -0.0054 (MSE: 0.0705, Sep: -0.3395, EST: 0.2663, GEN_INF_ONCE(-): 0.2663, Acc: 0.875) | LR: 9.05e-04 | 4600.6s
  | Step 41000/200000 | Total: -0.0643 (MSE: 0.0739, Sep: -0.3396, EST: 0.2035, GEN_INF_ONCE(-): 0.2035, Acc: 0.920) | LR: 9.00e-04 | 4715.6s
  | Step 42000/200000 | Total: -0.1501 (MSE: 0.0590, Sep: -0.3395, EST: 0.1317, GEN_INF_ONCE(-): 0.1317, Acc: 0.946) | LR: 8.95e-04 | 4830.7s
  | Step 43000/200000 | Total: -0.2196 (MSE: 0.0651, Sep: -0.3395, EST: 0.0553, GEN_INF_ONCE(-): 0.0553, Acc: 0.991) | LR: 8.90e-04 | 4945.6s
  | Step 44000/200000 | Total: -0.1796 (MSE: 0.0636, Sep: -0.3396, EST: 0.0974, GEN_INF_ONCE(-): 0.0974, Acc: 0.955) | LR: 8.85e-04 | 5060.6s
  | Step 45000/200000 | Total: -0.2083 (MSE: 0.0619, Sep: -0.3397, EST: 0.0702, GEN_INF_ONCE(-): 0.0702, Acc: 0.964) | LR: 8.80e-04 | 5175.5s
  | Step 46000/200000 | Total: -0.1252 (MSE: 0.0582, Sep: -0.3398, EST: 0.1580, GEN_INF_ONCE(-): 0.1580, Acc: 0.955) | LR: 8.75e-04 | 5290.5s
  | Step 47000/200000 | Total: -0.1969 (MSE: 0.0673, Sep: -0.3397, EST: 0.0762, GEN_INF_ONCE(-): 0.0762, Acc: 0.982) | LR: 8.70e-04 | 5405.4s
  | Step 48000/200000 | Total: -0.2290 (MSE: 0.0669, Sep: -0.3396, EST: 0.0441, GEN_INF_ONCE(-): 0.0441, Acc: 0.964) | LR: 8.65e-04 | 5520.6s
  | Step 49000/200000 | Total: -0.2039 (MSE: 0.0690, Sep: -0.3397, EST: 0.0675, GEN_INF_ONCE(-): 0.0675, Acc: 0.973) | LR: 8.59e-04 | 5635.5s
  | Step 50000/200000 | Total: -0.2397 (MSE: 0.0794, Sep: -0.3397, EST: 0.0208, GEN_INF_ONCE(-): 0.0208, Acc: 0.991) | LR: 8.54e-04 | 5750.5s
  | Step 51000/200000 | Total: -0.1633 (MSE: 0.0632, Sep: -0.3395, EST: 0.1141, GEN_INF_ONCE(-): 0.1141, Acc: 0.946) | LR: 8.48e-04 | 5865.4s
  | Step 52000/200000 | Total: -0.2660 (MSE: 0.0518, Sep: -0.3395, EST: 0.0219, GEN_INF_ONCE(-): 0.0219, Acc: 1.000) | LR: 8.42e-04 | 5980.3s
  | Step 53000/200000 | Total: -0.1591 (MSE: 0.0607, Sep: -0.3397, EST: 0.1211, GEN_INF_ONCE(-): 0.1211, Acc: 0.955) | LR: 8.37e-04 | 6095.2s
  | Step 54000/200000 | Total: -0.1903 (MSE: 0.0570, Sep: -0.3394, EST: 0.0930, GEN_INF_ONCE(-): 0.0930, Acc: 0.964) | LR: 8.31e-04 | 6210.4s
  | Step 55000/200000 | Total: -0.1789 (MSE: 0.0678, Sep: -0.3396, EST: 0.0938, GEN_INF_ONCE(-): 0.0938, Acc: 0.964) | LR: 8.25e-04 | 6325.3s
  | Step 56000/200000 | Total: -0.1771 (MSE: 0.0632, Sep: -0.3394, EST: 0.1001, GEN_INF_ONCE(-): 0.1001, Acc: 0.982) | LR: 8.19e-04 | 6440.3s
  | Step 57000/200000 | Total: -0.1475 (MSE: 0.0633, Sep: -0.3397, EST: 0.1303, GEN_INF_ONCE(-): 0.1303, Acc: 0.973) | LR: 8.13e-04 | 6555.2s
  | Step 58000/200000 | Total: -0.0945 (MSE: 0.0577, Sep: -0.3393, EST: 0.1890, GEN_INF_ONCE(-): 0.1890, Acc: 0.929) | LR: 8.07e-04 | 6670.1s
  | Step 59000/200000 | Total: -0.2535 (MSE: 0.0576, Sep: -0.3394, EST: 0.0286, GEN_INF_ONCE(-): 0.0286, Acc: 1.000) | LR: 8.00e-04 | 6785.0s
  | Step 60000/200000 | Total: -0.0989 (MSE: 0.0545, Sep: -0.3396, EST: 0.1881, GEN_INF_ONCE(-): 0.1881, Acc: 0.893) | LR: 7.94e-04 | 6900.1s
  | Step 61000/200000 | Total: -0.1064 (MSE: 0.0516, Sep: -0.3396, EST: 0.1834, GEN_INF_ONCE(-): 0.1834, Acc: 0.902) | LR: 7.88e-04 | 7015.1s
  | Step 62000/200000 | Total: 0.1754 (MSE: 0.0471, Sep: -0.3396, EST: 0.4727, GEN_INF_ONCE(-): 0.4727, Acc: 0.839) | LR: 7.81e-04 | 7130.0s
  | Step 63000/200000 | Total: -0.2095 (MSE: 0.0445, Sep: -0.3393, EST: 0.0862, GEN_INF_ONCE(-): 0.0862, Acc: 0.982) | LR: 7.75e-04 | 7244.9s
  | Step 64000/200000 | Total: 0.2429 (MSE: 0.0539, Sep: -0.3396, EST: 0.5340, GEN_INF_ONCE(-): 0.5340, Acc: 0.848) | LR: 7.68e-04 | 7359.8s
  | Step 65000/200000 | Total: -0.0756 (MSE: 0.0426, Sep: -0.3396, EST: 0.2236, GEN_INF_ONCE(-): 0.2236, Acc: 0.920) | LR: 7.61e-04 | 7474.7s
  | Step 66000/200000 | Total: -0.1396 (MSE: 0.0557, Sep: -0.3395, EST: 0.1457, GEN_INF_ONCE(-): 0.1457, Acc: 0.920) | LR: 7.55e-04 | 7589.9s
  | Step 67000/200000 | Total: -0.0321 (MSE: 0.0562, Sep: -0.3396, EST: 0.2538, GEN_INF_ONCE(-): 0.2538, Acc: 0.866) | LR: 7.48e-04 | 7704.8s
  | Step 68000/200000 | Total: 0.1518 (MSE: 0.0499, Sep: -0.3396, EST: 0.4459, GEN_INF_ONCE(-): 0.4459, Acc: 0.884) | LR: 7.41e-04 | 7819.7s
  | Step 69000/200000 | Total: -0.1468 (MSE: 0.0428, Sep: -0.3394, EST: 0.1513, GEN_INF_ONCE(-): 0.1513, Acc: 0.946) | LR: 7.34e-04 | 7934.6s
  | Step 70000/200000 | Total: -0.1865 (MSE: 0.0476, Sep: -0.3396, EST: 0.1066, GEN_INF_ONCE(-): 0.1066, Acc: 0.964) | LR: 7.27e-04 | 8049.5s
  | Step 71000/200000 | Total: -0.0008 (MSE: 0.0339, Sep: -0.3395, EST: 0.3078, GEN_INF_ONCE(-): 0.3078, Acc: 0.857) | LR: 7.20e-04 | 8164.5s
  | Step 72000/200000 | Total: -0.1138 (MSE: 0.0468, Sep: -0.3396, EST: 0.1808, GEN_INF_ONCE(-): 0.1808, Acc: 0.920) | LR: 7.13e-04 | 8279.6s
  | Step 73000/200000 | Total: -0.1161 (MSE: 0.0484, Sep: -0.3397, EST: 0.1770, GEN_INF_ONCE(-): 0.1770, Acc: 0.929) | LR: 7.06e-04 | 8394.5s
  | Step 74000/200000 | Total: -0.2051 (MSE: 0.0359, Sep: -0.3395, EST: 0.0995, GEN_INF_ONCE(-): 0.0995, Acc: 0.973) | LR: 6.99e-04 | 8509.4s
  | Step 75000/200000 | Total: -0.1836 (MSE: 0.0361, Sep: -0.3395, EST: 0.1211, GEN_INF_ONCE(-): 0.1211, Acc: 0.955) | LR: 6.92e-04 | 8624.3s
  | Step 76000/200000 | Total: -0.2003 (MSE: 0.0397, Sep: -0.3398, EST: 0.1008, GEN_INF_ONCE(-): 0.1008, Acc: 0.946) | LR: 6.84e-04 | 8739.2s
  | Step 77000/200000 | Total: -0.1877 (MSE: 0.0377, Sep: -0.3395, EST: 0.1152, GEN_INF_ONCE(-): 0.1152, Acc: 0.964) | LR: 6.77e-04 | 8854.3s
  | Step 78000/200000 | Total: 0.0091 (MSE: 0.0359, Sep: -0.3396, EST: 0.3160, GEN_INF_ONCE(-): 0.3160, Acc: 0.830) | LR: 6.70e-04 | 8969.2s
  | Step 79000/200000 | Total: 0.5317 (MSE: 0.0376, Sep: -0.3395, EST: 0.8420, GEN_INF_ONCE(-): 0.8420, Acc: 0.893) | LR: 6.62e-04 | 9084.1s
  | Step 80000/200000 | Total: -0.2284 (MSE: 0.0426, Sep: -0.3394, EST: 0.0691, GEN_INF_ONCE(-): 0.0691, Acc: 1.000) | LR: 6.55e-04 | 9199.0s
  | Step 81000/200000 | Total: -0.1856 (MSE: 0.0345, Sep: -0.3395, EST: 0.1206, GEN_INF_ONCE(-): 0.1206, Acc: 0.964) | LR: 6.47e-04 | 9313.9s
  | Step 82000/200000 | Total: 0.3018 (MSE: 0.0374, Sep: -0.3398, EST: 0.6103, GEN_INF_ONCE(-): 0.6103, Acc: 0.732) | LR: 6.40e-04 | 9428.9s
  | Step 83000/200000 | Total: 0.2350 (MSE: 0.0282, Sep: -0.3396, EST: 0.5518, GEN_INF_ONCE(-): 0.5518, Acc: 0.804) | LR: 6.32e-04 | 9544.0s
  | Step 84000/200000 | Total: -0.0947 (MSE: 0.0342, Sep: -0.3398, EST: 0.2130, GEN_INF_ONCE(-): 0.2130, Acc: 0.902) | LR: 6.25e-04 | 9658.9s
  | Step 85000/200000 | Total: -0.1686 (MSE: 0.0350, Sep: -0.3395, EST: 0.1373, GEN_INF_ONCE(-): 0.1373, Acc: 0.955) | LR: 6.17e-04 | 9773.8s
  | Step 86000/200000 | Total: -0.2298 (MSE: 0.0333, Sep: -0.3398, EST: 0.0775, GEN_INF_ONCE(-): 0.0775, Acc: 0.982) | LR: 6.09e-04 | 9888.8s
  | Step 87000/200000 | Total: -0.0609 (MSE: 0.0293, Sep: -0.3395, EST: 0.2519, GEN_INF_ONCE(-): 0.2519, Acc: 0.902) | LR: 6.02e-04 | 10003.7s
  | Step 88000/200000 | Total: -0.0936 (MSE: 0.0272, Sep: -0.3396, EST: 0.2210, GEN_INF_ONCE(-): 0.2210, Acc: 0.875) | LR: 5.94e-04 | 10118.7s
  | Step 89000/200000 | Total: -0.2245 (MSE: 0.0365, Sep: -0.3395, EST: 0.0792, GEN_INF_ONCE(-): 0.0792, Acc: 0.964) | LR: 5.86e-04 | 10233.8s
  | Step 90000/200000 | Total: -0.1043 (MSE: 0.0226, Sep: -0.3395, EST: 0.2147, GEN_INF_ONCE(-): 0.2147, Acc: 0.893) | LR: 5.79e-04 | 10348.7s
  | Step 91000/200000 | Total: 0.3634 (MSE: 0.0297, Sep: -0.3396, EST: 0.6802, GEN_INF_ONCE(-): 0.6802, Acc: 0.723) | LR: 5.71e-04 | 10463.7s
  | Step 92000/200000 | Total: 0.0049 (MSE: 0.0309, Sep: -0.3398, EST: 0.3169, GEN_INF_ONCE(-): 0.3169, Acc: 0.902) | LR: 5.63e-04 | 10578.6s
  | Step 93000/200000 | Total: -0.1390 (MSE: 0.0387, Sep: -0.3395, EST: 0.1634, GEN_INF_ONCE(-): 0.1634, Acc: 0.955) | LR: 5.55e-04 | 10693.5s
  | Step 94000/200000 | Total: -0.2321 (MSE: 0.0296, Sep: -0.3395, EST: 0.0786, GEN_INF_ONCE(-): 0.0786, Acc: 0.982) | LR: 5.48e-04 | 10808.4s
  | Step 95000/200000 | Total: -0.2480 (MSE: 0.0350, Sep: -0.3396, EST: 0.0573, GEN_INF_ONCE(-): 0.0573, Acc: 0.982) | LR: 5.40e-04 | 10923.6s
  | Step 96000/200000 | Total: -0.1876 (MSE: 0.0233, Sep: -0.3395, EST: 0.1300, GEN_INF_ONCE(-): 0.1300, Acc: 0.946) | LR: 5.32e-04 | 11038.5s
  | Step 97000/200000 | Total: -0.1257 (MSE: 0.0229, Sep: -0.3397, EST: 0.1930, GEN_INF_ONCE(-): 0.1930, Acc: 0.911) | LR: 5.24e-04 | 11153.4s
  | Step 98000/200000 | Total: -0.1747 (MSE: 0.0269, Sep: -0.3395, EST: 0.1394, GEN_INF_ONCE(-): 0.1394, Acc: 0.964) | LR: 5.16e-04 | 11268.4s
  | Step 99000/200000 | Total: -0.2037 (MSE: 0.0235, Sep: -0.3395, EST: 0.1135, GEN_INF_ONCE(-): 0.1135, Acc: 0.973) | LR: 5.08e-04 | 11383.3s
  | Step 100000/200000 | Total: -0.1790 (MSE: 0.0253, Sep: -0.3397, EST: 0.1368, GEN_INF_ONCE(-): 0.1368, Acc: 0.946) | LR: 5.00e-04 | 11498.2s
  | Step 101000/200000 | Total: -0.1313 (MSE: 0.0287, Sep: -0.3398, EST: 0.1816, GEN_INF_ONCE(-): 0.1816, Acc: 0.911) | LR: 4.93e-04 | 11613.4s
  | Step 102000/200000 | Total: -0.0485 (MSE: 0.0250, Sep: -0.3397, EST: 0.2689, GEN_INF_ONCE(-): 0.2689, Acc: 0.848) | LR: 4.85e-04 | 11728.3s
  | Step 103000/200000 | Total: 0.3197 (MSE: 0.0197, Sep: -0.3397, EST: 0.6461, GEN_INF_ONCE(-): 0.6461, Acc: 0.750) | LR: 4.77e-04 | 11843.2s
  | Step 104000/200000 | Total: -0.0048 (MSE: 0.0315, Sep: -0.3397, EST: 0.3065, GEN_INF_ONCE(-): 0.3065, Acc: 0.875) | LR: 4.69e-04 | 11958.1s
  | Step 105000/200000 | Total: 0.2252 (MSE: 0.0196, Sep: -0.3396, EST: 0.5507, GEN_INF_ONCE(-): 0.5507, Acc: 0.741) | LR: 4.61e-04 | 12073.1s
  | Step 106000/200000 | Total: -0.1672 (MSE: 0.0196, Sep: -0.3395, EST: 0.1543, GEN_INF_ONCE(-): 0.1543, Acc: 0.946) | LR: 4.53e-04 | 12188.0s
  | Step 107000/200000 | Total: -0.1617 (MSE: 0.0203, Sep: -0.3398, EST: 0.1594, GEN_INF_ONCE(-): 0.1594, Acc: 0.929) | LR: 4.46e-04 | 12303.1s
  | Step 108000/200000 | Total: -0.2090 (MSE: 0.0285, Sep: -0.3396, EST: 0.1032, GEN_INF_ONCE(-): 0.1032, Acc: 0.964) | LR: 4.38e-04 | 12418.1s
  | Step 109000/200000 | Total: 0.3335 (MSE: 0.0171, Sep: -0.3396, EST: 0.6627, GEN_INF_ONCE(-): 0.6627, Acc: 0.705) | LR: 4.30e-04 | 12533.0s
  | Step 110000/200000 | Total: -0.1782 (MSE: 0.0171, Sep: -0.3398, EST: 0.1459, GEN_INF_ONCE(-): 0.1459, Acc: 0.991) | LR: 4.22e-04 | 12647.9s
  | Step 111000/200000 | Total: -0.1603 (MSE: 0.0196, Sep: -0.3394, EST: 0.1611, GEN_INF_ONCE(-): 0.1611, Acc: 0.955) | LR: 4.15e-04 | 12762.9s
  | Step 112000/200000 | Total: -0.1627 (MSE: 0.0188, Sep: -0.3395, EST: 0.1596, GEN_INF_ONCE(-): 0.1596, Acc: 0.938) | LR: 4.07e-04 | 12877.8s
  | Step 113000/200000 | Total: -0.1648 (MSE: 0.0216, Sep: -0.3397, EST: 0.1548, GEN_INF_ONCE(-): 0.1548, Acc: 0.938) | LR: 3.99e-04 | 12992.9s
  | Step 114000/200000 | Total: -0.1362 (MSE: 0.0173, Sep: -0.3396, EST: 0.1879, GEN_INF_ONCE(-): 0.1879, Acc: 0.902) | LR: 3.92e-04 | 13107.9s
  | Step 115000/200000 | Total: 0.0734 (MSE: 0.0229, Sep: -0.3396, EST: 0.3941, GEN_INF_ONCE(-): 0.3941, Acc: 0.786) | LR: 3.84e-04 | 13222.8s
  | Step 116000/200000 | Total: -0.0968 (MSE: 0.0201, Sep: -0.3397, EST: 0.2251, GEN_INF_ONCE(-): 0.2251, Acc: 0.884) | LR: 3.76e-04 | 13337.7s
  | Step 117000/200000 | Total: -0.1824 (MSE: 0.0160, Sep: -0.3397, EST: 0.1427, GEN_INF_ONCE(-): 0.1427, Acc: 0.955) | LR: 3.69e-04 | 13452.6s
  | Step 118000/200000 | Total: 0.1636 (MSE: 0.0180, Sep: -0.3397, EST: 0.4902, GEN_INF_ONCE(-): 0.4902, Acc: 0.759) | LR: 3.61e-04 | 13567.5s
  | Step 119000/200000 | Total: -0.1033 (MSE: 0.0171, Sep: -0.3393, EST: 0.2212, GEN_INF_ONCE(-): 0.2212, Acc: 0.920) | LR: 3.54e-04 | 13682.7s
  | Step 120000/200000 | Total: -0.2129 (MSE: 0.0183, Sep: -0.3396, EST: 0.1095, GEN_INF_ONCE(-): 0.1095, Acc: 0.991) | LR: 3.46e-04 | 13797.6s
  | Step 121000/200000 | Total: -0.1268 (MSE: 0.0186, Sep: -0.3396, EST: 0.1962, GEN_INF_ONCE(-): 0.1962, Acc: 0.955) | LR: 3.39e-04 | 13912.5s
  | Step 122000/200000 | Total: -0.1621 (MSE: 0.0155, Sep: -0.3397, EST: 0.1636, GEN_INF_ONCE(-): 0.1636, Acc: 0.946) | LR: 3.31e-04 | 14027.5s
  | Step 123000/200000 | Total: -0.1782 (MSE: 0.0151, Sep: -0.3396, EST: 0.1478, GEN_INF_ONCE(-): 0.1478, Acc: 0.955) | LR: 3.24e-04 | 14142.4s
  | Step 124000/200000 | Total: -0.1441 (MSE: 0.0153, Sep: -0.3395, EST: 0.1820, GEN_INF_ONCE(-): 0.1820, Acc: 0.911) | LR: 3.17e-04 | 14257.5s
  | Step 125000/200000 | Total: -0.1384 (MSE: 0.0144, Sep: -0.3398, EST: 0.1888, GEN_INF_ONCE(-): 0.1888, Acc: 0.929) | LR: 3.09e-04 | 14372.4s
  | Step 126000/200000 | Total: -0.1761 (MSE: 0.0165, Sep: -0.3395, EST: 0.1484, GEN_INF_ONCE(-): 0.1484, Acc: 0.955) | LR: 3.02e-04 | 14487.4s
  | Step 127000/200000 | Total: -0.1730 (MSE: 0.0154, Sep: -0.3395, EST: 0.1526, GEN_INF_ONCE(-): 0.1526, Acc: 0.938) | LR: 2.95e-04 | 14602.3s
  | Step 128000/200000 | Total: -0.1960 (MSE: 0.0139, Sep: -0.3396, EST: 0.1310, GEN_INF_ONCE(-): 0.1310, Acc: 0.955) | LR: 2.88e-04 | 14717.3s
  | Step 129000/200000 | Total: -0.1760 (MSE: 0.0141, Sep: -0.3396, EST: 0.1509, GEN_INF_ONCE(-): 0.1509, Acc: 0.955) | LR: 2.81e-04 | 14832.2s
  | Step 130000/200000 | Total: -0.1666 (MSE: 0.0158, Sep: -0.3395, EST: 0.1587, GEN_INF_ONCE(-): 0.1587, Acc: 0.955) | LR: 2.74e-04 | 14947.3s
  | Step 131000/200000 | Total: -0.1205 (MSE: 0.0141, Sep: -0.3396, EST: 0.2071, GEN_INF_ONCE(-): 0.2071, Acc: 0.929) | LR: 2.67e-04 | 15062.3s
  | Step 132000/200000 | Total: -0.1527 (MSE: 0.0122, Sep: -0.3395, EST: 0.1764, GEN_INF_ONCE(-): 0.1764, Acc: 0.946) | LR: 2.60e-04 | 15177.2s
  | Step 133000/200000 | Total: -0.1910 (MSE: 0.0155, Sep: -0.3395, EST: 0.1344, GEN_INF_ONCE(-): 0.1344, Acc: 0.946) | LR: 2.53e-04 | 15292.1s
  | Step 134000/200000 | Total: -0.2082 (MSE: 0.0147, Sep: -0.3393, EST: 0.1176, GEN_INF_ONCE(-): 0.1176, Acc: 0.973) | LR: 2.46e-04 | 15407.0s
  | Step 135000/200000 | Total: -0.1833 (MSE: 0.0142, Sep: -0.3395, EST: 0.1434, GEN_INF_ONCE(-): 0.1434, Acc: 0.964) | LR: 2.40e-04 | 15521.9s
  | Step 136000/200000 | Total: -0.2317 (MSE: 0.0140, Sep: -0.3397, EST: 0.0949, GEN_INF_ONCE(-): 0.0949, Acc: 0.982) | LR: 2.33e-04 | 15637.0s
  | Step 137000/200000 | Total: -0.1842 (MSE: 0.0167, Sep: -0.3397, EST: 0.1402, GEN_INF_ONCE(-): 0.1402, Acc: 0.938) | LR: 2.26e-04 | 15752.0s
  | Step 138000/200000 | Total: -0.1886 (MSE: 0.0129, Sep: -0.3397, EST: 0.1396, GEN_INF_ONCE(-): 0.1396, Acc: 0.946) | LR: 2.20e-04 | 15866.9s
  | Step 139000/200000 | Total: -0.2426 (MSE: 0.0130, Sep: -0.3396, EST: 0.0849, GEN_INF_ONCE(-): 0.0849, Acc: 0.982) | LR: 2.13e-04 | 15981.8s
  | Step 140000/200000 | Total: -0.2137 (MSE: 0.0113, Sep: -0.3396, EST: 0.1156, GEN_INF_ONCE(-): 0.1156, Acc: 0.973) | LR: 2.07e-04 | 16096.7s
  | Step 141000/200000 | Total: -0.2461 (MSE: 0.0138, Sep: -0.3397, EST: 0.0807, GEN_INF_ONCE(-): 0.0807, Acc: 0.982) | LR: 2.01e-04 | 16211.6s
  | Step 142000/200000 | Total: -0.1820 (MSE: 0.0127, Sep: -0.3395, EST: 0.1462, GEN_INF_ONCE(-): 0.1462, Acc: 0.946) | LR: 1.94e-04 | 16326.7s
  | Step 143000/200000 | Total: -0.1156 (MSE: 0.0122, Sep: -0.3397, EST: 0.2141, GEN_INF_ONCE(-): 0.2141, Acc: 0.884) | LR: 1.88e-04 | 16441.7s
  | Step 144000/200000 | Total: -0.2067 (MSE: 0.0145, Sep: -0.3397, EST: 0.1197, GEN_INF_ONCE(-): 0.1197, Acc: 0.938) | LR: 1.82e-04 | 16556.6s
  | Step 145000/200000 | Total: -0.2264 (MSE: 0.0140, Sep: -0.3396, EST: 0.1003, GEN_INF_ONCE(-): 0.1003, Acc: 0.964) | LR: 1.76e-04 | 16671.5s
  | Step 146000/200000 | Total: -0.1949 (MSE: 0.0132, Sep: -0.3394, EST: 0.1326, GEN_INF_ONCE(-): 0.1326, Acc: 0.982) | LR: 1.70e-04 | 16786.5s
  | Step 147000/200000 | Total: -0.1785 (MSE: 0.0104, Sep: -0.3395, EST: 0.1522, GEN_INF_ONCE(-): 0.1522, Acc: 0.946) | LR: 1.64e-04 | 16901.4s
  | Step 148000/200000 | Total: -0.2262 (MSE: 0.0106, Sep: -0.3395, EST: 0.1037, GEN_INF_ONCE(-): 0.1037, Acc: 0.973) | LR: 1.59e-04 | 17016.5s
  | Step 149000/200000 | Total: -0.2263 (MSE: 0.0124, Sep: -0.3397, EST: 0.1021, GEN_INF_ONCE(-): 0.1021, Acc: 0.982) | LR: 1.53e-04 | 17131.5s
  | Step 150000/200000 | Total: -0.2034 (MSE: 0.0122, Sep: -0.3396, EST: 0.1252, GEN_INF_ONCE(-): 0.1252, Acc: 0.955) | LR: 1.47e-04 | 17246.4s
  | Step 151000/200000 | Total: -0.1989 (MSE: 0.0124, Sep: -0.3397, EST: 0.1297, GEN_INF_ONCE(-): 0.1297, Acc: 0.929) | LR: 1.42e-04 | 17361.3s
  | Step 152000/200000 | Total: -0.2481 (MSE: 0.0113, Sep: -0.3395, EST: 0.0809, GEN_INF_ONCE(-): 0.0809, Acc: 0.991) | LR: 1.36e-04 | 17476.3s
  | Step 153000/200000 | Total: -0.2278 (MSE: 0.0109, Sep: -0.3396, EST: 0.1019, GEN_INF_ONCE(-): 0.1019, Acc: 0.964) | LR: 1.31e-04 | 17591.2s
  | Step 154000/200000 | Total: -0.1658 (MSE: 0.0121, Sep: -0.3396, EST: 0.1634, GEN_INF_ONCE(-): 0.1634, Acc: 0.938) | LR: 1.26e-04 | 17706.3s
  | Step 155000/200000 | Total: -0.2326 (MSE: 0.0116, Sep: -0.3394, EST: 0.0961, GEN_INF_ONCE(-): 0.0961, Acc: 0.982) | LR: 1.21e-04 | 17821.2s
  | Step 156000/200000 | Total: -0.2307 (MSE: 0.0112, Sep: -0.3394, EST: 0.0984, GEN_INF_ONCE(-): 0.0984, Acc: 0.982) | LR: 1.16e-04 | 17936.2s
  | Step 157000/200000 | Total: -0.1666 (MSE: 0.0122, Sep: -0.3396, EST: 0.1624, GEN_INF_ONCE(-): 0.1624, Acc: 0.955) | LR: 1.11e-04 | 18051.1s
  | Step 158000/200000 | Total: -0.2503 (MSE: 0.0102, Sep: -0.3397, EST: 0.0800, GEN_INF_ONCE(-): 0.0800, Acc: 0.991) | LR: 1.06e-04 | 18166.0s
  | Step 159000/200000 | Total: -0.1989 (MSE: 0.0123, Sep: -0.3398, EST: 0.1299, GEN_INF_ONCE(-): 0.1299, Acc: 0.973) | LR: 1.01e-04 | 18281.0s
  | Step 160000/200000 | Total: -0.2547 (MSE: 0.0113, Sep: -0.3397, EST: 0.0744, GEN_INF_ONCE(-): 0.0744, Acc: 0.982) | LR: 9.64e-05 | 18396.1s
  | Step 161000/200000 | Total: -0.2298 (MSE: 0.0113, Sep: -0.3393, EST: 0.0993, GEN_INF_ONCE(-): 0.0993, Acc: 0.991) | LR: 9.18e-05 | 18511.0s
  | Step 162000/200000 | Total: -0.2540 (MSE: 0.0098, Sep: -0.3398, EST: 0.0767, GEN_INF_ONCE(-): 0.0767, Acc: 0.973) | LR: 8.74e-05 | 18626.0s
  | Step 163000/200000 | Total: -0.2466 (MSE: 0.0114, Sep: -0.3396, EST: 0.0825, GEN_INF_ONCE(-): 0.0825, Acc: 1.000) | LR: 8.30e-05 | 18740.9s
  | Step 164000/200000 | Total: -0.2539 (MSE: 0.0105, Sep: -0.3396, EST: 0.0760, GEN_INF_ONCE(-): 0.0760, Acc: 0.991) | LR: 7.88e-05 | 18855.9s
  | Step 165000/200000 | Total: -0.2550 (MSE: 0.0105, Sep: -0.3395, EST: 0.0748, GEN_INF_ONCE(-): 0.0748, Acc: 1.000) | LR: 7.46e-05 | 18970.8s
  | Step 166000/200000 | Total: -0.2736 (MSE: 0.0120, Sep: -0.3395, EST: 0.0545, GEN_INF_ONCE(-): 0.0545, Acc: 0.991) | LR: 7.06e-05 | 19085.9s
  | Step 167000/200000 | Total: -0.2260 (MSE: 0.0115, Sep: -0.3395, EST: 0.1030, GEN_INF_ONCE(-): 0.1030, Acc: 0.964) | LR: 6.66e-05 | 19200.8s
  | Step 168000/200000 | Total: -0.2707 (MSE: 0.0110, Sep: -0.3395, EST: 0.0585, GEN_INF_ONCE(-): 0.0585, Acc: 1.000) | LR: 6.28e-05 | 19315.7s
  | Step 169000/200000 | Total: -0.2665 (MSE: 0.0114, Sep: -0.3398, EST: 0.0625, GEN_INF_ONCE(-): 0.0625, Acc: 0.991) | LR: 5.91e-05 | 19430.7s
  | Step 170000/200000 | Total: -0.2256 (MSE: 0.0098, Sep: -0.3396, EST: 0.1053, GEN_INF_ONCE(-): 0.1053, Acc: 0.973) | LR: 5.54e-05 | 19545.6s
  | Step 171000/200000 | Total: -0.2626 (MSE: 0.0105, Sep: -0.3397, EST: 0.0673, GEN_INF_ONCE(-): 0.0673, Acc: 0.991) | LR: 5.19e-05 | 19660.7s
  | Step 172000/200000 | Total: -0.2797 (MSE: 0.0101, Sep: -0.3395, EST: 0.0502, GEN_INF_ONCE(-): 0.0502, Acc: 1.000) | LR: 4.85e-05 | 19775.6s
  | Step 173000/200000 | Total: -0.2683 (MSE: 0.0106, Sep: -0.3394, EST: 0.0611, GEN_INF_ONCE(-): 0.0611, Acc: 0.982) | LR: 4.53e-05 | 19890.6s
  | Step 174000/200000 | Total: -0.2542 (MSE: 0.0112, Sep: -0.3397, EST: 0.0750, GEN_INF_ONCE(-): 0.0750, Acc: 1.000) | LR: 4.21e-05 | 20005.6s
  | Step 175000/200000 | Total: -0.2715 (MSE: 0.0100, Sep: -0.3397, EST: 0.0589, GEN_INF_ONCE(-): 0.0589, Acc: 1.000) | LR: 3.90e-05 | 20120.5s
  | Step 176000/200000 | Total: -0.2642 (MSE: 0.0110, Sep: -0.3395, EST: 0.0649, GEN_INF_ONCE(-): 0.0649, Acc: 1.000) | LR: 3.61e-05 | 20235.4s
  | Step 177000/200000 | Total: -0.2325 (MSE: 0.0092, Sep: -0.3396, EST: 0.0989, GEN_INF_ONCE(-): 0.0989, Acc: 0.973) | LR: 3.32e-05 | 20350.6s
  | Step 178000/200000 | Total: -0.2699 (MSE: 0.0096, Sep: -0.3396, EST: 0.0607, GEN_INF_ONCE(-): 0.0607, Acc: 0.991) | LR: 3.05e-05 | 20465.5s
  | Step 179000/200000 | Total: -0.2797 (MSE: 0.0114, Sep: -0.3396, EST: 0.0490, GEN_INF_ONCE(-): 0.0490, Acc: 0.991) | LR: 2.79e-05 | 20580.4s
  | Step 180000/200000 | Total: -0.2433 (MSE: 0.0108, Sep: -0.3395, EST: 0.0862, GEN_INF_ONCE(-): 0.0862, Acc: 0.982) | LR: 2.54e-05 | 20695.4s
  | Step 181000/200000 | Total: -0.2576 (MSE: 0.0109, Sep: -0.3398, EST: 0.0720, GEN_INF_ONCE(-): 0.0720, Acc: 0.991) | LR: 2.31e-05 | 20810.3s
  | Step 182000/200000 | Total: -0.2742 (MSE: 0.0093, Sep: -0.3396, EST: 0.0566, GEN_INF_ONCE(-): 0.0566, Acc: 0.991) | LR: 2.08e-05 | 20925.2s
  | Step 183000/200000 | Total: -0.2677 (MSE: 0.0120, Sep: -0.3396, EST: 0.0605, GEN_INF_ONCE(-): 0.0605, Acc: 0.991) | LR: 1.87e-05 | 21040.4s
  | Step 184000/200000 | Total: -0.2541 (MSE: 0.0093, Sep: -0.3395, EST: 0.0769, GEN_INF_ONCE(-): 0.0769, Acc: 1.000) | LR: 1.67e-05 | 21155.3s
  | Step 185000/200000 | Total: -0.2585 (MSE: 0.0097, Sep: -0.3396, EST: 0.0721, GEN_INF_ONCE(-): 0.0721, Acc: 0.991) | LR: 1.48e-05 | 21270.2s
  | Step 186000/200000 | Total: -0.2763 (MSE: 0.0100, Sep: -0.3395, EST: 0.0537, GEN_INF_ONCE(-): 0.0537, Acc: 1.000) | LR: 1.30e-05 | 21385.1s
  | Step 187000/200000 | Total: -0.2456 (MSE: 0.0093, Sep: -0.3395, EST: 0.0854, GEN_INF_ONCE(-): 0.0854, Acc: 1.000) | LR: 1.14e-05 | 21500.0s
  | Step 188000/200000 | Total: -0.2528 (MSE: 0.0106, Sep: -0.3397, EST: 0.0771, GEN_INF_ONCE(-): 0.0771, Acc: 0.982) | LR: 9.85e-06 | 21614.9s
  | Step 189000/200000 | Total: -0.2726 (MSE: 0.0106, Sep: -0.3396, EST: 0.0570, GEN_INF_ONCE(-): 0.0570, Acc: 0.991) | LR: 8.44e-06 | 21730.0s
  | Step 190000/200000 | Total: -0.2370 (MSE: 0.0116, Sep: -0.3397, EST: 0.0920, GEN_INF_ONCE(-): 0.0920, Acc: 0.991) | LR: 7.15e-06 | 21845.0s
  | Step 191000/200000 | Total: -0.2697 (MSE: 0.0099, Sep: -0.3398, EST: 0.0608, GEN_INF_ONCE(-): 0.0608, Acc: 0.982) | LR: 5.98e-06 | 21959.9s
  | Step 192000/200000 | Total: -0.2454 (MSE: 0.0105, Sep: -0.3396, EST: 0.0845, GEN_INF_ONCE(-): 0.0845, Acc: 0.973) | LR: 4.94e-06 | 22074.8s
  | Step 193000/200000 | Total: -0.2584 (MSE: 0.0112, Sep: -0.3397, EST: 0.0708, GEN_INF_ONCE(-): 0.0708, Acc: 1.000) | LR: 4.02e-06 | 22189.8s
  | Step 194000/200000 | Total: -0.2785 (MSE: 0.0108, Sep: -0.3397, EST: 0.0509, GEN_INF_ONCE(-): 0.0509, Acc: 0.991) | LR: 3.22e-06 | 22304.7s
  | Step 195000/200000 | Total: -0.2823 (MSE: 0.0102, Sep: -0.3394, EST: 0.0474, GEN_INF_ONCE(-): 0.0474, Acc: 1.000) | LR: 2.54e-06 | 22419.8s
  | Step 196000/200000 | Total: -0.2550 (MSE: 0.0113, Sep: -0.3396, EST: 0.0741, GEN_INF_ONCE(-): 0.0741, Acc: 0.973) | LR: 1.99e-06 | 22534.7s
  | Step 197000/200000 | Total: -0.2824 (MSE: 0.0100, Sep: -0.3396, EST: 0.0478, GEN_INF_ONCE(-): 0.0478, Acc: 1.000) | LR: 1.55e-06 | 22649.6s
  | Step 198000/200000 | Total: -0.2636 (MSE: 0.0106, Sep: -0.3397, EST: 0.0662, GEN_INF_ONCE(-): 0.0662, Acc: 1.000) | LR: 1.25e-06 | 22764.5s
  | Step 199000/200000 | Total: -0.2326 (MSE: 0.0091, Sep: -0.3397, EST: 0.0990, GEN_INF_ONCE(-): 0.0990, Acc: 0.973) | LR: 1.06e-06 | 22879.4s
  | Step 200000/200000 | Total: -0.2577 (MSE: 0.0096, Sep: -0.3397, EST: 0.0732, GEN_INF_ONCE(-): 0.0732, Acc: 1.000) | LR: 1.00e-06 | 22994.3s
  | 
  | Training completed in 22994.3s (383.24 min)
  | Models saved to /home1/halbertb/Q3CIBC/checkpoints/hpsearch/trial_046/

  Training completed in 23016s
  Evaluating...

  Result: success_rate=50.00%, avg_reward=0.500
