==========================================
SLURM_JOB_ID = 8153623
SLURM_JOB_NODELIST = d13-09
TMPDIR = /tmp/SLURM_8153623
==========================================
Detected tunable params in combinedv2_cpascounter_training.py:
  - control_points  (search space: [20, 30, 50, 75, 100])
  - learning_rate  (search space: [0.0001, 0.0003, 0.0005, 0.001, 0.002, 0.005])
  - batch_size  (search space: [128, 256, 512])
  - counter_examples  (search space: [8, 16, 32, 64])
  - top_k_control_points  (search space: [10, 20, 50, 70])
  - separation_weight  (search space: [0.01, 0.05, 0.1, 0.2])
  - mse_weight  (search space: [1.0, 3.0, 5.0, 10.0])
  - info_nce_weight  (search space: [0.5, 1.0, 2.0])
  - generator_infonce_weight  (search space: [0.01, 0.05, 0.1, 0.2])
  - training_steps  (search space: [50000, 100000, 200000])
  - separation_loss  (search space: ['separation', 'entropy'])
  - entropy_bandwidth  (search space: [0.05, 0.1, 0.2])
  - num_hidden_layers  (search space: [2, 4, 8])
  - num_neurons  (search space: [128, 256, 512])
  - estimator_learning_rate  (search space: [0.0001, 0.0003, 0.0005, 0.001])
  - scheduler_type  (search space: ['cosine', 'cosine_warm_restarts'])
  - cosine_t0  (search space: [25000, 50000, 100000])
  - infonce_logit_clamp  (search space: [10.0, 20.0, 30.0, 50.0])
  - use_spectral_norm  (search space: [True, False])
  - cosine_t_max  (search space: [100000, 150000, 200000])

Baseline (current config):
  control_points = 30
  learning_rate = 0.001
  batch_size = 256
  counter_examples = 0
  top_k_control_points = 30
  separation_weight = 0.1
  mse_weight = 20.0
  info_nce_weight = 1.0
  generator_infonce_weight = 0.05
  training_steps = 200000
  separation_loss = entropy
  entropy_bandwidth = 0.1
  num_hidden_layers = 2
  num_neurons = 256
  infonce_logit_clamp = 20.0


================================================================================
TRIAL 49 — combinedv2_cpascounter_training.py
================================================================================
Parameters:
{
  "control_points": 30,
  "learning_rate": 0.001,
  "batch_size": 256,
  "counter_examples": 0,
  "top_k_control_points": 30,
  "separation_weight": 0.1,
  "mse_weight": 20.0,
  "info_nce_weight": 1.0,
  "generator_infonce_weight": 0.05,
  "training_steps": 200000,
  "separation_loss": "entropy",
  "entropy_bandwidth": 0.1,
  "num_hidden_layers": 2,
  "num_neurons": 256,
  "infonce_logit_clamp": 20.0
}

  Training (200000 steps)...
  | Using device: cuda
  | Active environment: particle
  | Training steps: 200000
  | Batch size: 256
  | Learning rate (generator): 0.001
  | Learning rate (estimator): 0.001
  | Scheduler: cosine
  | InfoNCE logit clamp: 20.0
  | Spectral norm (estimator): False
  | Top-k control points as counter examples: 30
  | Langevin counter examples (from counter_examples): 0
  | Frame stack: 2
  | Loading particle dataset...
  | 2026-04-18 02:22:56.315141: I tensorflow/core/platform/cpu_feature_guard.cc:210] This TensorFlow binary is optimized to use available CPU instructions in performance-critical operations.
  | To enable the following instructions: AVX2 AVX512F FMA, in other operations, rebuild TensorFlow with the appropriate compiler flags.
  | WARNING: All log messages before absl::InitializeLog() is called are written to STDERR
  | I0000 00:00:1776504184.862124 1756171 gpu_device.cc:2020] Created device /job:localhost/replica:0/task:0/device:GPU:0 with 31134 MB memory:  -> device: 0, name: Tesla V100-PCIE-32GB, pci bus id: 0000:3b:00.0, compute capability: 7.0
  | 2026-04-18 02:23:05.179002: I tensorflow/core/kernels/data/tf_record_dataset_op.cc:390] TFRecordDataset `buffer_size` is unspecified, default to 262144
  | 2026-04-18 02:23:06.321325: I tensorflow/core/framework/local_rendezvous.cc:407] Local rendezvous is aborting with status: OUT_OF_RANGE: End of sequence
  | 2026-04-18 02:23:07.478914: I tensorflow/core/framework/local_rendezvous.cc:407] Local rendezvous is aborting with status: OUT_OF_RANGE: End of sequence
  | 2026-04-18 02:23:09.785361: I tensorflow/core/framework/local_rendezvous.cc:407] Local rendezvous is aborting with status: OUT_OF_RANGE: End of sequence
  | 2026-04-18 02:23:14.403019: I tensorflow/core/framework/local_rendezvous.cc:407] Local rendezvous is aborting with status: OUT_OF_RANGE: End of sequence
  | Dataset size: 102000
  | Particle dataset episodes: 2000 | Avg samples/episode: 51.00
  | Step 1000/200000 | Total: 1.0911 (MSE: 0.1763, Sep: -0.3326, EST: 1.3131, GEN_INF_ONCE(-): 1.3131, Acc: 0.715) | LR: 1.00e-03 | 9.6s
  | Step 2000/200000 | Total: 0.6209 (MSE: 0.1616, Sep: -0.3329, EST: 0.8339, GEN_INF_ONCE(-): 0.8339, Acc: 0.836) | LR: 1.00e-03 | 17.5s
  | Step 3000/200000 | Total: 0.2555 (MSE: 0.1539, Sep: -0.3332, EST: 0.4577, GEN_INF_ONCE(-): 0.4577, Acc: 0.918) | LR: 9.99e-04 | 25.5s
  | Step 4000/200000 | Total: 0.3482 (MSE: 0.1384, Sep: -0.3321, EST: 0.5705, GEN_INF_ONCE(-): 0.5705, Acc: 0.887) | LR: 9.99e-04 | 33.5s
  | Step 5000/200000 | Total: 0.0368 (MSE: 0.1360, Sep: -0.3353, EST: 0.2486, GEN_INF_ONCE(-): 0.2486, Acc: 0.961) | LR: 9.98e-04 | 41.4s
  | Step 6000/200000 | Total: 0.0402 (MSE: 0.1350, Sep: -0.3353, EST: 0.2531, GEN_INF_ONCE(-): 0.2531, Acc: 0.949) | LR: 9.98e-04 | 49.4s
  | Step 7000/200000 | Total: 0.0020 (MSE: 0.1268, Sep: -0.3370, EST: 0.2234, GEN_INF_ONCE(-): 0.2234, Acc: 0.957) | LR: 9.97e-04 | 57.4s
  | Step 8000/200000 | Total: -0.0063 (MSE: 0.1321, Sep: -0.3397, EST: 0.2119, GEN_INF_ONCE(-): 0.2119, Acc: 0.941) | LR: 9.96e-04 | 65.3s
  | Step 9000/200000 | Total: -0.0598 (MSE: 0.1172, Sep: -0.3399, EST: 0.1715, GEN_INF_ONCE(-): 0.1715, Acc: 0.949) | LR: 9.95e-04 | 73.2s
  | Step 10000/200000 | Total: -0.0375 (MSE: 0.1124, Sep: -0.3401, EST: 0.2002, GEN_INF_ONCE(-): 0.2002, Acc: 0.914) | LR: 9.94e-04 | 81.2s
  | Step 11000/200000 | Total: -0.1100 (MSE: 0.1155, Sep: -0.3401, EST: 0.1207, GEN_INF_ONCE(-): 0.1207, Acc: 0.973) | LR: 9.93e-04 | 89.1s
  | Step 12000/200000 | Total: -0.1124 (MSE: 0.1015, Sep: -0.3401, EST: 0.1329, GEN_INF_ONCE(-): 0.1329, Acc: 0.965) | LR: 9.91e-04 | 97.0s
  | Step 13000/200000 | Total: -0.0497 (MSE: 0.1264, Sep: -0.3401, EST: 0.1726, GEN_INF_ONCE(-): 0.1726, Acc: 0.957) | LR: 9.90e-04 | 105.0s
  | Step 14000/200000 | Total: -0.1240 (MSE: 0.1025, Sep: -0.3401, EST: 0.1196, GEN_INF_ONCE(-): 0.1196, Acc: 0.969) | LR: 9.88e-04 | 112.9s
  | Step 15000/200000 | Total: -0.0934 (MSE: 0.0914, Sep: -0.3401, EST: 0.1635, GEN_INF_ONCE(-): 0.1635, Acc: 0.938) | LR: 9.86e-04 | 120.7s
  | Step 16000/200000 | Total: -0.0826 (MSE: 0.0962, Sep: -0.3401, EST: 0.1698, GEN_INF_ONCE(-): 0.1698, Acc: 0.949) | LR: 9.84e-04 | 128.7s
  | Step 17000/200000 | Total: -0.1442 (MSE: 0.0925, Sep: -0.3401, EST: 0.1089, GEN_INF_ONCE(-): 0.1089, Acc: 0.957) | LR: 9.82e-04 | 136.6s
  | Step 18000/200000 | Total: -0.0756 (MSE: 0.0911, Sep: -0.3401, EST: 0.1826, GEN_INF_ONCE(-): 0.1826, Acc: 0.945) | LR: 9.80e-04 | 144.5s
  | Step 19000/200000 | Total: -0.1070 (MSE: 0.0824, Sep: -0.3401, EST: 0.1587, GEN_INF_ONCE(-): 0.1587, Acc: 0.945) | LR: 9.78e-04 | 152.4s
  | Step 20000/200000 | Total: 0.1551 (MSE: 0.0980, Sep: -0.3401, EST: 0.4181, GEN_INF_ONCE(-): 0.4181, Acc: 0.852) | LR: 9.76e-04 | 160.4s
  | Step 21000/200000 | Total: -0.1784 (MSE: 0.0843, Sep: -0.3401, EST: 0.0816, GEN_INF_ONCE(-): 0.0816, Acc: 0.977) | LR: 9.73e-04 | 168.5s
  | Step 22000/200000 | Total: -0.0601 (MSE: 0.0898, Sep: -0.3401, EST: 0.2002, GEN_INF_ONCE(-): 0.2002, Acc: 0.906) | LR: 9.70e-04 | 176.4s
  | Step 23000/200000 | Total: -0.0220 (MSE: 0.0880, Sep: -0.3401, EST: 0.2422, GEN_INF_ONCE(-): 0.2422, Acc: 0.898) | LR: 9.68e-04 | 184.3s
  | Step 24000/200000 | Total: -0.0071 (MSE: 0.0783, Sep: -0.3401, EST: 0.2681, GEN_INF_ONCE(-): 0.2681, Acc: 0.902) | LR: 9.65e-04 | 192.3s
  | Step 25000/200000 | Total: -0.0990 (MSE: 0.0866, Sep: -0.3401, EST: 0.1626, GEN_INF_ONCE(-): 0.1626, Acc: 0.945) | LR: 9.62e-04 | 200.1s
  | Step 26000/200000 | Total: 0.1764 (MSE: 0.0871, Sep: -0.3401, EST: 0.4520, GEN_INF_ONCE(-): 0.4520, Acc: 0.812) | LR: 9.59e-04 | 208.1s
  | Step 27000/200000 | Total: -0.1608 (MSE: 0.0876, Sep: -0.3401, EST: 0.0966, GEN_INF_ONCE(-): 0.0966, Acc: 0.969) | LR: 9.56e-04 | 216.0s
  | Step 28000/200000 | Total: -0.0112 (MSE: 0.0768, Sep: -0.3401, EST: 0.2654, GEN_INF_ONCE(-): 0.2654, Acc: 0.883) | LR: 9.52e-04 | 224.0s
  | Step 29000/200000 | Total: 0.1061 (MSE: 0.0695, Sep: -0.3401, EST: 0.3966, GEN_INF_ONCE(-): 0.3966, Acc: 0.820) | LR: 9.49e-04 | 231.9s
  | Step 30000/200000 | Total: -0.0101 (MSE: 0.0802, Sep: -0.3401, EST: 0.2630, GEN_INF_ONCE(-): 0.2630, Acc: 0.914) | LR: 9.46e-04 | 239.7s
  | Step 31000/200000 | Total: -0.0881 (MSE: 0.0789, Sep: -0.3401, EST: 0.1822, GEN_INF_ONCE(-): 0.1822, Acc: 0.914) | LR: 9.42e-04 | 247.7s
  | Step 32000/200000 | Total: -0.0227 (MSE: 0.0658, Sep: -0.3401, EST: 0.2649, GEN_INF_ONCE(-): 0.2649, Acc: 0.918) | LR: 9.38e-04 | 255.7s
  | Step 33000/200000 | Total: 0.9414 (MSE: 0.1102, Sep: -0.3401, EST: 1.2329, GEN_INF_ONCE(-): 1.2329, Acc: 0.555) | LR: 9.34e-04 | 263.6s
  | Step 34000/200000 | Total: -0.0295 (MSE: 0.0641, Sep: -0.3401, EST: 0.2595, GEN_INF_ONCE(-): 0.2595, Acc: 0.902) | LR: 9.30e-04 | 271.6s
  | Step 35000/200000 | Total: 0.1507 (MSE: 0.0882, Sep: -0.3401, EST: 0.4238, GEN_INF_ONCE(-): 0.4238, Acc: 0.867) | LR: 9.26e-04 | 279.6s
  | Step 36000/200000 | Total: 0.0080 (MSE: 0.0538, Sep: -0.3401, EST: 0.3098, GEN_INF_ONCE(-): 0.3098, Acc: 0.863) | LR: 9.22e-04 | 287.5s
  | Step 37000/200000 | Total: 0.0773 (MSE: 0.0536, Sep: -0.3401, EST: 0.3829, GEN_INF_ONCE(-): 0.3829, Acc: 0.773) | LR: 9.18e-04 | 295.5s
  | Step 38000/200000 | Total: 0.2573 (MSE: 0.0542, Sep: -0.3401, EST: 0.5718, GEN_INF_ONCE(-): 0.5718, Acc: 0.617) | LR: 9.14e-04 | 303.4s
  | Step 39000/200000 | Total: 0.0610 (MSE: 0.0574, Sep: -0.3401, EST: 0.3618, GEN_INF_ONCE(-): 0.3618, Acc: 0.793) | LR: 9.09e-04 | 311.3s
  | Step 40000/200000 | Total: 0.2357 (MSE: 0.0453, Sep: -0.3401, EST: 0.5585, GEN_INF_ONCE(-): 0.5585, Acc: 0.664) | LR: 9.05e-04 | 319.3s
  | Step 41000/200000 | Total: -0.0992 (MSE: 0.0413, Sep: -0.3401, EST: 0.2101, GEN_INF_ONCE(-): 0.2101, Acc: 0.945) | LR: 9.00e-04 | 327.2s
  | Step 42000/200000 | Total: 0.1332 (MSE: 0.0468, Sep: -0.3401, EST: 0.4489, GEN_INF_ONCE(-): 0.4489, Acc: 0.758) | LR: 8.95e-04 | 335.2s
  | Step 43000/200000 | Total: 0.0976 (MSE: 0.0431, Sep: -0.3401, EST: 0.4154, GEN_INF_ONCE(-): 0.4154, Acc: 0.816) | LR: 8.90e-04 | 343.2s
  | Step 44000/200000 | Total: 0.0644 (MSE: 0.0362, Sep: -0.3401, EST: 0.3877, GEN_INF_ONCE(-): 0.3877, Acc: 0.824) | LR: 8.85e-04 | 351.2s
  | Step 45000/200000 | Total: -0.0626 (MSE: 0.0382, Sep: -0.3401, EST: 0.2519, GEN_INF_ONCE(-): 0.2519, Acc: 0.938) | LR: 8.80e-04 | 359.1s
  | Step 46000/200000 | Total: 0.1119 (MSE: 0.0356, Sep: -0.3401, EST: 0.4383, GEN_INF_ONCE(-): 0.4383, Acc: 0.805) | LR: 8.75e-04 | 367.0s
  | Step 47000/200000 | Total: -0.0253 (MSE: 0.0313, Sep: -0.3401, EST: 0.2984, GEN_INF_ONCE(-): 0.2984, Acc: 0.898) | LR: 8.70e-04 | 375.0s
  | Step 48000/200000 | Total: 0.2614 (MSE: 0.0511, Sep: -0.3401, EST: 0.5795, GEN_INF_ONCE(-): 0.5795, Acc: 0.633) | LR: 8.65e-04 | 382.9s
  | Step 49000/200000 | Total: 0.0986 (MSE: 0.0546, Sep: -0.3401, EST: 0.4044, GEN_INF_ONCE(-): 0.4044, Acc: 0.754) | LR: 8.59e-04 | 390.9s
  | Step 50000/200000 | Total: 0.3182 (MSE: 0.0242, Sep: -0.3401, EST: 0.6675, GEN_INF_ONCE(-): 0.6675, Acc: 0.707) | LR: 8.54e-04 | 398.8s
  | Step 51000/200000 | Total: 0.4864 (MSE: 0.0465, Sep: -0.3401, EST: 0.8211, GEN_INF_ONCE(-): 0.8211, Acc: 0.445) | LR: 8.48e-04 | 406.8s
  | Step 52000/200000 | Total: 0.7688 (MSE: 0.0429, Sep: -0.3401, EST: 1.1221, GEN_INF_ONCE(-): 1.1221, Acc: 0.266) | LR: 8.42e-04 | 414.8s
  | Step 53000/200000 | Total: 0.0616 (MSE: 0.0514, Sep: -0.3401, EST: 0.3688, GEN_INF_ONCE(-): 0.3688, Acc: 0.879) | LR: 8.37e-04 | 422.8s
  | Step 54000/200000 | Total: 0.4741 (MSE: 0.0220, Sep: -0.3400, EST: 0.8338, GEN_INF_ONCE(-): 0.8338, Acc: 0.383) | LR: 8.31e-04 | 430.7s
  | Step 55000/200000 | Total: 0.8406 (MSE: 0.0323, Sep: -0.3401, EST: 1.2088, GEN_INF_ONCE(-): 1.2088, Acc: 0.461) | LR: 8.25e-04 | 438.6s
  | Step 56000/200000 | Total: 0.3240 (MSE: 0.0228, Sep: -0.3399, EST: 0.6749, GEN_INF_ONCE(-): 0.6749, Acc: 0.496) | LR: 8.19e-04 | 446.6s
  | Step 57000/200000 | Total: 0.4741 (MSE: 0.0260, Sep: -0.3400, EST: 0.8296, GEN_INF_ONCE(-): 0.8296, Acc: 0.465) | LR: 8.13e-04 | 454.5s
  | Step 58000/200000 | Total: 0.4243 (MSE: 0.0220, Sep: -0.3400, EST: 0.7814, GEN_INF_ONCE(-): 0.7814, Acc: 0.426) | LR: 8.07e-04 | 462.4s
  | Step 59000/200000 | Total: 1.0337 (MSE: 0.0334, Sep: -0.3395, EST: 1.4103, GEN_INF_ONCE(-): 1.4103, Acc: 0.160) | LR: 8.00e-04 | 470.4s
  | Step 60000/200000 | Total: 0.2899 (MSE: 0.0455, Sep: -0.3397, EST: 0.6148, GEN_INF_ONCE(-): 0.6148, Acc: 0.664) | LR: 7.94e-04 | 478.2s
  | Step 61000/200000 | Total: 0.3746 (MSE: 0.0181, Sep: -0.3390, EST: 0.7321, GEN_INF_ONCE(-): 0.7321, Acc: 0.609) | LR: 7.88e-04 | 486.2s
  | Step 62000/200000 | Total: 0.3409 (MSE: 0.0326, Sep: -0.3397, EST: 0.6821, GEN_INF_ONCE(-): 0.6821, Acc: 0.617) | LR: 7.81e-04 | 494.1s
  | Step 63000/200000 | Total: 0.8458 (MSE: 0.0257, Sep: -0.3369, EST: 1.2180, GEN_INF_ONCE(-): 1.2180, Acc: 0.230) | LR: 7.75e-04 | 502.0s
  | Step 64000/200000 | Total: 0.3200 (MSE: 0.0234, Sep: -0.3400, EST: 0.6701, GEN_INF_ONCE(-): 0.6701, Acc: 0.688) | LR: 7.68e-04 | 509.9s
  | Step 65000/200000 | Total: 0.4713 (MSE: 0.0483, Sep: -0.3399, EST: 0.8031, GEN_INF_ONCE(-): 0.8031, Acc: 0.500) | LR: 7.61e-04 | 517.8s
  | Step 66000/200000 | Total: 0.4233 (MSE: 0.0305, Sep: -0.3400, EST: 0.7715, GEN_INF_ONCE(-): 0.7715, Acc: 0.496) | LR: 7.55e-04 | 525.7s
  | Step 67000/200000 | Total: 0.6364 (MSE: 0.0165, Sep: -0.3398, EST: 1.0103, GEN_INF_ONCE(-): 1.0103, Acc: 0.520) | LR: 7.48e-04 | 533.6s
  | Step 68000/200000 | Total: 0.2192 (MSE: 0.0239, Sep: -0.3393, EST: 0.5626, GEN_INF_ONCE(-): 0.5626, Acc: 0.727) | LR: 7.41e-04 | 541.5s
  | Step 69000/200000 | Total: 0.4757 (MSE: 0.0203, Sep: -0.3381, EST: 0.8352, GEN_INF_ONCE(-): 0.8352, Acc: 0.590) | LR: 7.34e-04 | 549.5s
  | Step 70000/200000 | Total: 0.3932 (MSE: 0.0272, Sep: -0.3390, EST: 0.7421, GEN_INF_ONCE(-): 0.7421, Acc: 0.453) | LR: 7.27e-04 | 557.4s
  | Step 71000/200000 | Total: 0.7374 (MSE: 0.0192, Sep: -0.3400, EST: 1.1140, GEN_INF_ONCE(-): 1.1140, Acc: 0.230) | LR: 7.20e-04 | 565.4s
  | Step 72000/200000 | Total: 0.3142 (MSE: 0.0275, Sep: -0.3400, EST: 0.6596, GEN_INF_ONCE(-): 0.6596, Acc: 0.535) | LR: 7.13e-04 | 573.3s
  | Step 73000/200000 | Total: 0.4221 (MSE: 0.0308, Sep: -0.3399, EST: 0.7696, GEN_INF_ONCE(-): 0.7696, Acc: 0.598) | LR: 7.06e-04 | 581.2s
  | Step 74000/200000 | Total: 0.5736 (MSE: 0.0364, Sep: -0.3393, EST: 0.9226, GEN_INF_ONCE(-): 0.9226, Acc: 0.430) | LR: 6.99e-04 | 589.2s
  | Step 75000/200000 | Total: 0.3594 (MSE: 0.0394, Sep: -0.3385, EST: 0.6933, GEN_INF_ONCE(-): 0.6933, Acc: 0.668) | LR: 6.92e-04 | 597.1s
  | Step 76000/200000 | Total: 0.4572 (MSE: 0.0292, Sep: -0.3397, EST: 0.8081, GEN_INF_ONCE(-): 0.8081, Acc: 0.598) | LR: 6.84e-04 | 605.0s
  | Step 77000/200000 | Total: 0.1300 (MSE: 0.0188, Sep: -0.3394, EST: 0.4743, GEN_INF_ONCE(-): 0.4743, Acc: 0.797) | LR: 6.77e-04 | 612.9s
  | Step 78000/200000 | Total: 0.5302 (MSE: 0.0265, Sep: -0.3378, EST: 0.8858, GEN_INF_ONCE(-): 0.8858, Acc: 0.609) | LR: 6.70e-04 | 620.9s
  | Step 79000/200000 | Total: 0.4176 (MSE: 0.0232, Sep: -0.3392, EST: 0.7722, GEN_INF_ONCE(-): 0.7722, Acc: 0.410) | LR: 6.62e-04 | 628.8s
  | Step 80000/200000 | Total: 0.4203 (MSE: 0.0243, Sep: -0.3389, EST: 0.7736, GEN_INF_ONCE(-): 0.7736, Acc: 0.535) | LR: 6.55e-04 | 636.7s
  | Step 81000/200000 | Total: 0.2748 (MSE: 0.0199, Sep: -0.3398, EST: 0.6260, GEN_INF_ONCE(-): 0.6260, Acc: 0.707) | LR: 6.47e-04 | 644.7s
  | Step 82000/200000 | Total: 0.6202 (MSE: 0.0224, Sep: -0.3396, EST: 0.9867, GEN_INF_ONCE(-): 0.9867, Acc: 0.297) | LR: 6.40e-04 | 652.6s
  | Step 83000/200000 | Total: 0.5159 (MSE: 0.0137, Sep: -0.3379, EST: 0.8842, GEN_INF_ONCE(-): 0.8842, Acc: 0.363) | LR: 6.32e-04 | 660.5s
  | Step 84000/200000 | Total: 0.6995 (MSE: 0.0140, Sep: -0.3384, EST: 1.0777, GEN_INF_ONCE(-): 1.0777, Acc: 0.305) | LR: 6.25e-04 | 668.3s
  | Step 85000/200000 | Total: 0.2827 (MSE: 0.0238, Sep: -0.3383, EST: 0.6287, GEN_INF_ONCE(-): 0.6287, Acc: 0.738) | LR: 6.17e-04 | 676.2s
  | Step 86000/200000 | Total: 0.3260 (MSE: 0.0172, Sep: -0.3386, EST: 0.6815, GEN_INF_ONCE(-): 0.6815, Acc: 0.641) | LR: 6.09e-04 | 684.2s
  | Step 87000/200000 | Total: 0.5971 (MSE: 0.0184, Sep: -0.3398, EST: 0.9668, GEN_INF_ONCE(-): 0.9668, Acc: 0.320) | LR: 6.02e-04 | 692.1s
  | Step 88000/200000 | Total: 0.1439 (MSE: 0.0235, Sep: -0.3397, EST: 0.4843, GEN_INF_ONCE(-): 0.4843, Acc: 0.836) | LR: 5.94e-04 | 700.0s
  | Step 89000/200000 | Total: 0.4202 (MSE: 0.0208, Sep: -0.3398, EST: 0.7781, GEN_INF_ONCE(-): 0.7781, Acc: 0.562) | LR: 5.86e-04 | 708.0s
  | Step 90000/200000 | Total: 0.2408 (MSE: 0.0158, Sep: -0.3396, EST: 0.5942, GEN_INF_ONCE(-): 0.5942, Acc: 0.730) | LR: 5.79e-04 | 716.0s
  | Step 91000/200000 | Total: 0.3550 (MSE: 0.0178, Sep: -0.3381, EST: 0.7109, GEN_INF_ONCE(-): 0.7109, Acc: 0.543) | LR: 5.71e-04 | 724.0s
  | Step 92000/200000 | Total: 0.1757 (MSE: 0.0232, Sep: -0.3400, EST: 0.5185, GEN_INF_ONCE(-): 0.5185, Acc: 0.711) | LR: 5.63e-04 | 731.9s
  | Step 93000/200000 | Total: 0.5989 (MSE: 0.0147, Sep: -0.3393, EST: 0.9721, GEN_INF_ONCE(-): 0.9721, Acc: 0.301) | LR: 5.55e-04 | 739.8s
  | Step 94000/200000 | Total: -0.1292 (MSE: 0.0332, Sep: -0.3401, EST: 0.1871, GEN_INF_ONCE(-): 0.1871, Acc: 0.984) | LR: 5.48e-04 | 747.8s
  | Step 95000/200000 | Total: 0.3112 (MSE: 0.0186, Sep: -0.3400, EST: 0.6659, GEN_INF_ONCE(-): 0.6659, Acc: 0.688) | LR: 5.40e-04 | 755.7s
  | Step 96000/200000 | Total: 0.5253 (MSE: 0.0191, Sep: -0.3400, EST: 0.8908, GEN_INF_ONCE(-): 0.8908, Acc: 0.488) | LR: 5.32e-04 | 763.7s
  | Step 97000/200000 | Total: 0.1534 (MSE: 0.0161, Sep: -0.3398, EST: 0.5021, GEN_INF_ONCE(-): 0.5021, Acc: 0.730) | LR: 5.24e-04 | 771.7s
  | Step 98000/200000 | Total: 0.3385 (MSE: 0.0269, Sep: -0.3395, EST: 0.6853, GEN_INF_ONCE(-): 0.6853, Acc: 0.504) | LR: 5.16e-04 | 779.6s
  | Step 99000/200000 | Total: 0.3284 (MSE: 0.0354, Sep: -0.3384, EST: 0.6647, GEN_INF_ONCE(-): 0.6647, Acc: 0.586) | LR: 5.08e-04 | 787.5s
  | Step 100000/200000 | Total: 0.2159 (MSE: 0.0230, Sep: -0.3400, EST: 0.5609, GEN_INF_ONCE(-): 0.5609, Acc: 0.762) | LR: 5.00e-04 | 795.4s
  | Step 101000/200000 | Total: 0.4468 (MSE: 0.0132, Sep: -0.3400, EST: 0.8143, GEN_INF_ONCE(-): 0.8143, Acc: 0.555) | LR: 4.93e-04 | 803.2s
  | Step 102000/200000 | Total: 0.2632 (MSE: 0.0164, Sep: -0.3395, EST: 0.6171, GEN_INF_ONCE(-): 0.6171, Acc: 0.723) | LR: 4.85e-04 | 811.1s
  | Step 103000/200000 | Total: 0.5304 (MSE: 0.0235, Sep: -0.3399, EST: 0.8914, GEN_INF_ONCE(-): 0.8914, Acc: 0.449) | LR: 4.77e-04 | 819.0s
  | Step 104000/200000 | Total: 0.5276 (MSE: 0.0291, Sep: -0.3401, EST: 0.8828, GEN_INF_ONCE(-): 0.8828, Acc: 0.383) | LR: 4.69e-04 | 827.0s
  | Step 105000/200000 | Total: 0.0556 (MSE: 0.0170, Sep: -0.3400, EST: 0.3986, GEN_INF_ONCE(-): 0.3986, Acc: 0.918) | LR: 4.61e-04 | 834.9s
  | Step 106000/200000 | Total: 0.1165 (MSE: 0.0157, Sep: -0.3400, EST: 0.4640, GEN_INF_ONCE(-): 0.4640, Acc: 0.871) | LR: 4.53e-04 | 842.7s
  | Step 107000/200000 | Total: 0.5310 (MSE: 0.0167, Sep: -0.3400, EST: 0.8992, GEN_INF_ONCE(-): 0.8992, Acc: 0.449) | LR: 4.46e-04 | 850.7s
  | Step 108000/200000 | Total: 0.3530 (MSE: 0.0193, Sep: -0.3400, EST: 0.7092, GEN_INF_ONCE(-): 0.7092, Acc: 0.500) | LR: 4.38e-04 | 858.6s
  | Step 109000/200000 | Total: 0.7843 (MSE: 0.0153, Sep: -0.3400, EST: 1.1674, GEN_INF_ONCE(-): 1.1674, Acc: 0.160) | LR: 4.30e-04 | 866.6s
  | Step 110000/200000 | Total: 0.3875 (MSE: 0.0143, Sep: -0.3401, EST: 0.7509, GEN_INF_ONCE(-): 0.7509, Acc: 0.438) | LR: 4.22e-04 | 874.4s
  | Step 111000/200000 | Total: 0.0433 (MSE: 0.0157, Sep: -0.3397, EST: 0.3866, GEN_INF_ONCE(-): 0.3866, Acc: 0.832) | LR: 4.15e-04 | 882.4s
  | Step 112000/200000 | Total: 0.0275 (MSE: 0.0154, Sep: -0.3401, EST: 0.3707, GEN_INF_ONCE(-): 0.3707, Acc: 0.844) | LR: 4.07e-04 | 890.3s
  | Step 113000/200000 | Total: 0.2082 (MSE: 0.0133, Sep: -0.3397, EST: 0.5628, GEN_INF_ONCE(-): 0.5628, Acc: 0.730) | LR: 3.99e-04 | 898.2s
  | Step 114000/200000 | Total: 0.3711 (MSE: 0.0099, Sep: -0.3401, EST: 0.7382, GEN_INF_ONCE(-): 0.7382, Acc: 0.434) | LR: 3.92e-04 | 906.1s
  | Step 115000/200000 | Total: 0.0775 (MSE: 0.0120, Sep: -0.3397, EST: 0.4265, GEN_INF_ONCE(-): 0.4265, Acc: 0.902) | LR: 3.84e-04 | 914.0s
  | Step 116000/200000 | Total: 0.0204 (MSE: 0.0120, Sep: -0.3401, EST: 0.3669, GEN_INF_ONCE(-): 0.3669, Acc: 0.930) | LR: 3.76e-04 | 922.0s
  | Step 117000/200000 | Total: 0.3086 (MSE: 0.0145, Sep: -0.3401, EST: 0.6675, GEN_INF_ONCE(-): 0.6675, Acc: 0.566) | LR: 3.69e-04 | 929.8s
  | Step 118000/200000 | Total: 0.1407 (MSE: 0.0159, Sep: -0.3401, EST: 0.4894, GEN_INF_ONCE(-): 0.4894, Acc: 0.758) | LR: 3.61e-04 | 937.7s
  | Step 119000/200000 | Total: 0.3480 (MSE: 0.0125, Sep: -0.3401, EST: 0.7112, GEN_INF_ONCE(-): 0.7112, Acc: 0.543) | LR: 3.54e-04 | 945.6s
  | Step 120000/200000 | Total: 0.2848 (MSE: 0.0208, Sep: -0.3398, EST: 0.6356, GEN_INF_ONCE(-): 0.6356, Acc: 0.586) | LR: 3.46e-04 | 953.5s
  | Step 121000/200000 | Total: 0.3173 (MSE: 0.0124, Sep: -0.3401, EST: 0.6790, GEN_INF_ONCE(-): 0.6790, Acc: 0.629) | LR: 3.39e-04 | 961.5s
  | Step 122000/200000 | Total: -0.0085 (MSE: 0.0277, Sep: -0.3401, EST: 0.3200, GEN_INF_ONCE(-): 0.3200, Acc: 0.832) | LR: 3.31e-04 | 969.4s
  | Step 123000/200000 | Total: -0.0293 (MSE: 0.0161, Sep: -0.3401, EST: 0.3102, GEN_INF_ONCE(-): 0.3102, Acc: 0.855) | LR: 3.24e-04 | 977.3s
  | Step 124000/200000 | Total: 0.0991 (MSE: 0.0113, Sep: -0.3401, EST: 0.4505, GEN_INF_ONCE(-): 0.4505, Acc: 0.879) | LR: 3.17e-04 | 985.3s
  | Step 125000/200000 | Total: 0.3502 (MSE: 0.0106, Sep: -0.3401, EST: 0.7154, GEN_INF_ONCE(-): 0.7154, Acc: 0.574) | LR: 3.09e-04 | 993.2s
  | Step 126000/200000 | Total: 0.3392 (MSE: 0.0104, Sep: -0.3401, EST: 0.7041, GEN_INF_ONCE(-): 0.7041, Acc: 0.520) | LR: 3.02e-04 | 1001.1s
  | Step 127000/200000 | Total: 0.4864 (MSE: 0.0087, Sep: -0.3401, EST: 0.8608, GEN_INF_ONCE(-): 0.8608, Acc: 0.371) | LR: 2.95e-04 | 1009.0s
  | Step 128000/200000 | Total: -0.0286 (MSE: 0.0119, Sep: -0.3401, EST: 0.3154, GEN_INF_ONCE(-): 0.3154, Acc: 0.883) | LR: 2.88e-04 | 1016.8s
  | Step 129000/200000 | Total: 0.1292 (MSE: 0.0125, Sep: -0.3401, EST: 0.4809, GEN_INF_ONCE(-): 0.4809, Acc: 0.781) | LR: 2.81e-04 | 1024.8s
  | Step 130000/200000 | Total: 0.2115 (MSE: 0.0120, Sep: -0.3401, EST: 0.5680, GEN_INF_ONCE(-): 0.5680, Acc: 0.723) | LR: 2.74e-04 | 1032.7s
  | Step 131000/200000 | Total: 0.1197 (MSE: 0.0154, Sep: -0.3401, EST: 0.4677, GEN_INF_ONCE(-): 0.4677, Acc: 0.699) | LR: 2.67e-04 | 1040.7s
  | Step 132000/200000 | Total: 0.1992 (MSE: 0.0101, Sep: -0.3401, EST: 0.5571, GEN_INF_ONCE(-): 0.5571, Acc: 0.688) | LR: 2.60e-04 | 1048.6s
  | Step 133000/200000 | Total: 0.1071 (MSE: 0.0095, Sep: -0.3401, EST: 0.4607, GEN_INF_ONCE(-): 0.4607, Acc: 0.777) | LR: 2.53e-04 | 1056.5s
  | Step 134000/200000 | Total: 0.0826 (MSE: 0.0095, Sep: -0.3401, EST: 0.4349, GEN_INF_ONCE(-): 0.4349, Acc: 0.840) | LR: 2.46e-04 | 1064.5s
  | Step 135000/200000 | Total: 0.1983 (MSE: 0.0085, Sep: -0.3401, EST: 0.5577, GEN_INF_ONCE(-): 0.5577, Acc: 0.809) | LR: 2.40e-04 | 1072.4s
  | Step 136000/200000 | Total: 0.1939 (MSE: 0.0097, Sep: -0.3401, EST: 0.5520, GEN_INF_ONCE(-): 0.5520, Acc: 0.844) | LR: 2.33e-04 | 1080.4s
  | Step 137000/200000 | Total: -0.0700 (MSE: 0.0163, Sep: -0.3401, EST: 0.2671, GEN_INF_ONCE(-): 0.2671, Acc: 0.922) | LR: 2.26e-04 | 1088.3s
  | Step 138000/200000 | Total: 0.4740 (MSE: 0.0174, Sep: -0.3401, EST: 0.8386, GEN_INF_ONCE(-): 0.8386, Acc: 0.520) | LR: 2.20e-04 | 1096.3s
  | Step 139000/200000 | Total: 0.5888 (MSE: 0.0098, Sep: -0.3401, EST: 0.9675, GEN_INF_ONCE(-): 0.9675, Acc: 0.387) | LR: 2.13e-04 | 1104.2s
  | Step 140000/200000 | Total: 0.0251 (MSE: 0.0110, Sep: -0.3401, EST: 0.3728, GEN_INF_ONCE(-): 0.3728, Acc: 0.922) | LR: 2.07e-04 | 1112.1s
  | Step 141000/200000 | Total: 0.2819 (MSE: 0.0119, Sep: -0.3401, EST: 0.6422, GEN_INF_ONCE(-): 0.6422, Acc: 0.699) | LR: 2.01e-04 | 1120.1s
  | Step 142000/200000 | Total: 0.0677 (MSE: 0.0126, Sep: -0.3401, EST: 0.4159, GEN_INF_ONCE(-): 0.4159, Acc: 0.844) | LR: 1.94e-04 | 1128.0s
  | Step 143000/200000 | Total: 0.1862 (MSE: 0.0082, Sep: -0.3401, EST: 0.5454, GEN_INF_ONCE(-): 0.5454, Acc: 0.707) | LR: 1.88e-04 | 1135.9s
  | Step 144000/200000 | Total: 0.1654 (MSE: 0.0122, Sep: -0.3401, EST: 0.5193, GEN_INF_ONCE(-): 0.5193, Acc: 0.738) | LR: 1.82e-04 | 1143.8s
  | Step 145000/200000 | Total: 0.0678 (MSE: 0.0102, Sep: -0.3401, EST: 0.4186, GEN_INF_ONCE(-): 0.4186, Acc: 0.906) | LR: 1.76e-04 | 1151.7s
  | Step 146000/200000 | Total: 0.0601 (MSE: 0.0109, Sep: -0.3401, EST: 0.4099, GEN_INF_ONCE(-): 0.4099, Acc: 0.766) | LR: 1.70e-04 | 1159.6s
  | Step 147000/200000 | Total: 0.2672 (MSE: 0.0106, Sep: -0.3401, EST: 0.6281, GEN_INF_ONCE(-): 0.6281, Acc: 0.684) | LR: 1.64e-04 | 1167.5s
  | Step 148000/200000 | Total: 0.1022 (MSE: 0.0077, Sep: -0.3401, EST: 0.4576, GEN_INF_ONCE(-): 0.4576, Acc: 0.867) | LR: 1.59e-04 | 1175.4s
  | Step 149000/200000 | Total: 0.1471 (MSE: 0.0102, Sep: -0.3401, EST: 0.5021, GEN_INF_ONCE(-): 0.5021, Acc: 0.699) | LR: 1.53e-04 | 1183.4s
  | Step 150000/200000 | Total: 0.1275 (MSE: 0.0079, Sep: -0.3401, EST: 0.4839, GEN_INF_ONCE(-): 0.4839, Acc: 0.844) | LR: 1.47e-04 | 1191.3s
  | Step 151000/200000 | Total: 0.0565 (MSE: 0.0149, Sep: -0.3401, EST: 0.4018, GEN_INF_ONCE(-): 0.4018, Acc: 0.879) | LR: 1.42e-04 | 1199.2s
  | Step 152000/200000 | Total: 0.2092 (MSE: 0.0102, Sep: -0.3401, EST: 0.5675, GEN_INF_ONCE(-): 0.5675, Acc: 0.699) | LR: 1.36e-04 | 1207.1s
  | Step 153000/200000 | Total: 0.1597 (MSE: 0.0081, Sep: -0.3401, EST: 0.5176, GEN_INF_ONCE(-): 0.5176, Acc: 0.824) | LR: 1.31e-04 | 1215.0s
  | Step 154000/200000 | Total: 0.1679 (MSE: 0.0072, Sep: -0.3401, EST: 0.5272, GEN_INF_ONCE(-): 0.5272, Acc: 0.734) | LR: 1.26e-04 | 1223.0s
  | Step 155000/200000 | Total: 0.0034 (MSE: 0.0104, Sep: -0.3401, EST: 0.3507, GEN_INF_ONCE(-): 0.3507, Acc: 0.871) | LR: 1.21e-04 | 1230.9s
  | Step 156000/200000 | Total: 0.0142 (MSE: 0.0088, Sep: -0.3401, EST: 0.3637, GEN_INF_ONCE(-): 0.3637, Acc: 0.848) | LR: 1.16e-04 | 1238.8s
  | Step 157000/200000 | Total: 0.2931 (MSE: 0.0074, Sep: -0.3401, EST: 0.6588, GEN_INF_ONCE(-): 0.6588, Acc: 0.574) | LR: 1.11e-04 | 1246.7s
  | Step 158000/200000 | Total: 0.1474 (MSE: 0.0079, Sep: -0.3401, EST: 0.5049, GEN_INF_ONCE(-): 0.5049, Acc: 0.805) | LR: 1.06e-04 | 1254.7s
  | Step 159000/200000 | Total: 0.1384 (MSE: 0.0072, Sep: -0.3401, EST: 0.4961, GEN_INF_ONCE(-): 0.4961, Acc: 0.836) | LR: 1.01e-04 | 1262.6s
  | Step 160000/200000 | Total: 0.2179 (MSE: 0.0075, Sep: -0.3401, EST: 0.5795, GEN_INF_ONCE(-): 0.5795, Acc: 0.684) | LR: 9.64e-05 | 1270.5s
  | Step 161000/200000 | Total: 0.0945 (MSE: 0.0075, Sep: -0.3401, EST: 0.4497, GEN_INF_ONCE(-): 0.4497, Acc: 0.910) | LR: 9.18e-05 | 1278.4s
  | Step 162000/200000 | Total: -0.0028 (MSE: 0.0096, Sep: -0.3401, EST: 0.3450, GEN_INF_ONCE(-): 0.3450, Acc: 0.918) | LR: 8.74e-05 | 1286.3s
  | Step 163000/200000 | Total: 0.1568 (MSE: 0.0082, Sep: -0.3401, EST: 0.5143, GEN_INF_ONCE(-): 0.5143, Acc: 0.766) | LR: 8.30e-05 | 1294.2s
  | Step 164000/200000 | Total: 0.1607 (MSE: 0.0082, Sep: -0.3401, EST: 0.5186, GEN_INF_ONCE(-): 0.5186, Acc: 0.801) | LR: 7.88e-05 | 1302.1s
  | Step 165000/200000 | Total: 0.1095 (MSE: 0.0079, Sep: -0.3401, EST: 0.4650, GEN_INF_ONCE(-): 0.4650, Acc: 0.770) | LR: 7.46e-05 | 1309.9s
  | Step 166000/200000 | Total: 0.2248 (MSE: 0.0074, Sep: -0.3401, EST: 0.5869, GEN_INF_ONCE(-): 0.5869, Acc: 0.715) | LR: 7.06e-05 | 1317.8s
  | Step 167000/200000 | Total: 0.2061 (MSE: 0.0072, Sep: -0.3401, EST: 0.5673, GEN_INF_ONCE(-): 0.5673, Acc: 0.797) | LR: 6.66e-05 | 1325.7s
  | Step 168000/200000 | Total: 0.0634 (MSE: 0.0089, Sep: -0.3401, EST: 0.4153, GEN_INF_ONCE(-): 0.4153, Acc: 0.871) | LR: 6.28e-05 | 1333.6s
  | Step 169000/200000 | Total: 0.1131 (MSE: 0.0077, Sep: -0.3401, EST: 0.4689, GEN_INF_ONCE(-): 0.4689, Acc: 0.816) | LR: 5.91e-05 | 1341.5s
  | Step 170000/200000 | Total: 0.1907 (MSE: 0.0071, Sep: -0.3401, EST: 0.5513, GEN_INF_ONCE(-): 0.5513, Acc: 0.793) | LR: 5.54e-05 | 1349.4s
  | Step 171000/200000 | Total: 0.1994 (MSE: 0.0073, Sep: -0.3401, EST: 0.5602, GEN_INF_ONCE(-): 0.5602, Acc: 0.816) | LR: 5.19e-05 | 1357.4s
  | Step 172000/200000 | Total: 0.1204 (MSE: 0.0084, Sep: -0.3401, EST: 0.4759, GEN_INF_ONCE(-): 0.4759, Acc: 0.875) | LR: 4.85e-05 | 1365.3s
  | Step 173000/200000 | Total: 0.1900 (MSE: 0.0073, Sep: -0.3401, EST: 0.5503, GEN_INF_ONCE(-): 0.5503, Acc: 0.832) | LR: 4.53e-05 | 1373.3s
  | Step 174000/200000 | Total: 0.1296 (MSE: 0.0076, Sep: -0.3401, EST: 0.4865, GEN_INF_ONCE(-): 0.4865, Acc: 0.883) | LR: 4.21e-05 | 1381.2s
  | Step 175000/200000 | Total: 0.2490 (MSE: 0.0071, Sep: -0.3401, EST: 0.6127, GEN_INF_ONCE(-): 0.6127, Acc: 0.645) | LR: 3.90e-05 | 1389.1s
  | Step 176000/200000 | Total: 0.1540 (MSE: 0.0073, Sep: -0.3401, EST: 0.5125, GEN_INF_ONCE(-): 0.5125, Acc: 0.887) | LR: 3.61e-05 | 1397.1s
  | Step 177000/200000 | Total: 0.0733 (MSE: 0.0074, Sep: -0.3401, EST: 0.4273, GEN_INF_ONCE(-): 0.4273, Acc: 0.855) | LR: 3.32e-05 | 1405.0s
  | Step 178000/200000 | Total: 0.0477 (MSE: 0.0068, Sep: -0.3401, EST: 0.4011, GEN_INF_ONCE(-): 0.4011, Acc: 0.953) | LR: 3.05e-05 | 1412.9s
  | Step 179000/200000 | Total: 0.1580 (MSE: 0.0077, Sep: -0.3401, EST: 0.5162, GEN_INF_ONCE(-): 0.5162, Acc: 0.871) | LR: 2.79e-05 | 1420.9s
  | Step 180000/200000 | Total: 0.2502 (MSE: 0.0082, Sep: -0.3401, EST: 0.6128, GEN_INF_ONCE(-): 0.6128, Acc: 0.664) | LR: 2.54e-05 | 1428.9s
  | Step 181000/200000 | Total: 0.1705 (MSE: 0.0077, Sep: -0.3401, EST: 0.5293, GEN_INF_ONCE(-): 0.5293, Acc: 0.848) | LR: 2.31e-05 | 1436.9s
  | Step 182000/200000 | Total: 0.1413 (MSE: 0.0071, Sep: -0.3401, EST: 0.4993, GEN_INF_ONCE(-): 0.4993, Acc: 0.859) | LR: 2.08e-05 | 1444.8s
  | Step 183000/200000 | Total: 0.1350 (MSE: 0.0075, Sep: -0.3401, EST: 0.4923, GEN_INF_ONCE(-): 0.4923, Acc: 0.852) | LR: 1.87e-05 | 1452.7s
  | Step 184000/200000 | Total: 0.1705 (MSE: 0.0068, Sep: -0.3401, EST: 0.5303, GEN_INF_ONCE(-): 0.5303, Acc: 0.859) | LR: 1.67e-05 | 1460.6s
  | Step 185000/200000 | Total: 0.1188 (MSE: 0.0065, Sep: -0.3401, EST: 0.4763, GEN_INF_ONCE(-): 0.4763, Acc: 0.910) | LR: 1.48e-05 | 1468.5s
  | Step 186000/200000 | Total: 0.1607 (MSE: 0.0071, Sep: -0.3401, EST: 0.5197, GEN_INF_ONCE(-): 0.5197, Acc: 0.906) | LR: 1.30e-05 | 1476.5s
  | Step 187000/200000 | Total: 0.1982 (MSE: 0.0073, Sep: -0.3401, EST: 0.5590, GEN_INF_ONCE(-): 0.5590, Acc: 0.816) | LR: 1.14e-05 | 1484.5s
  | Step 188000/200000 | Total: 0.1609 (MSE: 0.0064, Sep: -0.3401, EST: 0.5207, GEN_INF_ONCE(-): 0.5207, Acc: 0.902) | LR: 9.85e-06 | 1492.5s
  | Step 189000/200000 | Total: 0.1424 (MSE: 0.0074, Sep: -0.3401, EST: 0.5001, GEN_INF_ONCE(-): 0.5001, Acc: 0.918) | LR: 8.44e-06 | 1500.4s
  | Step 190000/200000 | Total: 0.1657 (MSE: 0.0075, Sep: -0.3401, EST: 0.5246, GEN_INF_ONCE(-): 0.5246, Acc: 0.902) | LR: 7.15e-06 | 1508.2s
  | Step 191000/200000 | Total: 0.1337 (MSE: 0.0072, Sep: -0.3401, EST: 0.4912, GEN_INF_ONCE(-): 0.4912, Acc: 0.902) | LR: 5.98e-06 | 1516.2s
  | Step 192000/200000 | Total: 0.1476 (MSE: 0.0072, Sep: -0.3401, EST: 0.5058, GEN_INF_ONCE(-): 0.5058, Acc: 0.926) | LR: 4.94e-06 | 1524.1s
  | Step 193000/200000 | Total: 0.1599 (MSE: 0.0066, Sep: -0.3401, EST: 0.5195, GEN_INF_ONCE(-): 0.5195, Acc: 0.891) | LR: 4.02e-06 | 1532.0s
  | Step 194000/200000 | Total: 0.1518 (MSE: 0.0070, Sep: -0.3401, EST: 0.5104, GEN_INF_ONCE(-): 0.5104, Acc: 0.910) | LR: 3.22e-06 | 1539.9s
  | Step 195000/200000 | Total: 0.1566 (MSE: 0.0068, Sep: -0.3401, EST: 0.5157, GEN_INF_ONCE(-): 0.5157, Acc: 0.891) | LR: 2.54e-06 | 1547.9s
  | Step 196000/200000 | Total: 0.1565 (MSE: 0.0069, Sep: -0.3401, EST: 0.5155, GEN_INF_ONCE(-): 0.5155, Acc: 0.867) | LR: 1.99e-06 | 1555.8s
  | Step 197000/200000 | Total: 0.1522 (MSE: 0.0069, Sep: -0.3401, EST: 0.5111, GEN_INF_ONCE(-): 0.5111, Acc: 0.914) | LR: 1.55e-06 | 1563.8s
  | Step 198000/200000 | Total: 0.1593 (MSE: 0.0069, Sep: -0.3401, EST: 0.5185, GEN_INF_ONCE(-): 0.5185, Acc: 0.895) | LR: 1.25e-06 | 1571.7s
  | Step 199000/200000 | Total: 0.1711 (MSE: 0.0073, Sep: -0.3401, EST: 0.5304, GEN_INF_ONCE(-): 0.5304, Acc: 0.875) | LR: 1.06e-06 | 1579.7s
  | Step 200000/200000 | Total: 0.1523 (MSE: 0.0071, Sep: -0.3401, EST: 0.5109, GEN_INF_ONCE(-): 0.5109, Acc: 0.902) | LR: 1.00e-06 | 1587.7s
  | 
  | Training completed in 1587.7s (26.46 min)
  | Models saved to /home1/halbertb/Q3CIBC/checkpoints/hpsearch/trial_049/

  Training completed in 1623s
  Evaluating...

  Result: success_rate=48.00%, avg_reward=0.500
