==========================================
SLURM_JOB_ID = 8161146
SLURM_JOB_NODELIST = d14-09
TMPDIR = /tmp/SLURM_8161146
==========================================
Detected tunable params in combinedv2_cpascounter_training.py:
  - control_points  (search space: [20, 30, 50, 75, 100])
  - learning_rate  (search space: [0.0001, 0.0003, 0.0005, 0.001, 0.002, 0.005])
  - batch_size  (search space: [128, 256, 512])
  - counter_examples  (search space: [8, 16, 32, 64])
  - top_k_control_points  (search space: [10, 20, 50, 70])
  - separation_weight  (search space: [0.01, 0.05, 0.1, 0.2])
  - mse_weight  (search space: [1.0, 3.0, 5.0, 10.0])
  - info_nce_weight  (search space: [0.5, 1.0, 2.0])
  - generator_infonce_weight  (search space: [0.01, 0.05, 0.1, 0.2])
  - training_steps  (search space: [50000, 100000, 200000])
  - separation_loss  (search space: ['separation', 'entropy'])
  - entropy_bandwidth  (search space: [0.05, 0.1, 0.2])
  - num_hidden_layers  (search space: [2, 4, 8])
  - num_neurons  (search space: [128, 256, 512])
  - estimator_learning_rate  (search space: [0.0001, 0.0003, 0.0005, 0.001])
  - scheduler_type  (search space: ['cosine', 'cosine_warm_restarts'])
  - cosine_t0  (search space: [25000, 50000, 100000])
  - infonce_logit_clamp  (search space: [10.0, 20.0, 30.0, 50.0])
  - use_spectral_norm  (search space: [True, False])
  - cosine_t_max  (search space: [100000, 150000, 200000])

Baseline (current config):
  control_points = 30
  learning_rate = 0.0005
  batch_size = 256
  counter_examples = 0
  top_k_control_points = 30
  separation_weight = 0.01
  mse_weight = 30.0
  info_nce_weight = 1.0
  generator_infonce_weight = 0.05
  training_steps = 150000
  separation_loss = entropy
  entropy_bandwidth = 0.1
  num_hidden_layers = 2
  num_neurons = 256
  scheduler_type = cosine
  infonce_logit_clamp = 20.0


================================================================================
TRIAL 53 — combinedv2_cpascounter_training.py
================================================================================
Parameters:
{
  "control_points": 30,
  "learning_rate": 0.001,
  "batch_size": 512,
  "counter_examples": 0,
  "top_k_control_points": 30,
  "separation_weight": 0.1,
  "mse_weight": 15.0,
  "info_nce_weight": 1.0,
  "generator_infonce_weight": 0.1,
  "training_steps": 200000,
  "separation_loss": "entropy",
  "entropy_bandwidth": 0.1,
  "num_hidden_layers": 2,
  "num_neurons": 256,
  "scheduler_type": "cosine",
  "infonce_logit_clamp": 20.0
}

  Training (200000 steps)...
  | Using device: cuda
  | Active environment: particle
  | Training steps: 200000
  | Batch size: 512
  | Learning rate (generator): 0.001
  | Learning rate (estimator): 0.001
  | Scheduler: cosine
  | InfoNCE logit clamp: 20.0
  | Spectral norm (estimator): False
  | Top-k control points as counter examples: 30
  | Langevin counter examples (from counter_examples): 0
  | Frame stack: 2
  | Loading particle dataset...
  | 2026-04-18 13:39:06.867097: I tensorflow/core/platform/cpu_feature_guard.cc:210] This TensorFlow binary is optimized to use available CPU instructions in performance-critical operations.
  | To enable the following instructions: AVX2 AVX512F FMA, in other operations, rebuild TensorFlow with the appropriate compiler flags.
  | WARNING: All log messages before absl::InitializeLog() is called are written to STDERR
  | I0000 00:00:1776544764.806885 1661249 gpu_device.cc:2020] Created device /job:localhost/replica:0/task:0/device:GPU:0 with 31134 MB memory:  -> device: 0, name: Tesla V100-PCIE-32GB, pci bus id: 0000:3b:00.0, compute capability: 7.0
  | 2026-04-18 13:39:25.659959: I tensorflow/core/kernels/data/tf_record_dataset_op.cc:390] TFRecordDataset `buffer_size` is unspecified, default to 262144
  | 2026-04-18 13:39:27.630527: I tensorflow/core/framework/local_rendezvous.cc:407] Local rendezvous is aborting with status: OUT_OF_RANGE: End of sequence
  | 2026-04-18 13:39:30.170402: I tensorflow/core/framework/local_rendezvous.cc:407] Local rendezvous is aborting with status: OUT_OF_RANGE: End of sequence
  | 2026-04-18 13:39:36.246629: I tensorflow/core/framework/local_rendezvous.cc:407] Local rendezvous is aborting with status: OUT_OF_RANGE: End of sequence
  | 2026-04-18 13:39:47.629626: I tensorflow/core/framework/local_rendezvous.cc:407] Local rendezvous is aborting with status: OUT_OF_RANGE: End of sequence
  | Dataset size: 102000
  | Particle dataset episodes: 2000 | Avg samples/episode: 51.00
  | Step 1000/200000 | Total: 1.4037 (MSE: 0.1487, Sep: -0.3330, EST: 1.7645, GEN_INF_ONCE(-): 1.7645, Acc: 0.643) | LR: 1.00e-03 | 13.8s
  | Step 2000/200000 | Total: 1.0277 (MSE: 0.1174, Sep: -0.3266, EST: 1.3744, GEN_INF_ONCE(-): 1.3744, Acc: 0.750) | LR: 1.00e-03 | 26.1s
  | Step 3000/200000 | Total: 1.0736 (MSE: 0.1041, Sep: -0.3234, EST: 1.4365, GEN_INF_ONCE(-): 1.4365, Acc: 0.670) | LR: 9.99e-04 | 38.2s
  | Step 4000/200000 | Total: 0.4413 (MSE: 0.1020, Sep: -0.3273, EST: 0.7407, GEN_INF_ONCE(-): 0.7407, Acc: 0.813) | LR: 9.99e-04 | 49.4s
  | Step 5000/200000 | Total: 0.0497 (MSE: 0.1005, Sep: -0.3318, EST: 0.3122, GEN_INF_ONCE(-): 0.3122, Acc: 0.938) | LR: 9.98e-04 | 60.6s
  | Step 6000/200000 | Total: 0.0104 (MSE: 0.1097, Sep: -0.3324, EST: 0.2590, GEN_INF_ONCE(-): 0.2590, Acc: 0.964) | LR: 9.98e-04 | 71.8s
  | Step 7000/200000 | Total: -0.0560 (MSE: 0.0956, Sep: -0.3335, EST: 0.2021, GEN_INF_ONCE(-): 0.2021, Acc: 0.946) | LR: 9.97e-04 | 83.4s
  | Step 8000/200000 | Total: -0.0675 (MSE: 0.0924, Sep: -0.3334, EST: 0.1928, GEN_INF_ONCE(-): 0.1928, Acc: 0.946) | LR: 9.96e-04 | 94.5s
  | Step 9000/200000 | Total: -0.1925 (MSE: 0.0798, Sep: -0.3335, EST: 0.0680, GEN_INF_ONCE(-): 0.0680, Acc: 0.982) | LR: 9.95e-04 | 105.7s
  | Step 10000/200000 | Total: -0.2024 (MSE: 0.0837, Sep: -0.3331, EST: 0.0522, GEN_INF_ONCE(-): 0.0522, Acc: 1.000) | LR: 9.94e-04 | 116.8s
  | Step 11000/200000 | Total: -0.1441 (MSE: 0.0987, Sep: -0.3358, EST: 0.1034, GEN_INF_ONCE(-): 0.1034, Acc: 0.964) | LR: 9.93e-04 | 128.0s
  | Step 12000/200000 | Total: -0.2277 (MSE: 0.0785, Sep: -0.3363, EST: 0.0335, GEN_INF_ONCE(-): 0.0335, Acc: 1.000) | LR: 9.91e-04 | 139.1s
  | Step 13000/200000 | Total: -0.1076 (MSE: 0.0940, Sep: -0.3361, EST: 0.1495, GEN_INF_ONCE(-): 0.1495, Acc: 0.991) | LR: 9.90e-04 | 150.6s
  | Step 14000/200000 | Total: -0.2088 (MSE: 0.0905, Sep: -0.3362, EST: 0.0410, GEN_INF_ONCE(-): 0.0410, Acc: 0.991) | LR: 9.88e-04 | 161.8s
  | Step 15000/200000 | Total: -0.2141 (MSE: 0.0876, Sep: -0.3362, EST: 0.0383, GEN_INF_ONCE(-): 0.0383, Acc: 0.991) | LR: 9.86e-04 | 173.0s
  | Step 16000/200000 | Total: -0.2178 (MSE: 0.0891, Sep: -0.3361, EST: 0.0324, GEN_INF_ONCE(-): 0.0324, Acc: 1.000) | LR: 9.84e-04 | 184.2s
  | Step 17000/200000 | Total: -0.0128 (MSE: 0.0919, Sep: -0.3365, EST: 0.2575, GEN_INF_ONCE(-): 0.2575, Acc: 0.875) | LR: 9.82e-04 | 195.3s
  | Step 18000/200000 | Total: -0.1464 (MSE: 0.0801, Sep: -0.3364, EST: 0.1222, GEN_INF_ONCE(-): 0.1222, Acc: 0.946) | LR: 9.80e-04 | 206.4s
  | Step 19000/200000 | Total: -0.1876 (MSE: 0.1072, Sep: -0.3370, EST: 0.0468, GEN_INF_ONCE(-): 0.0468, Acc: 1.000) | LR: 9.78e-04 | 217.8s
  | Step 20000/200000 | Total: -0.1826 (MSE: 0.0908, Sep: -0.3377, EST: 0.0715, GEN_INF_ONCE(-): 0.0715, Acc: 0.973) | LR: 9.76e-04 | 228.9s
  | Step 21000/200000 | Total: 0.0734 (MSE: 0.1038, Sep: -0.3371, EST: 0.3408, GEN_INF_ONCE(-): 0.3408, Acc: 0.839) | LR: 9.73e-04 | 241.7s
  | Step 22000/200000 | Total: -0.1828 (MSE: 0.0717, Sep: -0.3369, EST: 0.0915, GEN_INF_ONCE(-): 0.0915, Acc: 0.964) | LR: 9.70e-04 | 253.0s
  | Step 23000/200000 | Total: -0.1868 (MSE: 0.0687, Sep: -0.3370, EST: 0.0906, GEN_INF_ONCE(-): 0.0906, Acc: 0.973) | LR: 9.68e-04 | 264.2s
  | Step 24000/200000 | Total: -0.2206 (MSE: 0.0889, Sep: -0.3371, EST: 0.0306, GEN_INF_ONCE(-): 0.0306, Acc: 1.000) | LR: 9.65e-04 | 275.3s
  | Step 25000/200000 | Total: 0.1326 (MSE: 0.1117, Sep: -0.3376, EST: 0.3982, GEN_INF_ONCE(-): 0.3982, Acc: 0.830) | LR: 9.62e-04 | 286.8s
  | Step 26000/200000 | Total: -0.0887 (MSE: 0.0769, Sep: -0.3371, EST: 0.1906, GEN_INF_ONCE(-): 0.1906, Acc: 0.893) | LR: 9.59e-04 | 298.0s
  | Step 27000/200000 | Total: -0.2472 (MSE: 0.0767, Sep: -0.3372, EST: 0.0147, GEN_INF_ONCE(-): 0.0147, Acc: 1.000) | LR: 9.56e-04 | 309.2s
  | Step 28000/200000 | Total: -0.0533 (MSE: 0.0836, Sep: -0.3380, EST: 0.2235, GEN_INF_ONCE(-): 0.2235, Acc: 0.902) | LR: 9.52e-04 | 320.4s
  | Step 29000/200000 | Total: 0.0393 (MSE: 0.0667, Sep: -0.3371, EST: 0.3440, GEN_INF_ONCE(-): 0.3440, Acc: 0.857) | LR: 9.49e-04 | 331.5s
  | Step 30000/200000 | Total: -0.1752 (MSE: 0.0722, Sep: -0.3370, EST: 0.0994, GEN_INF_ONCE(-): 0.0994, Acc: 0.955) | LR: 9.46e-04 | 342.7s
  | Step 31000/200000 | Total: -0.0266 (MSE: 0.0668, Sep: -0.3371, EST: 0.2708, GEN_INF_ONCE(-): 0.2708, Acc: 0.902) | LR: 9.42e-04 | 354.1s
  | Step 32000/200000 | Total: 0.5111 (MSE: 0.0722, Sep: -0.3370, EST: 0.8621, GEN_INF_ONCE(-): 0.8621, Acc: 0.670) | LR: 9.38e-04 | 365.2s
  | Step 33000/200000 | Total: -0.0564 (MSE: 0.0753, Sep: -0.3371, EST: 0.2283, GEN_INF_ONCE(-): 0.2283, Acc: 0.946) | LR: 9.34e-04 | 376.3s
  | Step 34000/200000 | Total: -0.1290 (MSE: 0.0662, Sep: -0.3372, EST: 0.1578, GEN_INF_ONCE(-): 0.1578, Acc: 0.946) | LR: 9.30e-04 | 387.4s
  | Step 35000/200000 | Total: -0.0873 (MSE: 0.0733, Sep: -0.3371, EST: 0.1962, GEN_INF_ONCE(-): 0.1962, Acc: 0.902) | LR: 9.26e-04 | 398.5s
  | Step 36000/200000 | Total: 0.3908 (MSE: 0.0890, Sep: -0.3371, EST: 0.7097, GEN_INF_ONCE(-): 0.7097, Acc: 0.616) | LR: 9.22e-04 | 409.7s
  | Step 37000/200000 | Total: 0.1546 (MSE: 0.0712, Sep: -0.3373, EST: 0.4674, GEN_INF_ONCE(-): 0.4674, Acc: 0.723) | LR: 9.18e-04 | 421.1s
  | Step 38000/200000 | Total: 0.1369 (MSE: 0.0480, Sep: -0.3370, EST: 0.4733, GEN_INF_ONCE(-): 0.4733, Acc: 0.830) | LR: 9.14e-04 | 432.2s
  | Step 39000/200000 | Total: 0.1039 (MSE: 0.0537, Sep: -0.3370, EST: 0.4303, GEN_INF_ONCE(-): 0.4303, Acc: 0.813) | LR: 9.09e-04 | 443.4s
  | Step 40000/200000 | Total: 0.2572 (MSE: 0.0613, Sep: -0.3369, EST: 0.5920, GEN_INF_ONCE(-): 0.5920, Acc: 0.679) | LR: 9.05e-04 | 454.6s
  | Step 41000/200000 | Total: 0.1265 (MSE: 0.0611, Sep: -0.3367, EST: 0.4468, GEN_INF_ONCE(-): 0.4468, Acc: 0.777) | LR: 9.00e-04 | 465.7s
  | Step 42000/200000 | Total: 0.6206 (MSE: 0.0683, Sep: -0.3372, EST: 0.9884, GEN_INF_ONCE(-): 0.9884, Acc: 0.420) | LR: 8.95e-04 | 476.9s
  | Step 43000/200000 | Total: 0.2779 (MSE: 0.0521, Sep: -0.3400, EST: 0.6288, GEN_INF_ONCE(-): 0.6288, Acc: 0.661) | LR: 8.90e-04 | 488.3s
  | Step 44000/200000 | Total: 0.3046 (MSE: 0.0543, Sep: -0.3356, EST: 0.6510, GEN_INF_ONCE(-): 0.6510, Acc: 0.589) | LR: 8.85e-04 | 499.5s
  | Step 45000/200000 | Total: 0.1286 (MSE: 0.0455, Sep: -0.3366, EST: 0.4663, GEN_INF_ONCE(-): 0.4663, Acc: 0.813) | LR: 8.80e-04 | 510.7s
  | Step 46000/200000 | Total: 3.8004 (MSE: 0.2485, Sep: -0.3381, EST: 4.3222, GEN_INF_ONCE(-): 4.3222, Acc: 0.134) | LR: 8.75e-04 | 521.9s
  | Step 47000/200000 | Total: 0.0682 (MSE: 0.0379, Sep: -0.3399, EST: 0.4113, GEN_INF_ONCE(-): 0.4113, Acc: 0.821) | LR: 8.70e-04 | 533.1s
  | Step 48000/200000 | Total: 0.6459 (MSE: 0.0444, Sep: -0.3388, EST: 1.0448, GEN_INF_ONCE(-): 1.0448, Acc: 0.330) | LR: 8.65e-04 | 544.2s
  | Step 49000/200000 | Total: 0.1671 (MSE: 0.0969, Sep: -0.3399, EST: 0.4557, GEN_INF_ONCE(-): 0.4557, Acc: 0.732) | LR: 8.59e-04 | 555.7s
  | Step 50000/200000 | Total: 0.4851 (MSE: 0.0558, Sep: -0.3386, EST: 0.8532, GEN_INF_ONCE(-): 0.8532, Acc: 0.518) | LR: 8.54e-04 | 566.8s
  | Step 51000/200000 | Total: 0.4500 (MSE: 0.0408, Sep: -0.3400, EST: 0.8325, GEN_INF_ONCE(-): 0.8325, Acc: 0.357) | LR: 8.48e-04 | 578.0s
  | Step 52000/200000 | Total: 0.5620 (MSE: 0.0661, Sep: -0.3397, EST: 0.9285, GEN_INF_ONCE(-): 0.9285, Acc: 0.518) | LR: 8.42e-04 | 589.1s
  | Step 53000/200000 | Total: 0.0039 (MSE: 0.0364, Sep: -0.3392, EST: 0.3407, GEN_INF_ONCE(-): 0.3407, Acc: 0.848) | LR: 8.37e-04 | 600.3s
  | Step 54000/200000 | Total: 0.3839 (MSE: 0.0427, Sep: -0.3381, EST: 0.7548, GEN_INF_ONCE(-): 0.7548, Acc: 0.562) | LR: 8.31e-04 | 611.4s
  | Step 55000/200000 | Total: 0.3897 (MSE: 0.0800, Sep: -0.3377, EST: 0.7195, GEN_INF_ONCE(-): 0.7195, Acc: 0.652) | LR: 8.25e-04 | 622.8s
  | Step 56000/200000 | Total: 0.1090 (MSE: 0.0427, Sep: -0.3391, EST: 0.4504, GEN_INF_ONCE(-): 0.4504, Acc: 0.929) | LR: 8.19e-04 | 633.9s
  | Step 57000/200000 | Total: 0.5485 (MSE: 0.0375, Sep: -0.3381, EST: 0.9435, GEN_INF_ONCE(-): 0.9435, Acc: 0.429) | LR: 8.13e-04 | 645.1s
  | Step 58000/200000 | Total: 0.4960 (MSE: 0.0387, Sep: -0.3359, EST: 0.8813, GEN_INF_ONCE(-): 0.8813, Acc: 0.571) | LR: 8.07e-04 | 656.2s
  | Step 59000/200000 | Total: 0.4926 (MSE: 0.0407, Sep: -0.3339, EST: 0.8732, GEN_INF_ONCE(-): 0.8732, Acc: 0.554) | LR: 8.00e-04 | 667.4s
  | Step 60000/200000 | Total: 0.3434 (MSE: 0.0389, Sep: -0.3379, EST: 0.7138, GEN_INF_ONCE(-): 0.7138, Acc: 0.732) | LR: 7.94e-04 | 678.5s
  | Step 61000/200000 | Total: 0.2575 (MSE: 0.0270, Sep: -0.3365, EST: 0.6300, GEN_INF_ONCE(-): 0.6300, Acc: 0.741) | LR: 7.88e-04 | 689.9s
  | Step 62000/200000 | Total: 0.2701 (MSE: 0.0271, Sep: -0.3360, EST: 0.6433, GEN_INF_ONCE(-): 0.6433, Acc: 0.634) | LR: 7.81e-04 | 701.1s
  | Step 63000/200000 | Total: 0.1202 (MSE: 0.0367, Sep: -0.3375, EST: 0.4678, GEN_INF_ONCE(-): 0.4678, Acc: 0.821) | LR: 7.75e-04 | 712.2s
  | Step 64000/200000 | Total: 0.6594 (MSE: 0.0369, Sep: -0.3366, EST: 1.0656, GEN_INF_ONCE(-): 1.0656, Acc: 0.357) | LR: 7.68e-04 | 723.5s
  | Step 65000/200000 | Total: 0.4308 (MSE: 0.0475, Sep: -0.3362, EST: 0.7995, GEN_INF_ONCE(-): 0.7995, Acc: 0.527) | LR: 7.61e-04 | 734.7s
  | Step 66000/200000 | Total: 0.1754 (MSE: 0.0406, Sep: -0.3374, EST: 0.5247, GEN_INF_ONCE(-): 0.5247, Acc: 0.634) | LR: 7.55e-04 | 745.9s
  | Step 67000/200000 | Total: 0.3420 (MSE: 0.0269, Sep: -0.3347, EST: 0.7220, GEN_INF_ONCE(-): 0.7220, Acc: 0.643) | LR: 7.48e-04 | 757.4s
  | Step 68000/200000 | Total: 0.4108 (MSE: 0.0317, Sep: -0.3362, EST: 0.7947, GEN_INF_ONCE(-): 0.7947, Acc: 0.545) | LR: 7.41e-04 | 768.6s
  | Step 69000/200000 | Total: 0.4255 (MSE: 0.0241, Sep: -0.3362, EST: 0.8195, GEN_INF_ONCE(-): 0.8195, Acc: 0.446) | LR: 7.34e-04 | 779.8s
  | Step 70000/200000 | Total: 0.3289 (MSE: 0.0217, Sep: -0.3390, EST: 0.7180, GEN_INF_ONCE(-): 0.7180, Acc: 0.589) | LR: 7.27e-04 | 791.0s
  | Step 71000/200000 | Total: 0.6405 (MSE: 0.0550, Sep: -0.3394, EST: 1.0277, GEN_INF_ONCE(-): 1.0277, Acc: 0.384) | LR: 7.20e-04 | 803.0s
  | Step 72000/200000 | Total: 0.3948 (MSE: 0.0314, Sep: -0.3349, EST: 0.7760, GEN_INF_ONCE(-): 0.7760, Acc: 0.688) | LR: 7.13e-04 | 814.3s
  | Step 73000/200000 | Total: 0.3358 (MSE: 0.0248, Sep: -0.3363, EST: 0.7193, GEN_INF_ONCE(-): 0.7193, Acc: 0.616) | LR: 7.06e-04 | 826.0s
  | Step 74000/200000 | Total: 0.3610 (MSE: 0.0394, Sep: -0.3395, EST: 0.7345, GEN_INF_ONCE(-): 0.7345, Acc: 0.598) | LR: 6.99e-04 | 838.1s
  | Step 75000/200000 | Total: 0.2070 (MSE: 0.0445, Sep: -0.3369, EST: 0.5550, GEN_INF_ONCE(-): 0.5550, Acc: 0.795) | LR: 6.92e-04 | 850.3s
  | Step 76000/200000 | Total: 0.0425 (MSE: 0.0374, Sep: -0.3368, EST: 0.3800, GEN_INF_ONCE(-): 0.3800, Acc: 0.839) | LR: 6.84e-04 | 862.3s
  | Step 77000/200000 | Total: 0.3497 (MSE: 0.0369, Sep: -0.3395, EST: 0.7248, GEN_INF_ONCE(-): 0.7248, Acc: 0.562) | LR: 6.77e-04 | 874.8s
  | Step 78000/200000 | Total: 0.0853 (MSE: 0.0423, Sep: -0.3387, EST: 0.4242, GEN_INF_ONCE(-): 0.4242, Acc: 0.866) | LR: 6.70e-04 | 886.9s
  | Step 79000/200000 | Total: 0.6759 (MSE: 0.0371, Sep: -0.3364, EST: 1.0836, GEN_INF_ONCE(-): 1.0836, Acc: 0.295) | LR: 6.62e-04 | 899.3s
  | Step 80000/200000 | Total: 0.6187 (MSE: 0.0284, Sep: -0.3340, EST: 1.0270, GEN_INF_ONCE(-): 1.0270, Acc: 0.393) | LR: 6.55e-04 | 911.4s
  | Step 81000/200000 | Total: 0.7808 (MSE: 0.0399, Sep: -0.3333, EST: 1.1934, GEN_INF_ONCE(-): 1.1934, Acc: 0.259) | LR: 6.47e-04 | 923.7s
  | Step 82000/200000 | Total: 0.4837 (MSE: 0.0194, Sep: -0.3364, EST: 0.8897, GEN_INF_ONCE(-): 0.8897, Acc: 0.384) | LR: 6.40e-04 | 935.8s
  | Step 83000/200000 | Total: 0.3082 (MSE: 0.0168, Sep: -0.3393, EST: 0.7008, GEN_INF_ONCE(-): 0.7008, Acc: 0.554) | LR: 6.32e-04 | 947.9s
  | Step 84000/200000 | Total: 0.3243 (MSE: 0.0253, Sep: -0.3312, EST: 0.7004, GEN_INF_ONCE(-): 0.7004, Acc: 0.795) | LR: 6.25e-04 | 960.1s
  | Step 85000/200000 | Total: 0.3253 (MSE: 0.0161, Sep: -0.3347, EST: 0.7154, GEN_INF_ONCE(-): 0.7154, Acc: 0.732) | LR: 6.17e-04 | 972.6s
  | Step 86000/200000 | Total: 0.0688 (MSE: 0.0244, Sep: -0.3378, EST: 0.4247, GEN_INF_ONCE(-): 0.4247, Acc: 0.795) | LR: 6.09e-04 | 984.9s
  | Step 87000/200000 | Total: 0.3603 (MSE: 0.0250, Sep: -0.3340, EST: 0.7437, GEN_INF_ONCE(-): 0.7437, Acc: 0.589) | LR: 6.02e-04 | 997.1s
  | Step 88000/200000 | Total: 0.6050 (MSE: 0.0279, Sep: -0.3358, EST: 1.0143, GEN_INF_ONCE(-): 1.0143, Acc: 0.446) | LR: 5.94e-04 | 1009.4s
  | Step 89000/200000 | Total: 0.6173 (MSE: 0.0325, Sep: -0.3354, EST: 1.0224, GEN_INF_ONCE(-): 1.0224, Acc: 0.357) | LR: 5.86e-04 | 1021.6s
  | Step 90000/200000 | Total: 0.1130 (MSE: 0.0291, Sep: -0.3387, EST: 0.4695, GEN_INF_ONCE(-): 0.4695, Acc: 0.705) | LR: 5.79e-04 | 1033.9s
  | Step 91000/200000 | Total: 0.6648 (MSE: 0.0287, Sep: -0.3392, EST: 1.0837, GEN_INF_ONCE(-): 1.0837, Acc: 0.438) | LR: 5.71e-04 | 1046.5s
  | Step 92000/200000 | Total: 0.1109 (MSE: 0.0378, Sep: -0.3336, EST: 0.4519, GEN_INF_ONCE(-): 0.4519, Acc: 0.893) | LR: 5.63e-04 | 1058.8s
  | Step 93000/200000 | Total: -0.0636 (MSE: 0.0314, Sep: -0.3312, EST: 0.2624, GEN_INF_ONCE(-): 0.2624, Acc: 0.955) | LR: 5.55e-04 | 1071.1s
  | Step 94000/200000 | Total: 0.3447 (MSE: 0.0178, Sep: -0.3341, EST: 0.7345, GEN_INF_ONCE(-): 0.7345, Acc: 0.509) | LR: 5.48e-04 | 1083.4s
  | Step 95000/200000 | Total: 0.4308 (MSE: 0.0170, Sep: -0.3315, EST: 0.8281, GEN_INF_ONCE(-): 0.8281, Acc: 0.518) | LR: 5.40e-04 | 1095.6s
  | Step 96000/200000 | Total: 1.0576 (MSE: 0.0520, Sep: -0.3341, EST: 1.4886, GEN_INF_ONCE(-): 1.4886, Acc: 0.286) | LR: 5.32e-04 | 1107.9s
  | Step 97000/200000 | Total: -0.0530 (MSE: 0.0200, Sep: -0.3350, EST: 0.2910, GEN_INF_ONCE(-): 0.2910, Acc: 0.964) | LR: 5.24e-04 | 1120.5s
  | Step 98000/200000 | Total: 0.5987 (MSE: 0.0227, Sep: -0.3304, EST: 1.0071, GEN_INF_ONCE(-): 1.0071, Acc: 0.402) | LR: 5.16e-04 | 1132.8s
  | Step 99000/200000 | Total: 0.5950 (MSE: 0.0635, Sep: -0.3316, EST: 0.9590, GEN_INF_ONCE(-): 0.9590, Acc: 0.366) | LR: 5.08e-04 | 1145.0s
  | Step 100000/200000 | Total: 0.0498 (MSE: 0.0241, Sep: -0.3317, EST: 0.3970, GEN_INF_ONCE(-): 0.3970, Acc: 0.866) | LR: 5.00e-04 | 1157.4s
  | Step 101000/200000 | Total: 0.3044 (MSE: 0.0170, Sep: -0.3349, EST: 0.6914, GEN_INF_ONCE(-): 0.6914, Acc: 0.616) | LR: 4.93e-04 | 1169.7s
  | Step 102000/200000 | Total: 0.7809 (MSE: 0.0815, Sep: -0.3347, EST: 1.1490, GEN_INF_ONCE(-): 1.1490, Acc: 0.411) | LR: 4.85e-04 | 1182.0s
  | Step 103000/200000 | Total: 0.7921 (MSE: 0.0309, Sep: -0.3348, EST: 1.2178, GEN_INF_ONCE(-): 1.2178, Acc: 0.143) | LR: 4.77e-04 | 1194.6s
  | Step 104000/200000 | Total: 0.6417 (MSE: 0.0334, Sep: -0.3292, EST: 1.0417, GEN_INF_ONCE(-): 1.0417, Acc: 0.402) | LR: 4.69e-04 | 1206.8s
  | Step 105000/200000 | Total: 0.3522 (MSE: 0.0160, Sep: -0.3335, EST: 0.7441, GEN_INF_ONCE(-): 0.7441, Acc: 0.741) | LR: 4.61e-04 | 1219.1s
  | Step 106000/200000 | Total: 0.4456 (MSE: 0.0139, Sep: -0.3286, EST: 0.8448, GEN_INF_ONCE(-): 0.8448, Acc: 0.634) | LR: 4.53e-04 | 1231.3s
  | Step 107000/200000 | Total: 0.6261 (MSE: 0.0134, Sep: -0.3252, EST: 1.0422, GEN_INF_ONCE(-): 1.0422, Acc: 0.509) | LR: 4.46e-04 | 1243.6s
  | Step 108000/200000 | Total: 0.6959 (MSE: 0.0241, Sep: -0.3281, EST: 1.1111, GEN_INF_ONCE(-): 1.1111, Acc: 0.277) | LR: 4.38e-04 | 1255.9s
  | Step 109000/200000 | Total: 0.5953 (MSE: 0.0244, Sep: -0.3283, EST: 0.9991, GEN_INF_ONCE(-): 0.9991, Acc: 0.562) | LR: 4.30e-04 | 1268.5s
  | Step 110000/200000 | Total: 0.1484 (MSE: 0.0130, Sep: -0.3348, EST: 0.5224, GEN_INF_ONCE(-): 0.5224, Acc: 0.750) | LR: 4.22e-04 | 1280.7s
  | Step 111000/200000 | Total: 0.4737 (MSE: 0.0170, Sep: -0.3302, EST: 0.8744, GEN_INF_ONCE(-): 0.8744, Acc: 0.723) | LR: 4.15e-04 | 1293.0s
  | Step 112000/200000 | Total: 0.1200 (MSE: 0.0305, Sep: -0.3273, EST: 0.4631, GEN_INF_ONCE(-): 0.4631, Acc: 0.839) | LR: 4.07e-04 | 1305.3s
  | Step 113000/200000 | Total: 0.3545 (MSE: 0.0274, Sep: -0.3347, EST: 0.7354, GEN_INF_ONCE(-): 0.7354, Acc: 0.723) | LR: 3.99e-04 | 1317.6s
  | Step 114000/200000 | Total: 0.1387 (MSE: 0.0137, Sep: -0.3353, EST: 0.5115, GEN_INF_ONCE(-): 0.5115, Acc: 0.768) | LR: 3.92e-04 | 1329.8s
  | Step 115000/200000 | Total: 0.3957 (MSE: 0.0133, Sep: -0.3392, EST: 0.8018, GEN_INF_ONCE(-): 0.8018, Acc: 0.491) | LR: 3.84e-04 | 1342.5s
  | Step 116000/200000 | Total: 0.1242 (MSE: 0.0194, Sep: -0.3374, EST: 0.4913, GEN_INF_ONCE(-): 0.4913, Acc: 0.821) | LR: 3.76e-04 | 1354.8s
  | Step 117000/200000 | Total: 0.1326 (MSE: 0.0156, Sep: -0.3335, EST: 0.5006, GEN_INF_ONCE(-): 0.5006, Acc: 0.875) | LR: 3.69e-04 | 1367.0s
  | Step 118000/200000 | Total: 0.4100 (MSE: 0.0122, Sep: -0.3354, EST: 0.8146, GEN_INF_ONCE(-): 0.8146, Acc: 0.634) | LR: 3.61e-04 | 1379.3s
  | Step 119000/200000 | Total: 0.1842 (MSE: 0.0185, Sep: -0.3349, EST: 0.5563, GEN_INF_ONCE(-): 0.5563, Acc: 0.679) | LR: 3.54e-04 | 1391.5s
  | Step 120000/200000 | Total: 0.3744 (MSE: 0.0157, Sep: -0.3335, EST: 0.7690, GEN_INF_ONCE(-): 0.7690, Acc: 0.554) | LR: 3.46e-04 | 1403.8s
  | Step 121000/200000 | Total: 0.6019 (MSE: 0.0128, Sep: -0.3346, EST: 1.0263, GEN_INF_ONCE(-): 1.0263, Acc: 0.411) | LR: 3.39e-04 | 1416.4s
  | Step 122000/200000 | Total: 0.0708 (MSE: 0.0406, Sep: -0.3291, EST: 0.3993, GEN_INF_ONCE(-): 0.3993, Acc: 0.902) | LR: 3.31e-04 | 1428.6s
  | Step 123000/200000 | Total: 0.5354 (MSE: 0.0124, Sep: -0.3311, EST: 0.9490, GEN_INF_ONCE(-): 0.9490, Acc: 0.420) | LR: 3.24e-04 | 1440.8s
  | Step 124000/200000 | Total: 0.9701 (MSE: 0.0260, Sep: -0.3350, EST: 1.4212, GEN_INF_ONCE(-): 1.4212, Acc: 0.321) | LR: 3.17e-04 | 1453.6s
  | Step 125000/200000 | Total: 0.7059 (MSE: 0.0337, Sep: -0.3349, EST: 1.1190, GEN_INF_ONCE(-): 1.1190, Acc: 0.509) | LR: 3.09e-04 | 1466.1s
  | Step 126000/200000 | Total: 0.0291 (MSE: 0.0146, Sep: -0.3350, EST: 0.3883, GEN_INF_ONCE(-): 0.3883, Acc: 0.946) | LR: 3.02e-04 | 1478.1s
  | Step 127000/200000 | Total: 0.4627 (MSE: 0.0139, Sep: -0.3351, EST: 0.8710, GEN_INF_ONCE(-): 0.8710, Acc: 0.446) | LR: 2.95e-04 | 1490.6s
  | Step 128000/200000 | Total: 0.2888 (MSE: 0.0255, Sep: -0.3339, EST: 0.6635, GEN_INF_ONCE(-): 0.6635, Acc: 0.589) | LR: 2.88e-04 | 1502.6s
  | Step 129000/200000 | Total: 0.3422 (MSE: 0.0182, Sep: -0.3330, EST: 0.7300, GEN_INF_ONCE(-): 0.7300, Acc: 0.562) | LR: 2.81e-04 | 1514.6s
  | Step 130000/200000 | Total: 0.7790 (MSE: 0.0181, Sep: -0.3342, EST: 1.2168, GEN_INF_ONCE(-): 1.2168, Acc: 0.295) | LR: 2.74e-04 | 1526.6s
  | Step 131000/200000 | Total: 0.3623 (MSE: 0.0277, Sep: -0.3336, EST: 0.7425, GEN_INF_ONCE(-): 0.7425, Acc: 0.571) | LR: 2.67e-04 | 1538.7s
  | Step 132000/200000 | Total: -0.0271 (MSE: 0.0543, Sep: -0.3353, EST: 0.2821, GEN_INF_ONCE(-): 0.2821, Acc: 0.893) | LR: 2.60e-04 | 1550.9s
  | Step 133000/200000 | Total: 0.2471 (MSE: 0.0171, Sep: -0.3319, EST: 0.6244, GEN_INF_ONCE(-): 0.6244, Acc: 0.723) | LR: 2.53e-04 | 1563.5s
  | Step 134000/200000 | Total: 0.2377 (MSE: 0.0140, Sep: -0.3316, EST: 0.6171, GEN_INF_ONCE(-): 0.6171, Acc: 0.786) | LR: 2.46e-04 | 1575.7s
  | Step 135000/200000 | Total: 0.3786 (MSE: 0.0197, Sep: -0.3319, EST: 0.7677, GEN_INF_ONCE(-): 0.7677, Acc: 0.491) | LR: 2.40e-04 | 1587.2s
  | Step 136000/200000 | Total: 0.2585 (MSE: 0.0106, Sep: -0.3313, EST: 0.6436, GEN_INF_ONCE(-): 0.6436, Acc: 0.768) | LR: 2.33e-04 | 1598.4s
  | Step 137000/200000 | Total: 0.4229 (MSE: 0.0119, Sep: -0.3313, EST: 0.8248, GEN_INF_ONCE(-): 0.8248, Acc: 0.714) | LR: 2.26e-04 | 1609.5s
  | Step 138000/200000 | Total: 0.7785 (MSE: 0.0260, Sep: -0.3315, EST: 1.2044, GEN_INF_ONCE(-): 1.2044, Acc: 0.491) | LR: 2.20e-04 | 1620.9s
  | Step 139000/200000 | Total: 0.3974 (MSE: 0.0129, Sep: -0.3312, EST: 0.7953, GEN_INF_ONCE(-): 0.7953, Acc: 0.768) | LR: 2.13e-04 | 1633.1s
  | Step 140000/200000 | Total: 0.6436 (MSE: 0.0105, Sep: -0.3311, EST: 1.0714, GEN_INF_ONCE(-): 1.0714, Acc: 0.375) | LR: 2.07e-04 | 1645.0s
  | Step 141000/200000 | Total: 0.6308 (MSE: 0.0105, Sep: -0.3301, EST: 1.0561, GEN_INF_ONCE(-): 1.0561, Acc: 0.411) | LR: 2.01e-04 | 1656.9s
  | Step 142000/200000 | Total: 0.4372 (MSE: 0.0097, Sep: -0.3300, EST: 0.8416, GEN_INF_ONCE(-): 0.8416, Acc: 0.804) | LR: 1.94e-04 | 1668.8s
  | Step 143000/200000 | Total: 0.3845 (MSE: 0.0095, Sep: -0.3309, EST: 0.7843, GEN_INF_ONCE(-): 0.7843, Acc: 0.741) | LR: 1.88e-04 | 1680.7s
  | Step 144000/200000 | Total: 0.5339 (MSE: 0.0124, Sep: -0.3285, EST: 0.9444, GEN_INF_ONCE(-): 0.9444, Acc: 0.580) | LR: 1.82e-04 | 1692.6s
  | Step 145000/200000 | Total: 1.4421 (MSE: 0.0206, Sep: -0.3287, EST: 1.9446, GEN_INF_ONCE(-): 1.9446, Acc: 0.098) | LR: 1.76e-04 | 1704.8s
  | Step 146000/200000 | Total: 0.5008 (MSE: 0.0146, Sep: -0.3306, EST: 0.9076, GEN_INF_ONCE(-): 0.9076, Acc: 0.429) | LR: 1.70e-04 | 1716.7s
  | Step 147000/200000 | Total: 0.6163 (MSE: 0.0136, Sep: -0.3308, EST: 1.0373, GEN_INF_ONCE(-): 1.0373, Acc: 0.473) | LR: 1.64e-04 | 1728.6s
  | Step 148000/200000 | Total: 0.2633 (MSE: 0.0096, Sep: -0.3315, EST: 0.6502, GEN_INF_ONCE(-): 0.6502, Acc: 0.857) | LR: 1.59e-04 | 1740.5s
  | Step 149000/200000 | Total: 0.4906 (MSE: 0.0234, Sep: -0.3310, EST: 0.8869, GEN_INF_ONCE(-): 0.8869, Acc: 0.607) | LR: 1.53e-04 | 1752.4s
  | Step 150000/200000 | Total: 0.4907 (MSE: 0.0130, Sep: -0.3301, EST: 0.8977, GEN_INF_ONCE(-): 0.8977, Acc: 0.455) | LR: 1.47e-04 | 1764.3s
  | Step 151000/200000 | Total: 0.4777 (MSE: 0.0088, Sep: -0.3308, EST: 0.8886, GEN_INF_ONCE(-): 0.8886, Acc: 0.616) | LR: 1.42e-04 | 1776.5s
  | Step 152000/200000 | Total: 0.5399 (MSE: 0.0179, Sep: -0.3315, EST: 0.9484, GEN_INF_ONCE(-): 0.9484, Acc: 0.482) | LR: 1.36e-04 | 1788.4s
  | Step 153000/200000 | Total: 0.1803 (MSE: 0.0137, Sep: -0.3310, EST: 0.5528, GEN_INF_ONCE(-): 0.5528, Acc: 0.839) | LR: 1.31e-04 | 1800.3s
  | Step 154000/200000 | Total: 0.2339 (MSE: 0.0089, Sep: -0.3305, EST: 0.6172, GEN_INF_ONCE(-): 0.6172, Acc: 0.866) | LR: 1.26e-04 | 1812.2s
  | Step 155000/200000 | Total: 0.6631 (MSE: 0.0120, Sep: -0.3309, EST: 1.0912, GEN_INF_ONCE(-): 1.0912, Acc: 0.357) | LR: 1.21e-04 | 1824.1s
  | Step 156000/200000 | Total: 0.4344 (MSE: 0.0088, Sep: -0.3308, EST: 0.8405, GEN_INF_ONCE(-): 0.8405, Acc: 0.866) | LR: 1.16e-04 | 1836.0s
  | Step 157000/200000 | Total: 0.5275 (MSE: 0.0075, Sep: -0.3308, EST: 0.9454, GEN_INF_ONCE(-): 0.9454, Acc: 0.670) | LR: 1.11e-04 | 1848.2s
  | Step 158000/200000 | Total: 0.5425 (MSE: 0.0092, Sep: -0.3308, EST: 0.9601, GEN_INF_ONCE(-): 0.9601, Acc: 0.500) | LR: 1.06e-04 | 1860.1s
  | Step 159000/200000 | Total: 0.7021 (MSE: 0.0133, Sep: -0.3309, EST: 1.1330, GEN_INF_ONCE(-): 1.1330, Acc: 0.357) | LR: 1.01e-04 | 1872.0s
  | Step 160000/200000 | Total: 0.3452 (MSE: 0.0075, Sep: -0.3309, EST: 0.7428, GEN_INF_ONCE(-): 0.7428, Acc: 0.670) | LR: 9.64e-05 | 1883.9s
  | Step 161000/200000 | Total: 0.3385 (MSE: 0.0111, Sep: -0.3309, EST: 0.7315, GEN_INF_ONCE(-): 0.7315, Acc: 0.804) | LR: 9.18e-05 | 1895.8s
  | Step 162000/200000 | Total: 0.4482 (MSE: 0.0089, Sep: -0.3308, EST: 0.8557, GEN_INF_ONCE(-): 0.8557, Acc: 0.786) | LR: 8.74e-05 | 1907.7s
  | Step 163000/200000 | Total: 0.5648 (MSE: 0.0106, Sep: -0.3307, EST: 0.9832, GEN_INF_ONCE(-): 0.9832, Acc: 0.562) | LR: 8.30e-05 | 1919.9s
  | Step 164000/200000 | Total: 0.6494 (MSE: 0.0096, Sep: -0.3309, EST: 1.0786, GEN_INF_ONCE(-): 1.0786, Acc: 0.464) | LR: 7.88e-05 | 1931.8s
  | Step 165000/200000 | Total: 0.6410 (MSE: 0.0075, Sep: -0.3308, EST: 1.0714, GEN_INF_ONCE(-): 1.0714, Acc: 0.420) | LR: 7.46e-05 | 1943.7s
  | Step 166000/200000 | Total: 0.4125 (MSE: 0.0072, Sep: -0.3308, EST: 0.8179, GEN_INF_ONCE(-): 0.8179, Acc: 0.804) | LR: 7.06e-05 | 1955.6s
  | Step 167000/200000 | Total: 0.4044 (MSE: 0.0059, Sep: -0.3308, EST: 0.8103, GEN_INF_ONCE(-): 0.8103, Acc: 0.598) | LR: 6.66e-05 | 1967.5s
  | Step 168000/200000 | Total: 0.5593 (MSE: 0.0073, Sep: -0.3308, EST: 0.9809, GEN_INF_ONCE(-): 0.9809, Acc: 0.607) | LR: 6.28e-05 | 1979.4s
  | Step 169000/200000 | Total: 0.6068 (MSE: 0.0067, Sep: -0.3309, EST: 1.0344, GEN_INF_ONCE(-): 1.0344, Acc: 0.509) | LR: 5.91e-05 | 1991.6s
  | Step 170000/200000 | Total: 0.7422 (MSE: 0.0087, Sep: -0.3309, EST: 1.1827, GEN_INF_ONCE(-): 1.1827, Acc: 0.304) | LR: 5.54e-05 | 2003.5s
  | Step 171000/200000 | Total: 0.6988 (MSE: 0.0097, Sep: -0.3309, EST: 1.1333, GEN_INF_ONCE(-): 1.1333, Acc: 0.545) | LR: 5.19e-05 | 2015.5s
  | Step 172000/200000 | Total: 0.5110 (MSE: 0.0070, Sep: -0.3309, EST: 0.9278, GEN_INF_ONCE(-): 0.9278, Acc: 0.714) | LR: 4.85e-05 | 2027.3s
  | Step 173000/200000 | Total: 0.5412 (MSE: 0.0061, Sep: -0.3309, EST: 0.9623, GEN_INF_ONCE(-): 0.9623, Acc: 0.786) | LR: 4.53e-05 | 2039.2s
  | Step 174000/200000 | Total: 0.3944 (MSE: 0.0070, Sep: -0.3308, EST: 0.7981, GEN_INF_ONCE(-): 0.7981, Acc: 0.938) | LR: 4.21e-05 | 2051.1s
  | Step 175000/200000 | Total: 0.5425 (MSE: 0.0068, Sep: -0.3309, EST: 0.9629, GEN_INF_ONCE(-): 0.9629, Acc: 0.705) | LR: 3.90e-05 | 2063.3s
  | Step 176000/200000 | Total: 0.4874 (MSE: 0.0062, Sep: -0.3309, EST: 0.9023, GEN_INF_ONCE(-): 0.9023, Acc: 0.857) | LR: 3.61e-05 | 2075.2s
  | Step 177000/200000 | Total: 0.4553 (MSE: 0.0084, Sep: -0.3309, EST: 0.8642, GEN_INF_ONCE(-): 0.8642, Acc: 0.777) | LR: 3.32e-05 | 2087.1s
  | Step 178000/200000 | Total: 0.5048 (MSE: 0.0071, Sep: -0.3309, EST: 0.9207, GEN_INF_ONCE(-): 0.9207, Acc: 0.670) | LR: 3.05e-05 | 2099.0s
  | Step 179000/200000 | Total: 0.4700 (MSE: 0.0060, Sep: -0.3309, EST: 0.8832, GEN_INF_ONCE(-): 0.8832, Acc: 0.813) | LR: 2.79e-05 | 2110.9s
  | Step 180000/200000 | Total: 0.5316 (MSE: 0.0055, Sep: -0.3309, EST: 0.9523, GEN_INF_ONCE(-): 0.9523, Acc: 0.598) | LR: 2.54e-05 | 2122.8s
  | Step 181000/200000 | Total: 0.3892 (MSE: 0.0082, Sep: -0.3309, EST: 0.7910, GEN_INF_ONCE(-): 0.7910, Acc: 0.848) | LR: 2.31e-05 | 2135.0s
  | Step 182000/200000 | Total: 0.4743 (MSE: 0.0059, Sep: -0.3309, EST: 0.8881, GEN_INF_ONCE(-): 0.8881, Acc: 0.732) | LR: 2.08e-05 | 2146.9s
  | Step 183000/200000 | Total: 0.4546 (MSE: 0.0056, Sep: -0.3309, EST: 0.8664, GEN_INF_ONCE(-): 0.8664, Acc: 0.696) | LR: 1.87e-05 | 2158.8s
  | Step 184000/200000 | Total: 0.4249 (MSE: 0.0059, Sep: -0.3309, EST: 0.8332, GEN_INF_ONCE(-): 0.8332, Acc: 0.804) | LR: 1.67e-05 | 2170.7s
  | Step 185000/200000 | Total: 0.4679 (MSE: 0.0053, Sep: -0.3309, EST: 0.8816, GEN_INF_ONCE(-): 0.8816, Acc: 0.813) | LR: 1.48e-05 | 2182.6s
  | Step 186000/200000 | Total: 0.3924 (MSE: 0.0065, Sep: -0.3309, EST: 0.7965, GEN_INF_ONCE(-): 0.7965, Acc: 0.893) | LR: 1.30e-05 | 2194.5s
  | Step 187000/200000 | Total: 0.4738 (MSE: 0.0062, Sep: -0.3309, EST: 0.8872, GEN_INF_ONCE(-): 0.8872, Acc: 0.768) | LR: 1.14e-05 | 2206.7s
  | Step 188000/200000 | Total: 0.4293 (MSE: 0.0062, Sep: -0.3308, EST: 0.8377, GEN_INF_ONCE(-): 0.8377, Acc: 0.795) | LR: 9.85e-06 | 2218.6s
  | Step 189000/200000 | Total: 0.3875 (MSE: 0.0066, Sep: -0.3309, EST: 0.7909, GEN_INF_ONCE(-): 0.7909, Acc: 0.920) | LR: 8.44e-06 | 2230.6s
  | Step 190000/200000 | Total: 0.4035 (MSE: 0.0058, Sep: -0.3309, EST: 0.8096, GEN_INF_ONCE(-): 0.8096, Acc: 0.911) | LR: 7.15e-06 | 2242.4s
  | Step 191000/200000 | Total: 0.4186 (MSE: 0.0053, Sep: -0.3309, EST: 0.8269, GEN_INF_ONCE(-): 0.8269, Acc: 0.875) | LR: 5.98e-06 | 2254.4s
  | Step 192000/200000 | Total: 0.4303 (MSE: 0.0050, Sep: -0.3309, EST: 0.8402, GEN_INF_ONCE(-): 0.8402, Acc: 0.875) | LR: 4.94e-06 | 2266.3s
  | Step 193000/200000 | Total: 0.4303 (MSE: 0.0062, Sep: -0.3309, EST: 0.8390, GEN_INF_ONCE(-): 0.8390, Acc: 0.848) | LR: 4.02e-06 | 2278.5s
  | Step 194000/200000 | Total: 0.4497 (MSE: 0.0054, Sep: -0.3309, EST: 0.8613, GEN_INF_ONCE(-): 0.8613, Acc: 0.875) | LR: 3.22e-06 | 2290.4s
  | Step 195000/200000 | Total: 0.4243 (MSE: 0.0069, Sep: -0.3309, EST: 0.8314, GEN_INF_ONCE(-): 0.8314, Acc: 0.821) | LR: 2.54e-06 | 2302.3s
  | Step 196000/200000 | Total: 0.4695 (MSE: 0.0058, Sep: -0.3309, EST: 0.8829, GEN_INF_ONCE(-): 0.8829, Acc: 0.821) | LR: 1.99e-06 | 2314.2s
  | Step 197000/200000 | Total: 0.4260 (MSE: 0.0064, Sep: -0.3309, EST: 0.8340, GEN_INF_ONCE(-): 0.8340, Acc: 0.848) | LR: 1.55e-06 | 2326.1s
  | Step 198000/200000 | Total: 0.4275 (MSE: 0.0055, Sep: -0.3309, EST: 0.8366, GEN_INF_ONCE(-): 0.8366, Acc: 0.866) | LR: 1.25e-06 | 2338.2s
  | Step 199000/200000 | Total: 0.4531 (MSE: 0.0053, Sep: -0.3309, EST: 0.8652, GEN_INF_ONCE(-): 0.8652, Acc: 0.848) | LR: 1.06e-06 | 2350.6s
  | Step 200000/200000 | Total: 0.4177 (MSE: 0.0059, Sep: -0.3309, EST: 0.8252, GEN_INF_ONCE(-): 0.8252, Acc: 0.857) | LR: 1.00e-06 | 2362.7s
  | 
  | Training completed in 2362.7s (39.38 min)
  | Models saved to /home1/halbertb/Q3CIBC/checkpoints/hpsearch/trial_053/

  Training completed in 2433s
  Evaluating...

  Result: success_rate=2.00%, avg_reward=0.020
