==========================================
SLURM_JOB_ID = 8242739
SLURM_JOB_NODELIST = a04-06
TMPDIR = /tmp/SLURM_8242739
==========================================
Detected tunable params in ibc_with_cpsv2_training.py:
  - control_points  (search space: [20, 30, 50, 75, 100])
  - learning_rate  (search space: [0.0001, 0.0003, 0.0005, 0.001, 0.002, 0.005])
  - batch_size  (search space: [128, 256, 512])
  - counter_examples  (search space: [8, 16, 32, 64])
  - separation_weight  (search space: [0.01, 0.05, 0.1, 0.2])
  - mse_weight  (search space: [1.0, 3.0, 5.0, 10.0])
  - training_steps  (search space: [50000, 100000, 200000])
  - separation_loss  (search space: ['separation', 'entropy'])
  - entropy_bandwidth  (search space: [0.05, 0.1, 0.2])
  - num_hidden_layers  (search space: [2, 4, 8])
  - num_neurons  (search space: [128, 256, 512])
  - estimator_learning_rate  (search space: [0.0001, 0.0003, 0.0005, 0.001])
  - scheduler_type  (search space: ['cosine', 'cosine_warm_restarts'])
  - cosine_t0  (search space: [25000, 50000, 100000])
  - cosine_t_max  (search space: [100000, 150000, 200000])

Baseline (current config):
  control_points = 30
  learning_rate = 0.001
  batch_size = 512
  counter_examples = 32
  separation_weight = 0.1
  mse_weight = 20
  training_steps = 150000
  separation_loss = entropy
  entropy_bandwidth = 0.1
  num_hidden_layers = 4
  num_neurons = 512
  estimator_learning_rate = 0.001
  scheduler_type = cosine_warm_restarts
  cosine_t0 = 50000


================================================================================
TRIAL 5 — ibc_with_cpsv2_training.py
================================================================================
Parameters:
{
  "control_points": 20,
  "learning_rate": 0.001,
  "batch_size": 512,
  "counter_examples": 64,
  "separation_weight": 0.1,
  "mse_weight": 5,
  "training_steps": 150000,
  "separation_loss": "entropy",
  "entropy_bandwidth": 0.1,
  "num_hidden_layers": 2,
  "num_neurons": 256,
  "estimator_learning_rate": 0.001,
  "scheduler_type": "cosine_warm_restarts",
  "cosine_t0": 50000,
  "target_update_interval": 10000
}

  Training (150000 steps)...
  | Using device: cuda
  | Active environment: particle
  | Training steps: 150000
  | Batch size: 512
  | Generator LR: 0.001 (scheduler: cosine_warm_restarts)
  | Estimator LR: 0.001 (exponential decay: rate=0.995, every 100 steps)
  | Estimator architecture: MLP [256, 256]
  | Langevin counter-examples: 64 (100 iters)
  | Gradient penalty margin: 1.0
  | Target estimator sync: every 1000 steps
  | Frame stack: 2
  | Loading particle dataset...
  | 2026-04-21 10:01:30.106699: I tensorflow/core/platform/cpu_feature_guard.cc:210] This TensorFlow binary is optimized to use available CPU instructions in performance-critical operations.
  | To enable the following instructions: AVX2 FMA, in other operations, rebuild TensorFlow with the appropriate compiler flags.
  | WARNING: All log messages before absl::InitializeLog() is called are written to STDERR
  | I0000 00:00:1776790894.340079  847642 gpu_device.cc:2020] Created device /job:localhost/replica:0/task:0/device:GPU:0 with 43683 MB memory:  -> device: 0, name: NVIDIA A40, pci bus id: 0000:81:00.0, compute capability: 8.6
  | 2026-04-21 10:01:34.549479: I tensorflow/core/kernels/data/tf_record_dataset_op.cc:390] TFRecordDataset `buffer_size` is unspecified, default to 262144
  | 2026-04-21 10:01:35.696554: I tensorflow/core/framework/local_rendezvous.cc:407] Local rendezvous is aborting with status: OUT_OF_RANGE: End of sequence
  | 2026-04-21 10:01:36.863931: I tensorflow/core/framework/local_rendezvous.cc:407] Local rendezvous is aborting with status: OUT_OF_RANGE: End of sequence
  | 2026-04-21 10:01:39.182952: I tensorflow/core/framework/local_rendezvous.cc:407] Local rendezvous is aborting with status: OUT_OF_RANGE: End of sequence
  | 2026-04-21 10:01:43.833527: I tensorflow/core/framework/local_rendezvous.cc:407] Local rendezvous is aborting with status: OUT_OF_RANGE: End of sequence
  | Dataset size: 102000
  | Particle dataset episodes: 2000 | Avg samples/episode: 51.00
  | Act range: [0.000, 1.000]
  | Step 1000/150000 | Gen: 3.8144 (GenNCE: 4.0689, MSE: 0.0448, Sep: -0.2993) | Est: 3.9484 (NCE: 3.9284, GP: 0.0201) | Acc: 0.043 | GenLR: 9.99e-04 EstLR: 9.51e-04 | 209.4s
  | Step 2000/150000 | Gen: 3.7946 (GenNCE: 4.0552, MSE: 0.0386, Sep: -0.2992) | Est: 3.9177 (NCE: 3.8997, GP: 0.0180) | Acc: 0.367 | GenLR: 9.96e-04 EstLR: 9.05e-04 | 418.2s
  | Step 3000/150000 | Gen: 3.8329 (GenNCE: 4.0917, MSE: 0.0405, Sep: -0.2993) | Est: 3.9523 (NCE: 3.9318, GP: 0.0205) | Acc: 0.227 | GenLR: 9.91e-04 EstLR: 8.60e-04 | 626.9s
  | Step 4000/150000 | Gen: 3.7971 (GenNCE: 4.0607, MSE: 0.0358, Sep: -0.2994) | Est: 3.9347 (NCE: 3.9147, GP: 0.0200) | Acc: 0.504 | GenLR: 9.84e-04 EstLR: 8.18e-04 | 835.7s
  | Step 5000/150000 | Gen: 3.7846 (GenNCE: 4.0557, MSE: 0.0284, Sep: -0.2995) | Est: 3.9445 (NCE: 3.9242, GP: 0.0203) | Acc: 0.236 | GenLR: 9.76e-04 EstLR: 7.78e-04 | 1044.3s
  | Step 6000/150000 | Gen: 3.7767 (GenNCE: 4.0468, MSE: 0.0294, Sep: -0.2994) | Est: 3.9323 (NCE: 3.9107, GP: 0.0216) | Acc: 0.467 | GenLR: 9.65e-04 EstLR: 7.40e-04 | 1253.0s
  | Step 7000/150000 | Gen: 3.7762 (GenNCE: 4.0448, MSE: 0.0309, Sep: -0.2995) | Est: 3.9363 (NCE: 3.9145, GP: 0.0218) | Acc: 0.352 | GenLR: 9.52e-04 EstLR: 7.04e-04 | 1461.8s
  | Step 8000/150000 | Gen: 3.7656 (GenNCE: 4.0383, MSE: 0.0267, Sep: -0.2994) | Est: 3.9118 (NCE: 3.8895, GP: 0.0224) | Acc: 0.721 | GenLR: 9.38e-04 EstLR: 6.70e-04 | 1670.4s
  | Step 9000/150000 | Gen: 3.7647 (GenNCE: 4.0384, MSE: 0.0257, Sep: -0.2994) | Est: 3.9177 (NCE: 3.8939, GP: 0.0237) | Acc: 0.848 | GenLR: 9.22e-04 EstLR: 6.37e-04 | 1879.0s
  | Step 10000/150000 | Gen: 3.7555 (GenNCE: 4.0291, MSE: 0.0259, Sep: -0.2994) | Est: 3.9038 (NCE: 3.8812, GP: 0.0226) | Acc: 0.830 | GenLR: 9.05e-04 EstLR: 6.06e-04 | 2087.5s
  | Step 11000/150000 | Gen: 3.7669 (GenNCE: 4.0407, MSE: 0.0256, Sep: -0.2994) | Est: 3.9124 (NCE: 3.8885, GP: 0.0240) | Acc: 0.477 | GenLR: 8.85e-04 EstLR: 5.76e-04 | 2296.0s
  | Step 12000/150000 | Gen: 3.7531 (GenNCE: 4.0296, MSE: 0.0229, Sep: -0.2994) | Est: 3.9128 (NCE: 3.8906, GP: 0.0222) | Acc: 0.781 | GenLR: 8.65e-04 EstLR: 5.48e-04 | 2504.7s
  | Step 13000/150000 | Gen: 3.7581 (GenNCE: 4.0338, MSE: 0.0237, Sep: -0.2994) | Est: 3.9214 (NCE: 3.8991, GP: 0.0223) | Acc: 0.539 | GenLR: 8.42e-04 EstLR: 5.21e-04 | 2713.2s
  | Step 14000/150000 | Gen: 3.7896 (GenNCE: 4.0638, MSE: 0.0253, Sep: -0.2995) | Est: 3.9241 (NCE: 3.9014, GP: 0.0227) | Acc: 0.771 | GenLR: 8.19e-04 EstLR: 4.96e-04 | 2921.6s
  | Step 15000/150000 | Gen: 3.7752 (GenNCE: 4.0515, MSE: 0.0231, Sep: -0.2994) | Est: 3.9202 (NCE: 3.8971, GP: 0.0231) | Acc: 0.854 | GenLR: 7.94e-04 EstLR: 4.71e-04 | 3130.1s
  | Step 16000/150000 | Gen: 3.7832 (GenNCE: 4.0577, MSE: 0.0248, Sep: -0.2994) | Est: 3.9227 (NCE: 3.8988, GP: 0.0239) | Acc: 0.709 | GenLR: 7.68e-04 EstLR: 4.48e-04 | 3338.6s
  | Step 17000/150000 | Gen: 3.7792 (GenNCE: 4.0561, MSE: 0.0226, Sep: -0.2994) | Est: 3.9324 (NCE: 3.9106, GP: 0.0218) | Acc: 0.877 | GenLR: 7.41e-04 EstLR: 4.27e-04 | 3547.1s
  | Step 18000/150000 | Gen: 3.7723 (GenNCE: 4.0490, MSE: 0.0228, Sep: -0.2994) | Est: 3.9311 (NCE: 3.9103, GP: 0.0208) | Acc: 0.742 | GenLR: 7.13e-04 EstLR: 4.06e-04 | 3755.7s
  | Step 19000/150000 | Gen: 3.7742 (GenNCE: 4.0528, MSE: 0.0207, Sep: -0.2994) | Est: 3.9351 (NCE: 3.9139, GP: 0.0212) | Acc: 0.775 | GenLR: 6.84e-04 EstLR: 3.86e-04 | 3964.1s
  | Step 20000/150000 | Gen: 3.7730 (GenNCE: 4.0512, MSE: 0.0212, Sep: -0.2994) | Est: 3.9220 (NCE: 3.9001, GP: 0.0220) | Acc: 0.803 | GenLR: 6.55e-04 EstLR: 3.67e-04 | 4172.4s
  | Step 21000/150000 | Gen: 3.7897 (GenNCE: 4.0652, MSE: 0.0238, Sep: -0.2994) | Est: 3.9345 (NCE: 3.9148, GP: 0.0197) | Acc: 0.773 | GenLR: 6.25e-04 EstLR: 3.49e-04 | 4380.8s
  | Step 22000/150000 | Gen: 3.7861 (GenNCE: 4.0639, MSE: 0.0216, Sep: -0.2994) | Est: 3.9249 (NCE: 3.9033, GP: 0.0216) | Acc: 0.914 | GenLR: 5.94e-04 EstLR: 3.32e-04 | 4589.2s
  | Step 23000/150000 | Gen: 3.7755 (GenNCE: 4.0542, MSE: 0.0208, Sep: -0.2994) | Est: 3.9335 (NCE: 3.9120, GP: 0.0215) | Acc: 0.928 | GenLR: 5.63e-04 EstLR: 3.16e-04 | 4797.5s
  | Step 24000/150000 | Gen: 3.7930 (GenNCE: 4.0703, MSE: 0.0222, Sep: -0.2994) | Est: 3.9270 (NCE: 3.9059, GP: 0.0211) | Acc: 0.844 | GenLR: 5.32e-04 EstLR: 3.00e-04 | 5006.2s
  | Step 25000/150000 | Gen: 3.7876 (GenNCE: 4.0672, MSE: 0.0197, Sep: -0.2993) | Est: 3.9302 (NCE: 3.9093, GP: 0.0208) | Acc: 0.883 | GenLR: 5.01e-04 EstLR: 2.86e-04 | 5214.6s
  | Step 26000/150000 | Gen: 3.7792 (GenNCE: 4.0591, MSE: 0.0194, Sep: -0.2993) | Est: 3.9290 (NCE: 3.9079, GP: 0.0211) | Acc: 0.930 | GenLR: 4.69e-04 EstLR: 2.72e-04 | 5423.0s
  | Step 27000/150000 | Gen: 3.7909 (GenNCE: 4.0704, MSE: 0.0199, Sep: -0.2994) | Est: 3.9319 (NCE: 3.9116, GP: 0.0203) | Acc: 0.932 | GenLR: 4.38e-04 EstLR: 2.58e-04 | 5631.4s
  | Step 28000/150000 | Gen: 3.7888 (GenNCE: 4.0680, MSE: 0.0202, Sep: -0.2994) | Est: 3.9266 (NCE: 3.9064, GP: 0.0202) | Acc: 0.924 | GenLR: 4.07e-04 EstLR: 2.46e-04 | 5839.7s
  | Step 29000/150000 | Gen: 3.7965 (GenNCE: 4.0754, MSE: 0.0205, Sep: -0.2994) | Est: 3.9334 (NCE: 3.9123, GP: 0.0211) | Acc: 0.916 | GenLR: 3.76e-04 EstLR: 2.34e-04 | 6048.3s
  | Step 30000/150000 | Gen: 3.7920 (GenNCE: 4.0715, MSE: 0.0199, Sep: -0.2994) | Est: 3.9270 (NCE: 3.9066, GP: 0.0204) | Acc: 0.943 | GenLR: 3.46e-04 EstLR: 2.22e-04 | 6256.6s
  | Step 31000/150000 | Gen: 3.7905 (GenNCE: 4.0708, MSE: 0.0192, Sep: -0.2995) | Est: 3.9300 (NCE: 3.9091, GP: 0.0209) | Acc: 0.953 | GenLR: 3.17e-04 EstLR: 2.11e-04 | 6464.9s
  | Step 32000/150000 | Gen: 3.7821 (GenNCE: 4.0633, MSE: 0.0182, Sep: -0.2994) | Est: 3.9332 (NCE: 3.9120, GP: 0.0212) | Acc: 0.957 | GenLR: 2.88e-04 EstLR: 2.01e-04 | 6673.2s
  | Step 33000/150000 | Gen: 3.7921 (GenNCE: 4.0725, MSE: 0.0191, Sep: -0.2994) | Est: 3.9376 (NCE: 3.9176, GP: 0.0200) | Acc: 0.938 | GenLR: 2.60e-04 EstLR: 1.91e-04 | 6881.5s
  | Step 34000/150000 | Gen: 3.7900 (GenNCE: 4.0706, MSE: 0.0188, Sep: -0.2994) | Est: 3.9366 (NCE: 3.9166, GP: 0.0200) | Acc: 0.932 | GenLR: 2.33e-04 EstLR: 1.82e-04 | 7089.8s
  | Step 35000/150000 | Gen: 3.7936 (GenNCE: 4.0756, MSE: 0.0175, Sep: -0.2994) | Est: 3.9366 (NCE: 3.9153, GP: 0.0213) | Acc: 0.961 | GenLR: 2.07e-04 EstLR: 1.73e-04 | 7298.4s
  | Step 36000/150000 | Gen: 3.7768 (GenNCE: 4.0579, MSE: 0.0183, Sep: -0.2994) | Est: 3.9220 (NCE: 3.9028, GP: 0.0192) | Acc: 0.959 | GenLR: 1.82e-04 EstLR: 1.65e-04 | 7506.7s
  | Step 37000/150000 | Gen: 3.7834 (GenNCE: 4.0650, MSE: 0.0178, Sep: -0.2994) | Est: 3.9327 (NCE: 3.9125, GP: 0.0202) | Acc: 0.926 | GenLR: 1.59e-04 EstLR: 1.57e-04 | 7715.0s
  | Step 38000/150000 | Gen: 3.7967 (GenNCE: 4.0772, MSE: 0.0189, Sep: -0.2994) | Est: 3.9377 (NCE: 3.9175, GP: 0.0203) | Acc: 0.947 | GenLR: 1.36e-04 EstLR: 1.49e-04 | 7923.3s
  | Step 39000/150000 | Gen: 3.7956 (GenNCE: 4.0766, MSE: 0.0184, Sep: -0.2994) | Est: 3.9366 (NCE: 3.9165, GP: 0.0201) | Acc: 0.953 | GenLR: 1.16e-04 EstLR: 1.42e-04 | 8131.6s
  | Step 40000/150000 | Gen: 3.7861 (GenNCE: 4.0673, MSE: 0.0182, Sep: -0.2994) | Est: 3.9285 (NCE: 3.9087, GP: 0.0198) | Acc: 0.957 | GenLR: 9.64e-05 EstLR: 1.35e-04 | 8340.0s
  | Step 41000/150000 | Gen: 3.7889 (GenNCE: 4.0711, MSE: 0.0173, Sep: -0.2994) | Est: 3.9307 (NCE: 3.9104, GP: 0.0203) | Acc: 0.961 | GenLR: 7.88e-05 EstLR: 1.28e-04 | 8548.5s
  | Step 42000/150000 | Gen: 3.7851 (GenNCE: 4.0668, MSE: 0.0176, Sep: -0.2993) | Est: 3.9285 (NCE: 3.9087, GP: 0.0198) | Acc: 0.955 | GenLR: 6.28e-05 EstLR: 1.22e-04 | 8756.8s
  | Step 43000/150000 | Gen: 3.7806 (GenNCE: 4.0630, MSE: 0.0170, Sep: -0.2994) | Est: 3.9305 (NCE: 3.9106, GP: 0.0199) | Acc: 0.945 | GenLR: 4.85e-05 EstLR: 1.16e-04 | 8965.1s
  | Step 44000/150000 | Gen: 3.7895 (GenNCE: 4.0714, MSE: 0.0175, Sep: -0.2994) | Est: 3.9330 (NCE: 3.9131, GP: 0.0199) | Acc: 0.955 | GenLR: 3.61e-05 EstLR: 1.10e-04 | 9173.4s
  | Step 45000/150000 | Gen: 3.7919 (GenNCE: 4.0738, MSE: 0.0176, Sep: -0.2994) | Est: 3.9348 (NCE: 3.9148, GP: 0.0200) | Acc: 0.953 | GenLR: 2.54e-05 EstLR: 1.05e-04 | 9381.8s
  | Step 46000/150000 | Gen: 3.7898 (GenNCE: 4.0727, MSE: 0.0165, Sep: -0.2994) | Est: 3.9350 (NCE: 3.9150, GP: 0.0200) | Acc: 0.951 | GenLR: 1.67e-05 EstLR: 9.97e-05 | 9590.3s
  | Step 47000/150000 | Gen: 3.7925 (GenNCE: 4.0744, MSE: 0.0174, Sep: -0.2994) | Est: 3.9343 (NCE: 3.9139, GP: 0.0203) | Acc: 0.949 | GenLR: 9.85e-06 EstLR: 9.48e-05 | 9798.6s
  | Step 48000/150000 | Gen: 3.7926 (GenNCE: 4.0744, MSE: 0.0175, Sep: -0.2994) | Est: 3.9327 (NCE: 3.9132, GP: 0.0195) | Acc: 0.943 | GenLR: 4.94e-06 EstLR: 9.02e-05 | 10007.0s
  | Step 49000/150000 | Gen: 3.7875 (GenNCE: 4.0699, MSE: 0.0170, Sep: -0.2994) | Est: 3.9303 (NCE: 3.9102, GP: 0.0201) | Acc: 0.961 | GenLR: 1.99e-06 EstLR: 8.58e-05 | 10215.3s
  | Step 50000/150000 | Gen: 3.7939 (GenNCE: 4.0766, MSE: 0.0168, Sep: -0.2994) | Est: 3.9376 (NCE: 3.9176, GP: 0.0200) | Acc: 0.967 | GenLR: 1.00e-03 EstLR: 8.16e-05 | 10423.6s
  | Step 51000/150000 | Gen: 3.8338 (GenNCE: 4.1117, MSE: 0.0215, Sep: -0.2994) | Est: 3.9396 (NCE: 3.9202, GP: 0.0194) | Acc: 0.947 | GenLR: 9.99e-04 EstLR: 7.76e-05 | 10631.9s
  | Step 52000/150000 | Gen: 3.8374 (GenNCE: 4.1145, MSE: 0.0223, Sep: -0.2994) | Est: 3.9391 (NCE: 3.9189, GP: 0.0202) | Acc: 0.963 | GenLR: 9.96e-04 EstLR: 7.38e-05 | 10840.4s
  | Step 53000/150000 | Gen: 3.8362 (GenNCE: 4.1129, MSE: 0.0227, Sep: -0.2994) | Est: 3.9284 (NCE: 3.9086, GP: 0.0198) | Acc: 0.959 | GenLR: 9.91e-04 EstLR: 7.02e-05 | 11048.7s
  | Step 54000/150000 | Gen: 3.8301 (GenNCE: 4.1067, MSE: 0.0228, Sep: -0.2994) | Est: 3.9326 (NCE: 3.9129, GP: 0.0196) | Acc: 0.967 | GenLR: 9.84e-04 EstLR: 6.68e-05 | 11257.0s
  | Step 55000/150000 | Gen: 3.8314 (GenNCE: 4.1093, MSE: 0.0216, Sep: -0.2994) | Est: 3.9354 (NCE: 3.9160, GP: 0.0194) | Acc: 0.959 | GenLR: 9.76e-04 EstLR: 6.35e-05 | 11465.3s
  | Step 56000/150000 | Gen: 3.8092 (GenNCE: 4.0909, MSE: 0.0177, Sep: -0.2994) | Est: 3.9394 (NCE: 3.9197, GP: 0.0197) | Acc: 0.959 | GenLR: 9.65e-04 EstLR: 6.04e-05 | 11673.6s
  | Step 57000/150000 | Gen: 3.8411 (GenNCE: 4.1167, MSE: 0.0238, Sep: -0.2994) | Est: 3.9337 (NCE: 3.9139, GP: 0.0198) | Acc: 0.961 | GenLR: 9.52e-04 EstLR: 5.74e-05 | 11881.9s
  | Step 58000/150000 | Gen: 3.7970 (GenNCE: 4.0790, MSE: 0.0174, Sep: -0.2994) | Est: 3.9312 (NCE: 3.9120, GP: 0.0192) | Acc: 0.951 | GenLR: 9.38e-04 EstLR: 5.46e-05 | 12090.4s
  | Step 59000/150000 | Gen: 3.8141 (GenNCE: 4.0945, MSE: 0.0189, Sep: -0.2994) | Est: 3.9328 (NCE: 3.9128, GP: 0.0199) | Acc: 0.961 | GenLR: 9.22e-04 EstLR: 5.20e-05 | 12298.7s
  | Step 60000/150000 | Gen: 3.8089 (GenNCE: 4.0906, MSE: 0.0177, Sep: -0.2994) | Est: 3.9349 (NCE: 3.9155, GP: 0.0193) | Acc: 0.965 | GenLR: 9.05e-04 EstLR: 4.94e-05 | 12507.0s
  | Step 61000/150000 | Gen: 3.8005 (GenNCE: 4.0825, MSE: 0.0174, Sep: -0.2994) | Est: 3.9336 (NCE: 3.9146, GP: 0.0190) | Acc: 0.949 | GenLR: 8.85e-04 EstLR: 4.70e-05 | 12715.4s
  | Step 62000/150000 | Gen: 3.8044 (GenNCE: 4.0866, MSE: 0.0171, Sep: -0.2994) | Est: 3.9357 (NCE: 3.9161, GP: 0.0196) | Acc: 0.953 | GenLR: 8.65e-04 EstLR: 4.47e-05 | 12923.7s
  | Step 63000/150000 | Gen: 3.7902 (GenNCE: 4.0741, MSE: 0.0155, Sep: -0.2993) | Est: 3.9350 (NCE: 3.9159, GP: 0.0191) | Acc: 0.961 | GenLR: 8.42e-04 EstLR: 4.25e-05 | 13132.2s
  | Step 64000/150000 | Gen: 3.7835 (GenNCE: 4.0675, MSE: 0.0153, Sep: -0.2994) | Est: 3.9294 (NCE: 3.9100, GP: 0.0193) | Acc: 0.971 | GenLR: 8.19e-04 EstLR: 4.04e-05 | 13340.6s
  | Step 65000/150000 | Gen: 3.7871 (GenNCE: 4.0712, MSE: 0.0153, Sep: -0.2994) | Est: 3.9375 (NCE: 3.9179, GP: 0.0196) | Acc: 0.957 | GenLR: 7.94e-04 EstLR: 3.85e-05 | 13548.9s
  | Step 66000/150000 | Gen: 3.7814 (GenNCE: 4.0669, MSE: 0.0139, Sep: -0.2994) | Est: 3.9395 (NCE: 3.9198, GP: 0.0198) | Acc: 0.957 | GenLR: 7.68e-04 EstLR: 3.66e-05 | 13757.3s
  | Step 67000/150000 | Gen: 3.7760 (GenNCE: 4.0616, MSE: 0.0137, Sep: -0.2993) | Est: 3.9336 (NCE: 3.9146, GP: 0.0190) | Acc: 0.963 | GenLR: 7.41e-04 EstLR: 3.48e-05 | 13965.6s
  | Step 68000/150000 | Gen: 3.7802 (GenNCE: 4.0658, MSE: 0.0137, Sep: -0.2994) | Est: 3.9362 (NCE: 3.9172, GP: 0.0189) | Acc: 0.949 | GenLR: 7.13e-04 EstLR: 3.31e-05 | 14173.9s
  | Step 69000/150000 | Gen: 3.7810 (GenNCE: 4.0666, MSE: 0.0138, Sep: -0.2994) | Est: 3.9307 (NCE: 3.9107, GP: 0.0200) | Acc: 0.975 | GenLR: 6.84e-04 EstLR: 3.15e-05 | 14382.4s
  | Step 70000/150000 | Gen: 3.7697 (GenNCE: 4.0570, MSE: 0.0121, Sep: -0.2994) | Est: 3.9465 (NCE: 3.9271, GP: 0.0194) | Acc: 0.945 | GenLR: 6.55e-04 EstLR: 2.99e-05 | 14590.7s
  | Step 71000/150000 | Gen: 3.7679 (GenNCE: 4.0553, MSE: 0.0121, Sep: -0.2995) | Est: 3.9330 (NCE: 3.9136, GP: 0.0194) | Acc: 0.955 | GenLR: 6.25e-04 EstLR: 2.85e-05 | 14798.9s
  | Step 72000/150000 | Gen: 3.7669 (GenNCE: 4.0549, MSE: 0.0115, Sep: -0.2994) | Est: 3.9368 (NCE: 3.9172, GP: 0.0196) | Acc: 0.967 | GenLR: 5.94e-04 EstLR: 2.71e-05 | 15007.2s
  | Step 73000/150000 | Gen: 3.7570 (GenNCE: 4.0455, MSE: 0.0110, Sep: -0.2994) | Est: 3.9395 (NCE: 3.9203, GP: 0.0192) | Acc: 0.947 | GenLR: 5.63e-04 EstLR: 2.58e-05 | 15215.5s
  | Step 74000/150000 | Gen: 3.7617 (GenNCE: 4.0498, MSE: 0.0113, Sep: -0.2994) | Est: 3.9331 (NCE: 3.9139, GP: 0.0193) | Acc: 0.959 | GenLR: 5.32e-04 EstLR: 2.45e-05 | 15423.8s
  | Step 75000/150000 | Gen: 3.7527 (GenNCE: 4.0420, MSE: 0.0100, Sep: -0.2993) | Est: 3.9325 (NCE: 3.9136, GP: 0.0189) | Acc: 0.961 | GenLR: 5.01e-04 EstLR: 2.33e-05 | 15632.3s
  | Step 76000/150000 | Gen: 3.7567 (GenNCE: 4.0460, MSE: 0.0101, Sep: -0.2994) | Est: 3.9339 (NCE: 3.9143, GP: 0.0196) | Acc: 0.971 | GenLR: 4.69e-04 EstLR: 2.22e-05 | 15840.6s
  | Step 77000/150000 | Gen: 3.7518 (GenNCE: 4.0418, MSE: 0.0094, Sep: -0.2994) | Est: 3.9386 (NCE: 3.9192, GP: 0.0194) | Acc: 0.971 | GenLR: 4.38e-04 EstLR: 2.11e-05 | 16048.9s
  | Step 78000/150000 | Gen: 3.7463 (GenNCE: 4.0368, MSE: 0.0089, Sep: -0.2994) | Est: 3.9387 (NCE: 3.9193, GP: 0.0194) | Acc: 0.969 | GenLR: 4.07e-04 EstLR: 2.00e-05 | 16257.1s
  | Step 79000/150000 | Gen: 3.7413 (GenNCE: 4.0313, MSE: 0.0094, Sep: -0.2994) | Est: 3.9316 (NCE: 3.9122, GP: 0.0194) | Acc: 0.961 | GenLR: 3.76e-04 EstLR: 1.91e-05 | 16465.4s
  | Step 80000/150000 | Gen: 3.7446 (GenNCE: 4.0349, MSE: 0.0090, Sep: -0.2993) | Est: 3.9329 (NCE: 3.9136, GP: 0.0192) | Acc: 0.967 | GenLR: 3.46e-04 EstLR: 1.81e-05 | 16673.9s
  | Step 81000/150000 | Gen: 3.7417 (GenNCE: 4.0321, MSE: 0.0090, Sep: -0.2994) | Est: 3.9288 (NCE: 3.9093, GP: 0.0195) | Acc: 0.965 | GenLR: 3.17e-04 EstLR: 1.72e-05 | 16882.2s
  | Step 82000/150000 | Gen: 3.7485 (GenNCE: 4.0388, MSE: 0.0091, Sep: -0.2994) | Est: 3.9386 (NCE: 3.9193, GP: 0.0193) | Acc: 0.959 | GenLR: 2.88e-04 EstLR: 1.64e-05 | 17090.6s
  | Step 83000/150000 | Gen: 3.7330 (GenNCE: 4.0239, MSE: 0.0084, Sep: -0.2994) | Est: 3.9343 (NCE: 3.9149, GP: 0.0194) | Acc: 0.961 | GenLR: 2.60e-04 EstLR: 1.56e-05 | 17298.9s
  | Step 84000/150000 | Gen: 3.7337 (GenNCE: 4.0254, MSE: 0.0076, Sep: -0.2993) | Est: 3.9358 (NCE: 3.9164, GP: 0.0194) | Acc: 0.973 | GenLR: 2.33e-04 EstLR: 1.48e-05 | 17507.2s
  | Step 85000/150000 | Gen: 3.7310 (GenNCE: 4.0224, MSE: 0.0080, Sep: -0.2993) | Est: 3.9294 (NCE: 3.9104, GP: 0.0189) | Acc: 0.969 | GenLR: 2.07e-04 EstLR: 1.41e-05 | 17715.5s
  | Step 86000/150000 | Gen: 3.7276 (GenNCE: 4.0194, MSE: 0.0075, Sep: -0.2993) | Est: 3.9334 (NCE: 3.9138, GP: 0.0196) | Acc: 0.967 | GenLR: 1.82e-04 EstLR: 1.34e-05 | 17924.0s
  | Step 87000/150000 | Gen: 3.7294 (GenNCE: 4.0210, MSE: 0.0078, Sep: -0.2994) | Est: 3.9343 (NCE: 3.9151, GP: 0.0191) | Acc: 0.949 | GenLR: 1.59e-04 EstLR: 1.28e-05 | 18132.3s
  | Step 88000/150000 | Gen: 3.7333 (GenNCE: 4.0249, MSE: 0.0078, Sep: -0.2994) | Est: 3.9410 (NCE: 3.9213, GP: 0.0197) | Acc: 0.969 | GenLR: 1.36e-04 EstLR: 1.21e-05 | 18340.5s
  | Step 89000/150000 | Gen: 3.7284 (GenNCE: 4.0198, MSE: 0.0080, Sep: -0.2994) | Est: 3.9300 (NCE: 3.9107, GP: 0.0193) | Acc: 0.961 | GenLR: 1.16e-04 EstLR: 1.15e-05 | 18548.8s
  | Step 90000/150000 | Gen: 3.7243 (GenNCE: 4.0163, MSE: 0.0074, Sep: -0.2994) | Est: 3.9313 (NCE: 3.9123, GP: 0.0190) | Acc: 0.957 | GenLR: 9.64e-05 EstLR: 1.10e-05 | 18757.1s
  | Step 91000/150000 | Gen: 3.7334 (GenNCE: 4.0255, MSE: 0.0072, Sep: -0.2994) | Est: 3.9390 (NCE: 3.9198, GP: 0.0192) | Acc: 0.947 | GenLR: 7.88e-05 EstLR: 1.04e-05 | 18965.4s
  | Step 92000/150000 | Gen: 3.7270 (GenNCE: 4.0191, MSE: 0.0074, Sep: -0.2994) | Est: 3.9338 (NCE: 3.9144, GP: 0.0194) | Acc: 0.967 | GenLR: 6.28e-05 EstLR: 9.94e-06 | 19173.8s
  | Step 93000/150000 | Gen: 3.7250 (GenNCE: 4.0168, MSE: 0.0075, Sep: -0.2994) | Est: 3.9355 (NCE: 3.9164, GP: 0.0192) | Acc: 0.969 | GenLR: 4.85e-05 EstLR: 9.45e-06 | 19382.1s
  | Step 94000/150000 | Gen: 3.7241 (GenNCE: 4.0163, MSE: 0.0071, Sep: -0.2994) | Est: 3.9347 (NCE: 3.9147, GP: 0.0200) | Acc: 0.953 | GenLR: 3.61e-05 EstLR: 8.99e-06 | 19590.3s
  | Step 95000/150000 | Gen: 3.7242 (GenNCE: 4.0162, MSE: 0.0074, Sep: -0.2994) | Est: 3.9384 (NCE: 3.9192, GP: 0.0192) | Acc: 0.943 | GenLR: 2.54e-05 EstLR: 8.55e-06 | 19798.5s
  | Step 96000/150000 | Gen: 3.7283 (GenNCE: 4.0203, MSE: 0.0074, Sep: -0.2994) | Est: 3.9366 (NCE: 3.9169, GP: 0.0197) | Acc: 0.965 | GenLR: 1.67e-05 EstLR: 8.13e-06 | 20006.8s
  | Step 97000/150000 | Gen: 3.7253 (GenNCE: 4.0168, MSE: 0.0078, Sep: -0.2993) | Est: 3.9321 (NCE: 3.9126, GP: 0.0195) | Acc: 0.963 | GenLR: 9.85e-06 EstLR: 7.73e-06 | 20215.2s
  | Step 98000/150000 | Gen: 3.7238 (GenNCE: 4.0155, MSE: 0.0077, Sep: -0.2994) | Est: 3.9306 (NCE: 3.9110, GP: 0.0196) | Acc: 0.963 | GenLR: 4.94e-06 EstLR: 7.36e-06 | 20423.5s
  | Step 99000/150000 | Gen: 3.7227 (GenNCE: 4.0154, MSE: 0.0068, Sep: -0.2995) | Est: 3.9353 (NCE: 3.9165, GP: 0.0188) | Acc: 0.947 | GenLR: 1.99e-06 EstLR: 7.00e-06 | 20631.7s
  | Step 100000/150000 | Gen: 3.7239 (GenNCE: 4.0163, MSE: 0.0070, Sep: -0.2994) | Est: 3.9406 (NCE: 3.9212, GP: 0.0194) | Acc: 0.949 | GenLR: 1.00e-03 EstLR: 6.65e-06 | 20840.0s
  | Step 101000/150000 | Gen: 3.7817 (GenNCE: 4.0684, MSE: 0.0128, Sep: -0.2994) | Est: 3.9321 (NCE: 3.9124, GP: 0.0197) | Acc: 0.969 | GenLR: 9.99e-04 EstLR: 6.33e-06 | 21048.2s
  | Step 102000/150000 | Gen: 3.7940 (GenNCE: 4.0793, MSE: 0.0142, Sep: -0.2994) | Est: 3.9385 (NCE: 3.9191, GP: 0.0194) | Acc: 0.953 | GenLR: 9.96e-04 EstLR: 6.02e-06 | 21256.4s
  | Step 103000/150000 | Gen: 3.7640 (GenNCE: 4.0527, MSE: 0.0107, Sep: -0.2994) | Est: 3.9343 (NCE: 3.9148, GP: 0.0194) | Acc: 0.963 | GenLR: 9.91e-04 EstLR: 5.72e-06 | 21464.9s
  | Step 104000/150000 | Gen: 3.7657 (GenNCE: 4.0540, MSE: 0.0112, Sep: -0.2994) | Est: 3.9317 (NCE: 3.9129, GP: 0.0188) | Acc: 0.967 | GenLR: 9.84e-04 EstLR: 5.45e-06 | 21673.2s
  | Step 105000/150000 | Gen: 3.7645 (GenNCE: 4.0529, MSE: 0.0110, Sep: -0.2994) | Est: 3.9316 (NCE: 3.9121, GP: 0.0195) | Acc: 0.959 | GenLR: 9.76e-04 EstLR: 5.18e-06 | 21881.5s
  | Step 106000/150000 | Gen: 3.7541 (GenNCE: 4.0434, MSE: 0.0101, Sep: -0.2994) | Est: 3.9311 (NCE: 3.9119, GP: 0.0192) | Acc: 0.959 | GenLR: 9.65e-04 EstLR: 4.93e-06 | 22089.8s
  | Step 107000/150000 | Gen: 3.7663 (GenNCE: 4.0545, MSE: 0.0113, Sep: -0.2994) | Est: 3.9287 (NCE: 3.9091, GP: 0.0196) | Acc: 0.969 | GenLR: 9.52e-04 EstLR: 4.68e-06 | 22298.1s
  | Step 108000/150000 | Gen: 3.7485 (GenNCE: 4.0384, MSE: 0.0095, Sep: -0.2994) | Est: 3.9321 (NCE: 3.9128, GP: 0.0192) | Acc: 0.969 | GenLR: 9.38e-04 EstLR: 4.46e-06 | 22506.6s
  | Step 109000/150000 | Gen: 3.7639 (GenNCE: 4.0528, MSE: 0.0105, Sep: -0.2994) | Est: 3.9357 (NCE: 3.9162, GP: 0.0195) | Acc: 0.955 | GenLR: 9.22e-04 EstLR: 4.24e-06 | 22714.9s
  | Step 110000/150000 | Gen: 3.7751 (GenNCE: 4.0632, MSE: 0.0113, Sep: -0.2994) | Est: 3.9381 (NCE: 3.9192, GP: 0.0189) | Acc: 0.965 | GenLR: 9.05e-04 EstLR: 4.03e-06 | 22923.1s
  | Step 111000/150000 | Gen: 3.7702 (GenNCE: 4.0583, MSE: 0.0115, Sep: -0.2996) | Est: 3.9383 (NCE: 3.9188, GP: 0.0195) | Acc: 0.963 | GenLR: 8.85e-04 EstLR: 3.83e-06 | 23131.4s
  | Step 112000/150000 | Gen: 3.7670 (GenNCE: 4.0557, MSE: 0.0109, Sep: -0.2996) | Est: 3.9345 (NCE: 3.9153, GP: 0.0192) | Acc: 0.965 | GenLR: 8.65e-04 EstLR: 3.65e-06 | 23339.6s
  | Step 113000/150000 | Gen: 3.7566 (GenNCE: 4.0466, MSE: 0.0097, Sep: -0.2996) | Est: 3.9370 (NCE: 3.9176, GP: 0.0194) | Acc: 0.967 | GenLR: 8.42e-04 EstLR: 3.47e-06 | 23547.9s
  | Step 114000/150000 | Gen: 3.7758 (GenNCE: 4.0635, MSE: 0.0119, Sep: -0.2996) | Est: 3.9341 (NCE: 3.9152, GP: 0.0189) | Acc: 0.949 | GenLR: 8.19e-04 EstLR: 3.30e-06 | 23756.3s
  | Step 115000/150000 | Gen: 3.7419 (GenNCE: 4.0336, MSE: 0.0079, Sep: -0.2996) | Est: 3.9377 (NCE: 3.9183, GP: 0.0195) | Acc: 0.963 | GenLR: 7.94e-04 EstLR: 3.14e-06 | 23964.7s
  | Step 116000/150000 | Gen: 3.7431 (GenNCE: 4.0349, MSE: 0.0078, Sep: -0.2996) | Est: 3.9387 (NCE: 3.9194, GP: 0.0193) | Acc: 0.963 | GenLR: 7.68e-04 EstLR: 2.98e-06 | 24173.0s
  | Step 117000/150000 | Gen: 3.7460 (GenNCE: 4.0374, MSE: 0.0082, Sep: -0.2996) | Est: 3.9359 (NCE: 3.9166, GP: 0.0192) | Acc: 0.957 | GenLR: 7.41e-04 EstLR: 2.84e-06 | 24381.3s
  | Step 118000/150000 | Gen: 3.7404 (GenNCE: 4.0321, MSE: 0.0078, Sep: -0.2996) | Est: 3.9368 (NCE: 3.9173, GP: 0.0195) | Acc: 0.961 | GenLR: 7.13e-04 EstLR: 2.70e-06 | 24589.6s
  | Step 119000/150000 | Gen: 3.7215 (GenNCE: 4.0152, MSE: 0.0059, Sep: -0.2996) | Est: 3.9363 (NCE: 3.9175, GP: 0.0188) | Acc: 0.961 | GenLR: 6.84e-04 EstLR: 2.57e-06 | 24797.9s
  | Step 120000/150000 | Gen: 3.7229 (GenNCE: 4.0165, MSE: 0.0059, Sep: -0.2996) | Est: 3.9360 (NCE: 3.9165, GP: 0.0196) | Acc: 0.953 | GenLR: 6.55e-04 EstLR: 2.44e-06 | 25006.4s
  | Step 121000/150000 | Gen: 3.7302 (GenNCE: 4.0234, MSE: 0.0064, Sep: -0.2996) | Est: 3.9335 (NCE: 3.9139, GP: 0.0196) | Acc: 0.965 | GenLR: 6.25e-04 EstLR: 2.32e-06 | 25214.6s
  | Step 122000/150000 | Gen: 3.7186 (GenNCE: 4.0118, MSE: 0.0063, Sep: -0.2996) | Est: 3.9303 (NCE: 3.9111, GP: 0.0192) | Acc: 0.953 | GenLR: 5.94e-04 EstLR: 2.21e-06 | 25422.9s
  | Step 123000/150000 | Gen: 3.7251 (GenNCE: 4.0188, MSE: 0.0059, Sep: -0.2996) | Est: 3.9380 (NCE: 3.9191, GP: 0.0189) | Acc: 0.963 | GenLR: 5.63e-04 EstLR: 2.10e-06 | 25631.2s
  | Step 124000/150000 | Gen: 3.7133 (GenNCE: 4.0073, MSE: 0.0056, Sep: -0.2996) | Est: 3.9301 (NCE: 3.9112, GP: 0.0189) | Acc: 0.963 | GenLR: 5.32e-04 EstLR: 2.00e-06 | 25839.4s
  | Step 125000/150000 | Gen: 3.7126 (GenNCE: 4.0067, MSE: 0.0055, Sep: -0.2996) | Est: 3.9299 (NCE: 3.9108, GP: 0.0191) | Acc: 0.971 | GenLR: 5.01e-04 EstLR: 1.90e-06 | 26047.9s
  | Step 126000/150000 | Gen: 3.7082 (GenNCE: 4.0032, MSE: 0.0046, Sep: -0.2996) | Est: 3.9362 (NCE: 3.9168, GP: 0.0194) | Acc: 0.961 | GenLR: 4.69e-04 EstLR: 1.81e-06 | 26256.2s
  | Step 127000/150000 | Gen: 3.7112 (GenNCE: 4.0060, MSE: 0.0048, Sep: -0.2996) | Est: 3.9334 (NCE: 3.9142, GP: 0.0192) | Acc: 0.967 | GenLR: 4.38e-04 EstLR: 1.72e-06 | 26464.6s
  | Step 128000/150000 | Gen: 3.7215 (GenNCE: 4.0145, MSE: 0.0066, Sep: -0.2996) | Est: 3.9335 (NCE: 3.9150, GP: 0.0185) | Acc: 0.959 | GenLR: 4.07e-04 EstLR: 1.64e-06 | 26672.9s
  | Step 129000/150000 | Gen: 3.7033 (GenNCE: 3.9986, MSE: 0.0044, Sep: -0.2996) | Est: 3.9315 (NCE: 3.9124, GP: 0.0192) | Acc: 0.967 | GenLR: 3.76e-04 EstLR: 1.56e-06 | 26881.2s
  | Step 130000/150000 | Gen: 3.7066 (GenNCE: 4.0013, MSE: 0.0049, Sep: -0.2996) | Est: 3.9356 (NCE: 3.9164, GP: 0.0192) | Acc: 0.949 | GenLR: 3.46e-04 EstLR: 1.48e-06 | 27089.5s
  | Step 131000/150000 | Gen: 3.7033 (GenNCE: 3.9984, MSE: 0.0045, Sep: -0.2996) | Est: 3.9314 (NCE: 3.9121, GP: 0.0193) | Acc: 0.955 | GenLR: 3.17e-04 EstLR: 1.41e-06 | 27298.0s
  | Step 132000/150000 | Gen: 3.6989 (GenNCE: 3.9947, MSE: 0.0038, Sep: -0.2996) | Est: 3.9366 (NCE: 3.9174, GP: 0.0192) | Acc: 0.967 | GenLR: 2.88e-04 EstLR: 1.34e-06 | 27506.4s
  | Step 133000/150000 | Gen: 3.6935 (GenNCE: 3.9891, MSE: 0.0040, Sep: -0.2996) | Est: 3.9351 (NCE: 3.9155, GP: 0.0196) | Acc: 0.965 | GenLR: 2.60e-04 EstLR: 1.27e-06 | 27714.7s
  | Step 134000/150000 | Gen: 3.6962 (GenNCE: 3.9918, MSE: 0.0040, Sep: -0.2996) | Est: 3.9343 (NCE: 3.9151, GP: 0.0192) | Acc: 0.957 | GenLR: 2.33e-04 EstLR: 1.21e-06 | 27923.1s
  | Step 135000/150000 | Gen: 3.6963 (GenNCE: 3.9920, MSE: 0.0039, Sep: -0.2996) | Est: 3.9318 (NCE: 3.9127, GP: 0.0191) | Acc: 0.961 | GenLR: 2.07e-04 EstLR: 1.15e-06 | 28131.4s
  | Step 136000/150000 | Gen: 3.6976 (GenNCE: 3.9932, MSE: 0.0040, Sep: -0.2996) | Est: 3.9385 (NCE: 3.9189, GP: 0.0196) | Acc: 0.967 | GenLR: 1.82e-04 EstLR: 1.09e-06 | 28339.8s
  | Step 137000/150000 | Gen: 3.6910 (GenNCE: 3.9874, MSE: 0.0032, Sep: -0.2996) | Est: 3.9399 (NCE: 3.9207, GP: 0.0192) | Acc: 0.967 | GenLR: 1.59e-04 EstLR: 1.04e-06 | 28548.4s
  | Step 138000/150000 | Gen: 3.6886 (GenNCE: 3.9846, MSE: 0.0036, Sep: -0.2996) | Est: 3.9299 (NCE: 3.9107, GP: 0.0192) | Acc: 0.955 | GenLR: 1.36e-04 EstLR: 9.90e-07 | 28756.7s
  | Step 139000/150000 | Gen: 3.6880 (GenNCE: 3.9842, MSE: 0.0033, Sep: -0.2996) | Est: 3.9329 (NCE: 3.9137, GP: 0.0192) | Acc: 0.971 | GenLR: 1.16e-04 EstLR: 9.42e-07 | 28965.1s
  | Step 140000/150000 | Gen: 3.6892 (GenNCE: 3.9852, MSE: 0.0036, Sep: -0.2996) | Est: 3.9327 (NCE: 3.9133, GP: 0.0194) | Acc: 0.961 | GenLR: 9.64e-05 EstLR: 8.96e-07 | 29173.5s
  | Step 141000/150000 | Gen: 3.6891 (GenNCE: 3.9852, MSE: 0.0034, Sep: -0.2996) | Est: 3.9371 (NCE: 3.9181, GP: 0.0190) | Acc: 0.953 | GenLR: 7.88e-05 EstLR: 8.52e-07 | 29381.8s
  | Step 142000/150000 | Gen: 3.6928 (GenNCE: 3.9889, MSE: 0.0035, Sep: -0.2996) | Est: 3.9386 (NCE: 3.9189, GP: 0.0197) | Acc: 0.965 | GenLR: 6.28e-05 EstLR: 8.11e-07 | 29590.4s
  | Step 143000/150000 | Gen: 3.6912 (GenNCE: 3.9872, MSE: 0.0035, Sep: -0.2996) | Est: 3.9371 (NCE: 3.9180, GP: 0.0191) | Acc: 0.967 | GenLR: 4.85e-05 EstLR: 7.71e-07 | 29798.8s
  | Step 144000/150000 | Gen: 3.6872 (GenNCE: 3.9834, MSE: 0.0033, Sep: -0.2996) | Est: 3.9320 (NCE: 3.9125, GP: 0.0194) | Acc: 0.961 | GenLR: 3.61e-05 EstLR: 7.33e-07 | 30007.1s
  | Step 145000/150000 | Gen: 3.6884 (GenNCE: 3.9848, MSE: 0.0032, Sep: -0.2996) | Est: 3.9383 (NCE: 3.9193, GP: 0.0190) | Acc: 0.947 | GenLR: 2.54e-05 EstLR: 6.97e-07 | 30215.5s
  | Step 146000/150000 | Gen: 3.6900 (GenNCE: 3.9863, MSE: 0.0033, Sep: -0.2996) | Est: 3.9365 (NCE: 3.9172, GP: 0.0193) | Acc: 0.957 | GenLR: 1.67e-05 EstLR: 6.63e-07 | 30423.9s
  | Step 147000/150000 | Gen: 3.6938 (GenNCE: 3.9896, MSE: 0.0037, Sep: -0.2996) | Est: 3.9331 (NCE: 3.9137, GP: 0.0194) | Acc: 0.977 | GenLR: 9.85e-06 EstLR: 6.31e-07 | 30632.2s
  | Step 148000/150000 | Gen: 3.6916 (GenNCE: 3.9877, MSE: 0.0035, Sep: -0.2996) | Est: 3.9368 (NCE: 3.9168, GP: 0.0200) | Acc: 0.969 | GenLR: 4.94e-06 EstLR: 6.00e-07 | 30840.8s
  | Step 149000/150000 | Gen: 3.6910 (GenNCE: 3.9873, MSE: 0.0033, Sep: -0.2996) | Est: 3.9370 (NCE: 3.9173, GP: 0.0197) | Acc: 0.963 | GenLR: 1.99e-06 EstLR: 5.71e-07 | 31049.2s
  | Step 150000/150000 | Gen: 3.6905 (GenNCE: 3.9867, MSE: 0.0034, Sep: -0.2996) | Est: 3.9358 (NCE: 3.9167, GP: 0.0192) | Acc: 0.957 | GenLR: 1.00e-03 EstLR: 5.43e-07 | 31257.5s
  | 
  | Training completed in 31257.6s (520.96 min)
  | Models saved to /home1/halbertb/Q3CIBC/checkpoints/hpsearch/trial_005/

  Training completed in 31280s
  Evaluating...

  Result: success_rate=78.00%, avg_reward=0.820
