==========================================
SLURM_JOB_ID = 8160243
SLURM_JOB_NODELIST = d13-02
TMPDIR = /tmp/SLURM_8160243
==========================================
Detected tunable params in ibc_with_cps_training.py:
  - control_points  (search space: [20, 30, 50, 75, 100])
  - learning_rate  (search space: [0.0001, 0.0003, 0.0005, 0.001, 0.002, 0.005])
  - batch_size  (search space: [128, 256, 512])
  - counter_examples  (search space: [8, 16, 32, 64])
  - separation_weight  (search space: [0.01, 0.05, 0.1, 0.2])
  - mse_weight  (search space: [1.0, 3.0, 5.0, 10.0])
  - training_steps  (search space: [50000, 100000, 200000])
  - separation_loss  (search space: ['separation', 'entropy'])
  - entropy_bandwidth  (search space: [0.05, 0.1, 0.2])
  - num_hidden_layers  (search space: [2, 4, 8])
  - num_neurons  (search space: [128, 256, 512])
  - estimator_learning_rate  (search space: [0.0001, 0.0003, 0.0005, 0.001])
  - scheduler_type  (search space: ['cosine', 'cosine_warm_restarts'])
  - cosine_t0  (search space: [25000, 50000, 100000])
  - cosine_t_max  (search space: [100000, 150000, 200000])

Baseline (current config):
  control_points = 50
  learning_rate = 0.001
  batch_size = 256
  counter_examples = 0
  separation_weight = 0.05
  mse_weight = 50.0
  training_steps = 150000
  separation_loss = separation
  entropy_bandwidth = 0.1
  num_hidden_layers = 2
  num_neurons = 256
  scheduler_type = cosine


================================================================================
TRIAL 6 — ibc_with_cps_training.py
================================================================================
Parameters:
{
  "control_points": 30,
  "learning_rate": 0.0005,
  "batch_size": 256,
  "counter_examples": 0,
  "separation_weight": 0.01,
  "mse_weight": 30.0,
  "training_steps": 150000,
  "separation_loss": "entropy",
  "entropy_bandwidth": 0.1,
  "num_hidden_layers": 2,
  "num_neurons": 256,
  "scheduler_type": "cosine"
}

  Training (150000 steps)...
  | Using device: cuda
  | Active environment: particle
  | Training steps: 200000
  | Batch size: 512
  | Generator LR: 0.001 (scheduler: cosine)
  | Estimator LR: 0.001 (exponential decay: rate=0.995, every 100 steps)
  | Estimator architecture: MLP [512, 512]
  | Langevin counter-examples: 0 (100 iters)
  | Gradient penalty margin: 1.0
  | Frame stack: 2
  | Loading particle dataset...
  | 2026-04-18 12:38:57.984691: I tensorflow/core/platform/cpu_feature_guard.cc:210] This TensorFlow binary is optimized to use available CPU instructions in performance-critical operations.
  | To enable the following instructions: AVX2 AVX512F FMA, in other operations, rebuild TensorFlow with the appropriate compiler flags.
  | WARNING: All log messages before absl::InitializeLog() is called are written to STDERR
  | I0000 00:00:1776541145.822718 3954437 gpu_device.cc:2020] Created device /job:localhost/replica:0/task:0/device:GPU:0 with 31134 MB memory:  -> device: 0, name: Tesla V100-PCIE-32GB, pci bus id: 0000:d8:00.0, compute capability: 7.0
  | 2026-04-18 12:39:06.629206: I tensorflow/core/kernels/data/tf_record_dataset_op.cc:390] TFRecordDataset `buffer_size` is unspecified, default to 262144
  | 2026-04-18 12:39:07.779258: I tensorflow/core/framework/local_rendezvous.cc:407] Local rendezvous is aborting with status: OUT_OF_RANGE: End of sequence
  | 2026-04-18 12:39:08.943590: I tensorflow/core/framework/local_rendezvous.cc:407] Local rendezvous is aborting with status: OUT_OF_RANGE: End of sequence
  | 2026-04-18 12:39:11.263644: I tensorflow/core/framework/local_rendezvous.cc:407] Local rendezvous is aborting with status: OUT_OF_RANGE: End of sequence
  | 2026-04-18 12:39:15.915596: I tensorflow/core/framework/local_rendezvous.cc:407] Local rendezvous is aborting with status: OUT_OF_RANGE: End of sequence
  | Dataset size: 102000
  | Particle dataset episodes: 2000 | Avg samples/episode: 51.00
  | Act range: [0.000, 1.000]
  | Step 1000/200000 | Gen: -0.1735 (MSE: 0.1636, Sep: -0.3372) | Est: 0.0000 (NCE: -0.0000, GP: 0.0000) | Acc: 1.000 | GenLR: 1.00e-03 EstLR: 9.51e-04 | 50.8s
  | Step 2000/200000 | Gen: -0.2466 (MSE: 0.0921, Sep: -0.3387) | Est: 0.0000 (NCE: -0.0000, GP: 0.0000) | Acc: 1.000 | GenLR: 1.00e-03 EstLR: 9.05e-04 | 98.4s
  | Step 3000/200000 | Gen: -0.2496 (MSE: 0.0899, Sep: -0.3395) | Est: 0.0000 (NCE: -0.0000, GP: 0.0000) | Acc: 1.000 | GenLR: 9.99e-04 EstLR: 8.60e-04 | 144.4s
  | Step 4000/200000 | Gen: -0.3043 (MSE: 0.0352, Sep: -0.3395) | Est: 0.0000 (NCE: -0.0000, GP: 0.0000) | Acc: 1.000 | GenLR: 9.99e-04 EstLR: 8.18e-04 | 191.3s
  | Step 5000/200000 | Gen: -0.2895 (MSE: 0.0504, Sep: -0.3398) | Est: 0.0000 (NCE: -0.0000, GP: 0.0000) | Acc: 1.000 | GenLR: 9.98e-04 EstLR: 7.78e-04 | 241.4s
  | Step 6000/200000 | Gen: -0.3121 (MSE: 0.0280, Sep: -0.3401) | Est: 0.0000 (NCE: -0.0000, GP: 0.0000) | Acc: 1.000 | GenLR: 9.98e-04 EstLR: 7.40e-04 | 291.8s
  | Step 7000/200000 | Gen: -0.3045 (MSE: 0.0356, Sep: -0.3401) | Est: 0.0000 (NCE: -0.0000, GP: 0.0000) | Acc: 1.000 | GenLR: 9.97e-04 EstLR: 7.04e-04 | 341.7s
  | Step 8000/200000 | Gen: -0.3077 (MSE: 0.0324, Sep: -0.3401) | Est: 0.0000 (NCE: -0.0000, GP: 0.0000) | Acc: 1.000 | GenLR: 9.96e-04 EstLR: 6.70e-04 | 392.2s
  | Step 9000/200000 | Gen: -0.3152 (MSE: 0.0250, Sep: -0.3401) | Est: 0.0000 (NCE: -0.0000, GP: 0.0000) | Acc: 1.000 | GenLR: 9.95e-04 EstLR: 6.37e-04 | 441.4s
  | Step 10000/200000 | Gen: -0.3163 (MSE: 0.0239, Sep: -0.3401) | Est: 0.0000 (NCE: -0.0000, GP: 0.0000) | Acc: 1.000 | GenLR: 9.94e-04 EstLR: 6.06e-04 | 490.3s
  | Step 11000/200000 | Gen: -0.3235 (MSE: 0.0166, Sep: -0.3401) | Est: 0.0000 (NCE: -0.0000, GP: 0.0000) | Acc: 1.000 | GenLR: 9.93e-04 EstLR: 5.76e-04 | 536.5s
  | Step 12000/200000 | Gen: -0.3158 (MSE: 0.0243, Sep: -0.3401) | Est: 0.0000 (NCE: -0.0000, GP: 0.0000) | Acc: 1.000 | GenLR: 9.91e-04 EstLR: 5.48e-04 | 584.5s
  | Step 13000/200000 | Gen: -0.2951 (MSE: 0.0450, Sep: -0.3401) | Est: 0.0000 (NCE: -0.0000, GP: 0.0000) | Acc: 1.000 | GenLR: 9.90e-04 EstLR: 5.21e-04 | 634.0s
  | Step 14000/200000 | Gen: -0.3128 (MSE: 0.0273, Sep: -0.3401) | Est: 0.0000 (NCE: -0.0000, GP: 0.0000) | Acc: 1.000 | GenLR: 9.88e-04 EstLR: 4.96e-04 | 684.0s
  | Step 15000/200000 | Gen: -0.3206 (MSE: 0.0195, Sep: -0.3401) | Est: 0.0000 (NCE: -0.0000, GP: 0.0000) | Acc: 1.000 | GenLR: 9.86e-04 EstLR: 4.71e-04 | 734.1s
  | Step 16000/200000 | Gen: -0.3296 (MSE: 0.0105, Sep: -0.3401) | Est: 0.0000 (NCE: -0.0000, GP: 0.0000) | Acc: 1.000 | GenLR: 9.84e-04 EstLR: 4.48e-04 | 782.2s
  | Step 17000/200000 | Gen: -0.3277 (MSE: 0.0124, Sep: -0.3401) | Est: 0.0000 (NCE: -0.0000, GP: 0.0000) | Acc: 1.000 | GenLR: 9.82e-04 EstLR: 4.27e-04 | 832.2s
  | Step 18000/200000 | Gen: -0.3275 (MSE: 0.0126, Sep: -0.3401) | Est: 0.0000 (NCE: -0.0000, GP: 0.0000) | Acc: 1.000 | GenLR: 9.80e-04 EstLR: 4.06e-04 | 880.9s
  | Step 19000/200000 | Gen: -0.3267 (MSE: 0.0134, Sep: -0.3401) | Est: 0.0000 (NCE: -0.0000, GP: 0.0000) | Acc: 1.000 | GenLR: 9.78e-04 EstLR: 3.86e-04 | 930.4s
  | Step 20000/200000 | Gen: -0.3330 (MSE: 0.0071, Sep: -0.3401) | Est: 0.0000 (NCE: -0.0000, GP: 0.0000) | Acc: 1.000 | GenLR: 9.76e-04 EstLR: 3.67e-04 | 978.3s
  | Step 21000/200000 | Gen: -0.3248 (MSE: 0.0153, Sep: -0.3401) | Est: 0.0000 (NCE: -0.0000, GP: 0.0000) | Acc: 1.000 | GenLR: 9.73e-04 EstLR: 3.49e-04 | 1027.5s
  | Step 22000/200000 | Gen: -0.3323 (MSE: 0.0078, Sep: -0.3401) | Est: 0.0000 (NCE: -0.0000, GP: 0.0000) | Acc: 1.000 | GenLR: 9.70e-04 EstLR: 3.32e-04 | 1074.0s
  | Step 23000/200000 | Gen: -0.3349 (MSE: 0.0053, Sep: -0.3401) | Est: 0.0000 (NCE: -0.0000, GP: 0.0000) | Acc: 1.000 | GenLR: 9.68e-04 EstLR: 3.16e-04 | 1116.9s
  | Step 24000/200000 | Gen: -0.3331 (MSE: 0.0070, Sep: -0.3401) | Est: 0.0000 (NCE: -0.0000, GP: 0.0000) | Acc: 1.000 | GenLR: 9.65e-04 EstLR: 3.00e-04 | 1160.7s
  | Step 25000/200000 | Gen: -0.3320 (MSE: 0.0082, Sep: -0.3401) | Est: 0.0000 (NCE: -0.0000, GP: 0.0000) | Acc: 1.000 | GenLR: 9.62e-04 EstLR: 2.86e-04 | 1203.9s
  | Step 26000/200000 | Gen: -0.3357 (MSE: 0.0044, Sep: -0.3401) | Est: 0.0000 (NCE: -0.0000, GP: 0.0000) | Acc: 1.000 | GenLR: 9.59e-04 EstLR: 2.72e-04 | 1247.2s
  | Step 27000/200000 | Gen: -0.2984 (MSE: 0.0417, Sep: -0.3401) | Est: 0.0000 (NCE: -0.0000, GP: 0.0000) | Acc: 1.000 | GenLR: 9.56e-04 EstLR: 2.58e-04 | 1290.1s
  | Step 28000/200000 | Gen: -0.3357 (MSE: 0.0044, Sep: -0.3401) | Est: 0.0000 (NCE: -0.0000, GP: 0.0000) | Acc: 1.000 | GenLR: 9.52e-04 EstLR: 2.46e-04 | 1333.5s
  | Step 29000/200000 | Gen: -0.3360 (MSE: 0.0041, Sep: -0.3401) | Est: 0.0000 (NCE: -0.0000, GP: 0.0000) | Acc: 1.000 | GenLR: 9.49e-04 EstLR: 2.34e-04 | 1376.7s
  | Step 30000/200000 | Gen: -0.3362 (MSE: 0.0039, Sep: -0.3401) | Est: 0.0000 (NCE: -0.0000, GP: 0.0000) | Acc: 1.000 | GenLR: 9.46e-04 EstLR: 2.22e-04 | 1420.2s
  | Step 31000/200000 | Gen: -0.3324 (MSE: 0.0077, Sep: -0.3401) | Est: 0.0000 (NCE: -0.0000, GP: 0.0000) | Acc: 1.000 | GenLR: 9.42e-04 EstLR: 2.11e-04 | 1463.4s
  | Step 32000/200000 | Gen: -0.3334 (MSE: 0.0068, Sep: -0.3401) | Est: 0.0000 (NCE: -0.0000, GP: 0.0000) | Acc: 1.000 | GenLR: 9.38e-04 EstLR: 2.01e-04 | 1506.3s
  | Step 33000/200000 | Gen: -0.3365 (MSE: 0.0036, Sep: -0.3401) | Est: 0.0000 (NCE: -0.0000, GP: 0.0000) | Acc: 1.000 | GenLR: 9.34e-04 EstLR: 1.91e-04 | 1549.1s
  | Step 34000/200000 | Gen: -0.3353 (MSE: 0.0049, Sep: -0.3401) | Est: 0.0000 (NCE: -0.0000, GP: 0.0000) | Acc: 1.000 | GenLR: 9.30e-04 EstLR: 1.82e-04 | 1591.8s
  | Step 35000/200000 | Gen: -0.3345 (MSE: 0.0056, Sep: -0.3401) | Est: 0.0000 (NCE: -0.0000, GP: 0.0000) | Acc: 1.000 | GenLR: 9.26e-04 EstLR: 1.73e-04 | 1634.6s
  | Step 36000/200000 | Gen: -0.3360 (MSE: 0.0041, Sep: -0.3401) | Est: 0.0000 (NCE: -0.0000, GP: 0.0000) | Acc: 1.000 | GenLR: 9.22e-04 EstLR: 1.65e-04 | 1677.7s
  | Step 37000/200000 | Gen: -0.3356 (MSE: 0.0045, Sep: -0.3401) | Est: 0.0000 (NCE: -0.0000, GP: 0.0000) | Acc: 1.000 | GenLR: 9.18e-04 EstLR: 1.57e-04 | 1720.4s
  | Step 38000/200000 | Gen: -0.3372 (MSE: 0.0029, Sep: -0.3401) | Est: 0.0000 (NCE: -0.0000, GP: 0.0000) | Acc: 1.000 | GenLR: 9.14e-04 EstLR: 1.49e-04 | 1763.2s
  | Step 39000/200000 | Gen: -0.3374 (MSE: 0.0027, Sep: -0.3401) | Est: 0.0000 (NCE: -0.0000, GP: 0.0000) | Acc: 1.000 | GenLR: 9.09e-04 EstLR: 1.42e-04 | 1805.9s
  | Step 40000/200000 | Gen: -0.3374 (MSE: 0.0027, Sep: -0.3401) | Est: 0.0000 (NCE: -0.0000, GP: 0.0000) | Acc: 1.000 | GenLR: 9.05e-04 EstLR: 1.35e-04 | 1848.8s
  | Step 41000/200000 | Gen: -0.3368 (MSE: 0.0034, Sep: -0.3401) | Est: 0.0000 (NCE: -0.0000, GP: 0.0000) | Acc: 1.000 | GenLR: 9.00e-04 EstLR: 1.28e-04 | 1890.4s
  | Step 42000/200000 | Gen: -0.3383 (MSE: 0.0019, Sep: -0.3401) | Est: 0.0000 (NCE: -0.0000, GP: 0.0000) | Acc: 1.000 | GenLR: 8.95e-04 EstLR: 1.22e-04 | 1930.4s
  | Step 43000/200000 | Gen: -0.3329 (MSE: 0.0072, Sep: -0.3401) | Est: 0.0000 (NCE: -0.0000, GP: 0.0000) | Acc: 1.000 | GenLR: 8.90e-04 EstLR: 1.16e-04 | 1970.1s
  | Step 44000/200000 | Gen: -0.3362 (MSE: 0.0039, Sep: -0.3401) | Est: 0.0000 (NCE: -0.0000, GP: 0.0000) | Acc: 1.000 | GenLR: 8.85e-04 EstLR: 1.10e-04 | 2009.8s
  | Step 45000/200000 | Gen: -0.3380 (MSE: 0.0021, Sep: -0.3401) | Est: 0.0000 (NCE: -0.0000, GP: 0.0000) | Acc: 1.000 | GenLR: 8.80e-04 EstLR: 1.05e-04 | 2049.9s
  | Step 46000/200000 | Gen: -0.3362 (MSE: 0.0039, Sep: -0.3401) | Est: 0.0000 (NCE: -0.0000, GP: 0.0000) | Acc: 1.000 | GenLR: 8.75e-04 EstLR: 9.97e-05 | 2090.2s
  | Step 47000/200000 | Gen: -0.3380 (MSE: 0.0022, Sep: -0.3401) | Est: 0.0000 (NCE: -0.0000, GP: 0.0000) | Acc: 1.000 | GenLR: 8.70e-04 EstLR: 9.48e-05 | 2130.3s
  | Step 48000/200000 | Gen: -0.3376 (MSE: 0.0025, Sep: -0.3401) | Est: 0.0000 (NCE: -0.0000, GP: 0.0000) | Acc: 1.000 | GenLR: 8.65e-04 EstLR: 9.02e-05 | 2170.5s
  | Step 49000/200000 | Gen: -0.3382 (MSE: 0.0019, Sep: -0.3401) | Est: 0.0000 (NCE: -0.0000, GP: 0.0000) | Acc: 1.000 | GenLR: 8.59e-04 EstLR: 8.58e-05 | 2210.3s
  | Step 50000/200000 | Gen: -0.3382 (MSE: 0.0019, Sep: -0.3401) | Est: 0.0000 (NCE: -0.0000, GP: 0.0000) | Acc: 1.000 | GenLR: 8.54e-04 EstLR: 8.16e-05 | 2250.4s
  | Step 51000/200000 | Gen: -0.3378 (MSE: 0.0024, Sep: -0.3401) | Est: 0.0000 (NCE: -0.0000, GP: 0.0000) | Acc: 1.000 | GenLR: 8.48e-04 EstLR: 7.76e-05 | 2290.6s
  | Step 52000/200000 | Gen: -0.3385 (MSE: 0.0016, Sep: -0.3401) | Est: 0.0000 (NCE: -0.0000, GP: 0.0000) | Acc: 1.000 | GenLR: 8.42e-04 EstLR: 7.38e-05 | 2330.6s
  | Step 53000/200000 | Gen: -0.3380 (MSE: 0.0021, Sep: -0.3401) | Est: 0.0000 (NCE: -0.0000, GP: 0.0000) | Acc: 1.000 | GenLR: 8.37e-04 EstLR: 7.02e-05 | 2370.7s
  | Step 54000/200000 | Gen: -0.3371 (MSE: 0.0030, Sep: -0.3401) | Est: 0.0000 (NCE: -0.0000, GP: 0.0000) | Acc: 1.000 | GenLR: 8.31e-04 EstLR: 6.68e-05 | 2410.9s
  | Step 55000/200000 | Gen: -0.3374 (MSE: 0.0028, Sep: -0.3401) | Est: 0.0000 (NCE: -0.0000, GP: 0.0000) | Acc: 1.000 | GenLR: 8.25e-04 EstLR: 6.35e-05 | 2451.1s
  | Step 56000/200000 | Gen: -0.3376 (MSE: 0.0025, Sep: -0.3401) | Est: 0.0000 (NCE: -0.0000, GP: 0.0000) | Acc: 1.000 | GenLR: 8.19e-04 EstLR: 6.04e-05 | 2491.2s
  | Step 57000/200000 | Gen: -0.3385 (MSE: 0.0016, Sep: -0.3401) | Est: 0.0000 (NCE: -0.0000, GP: 0.0000) | Acc: 1.000 | GenLR: 8.13e-04 EstLR: 5.74e-05 | 2531.0s
  | Step 58000/200000 | Gen: -0.3388 (MSE: 0.0014, Sep: -0.3401) | Est: 0.0000 (NCE: -0.0000, GP: 0.0000) | Acc: 1.000 | GenLR: 8.07e-04 EstLR: 5.46e-05 | 2570.4s
  | Step 59000/200000 | Gen: -0.3378 (MSE: 0.0023, Sep: -0.3401) | Est: 0.0000 (NCE: -0.0000, GP: 0.0000) | Acc: 1.000 | GenLR: 8.00e-04 EstLR: 5.20e-05 | 2610.4s
  | Step 60000/200000 | Gen: -0.3370 (MSE: 0.0032, Sep: -0.3401) | Est: 0.0000 (NCE: -0.0000, GP: 0.0000) | Acc: 1.000 | GenLR: 7.94e-04 EstLR: 4.94e-05 | 2650.0s
  | Step 61000/200000 | Gen: -0.3362 (MSE: 0.0040, Sep: -0.3401) | Est: 0.0000 (NCE: -0.0000, GP: 0.0000) | Acc: 1.000 | GenLR: 7.88e-04 EstLR: 4.70e-05 | 2689.2s
  | Step 62000/200000 | Gen: -0.3355 (MSE: 0.0046, Sep: -0.3401) | Est: 0.0000 (NCE: -0.0000, GP: 0.0000) | Acc: 1.000 | GenLR: 7.81e-04 EstLR: 4.47e-05 | 2728.3s
  | Step 63000/200000 | Gen: -0.3379 (MSE: 0.0022, Sep: -0.3401) | Est: 0.0000 (NCE: -0.0000, GP: 0.0000) | Acc: 1.000 | GenLR: 7.75e-04 EstLR: 4.25e-05 | 2767.6s
  | Step 64000/200000 | Gen: -0.3389 (MSE: 0.0012, Sep: -0.3401) | Est: 0.0000 (NCE: -0.0000, GP: 0.0000) | Acc: 1.000 | GenLR: 7.68e-04 EstLR: 4.04e-05 | 2806.9s
  | Step 65000/200000 | Gen: -0.3386 (MSE: 0.0015, Sep: -0.3401) | Est: 0.0000 (NCE: -0.0000, GP: 0.0000) | Acc: 1.000 | GenLR: 7.61e-04 EstLR: 3.85e-05 | 2846.5s
  | Step 66000/200000 | Gen: -0.3379 (MSE: 0.0023, Sep: -0.3401) | Est: 0.0000 (NCE: -0.0000, GP: 0.0000) | Acc: 1.000 | GenLR: 7.55e-04 EstLR: 3.66e-05 | 2885.7s
  | Step 67000/200000 | Gen: -0.3378 (MSE: 0.0023, Sep: -0.3401) | Est: 0.0000 (NCE: -0.0000, GP: 0.0000) | Acc: 1.000 | GenLR: 7.48e-04 EstLR: 3.48e-05 | 2924.6s
  | Step 68000/200000 | Gen: -0.3375 (MSE: 0.0026, Sep: -0.3401) | Est: 0.0000 (NCE: -0.0000, GP: 0.0000) | Acc: 1.000 | GenLR: 7.41e-04 EstLR: 3.31e-05 | 2963.6s
  | Step 69000/200000 | Gen: -0.3385 (MSE: 0.0016, Sep: -0.3401) | Est: 0.0000 (NCE: -0.0000, GP: 0.0000) | Acc: 1.000 | GenLR: 7.34e-04 EstLR: 3.15e-05 | 3002.9s
  | Step 70000/200000 | Gen: -0.3383 (MSE: 0.0018, Sep: -0.3401) | Est: 0.0000 (NCE: -0.0000, GP: 0.0000) | Acc: 1.000 | GenLR: 7.27e-04 EstLR: 2.99e-05 | 3041.9s
  | Step 71000/200000 | Gen: -0.3385 (MSE: 0.0016, Sep: -0.3401) | Est: 0.0000 (NCE: -0.0000, GP: 0.0000) | Acc: 1.000 | GenLR: 7.20e-04 EstLR: 2.85e-05 | 3081.1s
  | Step 72000/200000 | Gen: -0.3368 (MSE: 0.0033, Sep: -0.3401) | Est: 0.0000 (NCE: -0.0000, GP: 0.0000) | Acc: 1.000 | GenLR: 7.13e-04 EstLR: 2.71e-05 | 3119.9s
  | Step 73000/200000 | Gen: -0.3390 (MSE: 0.0011, Sep: -0.3401) | Est: 0.0000 (NCE: -0.0000, GP: 0.0000) | Acc: 1.000 | GenLR: 7.06e-04 EstLR: 2.58e-05 | 3158.5s
  | Step 74000/200000 | Gen: -0.3380 (MSE: 0.0022, Sep: -0.3401) | Est: 0.0000 (NCE: -0.0000, GP: 0.0000) | Acc: 1.000 | GenLR: 6.99e-04 EstLR: 2.45e-05 | 3197.3s
  | Step 75000/200000 | Gen: -0.3390 (MSE: 0.0011, Sep: -0.3401) | Est: 0.0000 (NCE: -0.0000, GP: 0.0000) | Acc: 1.000 | GenLR: 6.92e-04 EstLR: 2.33e-05 | 3236.2s
  | Step 76000/200000 | Gen: -0.3372 (MSE: 0.0029, Sep: -0.3401) | Est: 0.0000 (NCE: -0.0000, GP: 0.0000) | Acc: 1.000 | GenLR: 6.84e-04 EstLR: 2.22e-05 | 3275.3s
  | Step 77000/200000 | Gen: -0.3391 (MSE: 0.0010, Sep: -0.3401) | Est: 0.0000 (NCE: -0.0000, GP: 0.0000) | Acc: 1.000 | GenLR: 6.77e-04 EstLR: 2.11e-05 | 3314.6s
  | Step 78000/200000 | Gen: -0.3392 (MSE: 0.0009, Sep: -0.3401) | Est: 0.0000 (NCE: -0.0000, GP: 0.0000) | Acc: 1.000 | GenLR: 6.70e-04 EstLR: 2.00e-05 | 3353.5s
  | Step 79000/200000 | Gen: -0.3387 (MSE: 0.0014, Sep: -0.3401) | Est: 0.0000 (NCE: -0.0000, GP: 0.0000) | Acc: 1.000 | GenLR: 6.62e-04 EstLR: 1.91e-05 | 3392.1s
  | Step 80000/200000 | Gen: -0.3376 (MSE: 0.0025, Sep: -0.3401) | Est: 0.0000 (NCE: -0.0000, GP: 0.0000) | Acc: 1.000 | GenLR: 6.55e-04 EstLR: 1.81e-05 | 3430.7s
  | Step 81000/200000 | Gen: -0.3396 (MSE: 0.0005, Sep: -0.3401) | Est: 0.0000 (NCE: -0.0000, GP: 0.0000) | Acc: 1.000 | GenLR: 6.47e-04 EstLR: 1.72e-05 | 3469.5s
  | Step 82000/200000 | Gen: -0.3395 (MSE: 0.0006, Sep: -0.3401) | Est: 0.0000 (NCE: -0.0000, GP: 0.0000) | Acc: 1.000 | GenLR: 6.40e-04 EstLR: 1.64e-05 | 3508.2s
  | Step 83000/200000 | Gen: -0.3389 (MSE: 0.0013, Sep: -0.3401) | Est: 0.0000 (NCE: -0.0000, GP: 0.0000) | Acc: 1.000 | GenLR: 6.32e-04 EstLR: 1.56e-05 | 3547.1s
  | Step 84000/200000 | Gen: -0.3391 (MSE: 0.0010, Sep: -0.3401) | Est: 0.0000 (NCE: -0.0000, GP: 0.0000) | Acc: 1.000 | GenLR: 6.25e-04 EstLR: 1.48e-05 | 3585.8s
  | Step 85000/200000 | Gen: -0.3392 (MSE: 0.0009, Sep: -0.3401) | Est: 0.0000 (NCE: -0.0000, GP: 0.0000) | Acc: 1.000 | GenLR: 6.17e-04 EstLR: 1.41e-05 | 3624.9s
  | Step 86000/200000 | Gen: -0.3388 (MSE: 0.0013, Sep: -0.3401) | Est: 0.0000 (NCE: -0.0000, GP: 0.0000) | Acc: 1.000 | GenLR: 6.09e-04 EstLR: 1.34e-05 | 3664.0s
  | Step 87000/200000 | Gen: -0.3396 (MSE: 0.0005, Sep: -0.3401) | Est: 0.0000 (NCE: -0.0000, GP: 0.0000) | Acc: 1.000 | GenLR: 6.02e-04 EstLR: 1.28e-05 | 3702.7s
  | Step 88000/200000 | Gen: -0.3346 (MSE: 0.0055, Sep: -0.3401) | Est: 0.0000 (NCE: -0.0000, GP: 0.0000) | Acc: 1.000 | GenLR: 5.94e-04 EstLR: 1.21e-05 | 3741.7s
  | Step 89000/200000 | Gen: -0.3394 (MSE: 0.0007, Sep: -0.3401) | Est: 0.0000 (NCE: -0.0000, GP: 0.0000) | Acc: 1.000 | GenLR: 5.86e-04 EstLR: 1.15e-05 | 3780.6s
  | Step 90000/200000 | Gen: -0.3396 (MSE: 0.0005, Sep: -0.3401) | Est: 0.0000 (NCE: -0.0000, GP: 0.0000) | Acc: 1.000 | GenLR: 5.79e-04 EstLR: 1.10e-05 | 3819.4s
  | Step 91000/200000 | Gen: -0.3393 (MSE: 0.0008, Sep: -0.3401) | Est: 0.0000 (NCE: -0.0000, GP: 0.0000) | Acc: 1.000 | GenLR: 5.71e-04 EstLR: 1.04e-05 | 3858.4s
  | Step 92000/200000 | Gen: -0.3393 (MSE: 0.0008, Sep: -0.3401) | Est: 0.0000 (NCE: -0.0000, GP: 0.0000) | Acc: 1.000 | GenLR: 5.63e-04 EstLR: 9.94e-06 | 3897.4s
  | Step 93000/200000 | Gen: -0.3385 (MSE: 0.0016, Sep: -0.3401) | Est: 0.0000 (NCE: -0.0000, GP: 0.0000) | Acc: 1.000 | GenLR: 5.55e-04 EstLR: 9.45e-06 | 3936.3s
  | Step 94000/200000 | Gen: -0.3396 (MSE: 0.0005, Sep: -0.3401) | Est: 0.0000 (NCE: -0.0000, GP: 0.0000) | Acc: 1.000 | GenLR: 5.48e-04 EstLR: 8.99e-06 | 3975.7s
  | Step 95000/200000 | Gen: -0.3392 (MSE: 0.0009, Sep: -0.3401) | Est: 0.0000 (NCE: -0.0000, GP: 0.0000) | Acc: 1.000 | GenLR: 5.40e-04 EstLR: 8.55e-06 | 4014.6s
  | Step 96000/200000 | Gen: -0.3395 (MSE: 0.0006, Sep: -0.3401) | Est: 0.0000 (NCE: -0.0000, GP: 0.0000) | Acc: 1.000 | GenLR: 5.32e-04 EstLR: 8.13e-06 | 4053.8s
  | Step 97000/200000 | Gen: -0.3379 (MSE: 0.0022, Sep: -0.3401) | Est: 0.0000 (NCE: -0.0000, GP: 0.0000) | Acc: 1.000 | GenLR: 5.24e-04 EstLR: 7.73e-06 | 4092.9s
  | Step 98000/200000 | Gen: -0.3388 (MSE: 0.0013, Sep: -0.3401) | Est: 0.0000 (NCE: -0.0000, GP: 0.0000) | Acc: 1.000 | GenLR: 5.16e-04 EstLR: 7.36e-06 | 4132.2s
  | Step 99000/200000 | Gen: -0.3392 (MSE: 0.0009, Sep: -0.3401) | Est: 0.0000 (NCE: -0.0000, GP: 0.0000) | Acc: 1.000 | GenLR: 5.08e-04 EstLR: 7.00e-06 | 4171.5s
  | Step 100000/200000 | Gen: -0.3395 (MSE: 0.0006, Sep: -0.3401) | Est: 0.0000 (NCE: -0.0000, GP: 0.0000) | Acc: 1.000 | GenLR: 5.00e-04 EstLR: 6.65e-06 | 4211.1s
  | Step 101000/200000 | Gen: -0.3394 (MSE: 0.0007, Sep: -0.3401) | Est: 0.0000 (NCE: -0.0000, GP: 0.0000) | Acc: 1.000 | GenLR: 4.93e-04 EstLR: 6.33e-06 | 4250.4s
  | Step 102000/200000 | Gen: -0.3394 (MSE: 0.0007, Sep: -0.3401) | Est: 0.0000 (NCE: -0.0000, GP: 0.0000) | Acc: 1.000 | GenLR: 4.85e-04 EstLR: 6.02e-06 | 4289.8s
  | Step 103000/200000 | Gen: -0.3393 (MSE: 0.0008, Sep: -0.3401) | Est: 0.0000 (NCE: -0.0000, GP: 0.0000) | Acc: 1.000 | GenLR: 4.77e-04 EstLR: 5.72e-06 | 4328.9s
  | Step 104000/200000 | Gen: -0.3394 (MSE: 0.0007, Sep: -0.3401) | Est: 0.0000 (NCE: -0.0000, GP: 0.0000) | Acc: 1.000 | GenLR: 4.69e-04 EstLR: 5.45e-06 | 4368.0s
  | Step 105000/200000 | Gen: -0.3381 (MSE: 0.0020, Sep: -0.3401) | Est: 0.0000 (NCE: -0.0000, GP: 0.0000) | Acc: 1.000 | GenLR: 4.61e-04 EstLR: 5.18e-06 | 4406.7s
  | Step 106000/200000 | Gen: -0.3375 (MSE: 0.0026, Sep: -0.3401) | Est: 0.0000 (NCE: -0.0000, GP: 0.0000) | Acc: 1.000 | GenLR: 4.53e-04 EstLR: 4.93e-06 | 4445.9s
  | Step 107000/200000 | Gen: -0.3396 (MSE: 0.0005, Sep: -0.3401) | Est: 0.0000 (NCE: -0.0000, GP: 0.0000) | Acc: 1.000 | GenLR: 4.46e-04 EstLR: 4.68e-06 | 4485.1s
  | Step 108000/200000 | Gen: -0.3391 (MSE: 0.0010, Sep: -0.3401) | Est: 0.0000 (NCE: -0.0000, GP: 0.0000) | Acc: 1.000 | GenLR: 4.38e-04 EstLR: 4.46e-06 | 4524.2s
  | Step 109000/200000 | Gen: -0.3387 (MSE: 0.0015, Sep: -0.3401) | Est: 0.0000 (NCE: -0.0000, GP: 0.0000) | Acc: 1.000 | GenLR: 4.30e-04 EstLR: 4.24e-06 | 4563.2s
  | Step 110000/200000 | Gen: -0.3395 (MSE: 0.0006, Sep: -0.3401) | Est: 0.0000 (NCE: -0.0000, GP: 0.0000) | Acc: 1.000 | GenLR: 4.22e-04 EstLR: 4.03e-06 | 4602.3s
  | Step 111000/200000 | Gen: -0.3393 (MSE: 0.0008, Sep: -0.3401) | Est: 0.0000 (NCE: -0.0000, GP: 0.0000) | Acc: 1.000 | GenLR: 4.15e-04 EstLR: 3.83e-06 | 4641.2s
  | Step 112000/200000 | Gen: -0.3394 (MSE: 0.0007, Sep: -0.3401) | Est: 0.0000 (NCE: -0.0000, GP: 0.0000) | Acc: 1.000 | GenLR: 4.07e-04 EstLR: 3.65e-06 | 4680.1s
  | Step 113000/200000 | Gen: -0.3397 (MSE: 0.0004, Sep: -0.3401) | Est: 0.0000 (NCE: -0.0000, GP: 0.0000) | Acc: 1.000 | GenLR: 3.99e-04 EstLR: 3.47e-06 | 4718.8s
  | Step 114000/200000 | Gen: -0.3399 (MSE: 0.0003, Sep: -0.3401) | Est: 0.0000 (NCE: -0.0000, GP: 0.0000) | Acc: 1.000 | GenLR: 3.92e-04 EstLR: 3.30e-06 | 4757.9s
  | Step 115000/200000 | Gen: -0.3396 (MSE: 0.0005, Sep: -0.3401) | Est: 0.0000 (NCE: -0.0000, GP: 0.0000) | Acc: 1.000 | GenLR: 3.84e-04 EstLR: 3.14e-06 | 4797.0s
  | Step 116000/200000 | Gen: -0.3393 (MSE: 0.0008, Sep: -0.3401) | Est: 0.0000 (NCE: -0.0000, GP: 0.0000) | Acc: 1.000 | GenLR: 3.76e-04 EstLR: 2.98e-06 | 4835.8s
  | Step 117000/200000 | Gen: -0.3394 (MSE: 0.0007, Sep: -0.3401) | Est: 0.0000 (NCE: -0.0000, GP: 0.0000) | Acc: 1.000 | GenLR: 3.69e-04 EstLR: 2.84e-06 | 4874.9s
  | Step 118000/200000 | Gen: -0.3398 (MSE: 0.0003, Sep: -0.3401) | Est: 0.0000 (NCE: -0.0000, GP: 0.0000) | Acc: 1.000 | GenLR: 3.61e-04 EstLR: 2.70e-06 | 4914.0s
  | Step 119000/200000 | Gen: -0.3398 (MSE: 0.0003, Sep: -0.3401) | Est: 0.0000 (NCE: -0.0000, GP: 0.0000) | Acc: 1.000 | GenLR: 3.54e-04 EstLR: 2.57e-06 | 4952.9s
  | Step 120000/200000 | Gen: -0.3397 (MSE: 0.0004, Sep: -0.3401) | Est: 0.0000 (NCE: -0.0000, GP: 0.0000) | Acc: 1.000 | GenLR: 3.46e-04 EstLR: 2.44e-06 | 4992.0s
  | Step 121000/200000 | Gen: -0.3395 (MSE: 0.0007, Sep: -0.3401) | Est: 0.0000 (NCE: -0.0000, GP: 0.0000) | Acc: 1.000 | GenLR: 3.39e-04 EstLR: 2.32e-06 | 5031.1s
  | Step 122000/200000 | Gen: -0.3388 (MSE: 0.0013, Sep: -0.3401) | Est: 0.0000 (NCE: -0.0000, GP: 0.0000) | Acc: 1.000 | GenLR: 3.31e-04 EstLR: 2.21e-06 | 5070.2s
  | Step 123000/200000 | Gen: -0.3398 (MSE: 0.0003, Sep: -0.3401) | Est: 0.0000 (NCE: -0.0000, GP: 0.0000) | Acc: 1.000 | GenLR: 3.24e-04 EstLR: 2.10e-06 | 5109.2s
  | Step 124000/200000 | Gen: -0.3395 (MSE: 0.0006, Sep: -0.3401) | Est: 0.0000 (NCE: -0.0000, GP: 0.0000) | Acc: 1.000 | GenLR: 3.17e-04 EstLR: 2.00e-06 | 5148.4s
  | Step 125000/200000 | Gen: -0.3398 (MSE: 0.0003, Sep: -0.3401) | Est: 0.0000 (NCE: -0.0000, GP: 0.0000) | Acc: 1.000 | GenLR: 3.09e-04 EstLR: 1.90e-06 | 5187.2s
  | Step 126000/200000 | Gen: -0.3399 (MSE: 0.0003, Sep: -0.3401) | Est: 0.0000 (NCE: -0.0000, GP: 0.0000) | Acc: 1.000 | GenLR: 3.02e-04 EstLR: 1.81e-06 | 5226.2s
  | Step 127000/200000 | Gen: -0.3397 (MSE: 0.0004, Sep: -0.3401) | Est: 0.0000 (NCE: -0.0000, GP: 0.0000) | Acc: 1.000 | GenLR: 2.95e-04 EstLR: 1.72e-06 | 5265.4s
  | Step 128000/200000 | Gen: -0.3394 (MSE: 0.0007, Sep: -0.3401) | Est: 0.0000 (NCE: -0.0000, GP: 0.0000) | Acc: 1.000 | GenLR: 2.88e-04 EstLR: 1.64e-06 | 5304.6s
  | Step 129000/200000 | Gen: -0.3397 (MSE: 0.0004, Sep: -0.3401) | Est: 0.0000 (NCE: -0.0000, GP: 0.0000) | Acc: 1.000 | GenLR: 2.81e-04 EstLR: 1.56e-06 | 5343.9s
  | Step 130000/200000 | Gen: -0.3397 (MSE: 0.0004, Sep: -0.3401) | Est: 0.0000 (NCE: -0.0000, GP: 0.0000) | Acc: 1.000 | GenLR: 2.74e-04 EstLR: 1.48e-06 | 5383.0s
  | Step 131000/200000 | Gen: -0.3398 (MSE: 0.0003, Sep: -0.3401) | Est: 0.0000 (NCE: -0.0000, GP: 0.0000) | Acc: 1.000 | GenLR: 2.67e-04 EstLR: 1.41e-06 | 5422.0s
  | Step 132000/200000 | Gen: -0.3397 (MSE: 0.0004, Sep: -0.3401) | Est: 0.0000 (NCE: -0.0000, GP: 0.0000) | Acc: 1.000 | GenLR: 2.60e-04 EstLR: 1.34e-06 | 5461.1s
  | Step 133000/200000 | Gen: -0.3399 (MSE: 0.0002, Sep: -0.3401) | Est: 0.0000 (NCE: -0.0000, GP: 0.0000) | Acc: 1.000 | GenLR: 2.53e-04 EstLR: 1.27e-06 | 5500.2s
  | Step 134000/200000 | Gen: -0.3399 (MSE: 0.0003, Sep: -0.3401) | Est: 0.0000 (NCE: -0.0000, GP: 0.0000) | Acc: 1.000 | GenLR: 2.46e-04 EstLR: 1.21e-06 | 5539.3s
  | Step 135000/200000 | Gen: -0.3399 (MSE: 0.0003, Sep: -0.3401) | Est: 0.0000 (NCE: -0.0000, GP: 0.0000) | Acc: 1.000 | GenLR: 2.40e-04 EstLR: 1.15e-06 | 5578.6s
  | Step 136000/200000 | Gen: -0.3399 (MSE: 0.0002, Sep: -0.3401) | Est: 0.0000 (NCE: -0.0000, GP: 0.0000) | Acc: 1.000 | GenLR: 2.33e-04 EstLR: 1.09e-06 | 5617.8s
  | Step 137000/200000 | Gen: -0.3399 (MSE: 0.0002, Sep: -0.3401) | Est: 0.0000 (NCE: -0.0000, GP: 0.0000) | Acc: 1.000 | GenLR: 2.26e-04 EstLR: 1.04e-06 | 5656.6s
  | Step 138000/200000 | Gen: -0.3400 (MSE: 0.0002, Sep: -0.3401) | Est: 0.0000 (NCE: -0.0000, GP: 0.0000) | Acc: 1.000 | GenLR: 2.20e-04 EstLR: 9.90e-07 | 5695.4s
  | Step 139000/200000 | Gen: -0.3400 (MSE: 0.0002, Sep: -0.3401) | Est: 0.0000 (NCE: -0.0000, GP: 0.0000) | Acc: 1.000 | GenLR: 2.13e-04 EstLR: 9.42e-07 | 5734.6s
  | Step 140000/200000 | Gen: -0.3399 (MSE: 0.0002, Sep: -0.3401) | Est: 0.0000 (NCE: -0.0000, GP: 0.0000) | Acc: 1.000 | GenLR: 2.07e-04 EstLR: 8.96e-07 | 5773.6s
  | Step 141000/200000 | Gen: -0.3399 (MSE: 0.0002, Sep: -0.3401) | Est: 0.0000 (NCE: -0.0000, GP: 0.0000) | Acc: 1.000 | GenLR: 2.01e-04 EstLR: 8.52e-07 | 5812.8s
  | Step 142000/200000 | Gen: -0.3399 (MSE: 0.0002, Sep: -0.3401) | Est: 0.0000 (NCE: -0.0000, GP: 0.0000) | Acc: 1.000 | GenLR: 1.94e-04 EstLR: 8.11e-07 | 5851.9s
  | Step 143000/200000 | Gen: -0.3399 (MSE: 0.0002, Sep: -0.3401) | Est: 0.0000 (NCE: -0.0000, GP: 0.0000) | Acc: 1.000 | GenLR: 1.88e-04 EstLR: 7.71e-07 | 5891.2s
  | Step 144000/200000 | Gen: -0.3400 (MSE: 0.0002, Sep: -0.3401) | Est: 0.0000 (NCE: -0.0000, GP: 0.0000) | Acc: 1.000 | GenLR: 1.82e-04 EstLR: 7.33e-07 | 5930.2s
  | Step 145000/200000 | Gen: -0.3399 (MSE: 0.0002, Sep: -0.3401) | Est: 0.0000 (NCE: -0.0000, GP: 0.0000) | Acc: 1.000 | GenLR: 1.76e-04 EstLR: 6.97e-07 | 5969.1s
  | Step 146000/200000 | Gen: -0.3400 (MSE: 0.0002, Sep: -0.3401) | Est: 0.0000 (NCE: -0.0000, GP: 0.0000) | Acc: 1.000 | GenLR: 1.70e-04 EstLR: 6.63e-07 | 6008.2s
  | Step 147000/200000 | Gen: -0.3399 (MSE: 0.0003, Sep: -0.3401) | Est: 0.0000 (NCE: -0.0000, GP: 0.0000) | Acc: 1.000 | GenLR: 1.64e-04 EstLR: 6.31e-07 | 6047.6s
  | Step 148000/200000 | Gen: -0.3399 (MSE: 0.0002, Sep: -0.3401) | Est: 0.0000 (NCE: -0.0000, GP: 0.0000) | Acc: 1.000 | GenLR: 1.59e-04 EstLR: 6.00e-07 | 6086.5s
  | Step 149000/200000 | Gen: -0.3400 (MSE: 0.0001, Sep: -0.3401) | Est: 0.0000 (NCE: -0.0000, GP: 0.0000) | Acc: 1.000 | GenLR: 1.53e-04 EstLR: 5.71e-07 | 6125.6s
  | Step 150000/200000 | Gen: -0.3398 (MSE: 0.0004, Sep: -0.3401) | Est: 0.0000 (NCE: -0.0000, GP: 0.0000) | Acc: 1.000 | GenLR: 1.47e-04 EstLR: 5.43e-07 | 6164.9s
  | Step 151000/200000 | Gen: -0.3400 (MSE: 0.0001, Sep: -0.3401) | Est: 0.0000 (NCE: -0.0000, GP: 0.0000) | Acc: 1.000 | GenLR: 1.42e-04 EstLR: 5.16e-07 | 6204.1s
  | Step 152000/200000 | Gen: -0.3400 (MSE: 0.0001, Sep: -0.3401) | Est: 0.0000 (NCE: -0.0000, GP: 0.0000) | Acc: 1.000 | GenLR: 1.36e-04 EstLR: 4.91e-07 | 6242.9s
  | Step 153000/200000 | Gen: -0.3400 (MSE: 0.0001, Sep: -0.3401) | Est: 0.0000 (NCE: -0.0000, GP: 0.0000) | Acc: 1.000 | GenLR: 1.31e-04 EstLR: 4.67e-07 | 6282.1s
  | Step 154000/200000 | Gen: -0.3399 (MSE: 0.0002, Sep: -0.3401) | Est: 0.0000 (NCE: -0.0000, GP: 0.0000) | Acc: 1.000 | GenLR: 1.26e-04 EstLR: 4.44e-07 | 6321.1s
  | Step 155000/200000 | Gen: -0.3398 (MSE: 0.0003, Sep: -0.3401) | Est: 0.0000 (NCE: -0.0000, GP: 0.0000) | Acc: 1.000 | GenLR: 1.21e-04 EstLR: 4.22e-07 | 6360.2s
  | Step 156000/200000 | Gen: -0.3400 (MSE: 0.0002, Sep: -0.3401) | Est: 0.0000 (NCE: -0.0000, GP: 0.0000) | Acc: 1.000 | GenLR: 1.16e-04 EstLR: 4.02e-07 | 6399.1s
  | Step 157000/200000 | Gen: -0.3400 (MSE: 0.0001, Sep: -0.3401) | Est: 0.0000 (NCE: -0.0000, GP: 0.0000) | Acc: 1.000 | GenLR: 1.11e-04 EstLR: 3.82e-07 | 6438.0s
  | Step 158000/200000 | Gen: -0.3400 (MSE: 0.0001, Sep: -0.3401) | Est: 0.0000 (NCE: -0.0000, GP: 0.0000) | Acc: 1.000 | GenLR: 1.06e-04 EstLR: 3.63e-07 | 6476.9s
  | Step 159000/200000 | Gen: -0.3400 (MSE: 0.0001, Sep: -0.3401) | Est: 0.0000 (NCE: -0.0000, GP: 0.0000) | Acc: 1.000 | GenLR: 1.01e-04 EstLR: 3.46e-07 | 6516.0s
  | Step 160000/200000 | Gen: -0.3400 (MSE: 0.0001, Sep: -0.3401) | Est: 0.0000 (NCE: -0.0000, GP: 0.0000) | Acc: 1.000 | GenLR: 9.64e-05 EstLR: 3.29e-07 | 6554.8s
  | Step 161000/200000 | Gen: -0.3400 (MSE: 0.0001, Sep: -0.3401) | Est: 0.0000 (NCE: -0.0000, GP: 0.0000) | Acc: 1.000 | GenLR: 9.18e-05 EstLR: 3.13e-07 | 6593.4s
  | Step 162000/200000 | Gen: -0.3400 (MSE: 0.0001, Sep: -0.3401) | Est: 0.0000 (NCE: -0.0000, GP: 0.0000) | Acc: 1.000 | GenLR: 8.74e-05 EstLR: 2.97e-07 | 6632.4s
  | Step 163000/200000 | Gen: -0.3400 (MSE: 0.0001, Sep: -0.3401) | Est: 0.0000 (NCE: -0.0000, GP: 0.0000) | Acc: 1.000 | GenLR: 8.30e-05 EstLR: 2.83e-07 | 6671.4s
  | Step 164000/200000 | Gen: -0.3400 (MSE: 0.0001, Sep: -0.3401) | Est: 0.0000 (NCE: -0.0000, GP: 0.0000) | Acc: 1.000 | GenLR: 7.88e-05 EstLR: 2.69e-07 | 6710.5s
  | Step 165000/200000 | Gen: -0.3400 (MSE: 0.0001, Sep: -0.3401) | Est: 0.0000 (NCE: -0.0000, GP: 0.0000) | Acc: 1.000 | GenLR: 7.46e-05 EstLR: 2.56e-07 | 6749.4s
  | Step 166000/200000 | Gen: -0.3400 (MSE: 0.0001, Sep: -0.3401) | Est: 0.0000 (NCE: -0.0000, GP: 0.0000) | Acc: 1.000 | GenLR: 7.06e-05 EstLR: 2.43e-07 | 6788.4s
  | Step 167000/200000 | Gen: -0.3400 (MSE: 0.0001, Sep: -0.3401) | Est: 0.0000 (NCE: -0.0000, GP: 0.0000) | Acc: 1.000 | GenLR: 6.66e-05 EstLR: 2.31e-07 | 6827.2s
  | Step 168000/200000 | Gen: -0.3400 (MSE: 0.0001, Sep: -0.3401) | Est: 0.0000 (NCE: -0.0000, GP: 0.0000) | Acc: 1.000 | GenLR: 6.28e-05 EstLR: 2.20e-07 | 6865.9s
  | Step 169000/200000 | Gen: -0.3400 (MSE: 0.0001, Sep: -0.3401) | Est: 0.0000 (NCE: -0.0000, GP: 0.0000) | Acc: 1.000 | GenLR: 5.91e-05 EstLR: 2.09e-07 | 6904.4s
  | Step 170000/200000 | Gen: -0.3400 (MSE: 0.0001, Sep: -0.3401) | Est: 0.0000 (NCE: -0.0000, GP: 0.0000) | Acc: 1.000 | GenLR: 5.54e-05 EstLR: 1.99e-07 | 6943.1s
  | Step 171000/200000 | Gen: -0.3400 (MSE: 0.0001, Sep: -0.3401) | Est: 0.0000 (NCE: -0.0000, GP: 0.0000) | Acc: 1.000 | GenLR: 5.19e-05 EstLR: 1.89e-07 | 6982.2s
  | Step 172000/200000 | Gen: -0.3400 (MSE: 0.0001, Sep: -0.3401) | Est: 0.0000 (NCE: -0.0000, GP: 0.0000) | Acc: 1.000 | GenLR: 4.85e-05 EstLR: 1.80e-07 | 7021.1s
  | Step 173000/200000 | Gen: -0.3400 (MSE: 0.0001, Sep: -0.3401) | Est: 0.0000 (NCE: -0.0000, GP: 0.0000) | Acc: 1.000 | GenLR: 4.53e-05 EstLR: 1.71e-07 | 7059.9s
  | Step 174000/200000 | Gen: -0.3400 (MSE: 0.0001, Sep: -0.3401) | Est: 0.0000 (NCE: -0.0000, GP: 0.0000) | Acc: 1.000 | GenLR: 4.21e-05 EstLR: 1.63e-07 | 7098.7s
  | Step 175000/200000 | Gen: -0.3400 (MSE: 0.0001, Sep: -0.3401) | Est: 0.0000 (NCE: -0.0000, GP: 0.0000) | Acc: 1.000 | GenLR: 3.90e-05 EstLR: 1.55e-07 | 7137.5s
  | Step 176000/200000 | Gen: -0.3400 (MSE: 0.0001, Sep: -0.3401) | Est: 0.0000 (NCE: -0.0000, GP: 0.0000) | Acc: 1.000 | GenLR: 3.61e-05 EstLR: 1.47e-07 | 7176.2s
  | Step 177000/200000 | Gen: -0.3401 (MSE: 0.0001, Sep: -0.3401) | Est: 0.0000 (NCE: -0.0000, GP: 0.0000) | Acc: 1.000 | GenLR: 3.32e-05 EstLR: 1.40e-07 | 7214.7s
  | Step 178000/200000 | Gen: -0.3400 (MSE: 0.0001, Sep: -0.3401) | Est: 0.0000 (NCE: -0.0000, GP: 0.0000) | Acc: 1.000 | GenLR: 3.05e-05 EstLR: 1.33e-07 | 7253.3s
  | Step 179000/200000 | Gen: -0.3400 (MSE: 0.0001, Sep: -0.3401) | Est: 0.0000 (NCE: -0.0000, GP: 0.0000) | Acc: 1.000 | GenLR: 2.79e-05 EstLR: 1.27e-07 | 7292.0s
  | Step 180000/200000 | Gen: -0.3400 (MSE: 0.0001, Sep: -0.3401) | Est: 0.0000 (NCE: -0.0000, GP: 0.0000) | Acc: 1.000 | GenLR: 2.54e-05 EstLR: 1.21e-07 | 7330.5s
  | Step 181000/200000 | Gen: -0.3401 (MSE: 0.0001, Sep: -0.3401) | Est: 0.0000 (NCE: -0.0000, GP: 0.0000) | Acc: 1.000 | GenLR: 2.31e-05 EstLR: 1.15e-07 | 7369.1s
  | Step 182000/200000 | Gen: -0.3401 (MSE: 0.0001, Sep: -0.3401) | Est: 0.0000 (NCE: -0.0000, GP: 0.0000) | Acc: 1.000 | GenLR: 2.08e-05 EstLR: 1.09e-07 | 7407.9s
  | Step 183000/200000 | Gen: -0.3400 (MSE: 0.0001, Sep: -0.3401) | Est: 0.0000 (NCE: -0.0000, GP: 0.0000) | Acc: 1.000 | GenLR: 1.87e-05 EstLR: 1.04e-07 | 7446.6s
  | Step 184000/200000 | Gen: -0.3400 (MSE: 0.0001, Sep: -0.3401) | Est: 0.0000 (NCE: -0.0000, GP: 0.0000) | Acc: 1.000 | GenLR: 1.67e-05 EstLR: 9.87e-08 | 7485.6s
  | Step 185000/200000 | Gen: -0.3401 (MSE: 0.0001, Sep: -0.3401) | Est: 0.0000 (NCE: -0.0000, GP: 0.0000) | Acc: 1.000 | GenLR: 1.48e-05 EstLR: 9.39e-08 | 7524.6s
  | Step 186000/200000 | Gen: -0.3401 (MSE: 0.0001, Sep: -0.3401) | Est: 0.0000 (NCE: -0.0000, GP: 0.0000) | Acc: 1.000 | GenLR: 1.30e-05 EstLR: 8.93e-08 | 7563.7s
  | Step 187000/200000 | Gen: -0.3401 (MSE: 0.0001, Sep: -0.3401) | Est: 0.0000 (NCE: -0.0000, GP: 0.0000) | Acc: 1.000 | GenLR: 1.14e-05 EstLR: 8.49e-08 | 7602.7s
  | Step 188000/200000 | Gen: -0.3401 (MSE: 0.0001, Sep: -0.3401) | Est: 0.0000 (NCE: -0.0000, GP: 0.0000) | Acc: 1.000 | GenLR: 9.85e-06 EstLR: 8.08e-08 | 7642.1s
  | Step 189000/200000 | Gen: -0.3401 (MSE: 0.0001, Sep: -0.3401) | Est: 0.0000 (NCE: -0.0000, GP: 0.0000) | Acc: 1.000 | GenLR: 8.44e-06 EstLR: 7.68e-08 | 7681.1s
  | Step 190000/200000 | Gen: -0.3401 (MSE: 0.0001, Sep: -0.3401) | Est: 0.0000 (NCE: -0.0000, GP: 0.0000) | Acc: 1.000 | GenLR: 7.15e-06 EstLR: 7.31e-08 | 7720.2s
  | Step 191000/200000 | Gen: -0.3401 (MSE: 0.0001, Sep: -0.3401) | Est: 0.0000 (NCE: -0.0000, GP: 0.0000) | Acc: 1.000 | GenLR: 5.98e-06 EstLR: 6.95e-08 | 7759.4s
  | Step 192000/200000 | Gen: -0.3401 (MSE: 0.0001, Sep: -0.3401) | Est: 0.0000 (NCE: -0.0000, GP: 0.0000) | Acc: 1.000 | GenLR: 4.94e-06 EstLR: 6.61e-08 | 7798.3s
  | Step 193000/200000 | Gen: -0.3401 (MSE: 0.0001, Sep: -0.3401) | Est: 0.0000 (NCE: -0.0000, GP: 0.0000) | Acc: 1.000 | GenLR: 4.02e-06 EstLR: 6.29e-08 | 7837.4s
  | Step 194000/200000 | Gen: -0.3401 (MSE: 0.0001, Sep: -0.3401) | Est: 0.0000 (NCE: -0.0000, GP: 0.0000) | Acc: 1.000 | GenLR: 3.22e-06 EstLR: 5.98e-08 | 7876.5s
  | Step 195000/200000 | Gen: -0.3401 (MSE: 0.0001, Sep: -0.3401) | Est: 0.0000 (NCE: -0.0000, GP: 0.0000) | Acc: 1.000 | GenLR: 2.54e-06 EstLR: 5.69e-08 | 7915.0s
  | Step 196000/200000 | Gen: -0.3401 (MSE: 0.0001, Sep: -0.3401) | Est: 0.0000 (NCE: -0.0000, GP: 0.0000) | Acc: 1.000 | GenLR: 1.99e-06 EstLR: 5.41e-08 | 7953.8s
  | Step 197000/200000 | Gen: -0.3401 (MSE: 0.0001, Sep: -0.3401) | Est: 0.0000 (NCE: -0.0000, GP: 0.0000) | Acc: 1.000 | GenLR: 1.55e-06 EstLR: 5.15e-08 | 7992.7s
  | Step 198000/200000 | Gen: -0.3401 (MSE: 0.0001, Sep: -0.3401) | Est: 0.0000 (NCE: -0.0000, GP: 0.0000) | Acc: 1.000 | GenLR: 1.25e-06 EstLR: 4.89e-08 | 8031.5s
  | Step 199000/200000 | Gen: -0.3401 (MSE: 0.0001, Sep: -0.3401) | Est: 0.0000 (NCE: -0.0000, GP: 0.0000) | Acc: 1.000 | GenLR: 1.06e-06 EstLR: 4.66e-08 | 8070.7s
  | Step 200000/200000 | Gen: -0.3400 (MSE: 0.0001, Sep: -0.3401) | Est: 0.0000 (NCE: -0.0000, GP: 0.0000) | Acc: 1.000 | GenLR: 1.00e-06 EstLR: 4.43e-08 | 8109.6s
  | 
  | Training completed in 8109.7s (135.16 min)
  | Models saved to /home1/halbertb/Q3CIBC/checkpoints/hpsearch/trial_052/

  Training completed in 8145s
  Evaluating...

  Result: success_rate=0.00%, avg_reward=0.000
